{"preview":false,"result":{"Computer":"DESKTOP-AK0R2QL","Details":"DWORD (0x000025f6)","EventChannel":"Microsoft-Windows-Sysmon/Operational","EventCode":"13","EventDescription":"RegistryEvent (Value Set)","EventID":"13","EventType":"SetValue","Guid":"'{5770385f-c22a-43e0-bf4c-06f5698ffbd9}'","Image":"\\\\?\\C:\\Windows\\system32\\wbem\\WMIADAP.EXE","Keywords":"0x8000000000000000","Level":"4","Name":"'Microsoft-Windows-Sysmon'","Opcode":"0","ProcessGuid":"{5123a105-2814-69ee-2b01-000000001100}","ProcessID":"'3408'","ProcessId":"6648","RecordID":"14699","RegistryValueData":"0x000025f6","RegistryValueType":"DWORD","RuleName":"Suspicious,ImageBeginWithBackslash","SecurityID":"S-1-5-18","SystemTime":"'2026-04-26T14:59:24.7504435Z'","TargetObject":"HKLM\\System\\CurrentControlSet\\Services\\WmiApRpl\\Performance\\First Counter","Task":"13","ThreadID":"'4200'","TimeCreated":"2026-04-26T14:59:24.7504435Z","User":"NT AUTHORITY\\SYSTEM","UserID":"'S-1-5-18'","UtcTime":"2026-04-26 14:59:24.747","Version":"2","_raw":"<Event xmlns='http://schemas.microsoft.com/win/2004/08/events/event'><System><Provider Name='Microsoft-Windows-Sysmon' Guid='{5770385f-c22a-43e0-bf4c-06f5698ffbd9}'/><EventID>13<\/EventID><Version>2<\/Version><Level>4<\/Level><Task>13<\/Task><Opcode>0<\/Opcode><Keywords>0x8000000000000000<\/Keywords><TimeCreated SystemTime='2026-04-26T14:59:24.7504435Z'/><EventRecordID>14699<\/EventRecordID><Correlation/><Execution ProcessID='3408' ThreadID='4200'/><Channel>Microsoft-Windows-Sysmon/Operational<\/Channel><Computer>DESKTOP-AK0R2QL<\/Computer><Security UserID='S-1-5-18'/><\/System><EventData><Data Name='RuleName'>Suspicious,ImageBeginWithBackslash<\/Data><Data Name='EventType'>SetValue<\/Data><Data Name='UtcTime'>2026-04-26 14:59:24.747<\/Data><Data Name='ProcessGuid'>{5123a105-2814-69ee-2b01-000000001100}<\/Data><Data Name='ProcessId'>6648<\/Data><Data Name='Image'>\\\\?\\C:\\Windows\\system32\\wbem\\WMIADAP.EXE<\/Data><Data Name='TargetObject'>HKLM\\System\\CurrentControlSet\\Services\\WmiApRpl\\Performance\\First Counter<\/Data><Data Name='Details'>DWORD (0x000025f6)<\/Data><Data Name='User'>NT AUTHORITY\\SYSTEM<\/Data><\/EventData><\/Event>","_time":"2026-04-26T22:59:24.750+0800","action":"modified","dest":"DESKTOP-AK0R2QL","dvc":"DESKTOP-AK0R2QL","eventtype":"ms-sysmon-regmod","host":"DESKTOP-AK0R2QL","index":"soc_tickets_1","linecount":"1","object_category":"registry","object_path":"HKLM\\System\\CurrentControlSet\\Services\\WmiApRpl\\Performance\\First Counter","process_exec":"WMIADAP.EXE","process_guid":"{5123a105-2814-69ee-2b01-000000001100}","process_id":"6648","process_name":"WMIADAP.EXE","process_path":"\\\\?\\C:\\Windows\\system32\\wbem\\WMIADAP.EXE","punct":"<_='://../////'><><_='--'_='{----}'/><><\/><><\/><><","registry_hive":"HKEY_LOCAL_MACHINE\\\\System","registry_key_name":"Performance","registry_path":"HKLM\\System\\CurrentControlSet\\Services\\WmiApRpl\\Performance\\First Counter","registry_value_data":"0x000025f6","registry_value_name":"First Counter","registry_value_type":"REG_DWORD","signature":"RegistryEvent (Value Set)","signature_id":"13","source":"XmlWinEventLog:Microsoft-Windows-Sysmon/Operational","sourcetype":"xmlwineventlog","splunk_server":"MLATech","status":"success","tag":["endpoint","registry"],"tag::eventtype":["endpoint","registry"],"user":"SYSTEM","vendor_product":"Microsoft Sysmon","xmlns":"'http://schemas.microsoft.com/win/2004/08/events/event'"}}
{"preview":false,"result":{"Computer":"DESKTOP-AK0R2QL","Details":"DWORD (0x0000269d)","EventChannel":"Microsoft-Windows-Sysmon/Operational","EventCode":"13","EventDescription":"RegistryEvent (Value Set)","EventID":"13","EventType":"SetValue","Guid":"'{5770385f-c22a-43e0-bf4c-06f5698ffbd9}'","Image":"\\\\?\\C:\\Windows\\system32\\wbem\\WMIADAP.EXE","Keywords":"0x8000000000000000","Level":"4","Name":"'Microsoft-Windows-Sysmon'","Opcode":"0","ProcessGuid":"{5123a105-2814-69ee-2b01-000000001100}","ProcessID":"'3408'","ProcessId":"6648","RecordID":"14698","RegistryValueData":"0x0000269d","RegistryValueType":"DWORD","RuleName":"Suspicious,ImageBeginWithBackslash","SecurityID":"S-1-5-18","SystemTime":"'2026-04-26T14:59:24.7503882Z'","TargetObject":"HKLM\\System\\CurrentControlSet\\Services\\WmiApRpl\\Performance\\Last Help","Task":"13","ThreadID":"'4200'","TimeCreated":"2026-04-26T14:59:24.7503882Z","User":"NT AUTHORITY\\SYSTEM","UserID":"'S-1-5-18'","UtcTime":"2026-04-26 14:59:24.747","Version":"2","_raw":"<Event xmlns='http://schemas.microsoft.com/win/2004/08/events/event'><System><Provider Name='Microsoft-Windows-Sysmon' Guid='{5770385f-c22a-43e0-bf4c-06f5698ffbd9}'/><EventID>13<\/EventID><Version>2<\/Version><Level>4<\/Level><Task>13<\/Task><Opcode>0<\/Opcode><Keywords>0x8000000000000000<\/Keywords><TimeCreated SystemTime='2026-04-26T14:59:24.7503882Z'/><EventRecordID>14698<\/EventRecordID><Correlation/><Execution ProcessID='3408' ThreadID='4200'/><Channel>Microsoft-Windows-Sysmon/Operational<\/Channel><Computer>DESKTOP-AK0R2QL<\/Computer><Security UserID='S-1-5-18'/><\/System><EventData><Data Name='RuleName'>Suspicious,ImageBeginWithBackslash<\/Data><Data Name='EventType'>SetValue<\/Data><Data Name='UtcTime'>2026-04-26 14:59:24.747<\/Data><Data Name='ProcessGuid'>{5123a105-2814-69ee-2b01-000000001100}<\/Data><Data Name='ProcessId'>6648<\/Data><Data Name='Image'>\\\\?\\C:\\Windows\\system32\\wbem\\WMIADAP.EXE<\/Data><Data Name='TargetObject'>HKLM\\System\\CurrentControlSet\\Services\\WmiApRpl\\Performance\\Last Help<\/Data><Data Name='Details'>DWORD (0x0000269d)<\/Data><Data Name='User'>NT AUTHORITY\\SYSTEM<\/Data><\/EventData><\/Event>","_time":"2026-04-26T22:59:24.750+0800","action":"modified","dest":"DESKTOP-AK0R2QL","dvc":"DESKTOP-AK0R2QL","eventtype":"ms-sysmon-regmod","host":"DESKTOP-AK0R2QL","index":"soc_tickets_1","linecount":"1","object_category":"registry","object_path":"HKLM\\System\\CurrentControlSet\\Services\\WmiApRpl\\Performance\\Last Help","process_exec":"WMIADAP.EXE","process_guid":"{5123a105-2814-69ee-2b01-000000001100}","process_id":"6648","process_name":"WMIADAP.EXE","process_path":"\\\\?\\C:\\Windows\\system32\\wbem\\WMIADAP.EXE","punct":"<_='://../////'><><_='--'_='{----}'/><><\/><><\/><><","registry_hive":"HKEY_LOCAL_MACHINE\\\\System","registry_key_name":"Performance","registry_path":"HKLM\\System\\CurrentControlSet\\Services\\WmiApRpl\\Performance\\Last Help","registry_value_data":"0x0000269d","registry_value_name":"Last Help","registry_value_type":"REG_DWORD","signature":"RegistryEvent (Value Set)","signature_id":"13","source":"XmlWinEventLog:Microsoft-Windows-Sysmon/Operational","sourcetype":"xmlwineventlog","splunk_server":"MLATech","status":"success","tag":["endpoint","registry"],"tag::eventtype":["endpoint","registry"],"user":"SYSTEM","vendor_product":"Microsoft Sysmon","xmlns":"'http://schemas.microsoft.com/win/2004/08/events/event'"}}
{"preview":false,"result":{"Computer":"DESKTOP-AK0R2QL","Details":"DWORD (0x0000269c)","EventChannel":"Microsoft-Windows-Sysmon/Operational","EventCode":"13","EventDescription":"RegistryEvent (Value Set)","EventID":"13","EventType":"SetValue","Guid":"'{5770385f-c22a-43e0-bf4c-06f5698ffbd9}'","Image":"\\\\?\\C:\\Windows\\system32\\wbem\\WMIADAP.EXE","Keywords":"0x8000000000000000","Level":"4","Name":"'Microsoft-Windows-Sysmon'","Opcode":"0","ProcessGuid":"{5123a105-2814-69ee-2b01-000000001100}","ProcessID":"'3408'","ProcessId":"6648","RecordID":"14697","RegistryValueData":"0x0000269c","RegistryValueType":"DWORD","RuleName":"Suspicious,ImageBeginWithBackslash","SecurityID":"S-1-5-18","SystemTime":"'2026-04-26T14:59:24.7503619Z'","TargetObject":"HKLM\\System\\CurrentControlSet\\Services\\WmiApRpl\\Performance\\Last Counter","Task":"13","ThreadID":"'4200'","TimeCreated":"2026-04-26T14:59:24.7503619Z","User":"NT AUTHORITY\\SYSTEM","UserID":"'S-1-5-18'","UtcTime":"2026-04-26 14:59:24.747","Version":"2","_raw":"<Event xmlns='http://schemas.microsoft.com/win/2004/08/events/event'><System><Provider Name='Microsoft-Windows-Sysmon' Guid='{5770385f-c22a-43e0-bf4c-06f5698ffbd9}'/><EventID>13<\/EventID><Version>2<\/Version><Level>4<\/Level><Task>13<\/Task><Opcode>0<\/Opcode><Keywords>0x8000000000000000<\/Keywords><TimeCreated SystemTime='2026-04-26T14:59:24.7503619Z'/><EventRecordID>14697<\/EventRecordID><Correlation/><Execution ProcessID='3408' ThreadID='4200'/><Channel>Microsoft-Windows-Sysmon/Operational<\/Channel><Computer>DESKTOP-AK0R2QL<\/Computer><Security UserID='S-1-5-18'/><\/System><EventData><Data Name='RuleName'>Suspicious,ImageBeginWithBackslash<\/Data><Data Name='EventType'>SetValue<\/Data><Data Name='UtcTime'>2026-04-26 14:59:24.747<\/Data><Data Name='ProcessGuid'>{5123a105-2814-69ee-2b01-000000001100}<\/Data><Data Name='ProcessId'>6648<\/Data><Data Name='Image'>\\\\?\\C:\\Windows\\system32\\wbem\\WMIADAP.EXE<\/Data><Data Name='TargetObject'>HKLM\\System\\CurrentControlSet\\Services\\WmiApRpl\\Performance\\Last Counter<\/Data><Data Name='Details'>DWORD (0x0000269c)<\/Data><Data Name='User'>NT AUTHORITY\\SYSTEM<\/Data><\/EventData><\/Event>","_time":"2026-04-26T22:59:24.750+0800","action":"modified","dest":"DESKTOP-AK0R2QL","dvc":"DESKTOP-AK0R2QL","eventtype":"ms-sysmon-regmod","host":"DESKTOP-AK0R2QL","index":"soc_tickets_1","linecount":"1","object_category":"registry","object_path":"HKLM\\System\\CurrentControlSet\\Services\\WmiApRpl\\Performance\\Last Counter","process_exec":"WMIADAP.EXE","process_guid":"{5123a105-2814-69ee-2b01-000000001100}","process_id":"6648","process_name":"WMIADAP.EXE","process_path":"\\\\?\\C:\\Windows\\system32\\wbem\\WMIADAP.EXE","punct":"<_='://../////'><><_='--'_='{----}'/><><\/><><\/><><","registry_hive":"HKEY_LOCAL_MACHINE\\\\System","registry_key_name":"Performance","registry_path":"HKLM\\System\\CurrentControlSet\\Services\\WmiApRpl\\Performance\\Last Counter","registry_value_data":"0x0000269c","registry_value_name":"Last Counter","registry_value_type":"REG_DWORD","signature":"RegistryEvent (Value Set)","signature_id":"13","source":"XmlWinEventLog:Microsoft-Windows-Sysmon/Operational","sourcetype":"xmlwineventlog","splunk_server":"MLATech","status":"success","tag":["endpoint","registry"],"tag::eventtype":["endpoint","registry"],"user":"SYSTEM","vendor_product":"Microsoft Sysmon","xmlns":"'http://schemas.microsoft.com/win/2004/08/events/event'"}}
{"preview":false,"result":{"Computer":"DESKTOP-AK0R2QL","Details":"DWORD (0x0000269d)","EventChannel":"Microsoft-Windows-Sysmon/Operational","EventCode":"13","EventDescription":"RegistryEvent (Value Set)","EventID":"13","EventType":"SetValue","Guid":"'{5770385f-c22a-43e0-bf4c-06f5698ffbd9}'","Image":"\\\\?\\C:\\Windows\\system32\\wbem\\WMIADAP.EXE","Keywords":"0x8000000000000000","Level":"4","Name":"'Microsoft-Windows-Sysmon'","Opcode":"0","ProcessGuid":"{5123a105-2814-69ee-2b01-000000001100}","ProcessID":"'3408'","ProcessId":"6648","RecordID":"14696","RegistryValueData":"0x0000269d","RegistryValueType":"DWORD","RuleName":"Suspicious,ImageBeginWithBackslash","SecurityID":"S-1-5-18","SystemTime":"'2026-04-26T14:59:24.7503323Z'","TargetObject":"HKLM\\SOFTWARE\\Microsoft\\Windows NT\\CurrentVersion\\Perflib\\Last Help","Task":"13","ThreadID":"'4200'","TimeCreated":"2026-04-26T14:59:24.7503323Z","User":"NT AUTHORITY\\SYSTEM","UserID":"'S-1-5-18'","UtcTime":"2026-04-26 14:59:24.747","Version":"2","_raw":"<Event xmlns='http://schemas.microsoft.com/win/2004/08/events/event'><System><Provider Name='Microsoft-Windows-Sysmon' Guid='{5770385f-c22a-43e0-bf4c-06f5698ffbd9}'/><EventID>13<\/EventID><Version>2<\/Version><Level>4<\/Level><Task>13<\/Task><Opcode>0<\/Opcode><Keywords>0x8000000000000000<\/Keywords><TimeCreated SystemTime='2026-04-26T14:59:24.7503323Z'/><EventRecordID>14696<\/EventRecordID><Correlation/><Execution ProcessID='3408' ThreadID='4200'/><Channel>Microsoft-Windows-Sysmon/Operational<\/Channel><Computer>DESKTOP-AK0R2QL<\/Computer><Security UserID='S-1-5-18'/><\/System><EventData><Data Name='RuleName'>Suspicious,ImageBeginWithBackslash<\/Data><Data Name='EventType'>SetValue<\/Data><Data Name='UtcTime'>2026-04-26 14:59:24.747<\/Data><Data Name='ProcessGuid'>{5123a105-2814-69ee-2b01-000000001100}<\/Data><Data Name='ProcessId'>6648<\/Data><Data Name='Image'>\\\\?\\C:\\Windows\\system32\\wbem\\WMIADAP.EXE<\/Data><Data Name='TargetObject'>HKLM\\SOFTWARE\\Microsoft\\Windows NT\\CurrentVersion\\Perflib\\Last Help<\/Data><Data Name='Details'>DWORD (0x0000269d)<\/Data><Data Name='User'>NT AUTHORITY\\SYSTEM<\/Data><\/EventData><\/Event>","_time":"2026-04-26T22:59:24.750+0800","action":"modified","dest":"DESKTOP-AK0R2QL","dvc":"DESKTOP-AK0R2QL","eventtype":"ms-sysmon-regmod","host":"DESKTOP-AK0R2QL","index":"soc_tickets_1","linecount":"1","object_category":"registry","object_path":"HKLM\\SOFTWARE\\Microsoft\\Windows NT\\CurrentVersion\\Perflib\\Last Help","process_exec":"WMIADAP.EXE","process_guid":"{5123a105-2814-69ee-2b01-000000001100}","process_id":"6648","process_name":"WMIADAP.EXE","process_path":"\\\\?\\C:\\Windows\\system32\\wbem\\WMIADAP.EXE","punct":"<_='://../////'><><_='--'_='{----}'/><><\/><><\/><><","registry_hive":"HKEY_LOCAL_MACHINE\\\\Software","registry_key_name":"Perflib","registry_path":"HKLM\\SOFTWARE\\Microsoft\\Windows NT\\CurrentVersion\\Perflib\\Last Help","registry_value_data":"0x0000269d","registry_value_name":"Last Help","registry_value_type":"REG_DWORD","signature":"RegistryEvent (Value Set)","signature_id":"13","source":"XmlWinEventLog:Microsoft-Windows-Sysmon/Operational","sourcetype":"xmlwineventlog","splunk_server":"MLATech","status":"success","tag":["endpoint","registry"],"tag::eventtype":["endpoint","registry"],"user":"SYSTEM","vendor_product":"Microsoft Sysmon","xmlns":"'http://schemas.microsoft.com/win/2004/08/events/event'"}}
{"preview":false,"result":{"Computer":"DESKTOP-AK0R2QL","Details":"DWORD (0x0000269c)","EventChannel":"Microsoft-Windows-Sysmon/Operational","EventCode":"13","EventDescription":"RegistryEvent (Value Set)","EventID":"13","EventType":"SetValue","Guid":"'{5770385f-c22a-43e0-bf4c-06f5698ffbd9}'","Image":"\\\\?\\C:\\Windows\\system32\\wbem\\WMIADAP.EXE","Keywords":"0x8000000000000000","Level":"4","Name":"'Microsoft-Windows-Sysmon'","Opcode":"0","ProcessGuid":"{5123a105-2814-69ee-2b01-000000001100}","ProcessID":"'3408'","ProcessId":"6648","RecordID":"14695","RegistryValueData":"0x0000269c","RegistryValueType":"DWORD","RuleName":"Suspicious,ImageBeginWithBackslash","SecurityID":"S-1-5-18","SystemTime":"'2026-04-26T14:59:24.7502988Z'","TargetObject":"HKLM\\SOFTWARE\\Microsoft\\Windows NT\\CurrentVersion\\Perflib\\Last Counter","Task":"13","ThreadID":"'4200'","TimeCreated":"2026-04-26T14:59:24.7502988Z","User":"NT AUTHORITY\\SYSTEM","UserID":"'S-1-5-18'","UtcTime":"2026-04-26 14:59:24.747","Version":"2","_raw":"<Event xmlns='http://schemas.microsoft.com/win/2004/08/events/event'><System><Provider Name='Microsoft-Windows-Sysmon' Guid='{5770385f-c22a-43e0-bf4c-06f5698ffbd9}'/><EventID>13<\/EventID><Version>2<\/Version><Level>4<\/Level><Task>13<\/Task><Opcode>0<\/Opcode><Keywords>0x8000000000000000<\/Keywords><TimeCreated SystemTime='2026-04-26T14:59:24.7502988Z'/><EventRecordID>14695<\/EventRecordID><Correlation/><Execution ProcessID='3408' ThreadID='4200'/><Channel>Microsoft-Windows-Sysmon/Operational<\/Channel><Computer>DESKTOP-AK0R2QL<\/Computer><Security UserID='S-1-5-18'/><\/System><EventData><Data Name='RuleName'>Suspicious,ImageBeginWithBackslash<\/Data><Data Name='EventType'>SetValue<\/Data><Data Name='UtcTime'>2026-04-26 14:59:24.747<\/Data><Data Name='ProcessGuid'>{5123a105-2814-69ee-2b01-000000001100}<\/Data><Data Name='ProcessId'>6648<\/Data><Data Name='Image'>\\\\?\\C:\\Windows\\system32\\wbem\\WMIADAP.EXE<\/Data><Data Name='TargetObject'>HKLM\\SOFTWARE\\Microsoft\\Windows NT\\CurrentVersion\\Perflib\\Last Counter<\/Data><Data Name='Details'>DWORD (0x0000269c)<\/Data><Data Name='User'>NT AUTHORITY\\SYSTEM<\/Data><\/EventData><\/Event>","_time":"2026-04-26T22:59:24.750+0800","action":"modified","dest":"DESKTOP-AK0R2QL","dvc":"DESKTOP-AK0R2QL","eventtype":"ms-sysmon-regmod","host":"DESKTOP-AK0R2QL","index":"soc_tickets_1","linecount":"1","object_category":"registry","object_path":"HKLM\\SOFTWARE\\Microsoft\\Windows NT\\CurrentVersion\\Perflib\\Last Counter","process_exec":"WMIADAP.EXE","process_guid":"{5123a105-2814-69ee-2b01-000000001100}","process_id":"6648","process_name":"WMIADAP.EXE","process_path":"\\\\?\\C:\\Windows\\system32\\wbem\\WMIADAP.EXE","punct":"<_='://../////'><><_='--'_='{----}'/><><\/><><\/><><","registry_hive":"HKEY_LOCAL_MACHINE\\\\Software","registry_key_name":"Perflib","registry_path":"HKLM\\SOFTWARE\\Microsoft\\Windows NT\\CurrentVersion\\Perflib\\Last Counter","registry_value_data":"0x0000269c","registry_value_name":"Last Counter","registry_value_type":"REG_DWORD","signature":"RegistryEvent (Value Set)","signature_id":"13","source":"XmlWinEventLog:Microsoft-Windows-Sysmon/Operational","sourcetype":"xmlwineventlog","splunk_server":"MLATech","status":"success","tag":["endpoint","registry"],"tag::eventtype":["endpoint","registry"],"user":"SYSTEM","vendor_product":"Microsoft Sysmon","xmlns":"'http://schemas.microsoft.com/win/2004/08/events/event'"}}
{"preview":false,"result":{"Computer":"DESKTOP-AK0R2QL","Details":"WmiApRpl","EventChannel":"Microsoft-Windows-Sysmon/Operational","EventCode":"13","EventDescription":"RegistryEvent (Value Set)","EventID":"13","EventType":"SetValue","Guid":"'{5770385f-c22a-43e0-bf4c-06f5698ffbd9}'","Image":"\\\\?\\C:\\Windows\\system32\\wbem\\WMIADAP.EXE","Keywords":"0x8000000000000000","Level":"4","Name":"'Microsoft-Windows-Sysmon'","Opcode":"0","ProcessGuid":"{5123a105-2814-69ee-2b01-000000001100}","ProcessID":"'3408'","ProcessId":"6648","RecordID":"14694","RuleName":"Suspicious,ImageBeginWithBackslash","SecurityID":"S-1-5-18","SystemTime":"'2026-04-26T14:59:24.7082114Z'","TargetObject":"HKLM\\SOFTWARE\\Microsoft\\Windows NT\\CurrentVersion\\Perflib\\Updating","Task":"13","ThreadID":"'4200'","TimeCreated":"2026-04-26T14:59:24.7082114Z","User":"NT AUTHORITY\\SYSTEM","UserID":"'S-1-5-18'","UtcTime":"2026-04-26 14:59:24.699","Version":"2","_raw":"<Event xmlns='http://schemas.microsoft.com/win/2004/08/events/event'><System><Provider Name='Microsoft-Windows-Sysmon' Guid='{5770385f-c22a-43e0-bf4c-06f5698ffbd9}'/><EventID>13<\/EventID><Version>2<\/Version><Level>4<\/Level><Task>13<\/Task><Opcode>0<\/Opcode><Keywords>0x8000000000000000<\/Keywords><TimeCreated SystemTime='2026-04-26T14:59:24.7082114Z'/><EventRecordID>14694<\/EventRecordID><Correlation/><Execution ProcessID='3408' ThreadID='4200'/><Channel>Microsoft-Windows-Sysmon/Operational<\/Channel><Computer>DESKTOP-AK0R2QL<\/Computer><Security UserID='S-1-5-18'/><\/System><EventData><Data Name='RuleName'>Suspicious,ImageBeginWithBackslash<\/Data><Data Name='EventType'>SetValue<\/Data><Data Name='UtcTime'>2026-04-26 14:59:24.699<\/Data><Data Name='ProcessGuid'>{5123a105-2814-69ee-2b01-000000001100}<\/Data><Data Name='ProcessId'>6648<\/Data><Data Name='Image'>\\\\?\\C:\\Windows\\system32\\wbem\\WMIADAP.EXE<\/Data><Data Name='TargetObject'>HKLM\\SOFTWARE\\Microsoft\\Windows NT\\CurrentVersion\\Perflib\\Updating<\/Data><Data Name='Details'>WmiApRpl<\/Data><Data Name='User'>NT AUTHORITY\\SYSTEM<\/Data><\/EventData><\/Event>","_time":"2026-04-26T22:59:24.708+0800","action":"modified","dest":"DESKTOP-AK0R2QL","dvc":"DESKTOP-AK0R2QL","eventtype":"ms-sysmon-regmod","host":"DESKTOP-AK0R2QL","index":"soc_tickets_1","linecount":"1","object_category":"registry","object_path":"HKLM\\SOFTWARE\\Microsoft\\Windows NT\\CurrentVersion\\Perflib\\Updating","process_exec":"WMIADAP.EXE","process_guid":"{5123a105-2814-69ee-2b01-000000001100}","process_id":"6648","process_name":"WMIADAP.EXE","process_path":"\\\\?\\C:\\Windows\\system32\\wbem\\WMIADAP.EXE","punct":"<_='://../////'><><_='--'_='{----}'/><><\/><><\/><><","registry_hive":"HKEY_LOCAL_MACHINE\\\\Software","registry_key_name":"Perflib","registry_path":"HKLM\\SOFTWARE\\Microsoft\\Windows NT\\CurrentVersion\\Perflib\\Updating","registry_value_data":"WmiApRpl","registry_value_name":"Updating","signature":"RegistryEvent (Value Set)","signature_id":"13","source":"XmlWinEventLog:Microsoft-Windows-Sysmon/Operational","sourcetype":"xmlwineventlog","splunk_server":"MLATech","status":"success","tag":["endpoint","registry"],"tag::eventtype":["endpoint","registry"],"user":"SYSTEM","vendor_product":"Microsoft Sysmon","xmlns":"'http://schemas.microsoft.com/win/2004/08/events/event'"}}
{"preview":false,"result":{"Computer":"DESKTOP-AK0R2QL","Details":"WmiApRpl.ini","EventChannel":"Microsoft-Windows-Sysmon/Operational","EventCode":"13","EventDescription":"RegistryEvent (Value Set)","EventID":"13","EventType":"SetValue","Guid":"'{5770385f-c22a-43e0-bf4c-06f5698ffbd9}'","Image":"\\\\?\\C:\\Windows\\system32\\wbem\\WMIADAP.EXE","Keywords":"0x8000000000000000","Level":"4","Name":"'Microsoft-Windows-Sysmon'","Opcode":"0","ProcessGuid":"{5123a105-2814-69ee-2b01-000000001100}","ProcessID":"'3408'","ProcessId":"6648","RecordID":"14693","RuleName":"Suspicious,ImageBeginWithBackslash","SecurityID":"S-1-5-18","SystemTime":"'2026-04-26T14:59:24.7064672Z'","TargetObject":"HKLM\\System\\CurrentControlSet\\Services\\WmiApRpl\\Performance\\PerfIniFile","Task":"13","ThreadID":"'4200'","TimeCreated":"2026-04-26T14:59:24.7064672Z","User":"NT AUTHORITY\\SYSTEM","UserID":"'S-1-5-18'","UtcTime":"2026-04-26 14:59:24.699","Version":"2","_raw":"<Event xmlns='http://schemas.microsoft.com/win/2004/08/events/event'><System><Provider Name='Microsoft-Windows-Sysmon' Guid='{5770385f-c22a-43e0-bf4c-06f5698ffbd9}'/><EventID>13<\/EventID><Version>2<\/Version><Level>4<\/Level><Task>13<\/Task><Opcode>0<\/Opcode><Keywords>0x8000000000000000<\/Keywords><TimeCreated SystemTime='2026-04-26T14:59:24.7064672Z'/><EventRecordID>14693<\/EventRecordID><Correlation/><Execution ProcessID='3408' ThreadID='4200'/><Channel>Microsoft-Windows-Sysmon/Operational<\/Channel><Computer>DESKTOP-AK0R2QL<\/Computer><Security UserID='S-1-5-18'/><\/System><EventData><Data Name='RuleName'>Suspicious,ImageBeginWithBackslash<\/Data><Data Name='EventType'>SetValue<\/Data><Data Name='UtcTime'>2026-04-26 14:59:24.699<\/Data><Data Name='ProcessGuid'>{5123a105-2814-69ee-2b01-000000001100}<\/Data><Data Name='ProcessId'>6648<\/Data><Data Name='Image'>\\\\?\\C:\\Windows\\system32\\wbem\\WMIADAP.EXE<\/Data><Data Name='TargetObject'>HKLM\\System\\CurrentControlSet\\Services\\WmiApRpl\\Performance\\PerfIniFile<\/Data><Data Name='Details'>WmiApRpl.ini<\/Data><Data Name='User'>NT AUTHORITY\\SYSTEM<\/Data><\/EventData><\/Event>","_time":"2026-04-26T22:59:24.706+0800","action":"modified","dest":"DESKTOP-AK0R2QL","dvc":"DESKTOP-AK0R2QL","eventtype":"ms-sysmon-regmod","host":"DESKTOP-AK0R2QL","index":"soc_tickets_1","linecount":"1","object_category":"registry","object_path":"HKLM\\System\\CurrentControlSet\\Services\\WmiApRpl\\Performance\\PerfIniFile","process_exec":"WMIADAP.EXE","process_guid":"{5123a105-2814-69ee-2b01-000000001100}","process_id":"6648","process_name":"WMIADAP.EXE","process_path":"\\\\?\\C:\\Windows\\system32\\wbem\\WMIADAP.EXE","punct":"<_='://../////'><><_='--'_='{----}'/><><\/><><\/><><","registry_hive":"HKEY_LOCAL_MACHINE\\\\System","registry_key_name":"Performance","registry_path":"HKLM\\System\\CurrentControlSet\\Services\\WmiApRpl\\Performance\\PerfIniFile","registry_value_data":"WmiApRpl.ini","registry_value_name":"PerfIniFile","signature":"RegistryEvent (Value Set)","signature_id":"13","source":"XmlWinEventLog:Microsoft-Windows-Sysmon/Operational","sourcetype":"xmlwineventlog","splunk_server":"MLATech","status":"success","tag":["endpoint","registry"],"tag::eventtype":["endpoint","registry"],"user":"SYSTEM","vendor_product":"Microsoft Sysmon","xmlns":"'http://schemas.microsoft.com/win/2004/08/events/event'"}}
{"preview":false,"result":{"Computer":"DESKTOP-AK0R2QL","EventChannel":"Microsoft-Windows-Sysmon/Operational","EventCode":"12","EventDescription":"RegistryEvent (Object create and delete)","EventID":"12","EventType":"DeleteValue","Guid":"'{5770385f-c22a-43e0-bf4c-06f5698ffbd9}'","Image":"\\\\?\\C:\\Windows\\system32\\wbem\\WMIADAP.EXE","Keywords":"0x8000000000000000","Level":"4","Name":"'Microsoft-Windows-Sysmon'","Opcode":"0","ProcessGuid":"{5123a105-2814-69ee-2b01-000000001100}","ProcessID":"'3408'","ProcessId":"6648","RecordID":"14692","RuleName":"Suspicious,ImageBeginWithBackslash","SecurityID":"S-1-5-18","SystemTime":"'2026-04-26T14:59:24.6971289Z'","TargetObject":"HKLM\\SOFTWARE\\Microsoft\\Windows NT\\CurrentVersion\\Perflib\\Updating","Task":"12","ThreadID":"'4200'","TimeCreated":"2026-04-26T14:59:24.6971289Z","User":"NT AUTHORITY\\SYSTEM","UserID":"'S-1-5-18'","UtcTime":"2026-04-26 14:59:24.681","Version":"2","_raw":"<Event xmlns='http://schemas.microsoft.com/win/2004/08/events/event'><System><Provider Name='Microsoft-Windows-Sysmon' Guid='{5770385f-c22a-43e0-bf4c-06f5698ffbd9}'/><EventID>12<\/EventID><Version>2<\/Version><Level>4<\/Level><Task>12<\/Task><Opcode>0<\/Opcode><Keywords>0x8000000000000000<\/Keywords><TimeCreated SystemTime='2026-04-26T14:59:24.6971289Z'/><EventRecordID>14692<\/EventRecordID><Correlation/><Execution ProcessID='3408' ThreadID='4200'/><Channel>Microsoft-Windows-Sysmon/Operational<\/Channel><Computer>DESKTOP-AK0R2QL<\/Computer><Security UserID='S-1-5-18'/><\/System><EventData><Data Name='RuleName'>Suspicious,ImageBeginWithBackslash<\/Data><Data Name='EventType'>DeleteValue<\/Data><Data Name='UtcTime'>2026-04-26 14:59:24.681<\/Data><Data Name='ProcessGuid'>{5123a105-2814-69ee-2b01-000000001100}<\/Data><Data Name='ProcessId'>6648<\/Data><Data Name='Image'>\\\\?\\C:\\Windows\\system32\\wbem\\WMIADAP.EXE<\/Data><Data Name='TargetObject'>HKLM\\SOFTWARE\\Microsoft\\Windows NT\\CurrentVersion\\Perflib\\Updating<\/Data><Data Name='User'>NT AUTHORITY\\SYSTEM<\/Data><\/EventData><\/Event>","_time":"2026-04-26T22:59:24.697+0800","action":"deleted","dest":"DESKTOP-AK0R2QL","dvc":"DESKTOP-AK0R2QL","eventtype":"ms-sysmon-regmod","host":"DESKTOP-AK0R2QL","index":"soc_tickets_1","linecount":"1","object_category":"registry","object_path":"HKLM\\SOFTWARE\\Microsoft\\Windows NT\\CurrentVersion\\Perflib\\Updating","process_exec":"WMIADAP.EXE","process_guid":"{5123a105-2814-69ee-2b01-000000001100}","process_id":"6648","process_name":"WMIADAP.EXE","process_path":"\\\\?\\C:\\Windows\\system32\\wbem\\WMIADAP.EXE","punct":"<_='://../////'><><_='--'_='{----}'/><><\/><><\/><><","registry_hive":"HKEY_LOCAL_MACHINE\\\\Software","registry_key_name":"Updating","registry_path":"HKLM\\SOFTWARE\\Microsoft\\Windows NT\\CurrentVersion\\Perflib\\Updating","signature":"RegistryEvent (Object create and delete)","signature_id":"12","source":"XmlWinEventLog:Microsoft-Windows-Sysmon/Operational","sourcetype":"xmlwineventlog","splunk_server":"MLATech","status":"success","tag":["endpoint","registry"],"tag::eventtype":["endpoint","registry"],"user":"SYSTEM","vendor_product":"Microsoft Sysmon","xmlns":"'http://schemas.microsoft.com/win/2004/08/events/event'"}}
{"preview":false,"result":{"Computer":"DESKTOP-AK0R2QL","EventChannel":"Microsoft-Windows-Sysmon/Operational","EventCode":"12","EventDescription":"RegistryEvent (Object create and delete)","EventID":"12","EventType":"DeleteValue","Guid":"'{5770385f-c22a-43e0-bf4c-06f5698ffbd9}'","Image":"\\\\?\\C:\\Windows\\system32\\wbem\\WMIADAP.EXE","Keywords":"0x8000000000000000","Level":"4","Name":"'Microsoft-Windows-Sysmon'","Opcode":"0","ProcessGuid":"{5123a105-2814-69ee-2b01-000000001100}","ProcessID":"'3408'","ProcessId":"6648","RecordID":"14691","RuleName":"Suspicious,ImageBeginWithBackslash","SecurityID":"S-1-5-18","SystemTime":"'2026-04-26T14:59:24.6970818Z'","TargetObject":"HKLM\\System\\CurrentControlSet\\Services\\WmiApRpl\\Performance\\Object List","Task":"12","ThreadID":"'4200'","TimeCreated":"2026-04-26T14:59:24.6970818Z","User":"NT AUTHORITY\\SYSTEM","UserID":"'S-1-5-18'","UtcTime":"2026-04-26 14:59:24.681","Version":"2","_raw":"<Event xmlns='http://schemas.microsoft.com/win/2004/08/events/event'><System><Provider Name='Microsoft-Windows-Sysmon' Guid='{5770385f-c22a-43e0-bf4c-06f5698ffbd9}'/><EventID>12<\/EventID><Version>2<\/Version><Level>4<\/Level><Task>12<\/Task><Opcode>0<\/Opcode><Keywords>0x8000000000000000<\/Keywords><TimeCreated SystemTime='2026-04-26T14:59:24.6970818Z'/><EventRecordID>14691<\/EventRecordID><Correlation/><Execution ProcessID='3408' ThreadID='4200'/><Channel>Microsoft-Windows-Sysmon/Operational<\/Channel><Computer>DESKTOP-AK0R2QL<\/Computer><Security UserID='S-1-5-18'/><\/System><EventData><Data Name='RuleName'>Suspicious,ImageBeginWithBackslash<\/Data><Data Name='EventType'>DeleteValue<\/Data><Data Name='UtcTime'>2026-04-26 14:59:24.681<\/Data><Data Name='ProcessGuid'>{5123a105-2814-69ee-2b01-000000001100}<\/Data><Data Name='ProcessId'>6648<\/Data><Data Name='Image'>\\\\?\\C:\\Windows\\system32\\wbem\\WMIADAP.EXE<\/Data><Data Name='TargetObject'>HKLM\\System\\CurrentControlSet\\Services\\WmiApRpl\\Performance\\Object List<\/Data><Data Name='User'>NT AUTHORITY\\SYSTEM<\/Data><\/EventData><\/Event>","_time":"2026-04-26T22:59:24.697+0800","action":"deleted","dest":"DESKTOP-AK0R2QL","dvc":"DESKTOP-AK0R2QL","eventtype":"ms-sysmon-regmod","host":"DESKTOP-AK0R2QL","index":"soc_tickets_1","linecount":"1","object_category":"registry","object_path":"HKLM\\System\\CurrentControlSet\\Services\\WmiApRpl\\Performance\\Object List","process_exec":"WMIADAP.EXE","process_guid":"{5123a105-2814-69ee-2b01-000000001100}","process_id":"6648","process_name":"WMIADAP.EXE","process_path":"\\\\?\\C:\\Windows\\system32\\wbem\\WMIADAP.EXE","punct":"<_='://../////'><><_='--'_='{----}'/><><\/><><\/><><","registry_hive":"HKEY_LOCAL_MACHINE\\\\System","registry_key_name":"Object List","registry_path":"HKLM\\System\\CurrentControlSet\\Services\\WmiApRpl\\Performance\\Object List","signature":"RegistryEvent (Object create and delete)","signature_id":"12","source":"XmlWinEventLog:Microsoft-Windows-Sysmon/Operational","sourcetype":"xmlwineventlog","splunk_server":"MLATech","status":"success","tag":["endpoint","registry"],"tag::eventtype":["endpoint","registry"],"user":"SYSTEM","vendor_product":"Microsoft Sysmon","xmlns":"'http://schemas.microsoft.com/win/2004/08/events/event'"}}
{"preview":false,"result":{"Computer":"DESKTOP-AK0R2QL","EventChannel":"Microsoft-Windows-Sysmon/Operational","EventCode":"12","EventDescription":"RegistryEvent (Object create and delete)","EventID":"12","EventType":"DeleteValue","Guid":"'{5770385f-c22a-43e0-bf4c-06f5698ffbd9}'","Image":"\\\\?\\C:\\Windows\\system32\\wbem\\WMIADAP.EXE","Keywords":"0x8000000000000000","Level":"4","Name":"'Microsoft-Windows-Sysmon'","Opcode":"0","ProcessGuid":"{5123a105-2814-69ee-2b01-000000001100}","ProcessID":"'3408'","ProcessId":"6648","RecordID":"14690","RuleName":"Suspicious,ImageBeginWithBackslash","SecurityID":"S-1-5-18","SystemTime":"'2026-04-26T14:59:24.6970303Z'","TargetObject":"HKLM\\System\\CurrentControlSet\\Services\\WmiApRpl\\Performance\\Last Help","Task":"12","ThreadID":"'4200'","TimeCreated":"2026-04-26T14:59:24.6970303Z","User":"NT AUTHORITY\\SYSTEM","UserID":"'S-1-5-18'","UtcTime":"2026-04-26 14:59:24.681","Version":"2","_raw":"<Event xmlns='http://schemas.microsoft.com/win/2004/08/events/event'><System><Provider Name='Microsoft-Windows-Sysmon' Guid='{5770385f-c22a-43e0-bf4c-06f5698ffbd9}'/><EventID>12<\/EventID><Version>2<\/Version><Level>4<\/Level><Task>12<\/Task><Opcode>0<\/Opcode><Keywords>0x8000000000000000<\/Keywords><TimeCreated SystemTime='2026-04-26T14:59:24.6970303Z'/><EventRecordID>14690<\/EventRecordID><Correlation/><Execution ProcessID='3408' ThreadID='4200'/><Channel>Microsoft-Windows-Sysmon/Operational<\/Channel><Computer>DESKTOP-AK0R2QL<\/Computer><Security UserID='S-1-5-18'/><\/System><EventData><Data Name='RuleName'>Suspicious,ImageBeginWithBackslash<\/Data><Data Name='EventType'>DeleteValue<\/Data><Data Name='UtcTime'>2026-04-26 14:59:24.681<\/Data><Data Name='ProcessGuid'>{5123a105-2814-69ee-2b01-000000001100}<\/Data><Data Name='ProcessId'>6648<\/Data><Data Name='Image'>\\\\?\\C:\\Windows\\system32\\wbem\\WMIADAP.EXE<\/Data><Data Name='TargetObject'>HKLM\\System\\CurrentControlSet\\Services\\WmiApRpl\\Performance\\Last Help<\/Data><Data Name='User'>NT AUTHORITY\\SYSTEM<\/Data><\/EventData><\/Event>","_time":"2026-04-26T22:59:24.697+0800","action":"deleted","dest":"DESKTOP-AK0R2QL","dvc":"DESKTOP-AK0R2QL","eventtype":"ms-sysmon-regmod","host":"DESKTOP-AK0R2QL","index":"soc_tickets_1","linecount":"1","object_category":"registry","object_path":"HKLM\\System\\CurrentControlSet\\Services\\WmiApRpl\\Performance\\Last Help","process_exec":"WMIADAP.EXE","process_guid":"{5123a105-2814-69ee-2b01-000000001100}","process_id":"6648","process_name":"WMIADAP.EXE","process_path":"\\\\?\\C:\\Windows\\system32\\wbem\\WMIADAP.EXE","punct":"<_='://../////'><><_='--'_='{----}'/><><\/><><\/><><","registry_hive":"HKEY_LOCAL_MACHINE\\\\System","registry_key_name":"Last Help","registry_path":"HKLM\\System\\CurrentControlSet\\Services\\WmiApRpl\\Performance\\Last Help","signature":"RegistryEvent (Object create and delete)","signature_id":"12","source":"XmlWinEventLog:Microsoft-Windows-Sysmon/Operational","sourcetype":"xmlwineventlog","splunk_server":"MLATech","status":"success","tag":["endpoint","registry"],"tag::eventtype":["endpoint","registry"],"user":"SYSTEM","vendor_product":"Microsoft Sysmon","xmlns":"'http://schemas.microsoft.com/win/2004/08/events/event'"}}
{"preview":false,"result":{"Computer":"DESKTOP-AK0R2QL","EventChannel":"Microsoft-Windows-Sysmon/Operational","EventCode":"12","EventDescription":"RegistryEvent (Object create and delete)","EventID":"12","EventType":"DeleteValue","Guid":"'{5770385f-c22a-43e0-bf4c-06f5698ffbd9}'","Image":"\\\\?\\C:\\Windows\\system32\\wbem\\WMIADAP.EXE","Keywords":"0x8000000000000000","Level":"4","Name":"'Microsoft-Windows-Sysmon'","Opcode":"0","ProcessGuid":"{5123a105-2814-69ee-2b01-000000001100}","ProcessID":"'3408'","ProcessId":"6648","RecordID":"14689","RuleName":"Suspicious,ImageBeginWithBackslash","SecurityID":"S-1-5-18","SystemTime":"'2026-04-26T14:59:24.6969793Z'","TargetObject":"HKLM\\System\\CurrentControlSet\\Services\\WmiApRpl\\Performance\\First Help","Task":"12","ThreadID":"'4200'","TimeCreated":"2026-04-26T14:59:24.6969793Z","User":"NT AUTHORITY\\SYSTEM","UserID":"'S-1-5-18'","UtcTime":"2026-04-26 14:59:24.681","Version":"2","_raw":"<Event xmlns='http://schemas.microsoft.com/win/2004/08/events/event'><System><Provider Name='Microsoft-Windows-Sysmon' Guid='{5770385f-c22a-43e0-bf4c-06f5698ffbd9}'/><EventID>12<\/EventID><Version>2<\/Version><Level>4<\/Level><Task>12<\/Task><Opcode>0<\/Opcode><Keywords>0x8000000000000000<\/Keywords><TimeCreated SystemTime='2026-04-26T14:59:24.6969793Z'/><EventRecordID>14689<\/EventRecordID><Correlation/><Execution ProcessID='3408' ThreadID='4200'/><Channel>Microsoft-Windows-Sysmon/Operational<\/Channel><Computer>DESKTOP-AK0R2QL<\/Computer><Security UserID='S-1-5-18'/><\/System><EventData><Data Name='RuleName'>Suspicious,ImageBeginWithBackslash<\/Data><Data Name='EventType'>DeleteValue<\/Data><Data Name='UtcTime'>2026-04-26 14:59:24.681<\/Data><Data Name='ProcessGuid'>{5123a105-2814-69ee-2b01-000000001100}<\/Data><Data Name='ProcessId'>6648<\/Data><Data Name='Image'>\\\\?\\C:\\Windows\\system32\\wbem\\WMIADAP.EXE<\/Data><Data Name='TargetObject'>HKLM\\System\\CurrentControlSet\\Services\\WmiApRpl\\Performance\\First Help<\/Data><Data Name='User'>NT AUTHORITY\\SYSTEM<\/Data><\/EventData><\/Event>","_time":"2026-04-26T22:59:24.696+0800","action":"deleted","dest":"DESKTOP-AK0R2QL","dvc":"DESKTOP-AK0R2QL","eventtype":"ms-sysmon-regmod","host":"DESKTOP-AK0R2QL","index":"soc_tickets_1","linecount":"1","object_category":"registry","object_path":"HKLM\\System\\CurrentControlSet\\Services\\WmiApRpl\\Performance\\First Help","process_exec":"WMIADAP.EXE","process_guid":"{5123a105-2814-69ee-2b01-000000001100}","process_id":"6648","process_name":"WMIADAP.EXE","process_path":"\\\\?\\C:\\Windows\\system32\\wbem\\WMIADAP.EXE","punct":"<_='://../////'><><_='--'_='{----}'/><><\/><><\/><><","registry_hive":"HKEY_LOCAL_MACHINE\\\\System","registry_key_name":"First Help","registry_path":"HKLM\\System\\CurrentControlSet\\Services\\WmiApRpl\\Performance\\First Help","signature":"RegistryEvent (Object create and delete)","signature_id":"12","source":"XmlWinEventLog:Microsoft-Windows-Sysmon/Operational","sourcetype":"xmlwineventlog","splunk_server":"MLATech","status":"success","tag":["endpoint","registry"],"tag::eventtype":["endpoint","registry"],"user":"SYSTEM","vendor_product":"Microsoft Sysmon","xmlns":"'http://schemas.microsoft.com/win/2004/08/events/event'"}}
{"preview":false,"result":{"Computer":"DESKTOP-AK0R2QL","EventChannel":"Microsoft-Windows-Sysmon/Operational","EventCode":"12","EventDescription":"RegistryEvent (Object create and delete)","EventID":"12","EventType":"DeleteValue","Guid":"'{5770385f-c22a-43e0-bf4c-06f5698ffbd9}'","Image":"\\\\?\\C:\\Windows\\system32\\wbem\\WMIADAP.EXE","Keywords":"0x8000000000000000","Level":"4","Name":"'Microsoft-Windows-Sysmon'","Opcode":"0","ProcessGuid":"{5123a105-2814-69ee-2b01-000000001100}","ProcessID":"'3408'","ProcessId":"6648","RecordID":"14688","RuleName":"Suspicious,ImageBeginWithBackslash","SecurityID":"S-1-5-18","SystemTime":"'2026-04-26T14:59:24.6969329Z'","TargetObject":"HKLM\\System\\CurrentControlSet\\Services\\WmiApRpl\\Performance\\Last Counter","Task":"12","ThreadID":"'4200'","TimeCreated":"2026-04-26T14:59:24.6969329Z","User":"NT AUTHORITY\\SYSTEM","UserID":"'S-1-5-18'","UtcTime":"2026-04-26 14:59:24.681","Version":"2","_raw":"<Event xmlns='http://schemas.microsoft.com/win/2004/08/events/event'><System><Provider Name='Microsoft-Windows-Sysmon' Guid='{5770385f-c22a-43e0-bf4c-06f5698ffbd9}'/><EventID>12<\/EventID><Version>2<\/Version><Level>4<\/Level><Task>12<\/Task><Opcode>0<\/Opcode><Keywords>0x8000000000000000<\/Keywords><TimeCreated SystemTime='2026-04-26T14:59:24.6969329Z'/><EventRecordID>14688<\/EventRecordID><Correlation/><Execution ProcessID='3408' ThreadID='4200'/><Channel>Microsoft-Windows-Sysmon/Operational<\/Channel><Computer>DESKTOP-AK0R2QL<\/Computer><Security UserID='S-1-5-18'/><\/System><EventData><Data Name='RuleName'>Suspicious,ImageBeginWithBackslash<\/Data><Data Name='EventType'>DeleteValue<\/Data><Data Name='UtcTime'>2026-04-26 14:59:24.681<\/Data><Data Name='ProcessGuid'>{5123a105-2814-69ee-2b01-000000001100}<\/Data><Data Name='ProcessId'>6648<\/Data><Data Name='Image'>\\\\?\\C:\\Windows\\system32\\wbem\\WMIADAP.EXE<\/Data><Data Name='TargetObject'>HKLM\\System\\CurrentControlSet\\Services\\WmiApRpl\\Performance\\Last Counter<\/Data><Data Name='User'>NT AUTHORITY\\SYSTEM<\/Data><\/EventData><\/Event>","_time":"2026-04-26T22:59:24.696+0800","action":"deleted","dest":"DESKTOP-AK0R2QL","dvc":"DESKTOP-AK0R2QL","eventtype":"ms-sysmon-regmod","host":"DESKTOP-AK0R2QL","index":"soc_tickets_1","linecount":"1","object_category":"registry","object_path":"HKLM\\System\\CurrentControlSet\\Services\\WmiApRpl\\Performance\\Last Counter","process_exec":"WMIADAP.EXE","process_guid":"{5123a105-2814-69ee-2b01-000000001100}","process_id":"6648","process_name":"WMIADAP.EXE","process_path":"\\\\?\\C:\\Windows\\system32\\wbem\\WMIADAP.EXE","punct":"<_='://../////'><><_='--'_='{----}'/><><\/><><\/><><","registry_hive":"HKEY_LOCAL_MACHINE\\\\System","registry_key_name":"Last Counter","registry_path":"HKLM\\System\\CurrentControlSet\\Services\\WmiApRpl\\Performance\\Last Counter","signature":"RegistryEvent (Object create and delete)","signature_id":"12","source":"XmlWinEventLog:Microsoft-Windows-Sysmon/Operational","sourcetype":"xmlwineventlog","splunk_server":"MLATech","status":"success","tag":["endpoint","registry"],"tag::eventtype":["endpoint","registry"],"user":"SYSTEM","vendor_product":"Microsoft Sysmon","xmlns":"'http://schemas.microsoft.com/win/2004/08/events/event'"}}
{"preview":false,"result":{"Computer":"DESKTOP-AK0R2QL","EventChannel":"Microsoft-Windows-Sysmon/Operational","EventCode":"12","EventDescription":"RegistryEvent (Object create and delete)","EventID":"12","EventType":"DeleteValue","Guid":"'{5770385f-c22a-43e0-bf4c-06f5698ffbd9}'","Image":"\\\\?\\C:\\Windows\\system32\\wbem\\WMIADAP.EXE","Keywords":"0x8000000000000000","Level":"4","Name":"'Microsoft-Windows-Sysmon'","Opcode":"0","ProcessGuid":"{5123a105-2814-69ee-2b01-000000001100}","ProcessID":"'3408'","ProcessId":"6648","RecordID":"14687","RuleName":"Suspicious,ImageBeginWithBackslash","SecurityID":"S-1-5-18","SystemTime":"'2026-04-26T14:59:24.6968859Z'","TargetObject":"HKLM\\System\\CurrentControlSet\\Services\\WmiApRpl\\Performance\\First Counter","Task":"12","ThreadID":"'4200'","TimeCreated":"2026-04-26T14:59:24.6968859Z","User":"NT AUTHORITY\\SYSTEM","UserID":"'S-1-5-18'","UtcTime":"2026-04-26 14:59:24.681","Version":"2","_raw":"<Event xmlns='http://schemas.microsoft.com/win/2004/08/events/event'><System><Provider Name='Microsoft-Windows-Sysmon' Guid='{5770385f-c22a-43e0-bf4c-06f5698ffbd9}'/><EventID>12<\/EventID><Version>2<\/Version><Level>4<\/Level><Task>12<\/Task><Opcode>0<\/Opcode><Keywords>0x8000000000000000<\/Keywords><TimeCreated SystemTime='2026-04-26T14:59:24.6968859Z'/><EventRecordID>14687<\/EventRecordID><Correlation/><Execution ProcessID='3408' ThreadID='4200'/><Channel>Microsoft-Windows-Sysmon/Operational<\/Channel><Computer>DESKTOP-AK0R2QL<\/Computer><Security UserID='S-1-5-18'/><\/System><EventData><Data Name='RuleName'>Suspicious,ImageBeginWithBackslash<\/Data><Data Name='EventType'>DeleteValue<\/Data><Data Name='UtcTime'>2026-04-26 14:59:24.681<\/Data><Data Name='ProcessGuid'>{5123a105-2814-69ee-2b01-000000001100}<\/Data><Data Name='ProcessId'>6648<\/Data><Data Name='Image'>\\\\?\\C:\\Windows\\system32\\wbem\\WMIADAP.EXE<\/Data><Data Name='TargetObject'>HKLM\\System\\CurrentControlSet\\Services\\WmiApRpl\\Performance\\First Counter<\/Data><Data Name='User'>NT AUTHORITY\\SYSTEM<\/Data><\/EventData><\/Event>","_time":"2026-04-26T22:59:24.696+0800","action":"deleted","dest":"DESKTOP-AK0R2QL","dvc":"DESKTOP-AK0R2QL","eventtype":"ms-sysmon-regmod","host":"DESKTOP-AK0R2QL","index":"soc_tickets_1","linecount":"1","object_category":"registry","object_path":"HKLM\\System\\CurrentControlSet\\Services\\WmiApRpl\\Performance\\First Counter","process_exec":"WMIADAP.EXE","process_guid":"{5123a105-2814-69ee-2b01-000000001100}","process_id":"6648","process_name":"WMIADAP.EXE","process_path":"\\\\?\\C:\\Windows\\system32\\wbem\\WMIADAP.EXE","punct":"<_='://../////'><><_='--'_='{----}'/><><\/><><\/><><","registry_hive":"HKEY_LOCAL_MACHINE\\\\System","registry_key_name":"First Counter","registry_path":"HKLM\\System\\CurrentControlSet\\Services\\WmiApRpl\\Performance\\First Counter","signature":"RegistryEvent (Object create and delete)","signature_id":"12","source":"XmlWinEventLog:Microsoft-Windows-Sysmon/Operational","sourcetype":"xmlwineventlog","splunk_server":"MLATech","status":"success","tag":["endpoint","registry"],"tag::eventtype":["endpoint","registry"],"user":"SYSTEM","vendor_product":"Microsoft Sysmon","xmlns":"'http://schemas.microsoft.com/win/2004/08/events/event'"}}
{"preview":false,"result":{"Computer":"DESKTOP-AK0R2QL","Details":"DWORD (0x000025f5)","EventChannel":"Microsoft-Windows-Sysmon/Operational","EventCode":"13","EventDescription":"RegistryEvent (Value Set)","EventID":"13","EventType":"SetValue","Guid":"'{5770385f-c22a-43e0-bf4c-06f5698ffbd9}'","Image":"\\\\?\\C:\\Windows\\system32\\wbem\\WMIADAP.EXE","Keywords":"0x8000000000000000","Level":"4","Name":"'Microsoft-Windows-Sysmon'","Opcode":"0","ProcessGuid":"{5123a105-2814-69ee-2b01-000000001100}","ProcessID":"'3408'","ProcessId":"6648","RecordID":"14686","RegistryValueData":"0x000025f5","RegistryValueType":"DWORD","RuleName":"Suspicious,ImageBeginWithBackslash","SecurityID":"S-1-5-18","SystemTime":"'2026-04-26T14:59:24.6965945Z'","TargetObject":"HKLM\\SOFTWARE\\Microsoft\\Windows NT\\CurrentVersion\\Perflib\\Last Help","Task":"13","ThreadID":"'4200'","TimeCreated":"2026-04-26T14:59:24.6965945Z","User":"NT AUTHORITY\\SYSTEM","UserID":"'S-1-5-18'","UtcTime":"2026-04-26 14:59:24.681","Version":"2","_raw":"<Event xmlns='http://schemas.microsoft.com/win/2004/08/events/event'><System><Provider Name='Microsoft-Windows-Sysmon' Guid='{5770385f-c22a-43e0-bf4c-06f5698ffbd9}'/><EventID>13<\/EventID><Version>2<\/Version><Level>4<\/Level><Task>13<\/Task><Opcode>0<\/Opcode><Keywords>0x8000000000000000<\/Keywords><TimeCreated SystemTime='2026-04-26T14:59:24.6965945Z'/><EventRecordID>14686<\/EventRecordID><Correlation/><Execution ProcessID='3408' ThreadID='4200'/><Channel>Microsoft-Windows-Sysmon/Operational<\/Channel><Computer>DESKTOP-AK0R2QL<\/Computer><Security UserID='S-1-5-18'/><\/System><EventData><Data Name='RuleName'>Suspicious,ImageBeginWithBackslash<\/Data><Data Name='EventType'>SetValue<\/Data><Data Name='UtcTime'>2026-04-26 14:59:24.681<\/Data><Data Name='ProcessGuid'>{5123a105-2814-69ee-2b01-000000001100}<\/Data><Data Name='ProcessId'>6648<\/Data><Data Name='Image'>\\\\?\\C:\\Windows\\system32\\wbem\\WMIADAP.EXE<\/Data><Data Name='TargetObject'>HKLM\\SOFTWARE\\Microsoft\\Windows NT\\CurrentVersion\\Perflib\\Last Help<\/Data><Data Name='Details'>DWORD (0x000025f5)<\/Data><Data Name='User'>NT AUTHORITY\\SYSTEM<\/Data><\/EventData><\/Event>","_time":"2026-04-26T22:59:24.696+0800","action":"modified","dest":"DESKTOP-AK0R2QL","dvc":"DESKTOP-AK0R2QL","eventtype":"ms-sysmon-regmod","host":"DESKTOP-AK0R2QL","index":"soc_tickets_1","linecount":"1","object_category":"registry","object_path":"HKLM\\SOFTWARE\\Microsoft\\Windows NT\\CurrentVersion\\Perflib\\Last Help","process_exec":"WMIADAP.EXE","process_guid":"{5123a105-2814-69ee-2b01-000000001100}","process_id":"6648","process_name":"WMIADAP.EXE","process_path":"\\\\?\\C:\\Windows\\system32\\wbem\\WMIADAP.EXE","punct":"<_='://../////'><><_='--'_='{----}'/><><\/><><\/><><","registry_hive":"HKEY_LOCAL_MACHINE\\\\Software","registry_key_name":"Perflib","registry_path":"HKLM\\SOFTWARE\\Microsoft\\Windows NT\\CurrentVersion\\Perflib\\Last Help","registry_value_data":"0x000025f5","registry_value_name":"Last Help","registry_value_type":"REG_DWORD","signature":"RegistryEvent (Value Set)","signature_id":"13","source":"XmlWinEventLog:Microsoft-Windows-Sysmon/Operational","sourcetype":"xmlwineventlog","splunk_server":"MLATech","status":"success","tag":["endpoint","registry"],"tag::eventtype":["endpoint","registry"],"user":"SYSTEM","vendor_product":"Microsoft Sysmon","xmlns":"'http://schemas.microsoft.com/win/2004/08/events/event'"}}
