{"preview":false,"result":{"Computer":"DESKTOP-AK0R2QL","Details":"DWORD (0x000025f4)","EventChannel":"Microsoft-Windows-Sysmon/Operational","EventCode":"13","EventDescription":"RegistryEvent (Value Set)","EventID":"13","EventType":"SetValue","Guid":"'{5770385f-c22a-43e0-bf4c-06f5698ffbd9}'","Image":"\\\\?\\C:\\Windows\\system32\\wbem\\WMIADAP.EXE","Keywords":"0x8000000000000000","Level":"4","Name":"'Microsoft-Windows-Sysmon'","Opcode":"0","ProcessGuid":"{5123a105-2814-69ee-2b01-000000001100}","ProcessID":"'3408'","ProcessId":"6648","RecordID":"14685","RegistryValueData":"0x000025f4","RegistryValueType":"DWORD","RuleName":"Suspicious,ImageBeginWithBackslash","SecurityID":"S-1-5-18","SystemTime":"'2026-04-26T14:59:24.6962030Z'","TargetObject":"HKLM\\SOFTWARE\\Microsoft\\Windows NT\\CurrentVersion\\Perflib\\Last Counter","Task":"13","ThreadID":"'4200'","TimeCreated":"2026-04-26T14:59:24.6962030Z","User":"NT AUTHORITY\\SYSTEM","UserID":"'S-1-5-18'","UtcTime":"2026-04-26 14:59:24.681","Version":"2","_raw":"<Event xmlns='http://schemas.microsoft.com/win/2004/08/events/event'><System><Provider Name='Microsoft-Windows-Sysmon' Guid='{5770385f-c22a-43e0-bf4c-06f5698ffbd9}'/><EventID>13<\/EventID><Version>2<\/Version><Level>4<\/Level><Task>13<\/Task><Opcode>0<\/Opcode><Keywords>0x8000000000000000<\/Keywords><TimeCreated SystemTime='2026-04-26T14:59:24.6962030Z'/><EventRecordID>14685<\/EventRecordID><Correlation/><Execution ProcessID='3408' ThreadID='4200'/><Channel>Microsoft-Windows-Sysmon/Operational<\/Channel><Computer>DESKTOP-AK0R2QL<\/Computer><Security UserID='S-1-5-18'/><\/System><EventData><Data Name='RuleName'>Suspicious,ImageBeginWithBackslash<\/Data><Data Name='EventType'>SetValue<\/Data><Data Name='UtcTime'>2026-04-26 14:59:24.681<\/Data><Data Name='ProcessGuid'>{5123a105-2814-69ee-2b01-000000001100}<\/Data><Data Name='ProcessId'>6648<\/Data><Data Name='Image'>\\\\?\\C:\\Windows\\system32\\wbem\\WMIADAP.EXE<\/Data><Data Name='TargetObject'>HKLM\\SOFTWARE\\Microsoft\\Windows NT\\CurrentVersion\\Perflib\\Last Counter<\/Data><Data Name='Details'>DWORD (0x000025f4)<\/Data><Data Name='User'>NT AUTHORITY\\SYSTEM<\/Data><\/EventData><\/Event>","_time":"2026-04-26T22:59:24.696+0800","action":"modified","dest":"DESKTOP-AK0R2QL","dvc":"DESKTOP-AK0R2QL","eventtype":"ms-sysmon-regmod","host":"DESKTOP-AK0R2QL","index":"soc_tickets_1","linecount":"1","object_category":"registry","object_path":"HKLM\\SOFTWARE\\Microsoft\\Windows NT\\CurrentVersion\\Perflib\\Last Counter","process_exec":"WMIADAP.EXE","process_guid":"{5123a105-2814-69ee-2b01-000000001100}","process_id":"6648","process_name":"WMIADAP.EXE","process_path":"\\\\?\\C:\\Windows\\system32\\wbem\\WMIADAP.EXE","punct":"<_='://../////'><><_='--'_='{----}'/><><\/><><\/><><","registry_hive":"HKEY_LOCAL_MACHINE\\\\Software","registry_key_name":"Perflib","registry_path":"HKLM\\SOFTWARE\\Microsoft\\Windows NT\\CurrentVersion\\Perflib\\Last Counter","registry_value_data":"0x000025f4","registry_value_name":"Last Counter","registry_value_type":"REG_DWORD","signature":"RegistryEvent (Value Set)","signature_id":"13","source":"XmlWinEventLog:Microsoft-Windows-Sysmon/Operational","sourcetype":"xmlwineventlog","splunk_server":"MLATech","status":"success","tag":["endpoint","registry"],"tag::eventtype":["endpoint","registry"],"user":"SYSTEM","vendor_product":"Microsoft Sysmon","xmlns":"'http://schemas.microsoft.com/win/2004/08/events/event'"}}
{"preview":false,"lastrow":true,"result":{"Computer":"DESKTOP-AK0R2QL","Details":"WmiApRpl","EventChannel":"Microsoft-Windows-Sysmon/Operational","EventCode":"13","EventDescription":"RegistryEvent (Value Set)","EventID":"13","EventType":"SetValue","Guid":"'{5770385f-c22a-43e0-bf4c-06f5698ffbd9}'","Image":"\\\\?\\C:\\Windows\\system32\\wbem\\WMIADAP.EXE","Keywords":"0x8000000000000000","Level":"4","Name":"'Microsoft-Windows-Sysmon'","Opcode":"0","ProcessGuid":"{5123a105-2814-69ee-2b01-000000001100}","ProcessID":"'3408'","ProcessId":"6648","RecordID":"14684","RuleName":"Suspicious,ImageBeginWithBackslash","SecurityID":"S-1-5-18","SystemTime":"'2026-04-26T14:59:24.6850608Z'","TargetObject":"HKLM\\SOFTWARE\\Microsoft\\Windows NT\\CurrentVersion\\Perflib\\Updating","Task":"13","ThreadID":"'4200'","TimeCreated":"2026-04-26T14:59:24.6850608Z","User":"NT AUTHORITY\\SYSTEM","UserID":"'S-1-5-18'","UtcTime":"2026-04-26 14:59:24.681","Version":"2","_raw":"<Event xmlns='http://schemas.microsoft.com/win/2004/08/events/event'><System><Provider Name='Microsoft-Windows-Sysmon' Guid='{5770385f-c22a-43e0-bf4c-06f5698ffbd9}'/><EventID>13<\/EventID><Version>2<\/Version><Level>4<\/Level><Task>13<\/Task><Opcode>0<\/Opcode><Keywords>0x8000000000000000<\/Keywords><TimeCreated SystemTime='2026-04-26T14:59:24.6850608Z'/><EventRecordID>14684<\/EventRecordID><Correlation/><Execution ProcessID='3408' ThreadID='4200'/><Channel>Microsoft-Windows-Sysmon/Operational<\/Channel><Computer>DESKTOP-AK0R2QL<\/Computer><Security UserID='S-1-5-18'/><\/System><EventData><Data Name='RuleName'>Suspicious,ImageBeginWithBackslash<\/Data><Data Name='EventType'>SetValue<\/Data><Data Name='UtcTime'>2026-04-26 14:59:24.681<\/Data><Data Name='ProcessGuid'>{5123a105-2814-69ee-2b01-000000001100}<\/Data><Data Name='ProcessId'>6648<\/Data><Data Name='Image'>\\\\?\\C:\\Windows\\system32\\wbem\\WMIADAP.EXE<\/Data><Data Name='TargetObject'>HKLM\\SOFTWARE\\Microsoft\\Windows NT\\CurrentVersion\\Perflib\\Updating<\/Data><Data Name='Details'>WmiApRpl<\/Data><Data Name='User'>NT AUTHORITY\\SYSTEM<\/Data><\/EventData><\/Event>","_time":"2026-04-26T22:59:24.685+0800","action":"modified","dest":"DESKTOP-AK0R2QL","dvc":"DESKTOP-AK0R2QL","eventtype":"ms-sysmon-regmod","host":"DESKTOP-AK0R2QL","index":"soc_tickets_1","linecount":"1","object_category":"registry","object_path":"HKLM\\SOFTWARE\\Microsoft\\Windows NT\\CurrentVersion\\Perflib\\Updating","process_exec":"WMIADAP.EXE","process_guid":"{5123a105-2814-69ee-2b01-000000001100}","process_id":"6648","process_name":"WMIADAP.EXE","process_path":"\\\\?\\C:\\Windows\\system32\\wbem\\WMIADAP.EXE","punct":"<_='://../////'><><_='--'_='{----}'/><><\/><><\/><><","registry_hive":"HKEY_LOCAL_MACHINE\\\\Software","registry_key_name":"Perflib","registry_path":"HKLM\\SOFTWARE\\Microsoft\\Windows NT\\CurrentVersion\\Perflib\\Updating","registry_value_data":"WmiApRpl","registry_value_name":"Updating","signature":"RegistryEvent (Value Set)","signature_id":"13","source":"XmlWinEventLog:Microsoft-Windows-Sysmon/Operational","sourcetype":"xmlwineventlog","splunk_server":"MLATech","status":"success","tag":["endpoint","registry"],"tag::eventtype":["endpoint","registry"],"user":"SYSTEM","vendor_product":"Microsoft Sysmon","xmlns":"'http://schemas.microsoft.com/win/2004/08/events/event'"}}
