{
    "preview": false,
    "result": {
        "ActivityID": "'{2775b6fa-d36c-0003-41c3-75276cd3dc01}'",
        "Guid": "'{a0c1853b-5c40-4b15-8766-3cf1c58f985a}'",
        "Name": "'Microsoft-Windows-PowerShell'",
        "ProcessID": "'1868'",
        "SystemTime": "'2026-04-23T10:50:14.1336916Z'",
        "ThreadID": "'4820'",
        "UserID": "'S-1-5-21-1419731445-3156843934-2716133192-1001'",
        "_raw": "<Event xmlns='http://schemas.microsoft.com/win/2004/08/events/event'><System><Provider Name='Microsoft-Windows-PowerShell' Guid='{a0c1853b-5c40-4b15-8766-3cf1c58f985a}'/><EventID>4104<\/EventID><Version>1<\/Version><Level>5<\/Level><Task>2<\/Task><Opcode>15<\/Opcode><Keywords>0x0<\/Keywords><TimeCreated SystemTime='2026-04-23T10:50:14.1336916Z'/><EventRecordID>565<\/EventRecordID><Correlation ActivityID='{2775b6fa-d36c-0003-41c3-75276cd3dc01}'/><Execution ProcessID='1868' ThreadID='4820'/><Channel>Microsoft-Windows-PowerShell/Operational<\/Channel><Computer>DESKTOP-AK0R2QL<\/Computer><Security UserID='S-1-5-21-1419731445-3156843934-2716133192-1001'/><\/System><EventData><Data Name='MessageNumber'>1<\/Data><Data Name='MessageTotal'>1<\/Data><Data Name='ScriptBlockText'>prompt<\/Data><Data Name='ScriptBlockId'>b2dc1510-2ec5-4b6a-a913-b6ffd7068004<\/Data><Data Name='Path'><\/Data><\/EventData><\/Event>",
        "_time": "2026-04-23T18:50:14.133+0800",
        "host": "DESKTOP-AK0R2QL",
        "index": "soc_tickets_1",
        "linecount": "1",
        "punct": "<_='://../////'><><_='--'_='{----}'/><><\/><><\/><><",
        "source": "XmlWinEventLog:Microsoft-Windows-PowerShell/Operational",
        "sourcetype": "XmlWinEventLog:Microsoft-Windows-PowerShell/Operational",
        "splunk_server": "MLATech",
        "xmlns": "'http://schemas.microsoft.com/win/2004/08/events/event'"
    }
}
{
    "preview": false,
    "result": {
        "ActivityID": "'{2775b6fa-d36c-0003-40c3-75276cd3dc01}'",
        "Guid": "'{a0c1853b-5c40-4b15-8766-3cf1c58f985a}'",
        "Name": "'Microsoft-Windows-PowerShell'",
        "ProcessID": "'8308'",
        "SystemTime": "'2026-04-23T10:50:14.1196682Z'",
        "ThreadID": "'6508'",
        "UserID": "'S-1-5-21-1419731445-3156843934-2716133192-1001'",
        "_raw": "<Event xmlns='http://schemas.microsoft.com/win/2004/08/events/event'><System><Provider Name='Microsoft-Windows-PowerShell' Guid='{a0c1853b-5c40-4b15-8766-3cf1c58f985a}'/><EventID>4104<\/EventID><Version>1<\/Version><Level>5<\/Level><Task>2<\/Task><Opcode>15<\/Opcode><Keywords>0x0<\/Keywords><TimeCreated SystemTime='2026-04-23T10:50:14.1196682Z'/><EventRecordID>564<\/EventRecordID><Correlation ActivityID='{2775b6fa-d36c-0003-40c3-75276cd3dc01}'/><Execution ProcessID='8308' ThreadID='6508'/><Channel>Microsoft-Windows-PowerShell/Operational<\/Channel><Computer>DESKTOP-AK0R2QL<\/Computer><Security UserID='S-1-5-21-1419731445-3156843934-2716133192-1001'/><\/System><EventData><Data Name='MessageNumber'>1<\/Data><Data Name='MessageTotal'>1<\/Data><Data Name='ScriptBlockText'>$global:?<\/Data><Data Name='ScriptBlockId'>8922b0ab-b58b-44f5-988b-98196f14279b<\/Data><Data Name='Path'><\/Data><\/EventData><\/Event>",
        "_time": "2026-04-23T18:50:14.119+0800",
        "host": "DESKTOP-AK0R2QL",
        "index": "soc_tickets_1",
        "linecount": "1",
        "punct": "<_='://../////'><><_='--'_='{----}'/><><\/><><\/><><",
        "source": "XmlWinEventLog:Microsoft-Windows-PowerShell/Operational",
        "sourcetype": "XmlWinEventLog:Microsoft-Windows-PowerShell/Operational",
        "splunk_server": "MLATech",
        "xmlns": "'http://schemas.microsoft.com/win/2004/08/events/event'"
    }
}
{
    "preview": false,
    "result": {
        "Computer": "DESKTOP-AK0R2QL",
        "CreationUtcTime": "2026-04-23 10:50:13.973",
        "EventChannel": "Microsoft-Windows-Sysmon/Operational",
        "EventCode": "11",
        "EventDescription": "FileCreate",
        "EventID": "11",
        "Guid": "'{5770385f-c22a-43e0-bf4c-06f5698ffbd9}'",
        "Image": "C:\\Windows\\System32\\WindowsPowerShell\\v1.0\\powershell.exe",
        "Keywords": "0x8000000000000000",
        "Level": "4",
        "Name": "'Microsoft-Windows-Sysmon'",
        "Opcode": "0",
        "ProcessGuid": "{5123a105-f965-69e9-0b03-000000000d00}",
        "ProcessID": "'3292'",
        "ProcessId": "8308",
        "RecordID": "11157",
        "RuleName": "-",
        "SecurityID": "S-1-5-18",
        "SystemTime": "'2026-04-23T10:50:13.9802994Z'",
        "TargetFilename": "C:\\Users\\MLATech\\AppData\\Local\\Temp\\__PSScriptPolicyTest_ypcuk5j1.z1k.ps1",
        "Task": "11",
        "ThreadID": "'4184'",
        "TimeCreated": "2026-04-23T10:50:13.9802994Z",
        "User": "DESKTOP-AK0R2QL\\MLATech",
        "UserID": "'S-1-5-18'",
        "UtcTime": "2026-04-23 10:50:13.973",
        "Version": "2",
        "_raw": "<Event xmlns='http://schemas.microsoft.com/win/2004/08/events/event'><System><Provider Name='Microsoft-Windows-Sysmon' Guid='{5770385f-c22a-43e0-bf4c-06f5698ffbd9}'/><EventID>11<\/EventID><Version>2<\/Version><Level>4<\/Level><Task>11<\/Task><Opcode>0<\/Opcode><Keywords>0x8000000000000000<\/Keywords><TimeCreated SystemTime='2026-04-23T10:50:13.9802994Z'/><EventRecordID>11157<\/EventRecordID><Correlation/><Execution ProcessID='3292' ThreadID='4184'/><Channel>Microsoft-Windows-Sysmon/Operational<\/Channel><Computer>DESKTOP-AK0R2QL<\/Computer><Security UserID='S-1-5-18'/><\/System><EventData><Data Name='RuleName'>-<\/Data><Data Name='UtcTime'>2026-04-23 10:50:13.973<\/Data><Data Name='ProcessGuid'>{5123a105-f965-69e9-0b03-000000000d00}<\/Data><Data Name='ProcessId'>8308<\/Data><Data Name='Image'>C:\\Windows\\System32\\WindowsPowerShell\\v1.0\\powershell.exe<\/Data><Data Name='TargetFilename'>C:\\Users\\MLATech\\AppData\\Local\\Temp\\__PSScriptPolicyTest_ypcuk5j1.z1k.ps1<\/Data><Data Name='CreationUtcTime'>2026-04-23 10:50:13.973<\/Data><Data Name='User'>DESKTOP-AK0R2QL\\MLATech<\/Data><\/EventData><\/Event>",
        "_time": "2026-04-23T18:50:13.980+0800",
        "action": "created",
        "dest": "DESKTOP-AK0R2QL",
        "dvc": "DESKTOP-AK0R2QL",
        "eventtype": "ms-sysmon-filemod",
        "file_create_time": "2026-04-23 10:50:13.973",
        "file_name": "__PSScriptPolicyTest_ypcuk5j1.z1k.ps1",
        "file_path": "C:\\Users\\MLATech\\AppData\\Local\\Temp\\__PSScriptPolicyTest_ypcuk5j1.z1k.ps1",
        "host": "DESKTOP-AK0R2QL",
        "index": "soc_tickets_1",
        "linecount": "1",
        "object_category": "file",
        "process_exec": "powershell.exe",
        "process_guid": "{5123a105-f965-69e9-0b03-000000000d00}",
        "process_id": "8308",
        "process_name": "powershell.exe",
        "process_path": "C:\\Windows\\System32\\WindowsPowerShell\\v1.0\\powershell.exe",
        "punct": "<_='://../////'><><_='--'_='{----}'/><><\/><><\/><><",
        "signature": "FileCreate",
        "signature_id": "11",
        "source": "XmlWinEventLog:Microsoft-Windows-Sysmon/Operational",
        "sourcetype": "xmlwineventlog",
        "splunk_server": "MLATech",
        "tag": [
            "endpoint",
            "filesystem"
        ],
        "tag::eventtype": [
            "endpoint",
            "filesystem"
        ],
        "user": "MLATech",
        "vendor_product": "Microsoft Sysmon",
        "xmlns": "'http://schemas.microsoft.com/win/2004/08/events/event'"
    }
}
{
    "preview": false,
    "result": {
        "CommandLine": "\"C:\\Windows\\System32\\WindowsPowerShell\\v1.0\\powershell.exe\" -NoProfile -ExecutionPolicy Bypass -EncodedCommand VwByAGkAdABlAC0ASABvAHMAdAAgACcARQBzAHQAYQBiAGwAaQBzAGgAaQBuAGcAIABDADIAIABDAG8AbgBuAGUAYwB0AGkAbwBuACAAdABvACAAMQA5ADgALgA1ADEALgAxADAAMAAuADUANQAuAC4ALgAnAA==",
        "Company": "Microsoft Corporation",
        "Computer": "DESKTOP-AK0R2QL",
        "CurrentDirectory": "C:\\Windows\\system32\\",
        "Description": "Windows PowerShell",
        "EventChannel": "Microsoft-Windows-Sysmon/Operational",
        "EventCode": "1",
        "EventDescription": "Process creation",
        "EventID": "1",
        "FileVersion": "10.0.19041.546 (WinBuild.160101.0800)",
        "Guid": "'{5770385f-c22a-43e0-bf4c-06f5698ffbd9}'",
        "Hashes": "MD5=04029E121A0CFA5991749937DD22A1D9,SHA256=9F914D42706FE215501044ACD85A32D58AAEF1419D404FDDFA5D3B48F66CCD9F,IMPHASH=7C955A0ABC747F57CCC4324480737EF7",
        "IMPHASH": "7C955A0ABC747F57CCC4324480737EF7",
        "Image": "C:\\Windows\\System32\\WindowsPowerShell\\v1.0\\powershell.exe",
        "IntegrityLevel": "High",
        "Keywords": "0x8000000000000000",
        "Level": "4",
        "LogonGuid": "{5123a105-ed11-69e9-c0ed-050000000000}",
        "LogonId": "0x5edc0",
        "MD5": "04029E121A0CFA5991749937DD22A1D9",
        "Name": "'Microsoft-Windows-Sysmon'",
        "Opcode": "0",
        "OriginalFileName": "PowerShell.EXE",
        "ParentCommandLine": "\"C:\\Windows\\System32\\WindowsPowerShell\\v1.0\\powershell.exe\"",
        "ParentImage": "C:\\Windows\\System32\\WindowsPowerShell\\v1.0\\powershell.exe",
        "ParentProcessGuid": "{5123a105-ed20-69e9-ec00-000000000d00}",
        "ParentProcessId": "1868",
        "ParentUser": "DESKTOP-AK0R2QL\\MLATech",
        "ProcessGuid": "{5123a105-f965-69e9-0b03-000000000d00}",
        "ProcessID": "'3292'",
        "ProcessId": "8308",
        "Product": "Microsoft® Windows® Operating System",
        "RecordID": "11156",
        "RuleName": "-",
        "SHA256": "9F914D42706FE215501044ACD85A32D58AAEF1419D404FDDFA5D3B48F66CCD9F",
        "SecurityID": "S-1-5-18",
        "SystemTime": "'2026-04-23T10:50:13.8921100Z'",
        "Task": "1",
        "TerminalSessionId": "1",
        "ThreadID": "'4184'",
        "TimeCreated": "2026-04-23T10:50:13.8921100Z",
        "User": "DESKTOP-AK0R2QL\\MLATech",
        "UserID": "'S-1-5-18'",
        "UtcTime": "2026-04-23 10:50:13.890",
        "Version": "5",
        "_raw": "<Event xmlns='http://schemas.microsoft.com/win/2004/08/events/event'><System><Provider Name='Microsoft-Windows-Sysmon' Guid='{5770385f-c22a-43e0-bf4c-06f5698ffbd9}'/><EventID>1<\/EventID><Version>5<\/Version><Level>4<\/Level><Task>1<\/Task><Opcode>0<\/Opcode><Keywords>0x8000000000000000<\/Keywords><TimeCreated SystemTime='2026-04-23T10:50:13.8921100Z'/><EventRecordID>11156<\/EventRecordID><Correlation/><Execution ProcessID='3292' ThreadID='4184'/><Channel>Microsoft-Windows-Sysmon/Operational<\/Channel><Computer>DESKTOP-AK0R2QL<\/Computer><Security UserID='S-1-5-18'/><\/System><EventData><Data Name='RuleName'>-<\/Data><Data Name='UtcTime'>2026-04-23 10:50:13.890<\/Data><Data Name='ProcessGuid'>{5123a105-f965-69e9-0b03-000000000d00}<\/Data><Data Name='ProcessId'>8308<\/Data><Data Name='Image'>C:\\Windows\\System32\\WindowsPowerShell\\v1.0\\powershell.exe<\/Data><Data Name='FileVersion'>10.0.19041.546 (WinBuild.160101.0800)<\/Data><Data Name='Description'>Windows PowerShell<\/Data><Data Name='Product'>Microsoft® Windows® Operating System<\/Data><Data Name='Company'>Microsoft Corporation<\/Data><Data Name='OriginalFileName'>PowerShell.EXE<\/Data><Data Name='CommandLine'>\"C:\\Windows\\System32\\WindowsPowerShell\\v1.0\\powershell.exe\" -NoProfile -ExecutionPolicy Bypass -EncodedCommand VwByAGkAdABlAC0ASABvAHMAdAAgACcARQBzAHQAYQBiAGwAaQBzAGgAaQBuAGcAIABDADIAIABDAG8AbgBuAGUAYwB0AGkAbwBuACAAdABvACAAMQA5ADgALgA1ADEALgAxADAAMAAuADUANQAuAC4ALgAnAA==<\/Data><Data Name='CurrentDirectory'>C:\\Windows\\system32\\<\/Data><Data Name='User'>DESKTOP-AK0R2QL\\MLATech<\/Data><Data Name='LogonGuid'>{5123a105-ed11-69e9-c0ed-050000000000}<\/Data><Data Name='LogonId'>0x5edc0<\/Data><Data Name='TerminalSessionId'>1<\/Data><Data Name='IntegrityLevel'>High<\/Data><Data Name='Hashes'>MD5=04029E121A0CFA5991749937DD22A1D9,SHA256=9F914D42706FE215501044ACD85A32D58AAEF1419D404FDDFA5D3B48F66CCD9F,IMPHASH=7C955A0ABC747F57CCC4324480737EF7<\/Data><Data Name='ParentProcessGuid'>{5123a105-ed20-69e9-ec00-000000000d00}<\/Data><Data Name='ParentProcessId'>1868<\/Data><Data Name='ParentImage'>C:\\Windows\\System32\\WindowsPowerShell\\v1.0\\powershell.exe<\/Data><Data Name='ParentCommandLine'>\"C:\\Windows\\System32\\WindowsPowerShell\\v1.0\\powershell.exe\" <\/Data><Data Name='ParentUser'>DESKTOP-AK0R2QL\\MLATech<\/Data><\/EventData><\/Event>",
        "_time": "2026-04-23T18:50:13.892+0800",
        "action": "allowed",
        "dest": "DESKTOP-AK0R2QL",
        "dvc": "DESKTOP-AK0R2QL",
        "eventtype": "ms-sysmon-process",
        "host": "DESKTOP-AK0R2QL",
        "index": "soc_tickets_1",
        "linecount": "1",
        "original_file_name": "PowerShell.EXE",
        "os": "Microsoft Windows",
        "parent_process": "\"C:\\Windows\\System32\\WindowsPowerShell\\v1.0\\powershell.exe\"",
        "parent_process_exec": "powershell.exe",
        "parent_process_guid": "{5123a105-ed20-69e9-ec00-000000000d00}",
        "parent_process_id": "1868",
        "parent_process_name": "powershell.exe",
        "parent_process_path": "C:\\Windows\\System32\\WindowsPowerShell\\v1.0\\powershell.exe",
        "process": "\"C:\\Windows\\System32\\WindowsPowerShell\\v1.0\\powershell.exe\" -NoProfile -ExecutionPolicy Bypass -EncodedCommand VwByAGkAdABlAC0ASABvAHMAdAAgACcARQBzAHQAYQBiAGwAaQBzAGgAaQBuAGcAIABDADIAIABDAG8AbgBuAGUAYwB0AGkAbwBuACAAdABvACAAMQA5ADgALgA1ADEALgAxADAAMAAuADUANQAuAC4ALgAnAA==",
        "process_current_directory": "C:\\Windows\\system32\\",
        "process_exec": "powershell.exe",
        "process_guid": "{5123a105-f965-69e9-0b03-000000000d00}",
        "process_hash": "MD5=04029E121A0CFA5991749937DD22A1D9,SHA256=9F914D42706FE215501044ACD85A32D58AAEF1419D404FDDFA5D3B48F66CCD9F,IMPHASH=7C955A0ABC747F57CCC4324480737EF7",
        "process_id": "8308",
        "process_integrity_level": "High",
        "process_name": "powershell.exe",
        "process_path": "C:\\Windows\\System32\\WindowsPowerShell\\v1.0\\powershell.exe",
        "punct": "<_='://../////'><><_='--'_='{----}'/><><\/><><\/><><",
        "signature": "Process creation",
        "signature_id": "1",
        "source": "XmlWinEventLog:Microsoft-Windows-Sysmon/Operational",
        "sourcetype": "xmlwineventlog",
        "splunk_server": "MLATech",
        "tag": [
            "process",
            "report"
        ],
        "tag::eventtype": [
            "process",
            "report"
        ],
        "user": "MLATech",
        "vendor_product": "Microsoft Sysmon",
        "xmlns": "'http://schemas.microsoft.com/win/2004/08/events/event'"
    }
}
{
    "preview": false,
    "result": {
        "ActivityID": "'{2775b6fa-d36c-0002-47c8-75276cd3dc01}'",
        "Guid": "'{a0c1853b-5c40-4b15-8766-3cf1c58f985a}'",
        "Name": "'Microsoft-Windows-PowerShell'",
        "ProcessID": "'1868'",
        "SystemTime": "'2026-04-23T10:50:13.8887582Z'",
        "ThreadID": "'4820'",
        "UserID": "'S-1-5-21-1419731445-3156843934-2716133192-1001'",
        "_raw": "<Event xmlns='http://schemas.microsoft.com/win/2004/08/events/event'><System><Provider Name='Microsoft-Windows-PowerShell' Guid='{a0c1853b-5c40-4b15-8766-3cf1c58f985a}'/><EventID>4104<\/EventID><Version>1<\/Version><Level>3<\/Level><Task>2<\/Task><Opcode>15<\/Opcode><Keywords>0x0<\/Keywords><TimeCreated SystemTime='2026-04-23T10:50:13.8887582Z'/><EventRecordID>559<\/EventRecordID><Correlation ActivityID='{2775b6fa-d36c-0002-47c8-75276cd3dc01}'/><Execution ProcessID='1868' ThreadID='4820'/><Channel>Microsoft-Windows-PowerShell/Operational<\/Channel><Computer>DESKTOP-AK0R2QL<\/Computer><Security UserID='S-1-5-21-1419731445-3156843934-2716133192-1001'/><\/System><EventData><Data Name='MessageNumber'>1<\/Data><Data Name='MessageTotal'>1<\/Data><Data Name='ScriptBlockText'>powershell.exe -NoProfile -ExecutionPolicy Bypass -EncodedCommand VwByAGkAdABlAC0ASABvAHMAdAAgACcARQBzAHQAYQBiAGwAaQBzAGgAaQBuAGcAIABDADIAIABDAG8AbgBuAGUAYwB0AGkAbwBuACAAdABvACAAMQA5ADgALgA1ADEALgAxADAAMAAuADUANQAuAC4ALgAnAA== | Out-Null<\/Data><Data Name='ScriptBlockId'>5cfb99df-fc1e-4354-af92-b92f4af071d1<\/Data><Data Name='Path'><\/Data><\/EventData><\/Event>",
        "_time": "2026-04-23T18:50:13.888+0800",
        "host": "DESKTOP-AK0R2QL",
        "index": "soc_tickets_1",
        "linecount": "1",
        "punct": "<_='://../////'><><_='--'_='{----}'/><><\/><><\/><><",
        "source": "XmlWinEventLog:Microsoft-Windows-PowerShell/Operational",
        "sourcetype": "XmlWinEventLog:Microsoft-Windows-PowerShell/Operational",
        "splunk_server": "MLATech",
        "xmlns": "'http://schemas.microsoft.com/win/2004/08/events/event'"
    }
}
{
    "preview": false,
    "result": {
        "CommandLine": "\"C:\\Program Files (x86)\\Microsoft\\Edge\\Application\\msedge.exe\" --type=utility --utility-sub-type=entity_extraction_service.mojom.Extractor --lang=en-US --service-sandbox-type=entity_extraction --onnx-enabled-for-ee --skip-read-main-dll --metrics-shmem-handle=5912,i,11485105342229821447,11741548490765256587,524288 --field-trial-handle=1944,i,4966236764100518423,1812181822046283456,262144 --variations-seed-version --pseudonymization-salt-handle=1948,i,15830319053511735252,10510084346273041071,4 --trace-process-track-uuid=3190709010674959568 --mojo-platform-channel-handle=5972 /prefetch:8",
        "Company": "Microsoft Corporation",
        "Computer": "DESKTOP-AK0R2QL",
        "CurrentDirectory": "C:\\Program Files (x86)\\Microsoft\\Edge\\Application\\147.0.3912.72\\",
        "Description": "Microsoft Edge",
        "EventChannel": "Microsoft-Windows-Sysmon/Operational",
        "EventCode": "1",
        "EventDescription": "Process creation",
        "EventID": "1",
        "FileVersion": "147.0.3912.72",
        "Guid": "'{5770385f-c22a-43e0-bf4c-06f5698ffbd9}'",
        "Hashes": "MD5=F56583DFE7D712501DB49C77A6410E9A,SHA256=F75F38D391D65EE05CCA4B4479DF725B79A06438BD86D3D814E49A4B4FAE8ED5,IMPHASH=C36AEB5C08484C3351540A1B9E3C7163",
        "IMPHASH": "C36AEB5C08484C3351540A1B9E3C7163",
        "Image": "C:\\Program Files (x86)\\Microsoft\\Edge\\Application\\msedge.exe",
        "IntegrityLevel": "Low",
        "Keywords": "0x8000000000000000",
        "Level": "4",
        "LogonGuid": "{5123a105-ed11-69e9-f5ed-050000000000}",
        "LogonId": "0x5edf5",
        "MD5": "F56583DFE7D712501DB49C77A6410E9A",
        "Name": "'Microsoft-Windows-Sysmon'",
        "Opcode": "0",
        "OriginalFileName": "msedge.exe",
        "ParentCommandLine": "\"C:\\Program Files (x86)\\Microsoft\\Edge\\Application\\msedge.exe\" --no-startup-window",
        "ParentImage": "C:\\Program Files (x86)\\Microsoft\\Edge\\Application\\msedge.exe",
        "ParentProcessGuid": "{5123a105-f6fd-69e9-aa02-000000000d00}",
        "ParentProcessId": "5988",
        "ParentUser": "DESKTOP-AK0R2QL\\MLATech",
        "ProcessGuid": "{5123a105-f963-69e9-0a03-000000000d00}",
        "ProcessID": "'3292'",
        "ProcessId": "7056",
        "Product": "Microsoft Edge",
        "RecordID": "11154",
        "RuleName": "-",
        "SHA256": "F75F38D391D65EE05CCA4B4479DF725B79A06438BD86D3D814E49A4B4FAE8ED5",
        "SecurityID": "S-1-5-18",
        "SystemTime": "'2026-04-23T10:50:11.1808531Z'",
        "Task": "1",
        "TerminalSessionId": "1",
        "ThreadID": "'4184'",
        "TimeCreated": "2026-04-23T10:50:11.1808531Z",
        "User": "DESKTOP-AK0R2QL\\MLATech",
        "UserID": "'S-1-5-18'",
        "UtcTime": "2026-04-23 10:50:11.152",
        "Version": "5",
        "_raw": "<Event xmlns='http://schemas.microsoft.com/win/2004/08/events/event'><System><Provider Name='Microsoft-Windows-Sysmon' Guid='{5770385f-c22a-43e0-bf4c-06f5698ffbd9}'/><EventID>1<\/EventID><Version>5<\/Version><Level>4<\/Level><Task>1<\/Task><Opcode>0<\/Opcode><Keywords>0x8000000000000000<\/Keywords><TimeCreated SystemTime='2026-04-23T10:50:11.1808531Z'/><EventRecordID>11154<\/EventRecordID><Correlation/><Execution ProcessID='3292' ThreadID='4184'/><Channel>Microsoft-Windows-Sysmon/Operational<\/Channel><Computer>DESKTOP-AK0R2QL<\/Computer><Security UserID='S-1-5-18'/><\/System><EventData><Data Name='RuleName'>-<\/Data><Data Name='UtcTime'>2026-04-23 10:50:11.152<\/Data><Data Name='ProcessGuid'>{5123a105-f963-69e9-0a03-000000000d00}<\/Data><Data Name='ProcessId'>7056<\/Data><Data Name='Image'>C:\\Program Files (x86)\\Microsoft\\Edge\\Application\\msedge.exe<\/Data><Data Name='FileVersion'>147.0.3912.72<\/Data><Data Name='Description'>Microsoft Edge<\/Data><Data Name='Product'>Microsoft Edge<\/Data><Data Name='Company'>Microsoft Corporation<\/Data><Data Name='OriginalFileName'>msedge.exe<\/Data><Data Name='CommandLine'>\"C:\\Program Files (x86)\\Microsoft\\Edge\\Application\\msedge.exe\" --type=utility --utility-sub-type=entity_extraction_service.mojom.Extractor --lang=en-US --service-sandbox-type=entity_extraction --onnx-enabled-for-ee --skip-read-main-dll --metrics-shmem-handle=5912,i,11485105342229821447,11741548490765256587,524288 --field-trial-handle=1944,i,4966236764100518423,1812181822046283456,262144 --variations-seed-version --pseudonymization-salt-handle=1948,i,15830319053511735252,10510084346273041071,4 --trace-process-track-uuid=3190709010674959568 --mojo-platform-channel-handle=5972 /prefetch:8<\/Data><Data Name='CurrentDirectory'>C:\\Program Files (x86)\\Microsoft\\Edge\\Application\\147.0.3912.72\\<\/Data><Data Name='User'>DESKTOP-AK0R2QL\\MLATech<\/Data><Data Name='LogonGuid'>{5123a105-ed11-69e9-f5ed-050000000000}<\/Data><Data Name='LogonId'>0x5edf5<\/Data><Data Name='TerminalSessionId'>1<\/Data><Data Name='IntegrityLevel'>Low<\/Data><Data Name='Hashes'>MD5=F56583DFE7D712501DB49C77A6410E9A,SHA256=F75F38D391D65EE05CCA4B4479DF725B79A06438BD86D3D814E49A4B4FAE8ED5,IMPHASH=C36AEB5C08484C3351540A1B9E3C7163<\/Data><Data Name='ParentProcessGuid'>{5123a105-f6fd-69e9-aa02-000000000d00}<\/Data><Data Name='ParentProcessId'>5988<\/Data><Data Name='ParentImage'>C:\\Program Files (x86)\\Microsoft\\Edge\\Application\\msedge.exe<\/Data><Data Name='ParentCommandLine'>\"C:\\Program Files (x86)\\Microsoft\\Edge\\Application\\msedge.exe\" --no-startup-window<\/Data><Data Name='ParentUser'>DESKTOP-AK0R2QL\\MLATech<\/Data><\/EventData><\/Event>",
        "_time": "2026-04-23T18:50:11.180+0800",
        "action": "allowed",
        "dest": "DESKTOP-AK0R2QL",
        "dvc": "DESKTOP-AK0R2QL",
        "eventtype": "ms-sysmon-process",
        "field_trial_handle": "1944",
        "host": "DESKTOP-AK0R2QL",
        "index": "soc_tickets_1",
        "lang": "en-US",
        "linecount": "1",
        "metrics_shmem_handle": "5912",
        "mojo_platform_channel_handle": "5972",
        "original_file_name": "msedge.exe",
        "os": "Microsoft Windows",
        "parent_process": "\"C:\\Program Files (x86)\\Microsoft\\Edge\\Application\\msedge.exe\" --no-startup-window",
        "parent_process_exec": "msedge.exe",
        "parent_process_guid": "{5123a105-f6fd-69e9-aa02-000000000d00}",
        "parent_process_id": "5988",
        "parent_process_name": "msedge.exe",
        "parent_process_path": "C:\\Program Files (x86)\\Microsoft\\Edge\\Application\\msedge.exe",
        "process": "\"C:\\Program Files (x86)\\Microsoft\\Edge\\Application\\msedge.exe\" --type=utility --utility-sub-type=entity_extraction_service.mojom.Extractor --lang=en-US --service-sandbox-type=entity_extraction --onnx-enabled-for-ee --skip-read-main-dll --metrics-shmem-handle=5912,i,11485105342229821447,11741548490765256587,524288 --field-trial-handle=1944,i,4966236764100518423,1812181822046283456,262144 --variations-seed-version --pseudonymization-salt-handle=1948,i,15830319053511735252,10510084346273041071,4 --trace-process-track-uuid=3190709010674959568 --mojo-platform-channel-handle=5972 /prefetch:8",
        "process_current_directory": "C:\\Program Files (x86)\\Microsoft\\Edge\\Application\\147.0.3912.72\\",
        "process_exec": "msedge.exe",
        "process_guid": "{5123a105-f963-69e9-0a03-000000000d00}",
        "process_hash": "MD5=F56583DFE7D712501DB49C77A6410E9A,SHA256=F75F38D391D65EE05CCA4B4479DF725B79A06438BD86D3D814E49A4B4FAE8ED5,IMPHASH=C36AEB5C08484C3351540A1B9E3C7163",
        "process_id": "7056",
        "process_integrity_level": "Low",
        "process_name": "msedge.exe",
        "process_path": "C:\\Program Files (x86)\\Microsoft\\Edge\\Application\\msedge.exe",
        "pseudonymization_salt_handle": "1948",
        "punct": "<_='://../////'><><_='--'_='{----}'/><><\/><><\/><><",
        "service_sandbox_type": "entity_extraction",
        "signature": "Process creation",
        "signature_id": "1",
        "source": "XmlWinEventLog:Microsoft-Windows-Sysmon/Operational",
        "sourcetype": "xmlwineventlog",
        "splunk_server": "MLATech",
        "tag": [
            "process",
            "report"
        ],
        "tag::eventtype": [
            "process",
            "report"
        ],
        "trace_process_track_uuid": "3190709010674959568",
        "type": "utility",
        "user": "MLATech",
        "utility_sub_type": "entity_extraction_service.mojom.Extractor",
        "vendor_product": "Microsoft Sysmon",
        "xmlns": "'http://schemas.microsoft.com/win/2004/08/events/event'"
    }
}
{
    "preview": false,
    "result": {
        "CommandLine": "\"C:\\Program Files (x86)\\Microsoft\\Edge\\Application\\msedge.exe\"",
        "Company": "Microsoft Corporation",
        "Computer": "DESKTOP-AK0R2QL",
        "CurrentDirectory": "C:\\Program Files (x86)\\Microsoft\\Edge\\Application\\",
        "Description": "Microsoft Edge",
        "EventChannel": "Microsoft-Windows-Sysmon/Operational",
        "EventCode": "1",
        "EventDescription": "Process creation",
        "EventID": "1",
        "FileVersion": "147.0.3912.72",
        "Guid": "'{5770385f-c22a-43e0-bf4c-06f5698ffbd9}'",
        "Hashes": "MD5=F56583DFE7D712501DB49C77A6410E9A,SHA256=F75F38D391D65EE05CCA4B4479DF725B79A06438BD86D3D814E49A4B4FAE8ED5,IMPHASH=C36AEB5C08484C3351540A1B9E3C7163",
        "IMPHASH": "C36AEB5C08484C3351540A1B9E3C7163",
        "Image": "C:\\Program Files (x86)\\Microsoft\\Edge\\Application\\msedge.exe",
        "IntegrityLevel": "Medium",
        "Keywords": "0x8000000000000000",
        "Level": "4",
        "LogonGuid": "{5123a105-ed11-69e9-f5ed-050000000000}",
        "LogonId": "0x5edf5",
        "MD5": "F56583DFE7D712501DB49C77A6410E9A",
        "Name": "'Microsoft-Windows-Sysmon'",
        "Opcode": "0",
        "OriginalFileName": "msedge.exe",
        "ParentCommandLine": "C:\\Windows\\Explorer.EXE",
        "ParentImage": "C:\\Windows\\explorer.exe",
        "ParentProcessGuid": "{5123a105-ed12-69e9-c400-000000000d00}",
        "ParentProcessId": "5844",
        "ParentUser": "DESKTOP-AK0R2QL\\MLATech",
        "ProcessGuid": "{5123a105-f962-69e9-0703-000000000d00}",
        "ProcessID": "'3292'",
        "ProcessId": "5216",
        "Product": "Microsoft Edge",
        "RecordID": "11153",
        "RuleName": "-",
        "SHA256": "F75F38D391D65EE05CCA4B4479DF725B79A06438BD86D3D814E49A4B4FAE8ED5",
        "SecurityID": "S-1-5-18",
        "SystemTime": "'2026-04-23T10:50:10.6222318Z'",
        "Task": "1",
        "TerminalSessionId": "1",
        "ThreadID": "'4184'",
        "TimeCreated": "2026-04-23T10:50:10.6222318Z",
        "User": "DESKTOP-AK0R2QL\\MLATech",
        "UserID": "'S-1-5-18'",
        "UtcTime": "2026-04-23 10:50:10.620",
        "Version": "5",
        "_raw": "<Event xmlns='http://schemas.microsoft.com/win/2004/08/events/event'><System><Provider Name='Microsoft-Windows-Sysmon' Guid='{5770385f-c22a-43e0-bf4c-06f5698ffbd9}'/><EventID>1<\/EventID><Version>5<\/Version><Level>4<\/Level><Task>1<\/Task><Opcode>0<\/Opcode><Keywords>0x8000000000000000<\/Keywords><TimeCreated SystemTime='2026-04-23T10:50:10.6222318Z'/><EventRecordID>11153<\/EventRecordID><Correlation/><Execution ProcessID='3292' ThreadID='4184'/><Channel>Microsoft-Windows-Sysmon/Operational<\/Channel><Computer>DESKTOP-AK0R2QL<\/Computer><Security UserID='S-1-5-18'/><\/System><EventData><Data Name='RuleName'>-<\/Data><Data Name='UtcTime'>2026-04-23 10:50:10.620<\/Data><Data Name='ProcessGuid'>{5123a105-f962-69e9-0703-000000000d00}<\/Data><Data Name='ProcessId'>5216<\/Data><Data Name='Image'>C:\\Program Files (x86)\\Microsoft\\Edge\\Application\\msedge.exe<\/Data><Data Name='FileVersion'>147.0.3912.72<\/Data><Data Name='Description'>Microsoft Edge<\/Data><Data Name='Product'>Microsoft Edge<\/Data><Data Name='Company'>Microsoft Corporation<\/Data><Data Name='OriginalFileName'>msedge.exe<\/Data><Data Name='CommandLine'>\"C:\\Program Files (x86)\\Microsoft\\Edge\\Application\\msedge.exe\" <\/Data><Data Name='CurrentDirectory'>C:\\Program Files (x86)\\Microsoft\\Edge\\Application\\<\/Data><Data Name='User'>DESKTOP-AK0R2QL\\MLATech<\/Data><Data Name='LogonGuid'>{5123a105-ed11-69e9-f5ed-050000000000}<\/Data><Data Name='LogonId'>0x5edf5<\/Data><Data Name='TerminalSessionId'>1<\/Data><Data Name='IntegrityLevel'>Medium<\/Data><Data Name='Hashes'>MD5=F56583DFE7D712501DB49C77A6410E9A,SHA256=F75F38D391D65EE05CCA4B4479DF725B79A06438BD86D3D814E49A4B4FAE8ED5,IMPHASH=C36AEB5C08484C3351540A1B9E3C7163<\/Data><Data Name='ParentProcessGuid'>{5123a105-ed12-69e9-c400-000000000d00}<\/Data><Data Name='ParentProcessId'>5844<\/Data><Data Name='ParentImage'>C:\\Windows\\explorer.exe<\/Data><Data Name='ParentCommandLine'>C:\\Windows\\Explorer.EXE<\/Data><Data Name='ParentUser'>DESKTOP-AK0R2QL\\MLATech<\/Data><\/EventData><\/Event>",
        "_time": "2026-04-23T18:50:10.622+0800",
        "action": "allowed",
        "dest": "DESKTOP-AK0R2QL",
        "dvc": "DESKTOP-AK0R2QL",
        "eventtype": "ms-sysmon-process",
        "host": "DESKTOP-AK0R2QL",
        "index": "soc_tickets_1",
        "linecount": "1",
        "original_file_name": "msedge.exe",
        "os": "Microsoft Windows",
        "parent_process": "C:\\Windows\\Explorer.EXE",
        "parent_process_exec": "explorer.exe",
        "parent_process_guid": "{5123a105-ed12-69e9-c400-000000000d00}",
        "parent_process_id": "5844",
        "parent_process_name": "explorer.exe",
        "parent_process_path": "C:\\Windows\\explorer.exe",
        "process": "\"C:\\Program Files (x86)\\Microsoft\\Edge\\Application\\msedge.exe\"",
        "process_current_directory": "C:\\Program Files (x86)\\Microsoft\\Edge\\Application\\",
        "process_exec": "msedge.exe",
        "process_guid": "{5123a105-f962-69e9-0703-000000000d00}",
        "process_hash": "MD5=F56583DFE7D712501DB49C77A6410E9A,SHA256=F75F38D391D65EE05CCA4B4479DF725B79A06438BD86D3D814E49A4B4FAE8ED5,IMPHASH=C36AEB5C08484C3351540A1B9E3C7163",
        "process_id": "5216",
        "process_integrity_level": "Medium",
        "process_name": "msedge.exe",
        "process_path": "C:\\Program Files (x86)\\Microsoft\\Edge\\Application\\msedge.exe",
        "punct": "<_='://../////'><><_='--'_='{----}'/><><\/><><\/><><",
        "signature": "Process creation",
        "signature_id": "1",
        "source": "XmlWinEventLog:Microsoft-Windows-Sysmon/Operational",
        "sourcetype": "xmlwineventlog",
        "splunk_server": "MLATech",
        "tag": [
            "process",
            "report"
        ],
        "tag::eventtype": [
            "process",
            "report"
        ],
        "user": "MLATech",
        "vendor_product": "Microsoft Sysmon",
        "xmlns": "'http://schemas.microsoft.com/win/2004/08/events/event'"
    }
}
{
    "preview": false,
    "result": {
        "CommandLine": "C:\\Windows\\System32\\smartscreen.exe -Embedding",
        "Company": "Microsoft Corporation",
        "Computer": "DESKTOP-AK0R2QL",
        "CurrentDirectory": "C:\\Windows\\system32\\",
        "Description": "Windows Defender SmartScreen",
        "EventChannel": "Microsoft-Windows-Sysmon/Operational",
        "EventCode": "1",
        "EventDescription": "Process creation",
        "EventID": "1",
        "FileVersion": "10.0.19041.1682 (WinBuild.160101.0800)",
        "Guid": "'{5770385f-c22a-43e0-bf4c-06f5698ffbd9}'",
        "Hashes": "MD5=02FB7069B8D8426DC72C9D8A495AF55A,SHA256=320213E0E9CA58BF5DE4B1B69DED1E06DF191D99866FAD26255A4D3FCAD2F124,IMPHASH=6DFBF12753AF176E3C203C407493A5B9",
        "IMPHASH": "6DFBF12753AF176E3C203C407493A5B9",
        "Image": "C:\\Windows\\System32\\smartscreen.exe",
        "IntegrityLevel": "Medium",
        "Keywords": "0x8000000000000000",
        "Level": "4",
        "LogonGuid": "{5123a105-ed11-69e9-f5ed-050000000000}",
        "LogonId": "0x5edf5",
        "MD5": "02FB7069B8D8426DC72C9D8A495AF55A",
        "Name": "'Microsoft-Windows-Sysmon'",
        "Opcode": "0",
        "OriginalFileName": "smartscreen.exe",
        "ParentCommandLine": "-",
        "ParentImage": "-",
        "ParentProcessGuid": "{00000000-0000-0000-0000-000000000000}",
        "ParentProcessId": "840",
        "ParentUser": "-",
        "ProcessGuid": "{5123a105-f962-69e9-0603-000000000d00}",
        "ProcessID": "'3292'",
        "ProcessId": "2604",
        "Product": "Microsoft® Windows® Operating System",
        "RecordID": "11152",
        "RuleName": "-",
        "SHA256": "320213E0E9CA58BF5DE4B1B69DED1E06DF191D99866FAD26255A4D3FCAD2F124",
        "SecurityID": "S-1-5-18",
        "SystemTime": "'2026-04-23T10:50:10.5506780Z'",
        "Task": "1",
        "TerminalSessionId": "1",
        "ThreadID": "'4184'",
        "TimeCreated": "2026-04-23T10:50:10.5506780Z",
        "User": "DESKTOP-AK0R2QL\\MLATech",
        "UserID": "'S-1-5-18'",
        "UtcTime": "2026-04-23 10:50:10.549",
        "Version": "5",
        "_raw": "<Event xmlns='http://schemas.microsoft.com/win/2004/08/events/event'><System><Provider Name='Microsoft-Windows-Sysmon' Guid='{5770385f-c22a-43e0-bf4c-06f5698ffbd9}'/><EventID>1<\/EventID><Version>5<\/Version><Level>4<\/Level><Task>1<\/Task><Opcode>0<\/Opcode><Keywords>0x8000000000000000<\/Keywords><TimeCreated SystemTime='2026-04-23T10:50:10.5506780Z'/><EventRecordID>11152<\/EventRecordID><Correlation/><Execution ProcessID='3292' ThreadID='4184'/><Channel>Microsoft-Windows-Sysmon/Operational<\/Channel><Computer>DESKTOP-AK0R2QL<\/Computer><Security UserID='S-1-5-18'/><\/System><EventData><Data Name='RuleName'>-<\/Data><Data Name='UtcTime'>2026-04-23 10:50:10.549<\/Data><Data Name='ProcessGuid'>{5123a105-f962-69e9-0603-000000000d00}<\/Data><Data Name='ProcessId'>2604<\/Data><Data Name='Image'>C:\\Windows\\System32\\smartscreen.exe<\/Data><Data Name='FileVersion'>10.0.19041.1682 (WinBuild.160101.0800)<\/Data><Data Name='Description'>Windows Defender SmartScreen<\/Data><Data Name='Product'>Microsoft® Windows® Operating System<\/Data><Data Name='Company'>Microsoft Corporation<\/Data><Data Name='OriginalFileName'>smartscreen.exe<\/Data><Data Name='CommandLine'>C:\\Windows\\System32\\smartscreen.exe -Embedding<\/Data><Data Name='CurrentDirectory'>C:\\Windows\\system32\\<\/Data><Data Name='User'>DESKTOP-AK0R2QL\\MLATech<\/Data><Data Name='LogonGuid'>{5123a105-ed11-69e9-f5ed-050000000000}<\/Data><Data Name='LogonId'>0x5edf5<\/Data><Data Name='TerminalSessionId'>1<\/Data><Data Name='IntegrityLevel'>Medium<\/Data><Data Name='Hashes'>MD5=02FB7069B8D8426DC72C9D8A495AF55A,SHA256=320213E0E9CA58BF5DE4B1B69DED1E06DF191D99866FAD26255A4D3FCAD2F124,IMPHASH=6DFBF12753AF176E3C203C407493A5B9<\/Data><Data Name='ParentProcessGuid'>{00000000-0000-0000-0000-000000000000}<\/Data><Data Name='ParentProcessId'>840<\/Data><Data Name='ParentImage'>-<\/Data><Data Name='ParentCommandLine'>-<\/Data><Data Name='ParentUser'>-<\/Data><\/EventData><\/Event>",
        "_time": "2026-04-23T18:50:10.550+0800",
        "action": "allowed",
        "dest": "DESKTOP-AK0R2QL",
        "dvc": "DESKTOP-AK0R2QL",
        "eventtype": "ms-sysmon-process",
        "host": "DESKTOP-AK0R2QL",
        "index": "soc_tickets_1",
        "linecount": "1",
        "original_file_name": "smartscreen.exe",
        "os": "Microsoft Windows",
        "parent_process": "-",
        "parent_process_exec": "-",
        "parent_process_guid": "{00000000-0000-0000-0000-000000000000}",
        "parent_process_id": "840",
        "parent_process_name": "-",
        "parent_process_path": "-",
        "process": "C:\\Windows\\System32\\smartscreen.exe -Embedding",
        "process_current_directory": "C:\\Windows\\system32\\",
        "process_exec": "smartscreen.exe",
        "process_guid": "{5123a105-f962-69e9-0603-000000000d00}",
        "process_hash": "MD5=02FB7069B8D8426DC72C9D8A495AF55A,SHA256=320213E0E9CA58BF5DE4B1B69DED1E06DF191D99866FAD26255A4D3FCAD2F124,IMPHASH=6DFBF12753AF176E3C203C407493A5B9",
        "process_id": "2604",
        "process_integrity_level": "Medium",
        "process_name": "smartscreen.exe",
        "process_path": "C:\\Windows\\System32\\smartscreen.exe",
        "punct": "<_='://../////'><><_='--'_='{----}'/><><\/><><\/><><",
        "signature": "Process creation",
        "signature_id": "1",
        "source": "XmlWinEventLog:Microsoft-Windows-Sysmon/Operational",
        "sourcetype": "xmlwineventlog",
        "splunk_server": "MLATech",
        "tag": [
            "process",
            "report"
        ],
        "tag::eventtype": [
            "process",
            "report"
        ],
        "user": "MLATech",
        "vendor_product": "Microsoft Sysmon",
        "xmlns": "'http://schemas.microsoft.com/win/2004/08/events/event'"
    }
}
{
    "preview": false,
    "lastrow": true,
    "result": {
        "Account_Domain": [
            "WORKGROUP",
            "NT AUTHORITY"
        ],
        "Account_Name": [
            "DESKTOP-AK0R2QL$",
            "SYSTEM"
        ],
        "Authentication_Package": "Negotiate",
        "ComputerName": "DESKTOP-AK0R2QL",
        "Elevated_Token": "Yes",
        "EventCode": "4624",
        "EventType": "0",
        "Impersonation_Level": "Impersonation",
        "Key_Length": "0",
        "Keywords": "Audit Success",
        "Linked_Logon_ID": "0x0",
        "LogName": "Security",
        "Logon_GUID": "{00000000-0000-0000-0000-000000000000}",
        "Logon_ID": [
            "0x3E7",
            "0x3E7"
        ],
        "Logon_Process": "Advapi",
        "Logon_Type": "5",
        "Message": "An account was successfully logged on.\r\n\r\nSubject:\r\n\tSecurity ID:\t\tS-1-5-18\r\n\tAccount Name:\t\tDESKTOP-AK0R2QL$\r\n\tAccount Domain:\t\tWORKGROUP\r\n\tLogon ID:\t\t0x3E7\r\n\r\nLogon Information:\r\n\tLogon Type:\t\t5\r\n\tRestricted Admin Mode:\t-\r\n\tVirtual Account:\t\tNo\r\n\tElevated Token:\t\tYes\r\n\r\nImpersonation Level:\t\tImpersonation\r\n\r\nNew Logon:\r\n\tSecurity ID:\t\tS-1-5-18\r\n\tAccount Name:\t\tSYSTEM\r\n\tAccount Domain:\t\tNT AUTHORITY\r\n\tLogon ID:\t\t0x3E7\r\n\tLinked Logon ID:\t\t0x0\r\n\tNetwork Account Name:\t-\r\n\tNetwork Account Domain:\t-\r\n\tLogon GUID:\t\t{00000000-0000-0000-0000-000000000000}\r\n\r\nProcess Information:\r\n\tProcess ID:\t\t0x2c4\r\n\tProcess Name:\t\tC:\\Windows\\System32\\services.exe\r\n\r\nNetwork Information:\r\n\tWorkstation Name:\t-\r\n\tSource Network Address:\t-\r\n\tSource Port:\t\t-\r\n\r\nDetailed Authentication Information:\r\n\tLogon Process:\t\tAdvapi  \r\n\tAuthentication Package:\tNegotiate\r\n\tTransited Services:\t-\r\n\tPackage Name (NTLM only):\t-\r\n\tKey Length:\t\t0\r\n\r\nThis event is generated when a logon session is created. It is generated on the computer that was accessed.\r\n\r\nThe subject fields indicate the account on the local system which requested the logon. This is most commonly a service such as the Server service, or a local process such as Winlogon.exe or Services.exe.\r\n\r\nThe logon type field indicates the kind of logon that occurred. The most common types are 2 (interactive) and 3 (network).\r\n\r\nThe New Logon fields indicate the account for whom the new logon was created, i.e. the account that was logged on.\r\n\r\nThe network fields indicate where a remote logon request originated. Workstation name is not always available and may be left blank in some cases.\r\n\r\nThe impersonation level field indicates the extent to which a process in the logon session can impersonate.\r\n\r\nThe authentication information fields provide detailed information about this specific logon request.\r\n\t- Logon GUID is a unique identifier that can be used to correlate this event with a KDC event.\r\n\t- Transited services indicate which intermediate services have participated in this logon request.\r\n\t- Package name indicates which sub-protocol was used among the NTLM protocols.\r\n\t- Key length indicates the length of the generated session key. This will be 0 if no session key was requested.",
        "Network_Account_Domain": "-",
        "Network_Account_Name": "-",
        "OpCode": "Info",
        "Package_Name__NTLM_only_": "-",
        "Process_ID": "0x2c4",
        "Process_Name": "C:\\Windows\\System32\\services.exe",
        "RecordNumber": "3753",
        "Restricted_Admin_Mode": "-",
        "Security_ID": [
            "S-1-5-18",
            "S-1-5-18"
        ],
        "SourceName": "Microsoft Windows security auditing.",
        "Source_Network_Address": "-",
        "Source_Port": "-",
        "TaskCategory": "Logon",
        "Transited_Services": "-",
        "Type": "Information",
        "Virtual_Account": "No",
        "Workstation_Name": "-",
        "_raw": "04/23/2026 06:50:09.470 AM\nLogName=Security\nEventCode=4624\nEventType=0\nComputerName=DESKTOP-AK0R2QL\nSourceName=Microsoft Windows security auditing.\nType=Information\nRecordNumber=3753\nKeywords=Audit Success\nTaskCategory=Logon\nOpCode=Info\nMessage=An account was successfully logged on.\r\n\r\nSubject:\r\n\tSecurity ID:\t\tS-1-5-18\r\n\tAccount Name:\t\tDESKTOP-AK0R2QL$\r\n\tAccount Domain:\t\tWORKGROUP\r\n\tLogon ID:\t\t0x3E7\r\n\r\nLogon Information:\r\n\tLogon Type:\t\t5\r\n\tRestricted Admin Mode:\t-\r\n\tVirtual Account:\t\tNo\r\n\tElevated Token:\t\tYes\r\n\r\nImpersonation Level:\t\tImpersonation\r\n\r\nNew Logon:\r\n\tSecurity ID:\t\tS-1-5-18\r\n\tAccount Name:\t\tSYSTEM\r\n\tAccount Domain:\t\tNT AUTHORITY\r\n\tLogon ID:\t\t0x3E7\r\n\tLinked Logon ID:\t\t0x0\r\n\tNetwork Account Name:\t-\r\n\tNetwork Account Domain:\t-\r\n\tLogon GUID:\t\t{00000000-0000-0000-0000-000000000000}\r\n\r\nProcess Information:\r\n\tProcess ID:\t\t0x2c4\r\n\tProcess Name:\t\tC:\\Windows\\System32\\services.exe\r\n\r\nNetwork Information:\r\n\tWorkstation Name:\t-\r\n\tSource Network Address:\t-\r\n\tSource Port:\t\t-\r\n\r\nDetailed Authentication Information:\r\n\tLogon Process:\t\tAdvapi  \r\n\tAuthentication Package:\tNegotiate\r\n\tTransited Services:\t-\r\n\tPackage Name (NTLM only):\t-\r\n\tKey Length:\t\t0\r\n\r\nThis event is generated when a logon session is created. It is generated on the computer that was accessed.\r\n\r\nThe subject fields indicate the account on the local system which requested the logon. This is most commonly a service such as the Server service, or a local process such as Winlogon.exe or Services.exe.\r\n\r\nThe logon type field indicates the kind of logon that occurred. The most common types are 2 (interactive) and 3 (network).\r\n\r\nThe New Logon fields indicate the account for whom the new logon was created, i.e. the account that was logged on.\r\n\r\nThe network fields indicate where a remote logon request originated. Workstation name is not always available and may be left blank in some cases.\r\n\r\nThe impersonation level field indicates the extent to which a process in the logon session can impersonate.\r\n\r\nThe authentication information fields provide detailed information about this specific logon request.\r\n\t- Logon GUID is a unique identifier that can be used to correlate this event with a KDC event.\r\n\t- Transited services indicate which intermediate services have participated in this logon request.\r\n\t- Package name indicates which sub-protocol was used among the NTLM protocols.\r\n\t- Key length indicates the length of the generated session key. This will be 0 if no session key was requested.",
        "_time": "2026-04-23T18:50:09.470+0800",
        "host": "DESKTOP-AK0R2QL",
        "index": "soc_tickets_1",
        "linecount": "70",
        "punct": "//_::._====-=___.===_===_____.\\r\\r:\\rt_:tt---\\rt_:tt-$",
        "source": "WinEventLog:Security",
        "sourcetype": "WinEventLog:Security",
        "splunk_server": "MLATech"
    }
}