{"preview":false,"result":{"CommandLine":"net  use \\\\127.0.0.1\\IPC$ /user:.\\Administrator BadPass8!","Company":"Microsoft Corporation","Computer":"DESKTOP-AK0R2QL","CurrentDirectory":"C:\\Users\\MLATech\\Desktop\\","Description":"Net Command","EventChannel":"Microsoft-Windows-Sysmon/Operational","EventCode":"1","EventDescription":"Process creation","EventID":"1","FileVersion":"10.0.19041.1 (WinBuild.160101.0800)","Guid":"'{5770385f-c22a-43e0-bf4c-06f5698ffbd9}'","Hashes":"MD5=0BD94A338EEA5A4E1F2830AE326E6D19,SHA256=9F376759BCBCD705F726460FC4A7E2B07F310F52BAA73CAAAAA124FDDBDF993E,IMPHASH=57F0C47AE2A1A2C06C8B987372AB0B07","IMPHASH":"57F0C47AE2A1A2C06C8B987372AB0B07","Image":"C:\\Windows\\System32\\net.exe","IntegrityLevel":"Medium","Keywords":"0x8000000000000000","Level":"4","LogonGuid":"{5123a105-07dd-69e8-29d4-090000000000}","LogonId":"0x9d429","MD5":"0BD94A338EEA5A4E1F2830AE326E6D19","Name":"'Microsoft-Windows-Sysmon'","Opcode":"0","OriginalFileName":"net.exe","ParentCommandLine":"\"C:\\Windows\\system32\\cmd.exe\" /c \"net use \\\\127.0.0.1\\IPC$ /user:.\\Administrator BadPass8! &gt;nul 2&gt;&amp;1\"","ParentImage":"C:\\Windows\\System32\\cmd.exe","ParentProcessGuid":"{5123a105-0822-69e8-4101-000000000a00}","ParentProcessId":"7300","ParentUser":"DESKTOP-AK0R2QL\\MLATech","ProcessGuid":"{5123a105-0822-69e8-4201-000000000a00}","ProcessID":"'3120'","ProcessId":"7480","Product":"Microsoft® Windows® Operating System","RecordID":"9168","RuleName":"-","SHA256":"9F376759BCBCD705F726460FC4A7E2B07F310F52BAA73CAAAAA124FDDBDF993E","SecurityID":"S-1-5-18","SystemTime":"'2026-04-21T23:28:34.5680313Z'","Task":"1","TerminalSessionId":"1","ThreadID":"'4792'","TimeCreated":"2026-04-21T23:28:34.5680313Z","User":"DESKTOP-AK0R2QL\\MLATech","UserID":"'S-1-5-18'","UtcTime":"2026-04-21 23:28:34.566","Version":"5","_raw":"<Event xmlns='http://schemas.microsoft.com/win/2004/08/events/event'><System><Provider Name='Microsoft-Windows-Sysmon' Guid='{5770385f-c22a-43e0-bf4c-06f5698ffbd9}'/><EventID>1<\/EventID><Version>5<\/Version><Level>4<\/Level><Task>1<\/Task><Opcode>0<\/Opcode><Keywords>0x8000000000000000<\/Keywords><TimeCreated SystemTime='2026-04-21T23:28:34.5680313Z'/><EventRecordID>9168<\/EventRecordID><Correlation/><Execution ProcessID='3120' ThreadID='4792'/><Channel>Microsoft-Windows-Sysmon/Operational<\/Channel><Computer>DESKTOP-AK0R2QL<\/Computer><Security UserID='S-1-5-18'/><\/System><EventData><Data Name='RuleName'>-<\/Data><Data Name='UtcTime'>2026-04-21 23:28:34.566<\/Data><Data Name='ProcessGuid'>{5123a105-0822-69e8-4201-000000000a00}<\/Data><Data Name='ProcessId'>7480<\/Data><Data Name='Image'>C:\\Windows\\System32\\net.exe<\/Data><Data Name='FileVersion'>10.0.19041.1 (WinBuild.160101.0800)<\/Data><Data Name='Description'>Net Command<\/Data><Data Name='Product'>Microsoft® Windows® Operating System<\/Data><Data Name='Company'>Microsoft Corporation<\/Data><Data Name='OriginalFileName'>net.exe<\/Data><Data Name='CommandLine'>net  use \\\\127.0.0.1\\IPC$ /user:.\\Administrator BadPass8! <\/Data><Data Name='CurrentDirectory'>C:\\Users\\MLATech\\Desktop\\<\/Data><Data Name='User'>DESKTOP-AK0R2QL\\MLATech<\/Data><Data Name='LogonGuid'>{5123a105-07dd-69e8-29d4-090000000000}<\/Data><Data Name='LogonId'>0x9d429<\/Data><Data Name='TerminalSessionId'>1<\/Data><Data Name='IntegrityLevel'>Medium<\/Data><Data Name='Hashes'>MD5=0BD94A338EEA5A4E1F2830AE326E6D19,SHA256=9F376759BCBCD705F726460FC4A7E2B07F310F52BAA73CAAAAA124FDDBDF993E,IMPHASH=57F0C47AE2A1A2C06C8B987372AB0B07<\/Data><Data Name='ParentProcessGuid'>{5123a105-0822-69e8-4101-000000000a00}<\/Data><Data Name='ParentProcessId'>7300<\/Data><Data Name='ParentImage'>C:\\Windows\\System32\\cmd.exe<\/Data><Data Name='ParentCommandLine'>\"C:\\Windows\\system32\\cmd.exe\" /c \"net use \\\\127.0.0.1\\IPC$ /user:.\\Administrator BadPass8! &gt;nul 2&gt;&amp;1\"<\/Data><Data Name='ParentUser'>DESKTOP-AK0R2QL\\MLATech<\/Data><\/EventData><\/Event>","_time":"2026-04-22T07:28:34.568+0800","action":"allowed","dest":"DESKTOP-AK0R2QL","dvc":"DESKTOP-AK0R2QL","eventtype":"ms-sysmon-process","host":"DESKTOP-AK0R2QL","index":"soc_tickets_1","linecount":"1","original_file_name":"net.exe","os":"Microsoft Windows","parent_process":"\"C:\\Windows\\system32\\cmd.exe\" /c \"net use \\\\127.0.0.1\\IPC$ /user:.\\Administrator BadPass8! &gt;nul 2&gt;&amp;1\"","parent_process_exec":"cmd.exe","parent_process_guid":"{5123a105-0822-69e8-4101-000000000a00}","parent_process_id":"7300","parent_process_name":"cmd.exe","parent_process_path":"C:\\Windows\\System32\\cmd.exe","process":"net  use \\\\127.0.0.1\\IPC$ /user:.\\Administrator BadPass8!","process_current_directory":"C:\\Users\\MLATech\\Desktop\\","process_exec":"net.exe","process_guid":"{5123a105-0822-69e8-4201-000000000a00}","process_hash":"MD5=0BD94A338EEA5A4E1F2830AE326E6D19,SHA256=9F376759BCBCD705F726460FC4A7E2B07F310F52BAA73CAAAAA124FDDBDF993E,IMPHASH=57F0C47AE2A1A2C06C8B987372AB0B07","process_id":"7480","process_integrity_level":"Medium","process_name":"net.exe","process_path":"C:\\Windows\\System32\\net.exe","punct":"<_='://../////'><><_='--'_='{----}'/><><\/><><\/><><","signature":"Process creation","signature_id":"1","source":"XmlWinEventLog:Microsoft-Windows-Sysmon/Operational","sourcetype":"xmlwineventlog","splunk_server":"MLATech","tag":["process","report"],"tag::eventtype":["process","report"],"user":"MLATech","vendor_product":"Microsoft Sysmon","xmlns":"'http://schemas.microsoft.com/win/2004/08/events/event'"}}
{"preview":false,"result":{"CommandLine":"\"C:\\Windows\\system32\\cmd.exe\" /c \"net use \\\\127.0.0.1\\IPC$ /user:.\\Administrator BadPass8! &gt;nul 2&gt;&amp;1\"","Company":"Microsoft Corporation","Computer":"DESKTOP-AK0R2QL","CurrentDirectory":"C:\\Users\\MLATech\\Desktop\\","Description":"Windows Command Processor","EventChannel":"Microsoft-Windows-Sysmon/Operational","EventCode":"1","EventDescription":"Process creation","EventID":"1","FileVersion":"10.0.19041.746 (WinBuild.160101.0800)","Guid":"'{5770385f-c22a-43e0-bf4c-06f5698ffbd9}'","Hashes":"MD5=8A2122E8162DBEF04694B9C3E0B6CDEE,SHA256=B99D61D874728EDC0918CA0EB10EAB93D381E7367E377406E65963366C874450,IMPHASH=272245E2988E1E430500B852C4FB5E18","IMPHASH":"272245E2988E1E430500B852C4FB5E18","Image":"C:\\Windows\\System32\\cmd.exe","IntegrityLevel":"Medium","Keywords":"0x8000000000000000","Level":"4","LogonGuid":"{5123a105-07dd-69e8-29d4-090000000000}","LogonId":"0x9d429","MD5":"8A2122E8162DBEF04694B9C3E0B6CDEE","Name":"'Microsoft-Windows-Sysmon'","Opcode":"0","OriginalFileName":"Cmd.Exe","ParentCommandLine":"\"C:\\Windows\\System32\\WindowsPowerShell\\v1.0\\powershell.exe\" \"-Command\" \"if((Get-ExecutionPolicy ) -ne 'AllSigned') { Set-ExecutionPolicy -Scope Process Bypass }; &amp; 'C:\\Users\\MLATech\\Desktop\\ticket2_bruteforce.ps1'\"","ParentImage":"C:\\Windows\\System32\\WindowsPowerShell\\v1.0\\powershell.exe","ParentProcessGuid":"{5123a105-080d-69e8-1f01-000000000a00}","ParentProcessId":"1888","ParentUser":"DESKTOP-AK0R2QL\\MLATech","ProcessGuid":"{5123a105-0822-69e8-4101-000000000a00}","ProcessID":"'3120'","ProcessId":"7300","Product":"Microsoft® Windows® Operating System","RecordID":"9167","RuleName":"-","SHA256":"B99D61D874728EDC0918CA0EB10EAB93D381E7367E377406E65963366C874450","SecurityID":"S-1-5-18","SystemTime":"'2026-04-21T23:28:34.5557257Z'","Task":"1","TerminalSessionId":"1","ThreadID":"'4792'","TimeCreated":"2026-04-21T23:28:34.5557257Z","User":"DESKTOP-AK0R2QL\\MLATech","UserID":"'S-1-5-18'","UtcTime":"2026-04-21 23:28:34.551","Version":"5","_raw":"<Event xmlns='http://schemas.microsoft.com/win/2004/08/events/event'><System><Provider Name='Microsoft-Windows-Sysmon' Guid='{5770385f-c22a-43e0-bf4c-06f5698ffbd9}'/><EventID>1<\/EventID><Version>5<\/Version><Level>4<\/Level><Task>1<\/Task><Opcode>0<\/Opcode><Keywords>0x8000000000000000<\/Keywords><TimeCreated SystemTime='2026-04-21T23:28:34.5557257Z'/><EventRecordID>9167<\/EventRecordID><Correlation/><Execution ProcessID='3120' ThreadID='4792'/><Channel>Microsoft-Windows-Sysmon/Operational<\/Channel><Computer>DESKTOP-AK0R2QL<\/Computer><Security UserID='S-1-5-18'/><\/System><EventData><Data Name='RuleName'>-<\/Data><Data Name='UtcTime'>2026-04-21 23:28:34.551<\/Data><Data Name='ProcessGuid'>{5123a105-0822-69e8-4101-000000000a00}<\/Data><Data Name='ProcessId'>7300<\/Data><Data Name='Image'>C:\\Windows\\System32\\cmd.exe<\/Data><Data Name='FileVersion'>10.0.19041.746 (WinBuild.160101.0800)<\/Data><Data Name='Description'>Windows Command Processor<\/Data><Data Name='Product'>Microsoft® Windows® Operating System<\/Data><Data Name='Company'>Microsoft Corporation<\/Data><Data Name='OriginalFileName'>Cmd.Exe<\/Data><Data Name='CommandLine'>\"C:\\Windows\\system32\\cmd.exe\" /c \"net use \\\\127.0.0.1\\IPC$ /user:.\\Administrator BadPass8! &gt;nul 2&gt;&amp;1\"<\/Data><Data Name='CurrentDirectory'>C:\\Users\\MLATech\\Desktop\\<\/Data><Data Name='User'>DESKTOP-AK0R2QL\\MLATech<\/Data><Data Name='LogonGuid'>{5123a105-07dd-69e8-29d4-090000000000}<\/Data><Data Name='LogonId'>0x9d429<\/Data><Data Name='TerminalSessionId'>1<\/Data><Data Name='IntegrityLevel'>Medium<\/Data><Data Name='Hashes'>MD5=8A2122E8162DBEF04694B9C3E0B6CDEE,SHA256=B99D61D874728EDC0918CA0EB10EAB93D381E7367E377406E65963366C874450,IMPHASH=272245E2988E1E430500B852C4FB5E18<\/Data><Data Name='ParentProcessGuid'>{5123a105-080d-69e8-1f01-000000000a00}<\/Data><Data Name='ParentProcessId'>1888<\/Data><Data Name='ParentImage'>C:\\Windows\\System32\\WindowsPowerShell\\v1.0\\powershell.exe<\/Data><Data Name='ParentCommandLine'>\"C:\\Windows\\System32\\WindowsPowerShell\\v1.0\\powershell.exe\" \"-Command\" \"if((Get-ExecutionPolicy ) -ne 'AllSigned') { Set-ExecutionPolicy -Scope Process Bypass }; &amp; 'C:\\Users\\MLATech\\Desktop\\ticket2_bruteforce.ps1'\"<\/Data><Data Name='ParentUser'>DESKTOP-AK0R2QL\\MLATech<\/Data><\/EventData><\/Event>","_time":"2026-04-22T07:28:34.555+0800","action":"allowed","dest":"DESKTOP-AK0R2QL","dvc":"DESKTOP-AK0R2QL","eventtype":"ms-sysmon-process","host":"DESKTOP-AK0R2QL","index":"soc_tickets_1","linecount":"1","original_file_name":"Cmd.Exe","os":"Microsoft Windows","parent_process":"\"C:\\Windows\\System32\\WindowsPowerShell\\v1.0\\powershell.exe\" \"-Command\" \"if((Get-ExecutionPolicy ) -ne 'AllSigned') { Set-ExecutionPolicy -Scope Process Bypass }; &amp; 'C:\\Users\\MLATech\\Desktop\\ticket2_bruteforce.ps1'\"","parent_process_exec":"powershell.exe","parent_process_guid":"{5123a105-080d-69e8-1f01-000000000a00}","parent_process_id":"1888","parent_process_name":"powershell.exe","parent_process_path":"C:\\Windows\\System32\\WindowsPowerShell\\v1.0\\powershell.exe","process":"\"C:\\Windows\\system32\\cmd.exe\" /c \"net use \\\\127.0.0.1\\IPC$ /user:.\\Administrator BadPass8! &gt;nul 2&gt;&amp;1\"","process_current_directory":"C:\\Users\\MLATech\\Desktop\\","process_exec":"cmd.exe","process_guid":"{5123a105-0822-69e8-4101-000000000a00}","process_hash":"MD5=8A2122E8162DBEF04694B9C3E0B6CDEE,SHA256=B99D61D874728EDC0918CA0EB10EAB93D381E7367E377406E65963366C874450,IMPHASH=272245E2988E1E430500B852C4FB5E18","process_id":"7300","process_integrity_level":"Medium","process_name":"cmd.exe","process_path":"C:\\Windows\\System32\\cmd.exe","punct":"<_='://../////'><><_='--'_='{----}'/><><\/><><\/><><","signature":"Process creation","signature_id":"1","source":"XmlWinEventLog:Microsoft-Windows-Sysmon/Operational","sourcetype":"xmlwineventlog","splunk_server":"MLATech","tag":["process","report"],"tag::eventtype":["process","report"],"user":"MLATech","vendor_product":"Microsoft Sysmon","xmlns":"'http://schemas.microsoft.com/win/2004/08/events/event'"}}
{"preview":false,"result":{"CommandLine":"\"C:\\Program Files\\SplunkUniversalForwarder\\bin\\splunk-regmon.exe\"","Company":"Splunk Inc.","Computer":"DESKTOP-AK0R2QL","CurrentDirectory":"C:\\Windows\\system32\\","Description":"Registry monitor","EventChannel":"Microsoft-Windows-Sysmon/Operational","EventCode":"1","EventDescription":"Process creation","EventID":"1","FileVersion":"10.2.2","Guid":"'{5770385f-c22a-43e0-bf4c-06f5698ffbd9}'","Hashes":"MD5=C7670596CAE0A786564B81A7FF8522DF,SHA256=DC94D5EAAB7AD36A06975186774D99B29459E2AF33C9189989B9C71D39DB29C9,IMPHASH=39C7A6DA3F9AE88FCBB37E545EA7AC3A","IMPHASH":"39C7A6DA3F9AE88FCBB37E545EA7AC3A","Image":"C:\\Program Files\\SplunkUniversalForwarder\\bin\\splunk-regmon.exe","IntegrityLevel":"System","Keywords":"0x8000000000000000","Level":"4","LogonGuid":"{5123a105-afdd-69e8-e703-000000000000}","LogonId":"0x3e7","MD5":"C7670596CAE0A786564B81A7FF8522DF","Name":"'Microsoft-Windows-Sysmon'","Opcode":"0","OriginalFileName":"splunk-regmon.exe","ParentCommandLine":"\"C:\\Program Files\\SplunkUniversalForwarder\\bin\\splunkd.exe\" service","ParentImage":"C:\\Program Files\\SplunkUniversalForwarder\\bin\\splunkd.exe","ParentProcessGuid":"{5123a105-0721-69e8-4500-000000000a00}","ParentProcessId":"3100","ParentUser":"NT AUTHORITY\\SYSTEM","ProcessGuid":"{5123a105-0820-69e8-4001-000000000a00}","ProcessID":"'3120'","ProcessId":"4352","Product":"splunk Application","RecordID":"9166","RuleName":"-","SHA256":"DC94D5EAAB7AD36A06975186774D99B29459E2AF33C9189989B9C71D39DB29C9","SecurityID":"S-1-5-18","SystemTime":"'2026-04-21T23:28:32.4577871Z'","Task":"1","TerminalSessionId":"0","ThreadID":"'4792'","TimeCreated":"2026-04-21T23:28:32.4577871Z","User":"NT AUTHORITY\\SYSTEM","UserID":"'S-1-5-18'","UtcTime":"2026-04-21 23:28:32.456","Version":"5","_raw":"<Event xmlns='http://schemas.microsoft.com/win/2004/08/events/event'><System><Provider Name='Microsoft-Windows-Sysmon' Guid='{5770385f-c22a-43e0-bf4c-06f5698ffbd9}'/><EventID>1<\/EventID><Version>5<\/Version><Level>4<\/Level><Task>1<\/Task><Opcode>0<\/Opcode><Keywords>0x8000000000000000<\/Keywords><TimeCreated SystemTime='2026-04-21T23:28:32.4577871Z'/><EventRecordID>9166<\/EventRecordID><Correlation/><Execution ProcessID='3120' ThreadID='4792'/><Channel>Microsoft-Windows-Sysmon/Operational<\/Channel><Computer>DESKTOP-AK0R2QL<\/Computer><Security UserID='S-1-5-18'/><\/System><EventData><Data Name='RuleName'>-<\/Data><Data Name='UtcTime'>2026-04-21 23:28:32.456<\/Data><Data Name='ProcessGuid'>{5123a105-0820-69e8-4001-000000000a00}<\/Data><Data Name='ProcessId'>4352<\/Data><Data Name='Image'>C:\\Program Files\\SplunkUniversalForwarder\\bin\\splunk-regmon.exe<\/Data><Data Name='FileVersion'>10.2.2<\/Data><Data Name='Description'>Registry monitor<\/Data><Data Name='Product'>splunk Application<\/Data><Data Name='Company'>Splunk Inc.<\/Data><Data Name='OriginalFileName'>splunk-regmon.exe<\/Data><Data Name='CommandLine'>\"C:\\Program Files\\SplunkUniversalForwarder\\bin\\splunk-regmon.exe\"<\/Data><Data Name='CurrentDirectory'>C:\\Windows\\system32\\<\/Data><Data Name='User'>NT AUTHORITY\\SYSTEM<\/Data><Data Name='LogonGuid'>{5123a105-afdd-69e8-e703-000000000000}<\/Data><Data Name='LogonId'>0x3e7<\/Data><Data Name='TerminalSessionId'>0<\/Data><Data Name='IntegrityLevel'>System<\/Data><Data Name='Hashes'>MD5=C7670596CAE0A786564B81A7FF8522DF,SHA256=DC94D5EAAB7AD36A06975186774D99B29459E2AF33C9189989B9C71D39DB29C9,IMPHASH=39C7A6DA3F9AE88FCBB37E545EA7AC3A<\/Data><Data Name='ParentProcessGuid'>{5123a105-0721-69e8-4500-000000000a00}<\/Data><Data Name='ParentProcessId'>3100<\/Data><Data Name='ParentImage'>C:\\Program Files\\SplunkUniversalForwarder\\bin\\splunkd.exe<\/Data><Data Name='ParentCommandLine'>\"C:\\Program Files\\SplunkUniversalForwarder\\bin\\splunkd.exe\" service<\/Data><Data Name='ParentUser'>NT AUTHORITY\\SYSTEM<\/Data><\/EventData><\/Event>","_time":"2026-04-22T07:28:32.457+0800","action":"allowed","dest":"DESKTOP-AK0R2QL","dvc":"DESKTOP-AK0R2QL","eventtype":"ms-sysmon-process","host":"DESKTOP-AK0R2QL","index":"soc_tickets_1","linecount":"1","original_file_name":"splunk-regmon.exe","os":"Microsoft Windows","parent_process":"\"C:\\Program Files\\SplunkUniversalForwarder\\bin\\splunkd.exe\" service","parent_process_exec":"splunkd.exe","parent_process_guid":"{5123a105-0721-69e8-4500-000000000a00}","parent_process_id":"3100","parent_process_name":"splunkd.exe","parent_process_path":"C:\\Program Files\\SplunkUniversalForwarder\\bin\\splunkd.exe","process":"\"C:\\Program Files\\SplunkUniversalForwarder\\bin\\splunk-regmon.exe\"","process_current_directory":"C:\\Windows\\system32\\","process_exec":"splunk-regmon.exe","process_guid":"{5123a105-0820-69e8-4001-000000000a00}","process_hash":"MD5=C7670596CAE0A786564B81A7FF8522DF,SHA256=DC94D5EAAB7AD36A06975186774D99B29459E2AF33C9189989B9C71D39DB29C9,IMPHASH=39C7A6DA3F9AE88FCBB37E545EA7AC3A","process_id":"4352","process_integrity_level":"System","process_name":"splunk-regmon.exe","process_path":"C:\\Program Files\\SplunkUniversalForwarder\\bin\\splunk-regmon.exe","punct":"<_='://../////'><><_='--'_='{----}'/><><\/><><\/><><","signature":"Process creation","signature_id":"1","source":"XmlWinEventLog:Microsoft-Windows-Sysmon/Operational","sourcetype":"xmlwineventlog","splunk_server":"MLATech","tag":["process","report"],"tag::eventtype":["process","report"],"user":"SYSTEM","vendor_product":"Microsoft Sysmon","xmlns":"'http://schemas.microsoft.com/win/2004/08/events/event'"}}
{"preview":false,"result":{"Account_Domain":["-","."],"Account_Name":["-","Administrator"],"Authentication_Package":"NTLM","Caller_Process_ID":"0x0","Caller_Process_Name":"-","ComputerName":"DESKTOP-AK0R2QL","EventCode":"4625","EventType":"0","Failure_Reason":"Unknown user name or bad password.","Key_Length":"0","Keywords":"Audit Failure","LogName":"Security","Logon_ID":"0x0","Logon_Process":"NtLmSsp","Logon_Type":"3","Message":"An account failed to log on.\r\n\r\nSubject:\r\n\tSecurity ID:\t\tS-1-0-0\r\n\tAccount Name:\t\t-\r\n\tAccount Domain:\t\t-\r\n\tLogon ID:\t\t0x0\r\n\r\nLogon Type:\t\t\t3\r\n\r\nAccount For Which Logon Failed:\r\n\tSecurity ID:\t\tS-1-0-0\r\n\tAccount Name:\t\tAdministrator\r\n\tAccount Domain:\t\t.\r\n\r\nFailure Information:\r\n\tFailure Reason:\t\tUnknown user name or bad password.\r\n\tStatus:\t\t\t0xC000006D\r\n\tSub Status:\t\t0xC000006A\r\n\r\nProcess Information:\r\n\tCaller Process ID:\t0x0\r\n\tCaller Process Name:\t-\r\n\r\nNetwork Information:\r\n\tWorkstation Name:\tDESKTOP-AK0R2QL\r\n\tSource Network Address:\t127.0.0.1\r\n\tSource Port:\t\t49731\r\n\r\nDetailed Authentication Information:\r\n\tLogon Process:\t\tNtLmSsp \r\n\tAuthentication Package:\tNTLM\r\n\tTransited Services:\t-\r\n\tPackage Name (NTLM only):\t-\r\n\tKey Length:\t\t0\r\n\r\nThis event is generated when a logon request fails. It is generated on the computer where access was attempted.\r\n\r\nThe Subject fields indicate the account on the local system which requested the logon. This is most commonly a service such as the Server service, or a local process such as Winlogon.exe or Services.exe.\r\n\r\nThe Logon Type field indicates the kind of logon that was requested. The most common types are 2 (interactive) and 3 (network).\r\n\r\nThe Process Information fields indicate which account and process on the system requested the logon.\r\n\r\nThe Network Information fields indicate where a remote logon request originated. Workstation name is not always available and may be left blank in some cases.\r\n\r\nThe authentication information fields provide detailed information about this specific logon request.\r\n\t- Transited services indicate which intermediate services have participated in this logon request.\r\n\t- Package name indicates which sub-protocol was used among the NTLM protocols.\r\n\t- Key length indicates the length of the generated session key. This will be 0 if no session key was requested.","OpCode":"Info","Package_Name__NTLM_only_":"-","RecordNumber":"3062","Security_ID":["S-1-0-0","S-1-0-0"],"SourceName":"Microsoft Windows security auditing.","Source_Network_Address":"127.0.0.1","Source_Port":"49731","Status":"0xC000006D","Sub_Status":"0xC000006A","TaskCategory":"Logon","Transited_Services":"-","Type":"Information","Workstation_Name":"DESKTOP-AK0R2QL","_raw":"04/21/2026 07:28:32.091 PM\nLogName=Security\nEventCode=4625\nEventType=0\nComputerName=DESKTOP-AK0R2QL\nSourceName=Microsoft Windows security auditing.\nType=Information\nRecordNumber=3062\nKeywords=Audit Failure\nTaskCategory=Logon\nOpCode=Info\nMessage=An account failed to log on.\r\n\r\nSubject:\r\n\tSecurity ID:\t\tS-1-0-0\r\n\tAccount Name:\t\t-\r\n\tAccount Domain:\t\t-\r\n\tLogon ID:\t\t0x0\r\n\r\nLogon Type:\t\t\t3\r\n\r\nAccount For Which Logon Failed:\r\n\tSecurity ID:\t\tS-1-0-0\r\n\tAccount Name:\t\tAdministrator\r\n\tAccount Domain:\t\t.\r\n\r\nFailure Information:\r\n\tFailure Reason:\t\tUnknown user name or bad password.\r\n\tStatus:\t\t\t0xC000006D\r\n\tSub Status:\t\t0xC000006A\r\n\r\nProcess Information:\r\n\tCaller Process ID:\t0x0\r\n\tCaller Process Name:\t-\r\n\r\nNetwork Information:\r\n\tWorkstation Name:\tDESKTOP-AK0R2QL\r\n\tSource Network Address:\t127.0.0.1\r\n\tSource Port:\t\t49731\r\n\r\nDetailed Authentication Information:\r\n\tLogon Process:\t\tNtLmSsp \r\n\tAuthentication Package:\tNTLM\r\n\tTransited Services:\t-\r\n\tPackage Name (NTLM only):\t-\r\n\tKey Length:\t\t0\r\n\r\nThis event is generated when a logon request fails. It is generated on the computer where access was attempted.\r\n\r\nThe Subject fields indicate the account on the local system which requested the logon. This is most commonly a service such as the Server service, or a local process such as Winlogon.exe or Services.exe.\r\n\r\nThe Logon Type field indicates the kind of logon that was requested. The most common types are 2 (interactive) and 3 (network).\r\n\r\nThe Process Information fields indicate which account and process on the system requested the logon.\r\n\r\nThe Network Information fields indicate where a remote logon request originated. Workstation name is not always available and may be left blank in some cases.\r\n\r\nThe authentication information fields provide detailed information about this specific logon request.\r\n\t- Transited services indicate which intermediate services have participated in this logon request.\r\n\t- Package name indicates which sub-protocol was used among the NTLM protocols.\r\n\t- Key length indicates the length of the generated session key. This will be 0 if no session key was requested.","_time":"2026-04-22T07:28:32.091+0800","host":"DESKTOP-AK0R2QL","index":"soc_tickets_1","linecount":"61","punct":"//_::._====-=___.===_===_____.\\r\\r:\\rt_:tt---\\rt_:tt-\\r","source":"WinEventLog:Security","sourcetype":"WinEventLog:Security","splunk_server":"MLATech"}}
{"preview":false,"result":{"CommandLine":"net  use \\\\127.0.0.1\\IPC$ /user:.\\Administrator BadPass7!","Company":"Microsoft Corporation","Computer":"DESKTOP-AK0R2QL","CurrentDirectory":"C:\\Users\\MLATech\\Desktop\\","Description":"Net Command","EventChannel":"Microsoft-Windows-Sysmon/Operational","EventCode":"1","EventDescription":"Process creation","EventID":"1","FileVersion":"10.0.19041.1 (WinBuild.160101.0800)","Guid":"'{5770385f-c22a-43e0-bf4c-06f5698ffbd9}'","Hashes":"MD5=0BD94A338EEA5A4E1F2830AE326E6D19,SHA256=9F376759BCBCD705F726460FC4A7E2B07F310F52BAA73CAAAAA124FDDBDF993E,IMPHASH=57F0C47AE2A1A2C06C8B987372AB0B07","IMPHASH":"57F0C47AE2A1A2C06C8B987372AB0B07","Image":"C:\\Windows\\System32\\net.exe","IntegrityLevel":"Medium","Keywords":"0x8000000000000000","Level":"4","LogonGuid":"{5123a105-07dd-69e8-29d4-090000000000}","LogonId":"0x9d429","MD5":"0BD94A338EEA5A4E1F2830AE326E6D19","Name":"'Microsoft-Windows-Sysmon'","Opcode":"0","OriginalFileName":"net.exe","ParentCommandLine":"\"C:\\Windows\\system32\\cmd.exe\" /c \"net use \\\\127.0.0.1\\IPC$ /user:.\\Administrator BadPass7! &gt;nul 2&gt;&amp;1\"","ParentImage":"C:\\Windows\\System32\\cmd.exe","ParentProcessGuid":"{5123a105-0820-69e8-3e01-000000000a00}","ParentProcessId":"7248","ParentUser":"DESKTOP-AK0R2QL\\MLATech","ProcessGuid":"{5123a105-0820-69e8-3f01-000000000a00}","ProcessID":"'3120'","ProcessId":"7028","Product":"Microsoft® Windows® Operating System","RecordID":"9165","RuleName":"-","SHA256":"9F376759BCBCD705F726460FC4A7E2B07F310F52BAA73CAAAAA124FDDBDF993E","SecurityID":"S-1-5-18","SystemTime":"'2026-04-21T23:28:32.0568574Z'","Task":"1","TerminalSessionId":"1","ThreadID":"'4792'","TimeCreated":"2026-04-21T23:28:32.0568574Z","User":"DESKTOP-AK0R2QL\\MLATech","UserID":"'S-1-5-18'","UtcTime":"2026-04-21 23:28:32.051","Version":"5","_raw":"<Event xmlns='http://schemas.microsoft.com/win/2004/08/events/event'><System><Provider Name='Microsoft-Windows-Sysmon' Guid='{5770385f-c22a-43e0-bf4c-06f5698ffbd9}'/><EventID>1<\/EventID><Version>5<\/Version><Level>4<\/Level><Task>1<\/Task><Opcode>0<\/Opcode><Keywords>0x8000000000000000<\/Keywords><TimeCreated SystemTime='2026-04-21T23:28:32.0568574Z'/><EventRecordID>9165<\/EventRecordID><Correlation/><Execution ProcessID='3120' ThreadID='4792'/><Channel>Microsoft-Windows-Sysmon/Operational<\/Channel><Computer>DESKTOP-AK0R2QL<\/Computer><Security UserID='S-1-5-18'/><\/System><EventData><Data Name='RuleName'>-<\/Data><Data Name='UtcTime'>2026-04-21 23:28:32.051<\/Data><Data Name='ProcessGuid'>{5123a105-0820-69e8-3f01-000000000a00}<\/Data><Data Name='ProcessId'>7028<\/Data><Data Name='Image'>C:\\Windows\\System32\\net.exe<\/Data><Data Name='FileVersion'>10.0.19041.1 (WinBuild.160101.0800)<\/Data><Data Name='Description'>Net Command<\/Data><Data Name='Product'>Microsoft® Windows® Operating System<\/Data><Data Name='Company'>Microsoft Corporation<\/Data><Data Name='OriginalFileName'>net.exe<\/Data><Data Name='CommandLine'>net  use \\\\127.0.0.1\\IPC$ /user:.\\Administrator BadPass7! <\/Data><Data Name='CurrentDirectory'>C:\\Users\\MLATech\\Desktop\\<\/Data><Data Name='User'>DESKTOP-AK0R2QL\\MLATech<\/Data><Data Name='LogonGuid'>{5123a105-07dd-69e8-29d4-090000000000}<\/Data><Data Name='LogonId'>0x9d429<\/Data><Data Name='TerminalSessionId'>1<\/Data><Data Name='IntegrityLevel'>Medium<\/Data><Data Name='Hashes'>MD5=0BD94A338EEA5A4E1F2830AE326E6D19,SHA256=9F376759BCBCD705F726460FC4A7E2B07F310F52BAA73CAAAAA124FDDBDF993E,IMPHASH=57F0C47AE2A1A2C06C8B987372AB0B07<\/Data><Data Name='ParentProcessGuid'>{5123a105-0820-69e8-3e01-000000000a00}<\/Data><Data Name='ParentProcessId'>7248<\/Data><Data Name='ParentImage'>C:\\Windows\\System32\\cmd.exe<\/Data><Data Name='ParentCommandLine'>\"C:\\Windows\\system32\\cmd.exe\" /c \"net use \\\\127.0.0.1\\IPC$ /user:.\\Administrator BadPass7! &gt;nul 2&gt;&amp;1\"<\/Data><Data Name='ParentUser'>DESKTOP-AK0R2QL\\MLATech<\/Data><\/EventData><\/Event>","_time":"2026-04-22T07:28:32.056+0800","action":"allowed","dest":"DESKTOP-AK0R2QL","dvc":"DESKTOP-AK0R2QL","eventtype":"ms-sysmon-process","host":"DESKTOP-AK0R2QL","index":"soc_tickets_1","linecount":"1","original_file_name":"net.exe","os":"Microsoft Windows","parent_process":"\"C:\\Windows\\system32\\cmd.exe\" /c \"net use \\\\127.0.0.1\\IPC$ /user:.\\Administrator BadPass7! &gt;nul 2&gt;&amp;1\"","parent_process_exec":"cmd.exe","parent_process_guid":"{5123a105-0820-69e8-3e01-000000000a00}","parent_process_id":"7248","parent_process_name":"cmd.exe","parent_process_path":"C:\\Windows\\System32\\cmd.exe","process":"net  use \\\\127.0.0.1\\IPC$ /user:.\\Administrator BadPass7!","process_current_directory":"C:\\Users\\MLATech\\Desktop\\","process_exec":"net.exe","process_guid":"{5123a105-0820-69e8-3f01-000000000a00}","process_hash":"MD5=0BD94A338EEA5A4E1F2830AE326E6D19,SHA256=9F376759BCBCD705F726460FC4A7E2B07F310F52BAA73CAAAAA124FDDBDF993E,IMPHASH=57F0C47AE2A1A2C06C8B987372AB0B07","process_id":"7028","process_integrity_level":"Medium","process_name":"net.exe","process_path":"C:\\Windows\\System32\\net.exe","punct":"<_='://../////'><><_='--'_='{----}'/><><\/><><\/><><","signature":"Process creation","signature_id":"1","source":"XmlWinEventLog:Microsoft-Windows-Sysmon/Operational","sourcetype":"xmlwineventlog","splunk_server":"MLATech","tag":["process","report"],"tag::eventtype":["process","report"],"user":"MLATech","vendor_product":"Microsoft Sysmon","xmlns":"'http://schemas.microsoft.com/win/2004/08/events/event'"}}
{"preview":false,"result":{"CommandLine":"\"C:\\Windows\\system32\\cmd.exe\" /c \"net use \\\\127.0.0.1\\IPC$ /user:.\\Administrator BadPass7! &gt;nul 2&gt;&amp;1\"","Company":"Microsoft Corporation","Computer":"DESKTOP-AK0R2QL","CurrentDirectory":"C:\\Users\\MLATech\\Desktop\\","Description":"Windows Command Processor","EventChannel":"Microsoft-Windows-Sysmon/Operational","EventCode":"1","EventDescription":"Process creation","EventID":"1","FileVersion":"10.0.19041.746 (WinBuild.160101.0800)","Guid":"'{5770385f-c22a-43e0-bf4c-06f5698ffbd9}'","Hashes":"MD5=8A2122E8162DBEF04694B9C3E0B6CDEE,SHA256=B99D61D874728EDC0918CA0EB10EAB93D381E7367E377406E65963366C874450,IMPHASH=272245E2988E1E430500B852C4FB5E18","IMPHASH":"272245E2988E1E430500B852C4FB5E18","Image":"C:\\Windows\\System32\\cmd.exe","IntegrityLevel":"Medium","Keywords":"0x8000000000000000","Level":"4","LogonGuid":"{5123a105-07dd-69e8-29d4-090000000000}","LogonId":"0x9d429","MD5":"8A2122E8162DBEF04694B9C3E0B6CDEE","Name":"'Microsoft-Windows-Sysmon'","Opcode":"0","OriginalFileName":"Cmd.Exe","ParentCommandLine":"\"C:\\Windows\\System32\\WindowsPowerShell\\v1.0\\powershell.exe\" \"-Command\" \"if((Get-ExecutionPolicy ) -ne 'AllSigned') { Set-ExecutionPolicy -Scope Process Bypass }; &amp; 'C:\\Users\\MLATech\\Desktop\\ticket2_bruteforce.ps1'\"","ParentImage":"C:\\Windows\\System32\\WindowsPowerShell\\v1.0\\powershell.exe","ParentProcessGuid":"{5123a105-080d-69e8-1f01-000000000a00}","ParentProcessId":"1888","ParentUser":"DESKTOP-AK0R2QL\\MLATech","ProcessGuid":"{5123a105-0820-69e8-3e01-000000000a00}","ProcessID":"'3120'","ProcessId":"7248","Product":"Microsoft® Windows® Operating System","RecordID":"9164","RuleName":"-","SHA256":"B99D61D874728EDC0918CA0EB10EAB93D381E7367E377406E65963366C874450","SecurityID":"S-1-5-18","SystemTime":"'2026-04-21T23:28:32.0391489Z'","Task":"1","TerminalSessionId":"1","ThreadID":"'4792'","TimeCreated":"2026-04-21T23:28:32.0391489Z","User":"DESKTOP-AK0R2QL\\MLATech","UserID":"'S-1-5-18'","UtcTime":"2026-04-21 23:28:32.033","Version":"5","_raw":"<Event xmlns='http://schemas.microsoft.com/win/2004/08/events/event'><System><Provider Name='Microsoft-Windows-Sysmon' Guid='{5770385f-c22a-43e0-bf4c-06f5698ffbd9}'/><EventID>1<\/EventID><Version>5<\/Version><Level>4<\/Level><Task>1<\/Task><Opcode>0<\/Opcode><Keywords>0x8000000000000000<\/Keywords><TimeCreated SystemTime='2026-04-21T23:28:32.0391489Z'/><EventRecordID>9164<\/EventRecordID><Correlation/><Execution ProcessID='3120' ThreadID='4792'/><Channel>Microsoft-Windows-Sysmon/Operational<\/Channel><Computer>DESKTOP-AK0R2QL<\/Computer><Security UserID='S-1-5-18'/><\/System><EventData><Data Name='RuleName'>-<\/Data><Data Name='UtcTime'>2026-04-21 23:28:32.033<\/Data><Data Name='ProcessGuid'>{5123a105-0820-69e8-3e01-000000000a00}<\/Data><Data Name='ProcessId'>7248<\/Data><Data Name='Image'>C:\\Windows\\System32\\cmd.exe<\/Data><Data Name='FileVersion'>10.0.19041.746 (WinBuild.160101.0800)<\/Data><Data Name='Description'>Windows Command Processor<\/Data><Data Name='Product'>Microsoft® Windows® Operating System<\/Data><Data Name='Company'>Microsoft Corporation<\/Data><Data Name='OriginalFileName'>Cmd.Exe<\/Data><Data Name='CommandLine'>\"C:\\Windows\\system32\\cmd.exe\" /c \"net use \\\\127.0.0.1\\IPC$ /user:.\\Administrator BadPass7! &gt;nul 2&gt;&amp;1\"<\/Data><Data Name='CurrentDirectory'>C:\\Users\\MLATech\\Desktop\\<\/Data><Data Name='User'>DESKTOP-AK0R2QL\\MLATech<\/Data><Data Name='LogonGuid'>{5123a105-07dd-69e8-29d4-090000000000}<\/Data><Data Name='LogonId'>0x9d429<\/Data><Data Name='TerminalSessionId'>1<\/Data><Data Name='IntegrityLevel'>Medium<\/Data><Data Name='Hashes'>MD5=8A2122E8162DBEF04694B9C3E0B6CDEE,SHA256=B99D61D874728EDC0918CA0EB10EAB93D381E7367E377406E65963366C874450,IMPHASH=272245E2988E1E430500B852C4FB5E18<\/Data><Data Name='ParentProcessGuid'>{5123a105-080d-69e8-1f01-000000000a00}<\/Data><Data Name='ParentProcessId'>1888<\/Data><Data Name='ParentImage'>C:\\Windows\\System32\\WindowsPowerShell\\v1.0\\powershell.exe<\/Data><Data Name='ParentCommandLine'>\"C:\\Windows\\System32\\WindowsPowerShell\\v1.0\\powershell.exe\" \"-Command\" \"if((Get-ExecutionPolicy ) -ne 'AllSigned') { Set-ExecutionPolicy -Scope Process Bypass }; &amp; 'C:\\Users\\MLATech\\Desktop\\ticket2_bruteforce.ps1'\"<\/Data><Data Name='ParentUser'>DESKTOP-AK0R2QL\\MLATech<\/Data><\/EventData><\/Event>","_time":"2026-04-22T07:28:32.039+0800","action":"allowed","dest":"DESKTOP-AK0R2QL","dvc":"DESKTOP-AK0R2QL","eventtype":"ms-sysmon-process","host":"DESKTOP-AK0R2QL","index":"soc_tickets_1","linecount":"1","original_file_name":"Cmd.Exe","os":"Microsoft Windows","parent_process":"\"C:\\Windows\\System32\\WindowsPowerShell\\v1.0\\powershell.exe\" \"-Command\" \"if((Get-ExecutionPolicy ) -ne 'AllSigned') { Set-ExecutionPolicy -Scope Process Bypass }; &amp; 'C:\\Users\\MLATech\\Desktop\\ticket2_bruteforce.ps1'\"","parent_process_exec":"powershell.exe","parent_process_guid":"{5123a105-080d-69e8-1f01-000000000a00}","parent_process_id":"1888","parent_process_name":"powershell.exe","parent_process_path":"C:\\Windows\\System32\\WindowsPowerShell\\v1.0\\powershell.exe","process":"\"C:\\Windows\\system32\\cmd.exe\" /c \"net use \\\\127.0.0.1\\IPC$ /user:.\\Administrator BadPass7! &gt;nul 2&gt;&amp;1\"","process_current_directory":"C:\\Users\\MLATech\\Desktop\\","process_exec":"cmd.exe","process_guid":"{5123a105-0820-69e8-3e01-000000000a00}","process_hash":"MD5=8A2122E8162DBEF04694B9C3E0B6CDEE,SHA256=B99D61D874728EDC0918CA0EB10EAB93D381E7367E377406E65963366C874450,IMPHASH=272245E2988E1E430500B852C4FB5E18","process_id":"7248","process_integrity_level":"Medium","process_name":"cmd.exe","process_path":"C:\\Windows\\System32\\cmd.exe","punct":"<_='://../////'><><_='--'_='{----}'/><><\/><><\/><><","signature":"Process creation","signature_id":"1","source":"XmlWinEventLog:Microsoft-Windows-Sysmon/Operational","sourcetype":"xmlwineventlog","splunk_server":"MLATech","tag":["process","report"],"tag::eventtype":["process","report"],"user":"MLATech","vendor_product":"Microsoft Sysmon","xmlns":"'http://schemas.microsoft.com/win/2004/08/events/event'"}}
{"preview":false,"result":{"CommandLine":"\"C:\\Program Files\\SplunkUniversalForwarder\\bin\\splunk-powershell.exe\" --ps2","Company":"-","Computer":"DESKTOP-AK0R2QL","CurrentDirectory":"C:\\Windows\\system32\\","Description":"-","EventChannel":"Microsoft-Windows-Sysmon/Operational","EventCode":"1","EventDescription":"Process creation","EventID":"1","FileVersion":"-","Guid":"'{5770385f-c22a-43e0-bf4c-06f5698ffbd9}'","Hashes":"MD5=4F82560E8F0D77327B87B916F3CDAC64,SHA256=8B1794864390B116F5ABF4E1507B27436DD02923A1B0C0B057375E47F5916710,IMPHASH=6F41FC09BE809EE125B576219D6C1399","IMPHASH":"6F41FC09BE809EE125B576219D6C1399","Image":"C:\\Program Files\\SplunkUniversalForwarder\\bin\\splunk-powershell.exe","IntegrityLevel":"System","Keywords":"0x8000000000000000","Level":"4","LogonGuid":"{5123a105-afdd-69e8-e703-000000000000}","LogonId":"0x3e7","MD5":"4F82560E8F0D77327B87B916F3CDAC64","Name":"'Microsoft-Windows-Sysmon'","Opcode":"0","OriginalFileName":"-","ParentCommandLine":"\"C:\\Program Files\\SplunkUniversalForwarder\\bin\\splunkd.exe\" service","ParentImage":"C:\\Program Files\\SplunkUniversalForwarder\\bin\\splunkd.exe","ParentProcessGuid":"{5123a105-0721-69e8-4500-000000000a00}","ParentProcessId":"3100","ParentUser":"NT AUTHORITY\\SYSTEM","ProcessGuid":"{5123a105-081f-69e8-3d01-000000000a00}","ProcessID":"'3120'","ProcessId":"2412","Product":"-","RecordID":"9163","RuleName":"-","SHA256":"8B1794864390B116F5ABF4E1507B27436DD02923A1B0C0B057375E47F5916710","SecurityID":"S-1-5-18","SystemTime":"'2026-04-21T23:28:31.7047684Z'","Task":"1","TerminalSessionId":"0","ThreadID":"'4792'","TimeCreated":"2026-04-21T23:28:31.7047684Z","User":"NT AUTHORITY\\SYSTEM","UserID":"'S-1-5-18'","UtcTime":"2026-04-21 23:28:31.703","Version":"5","_raw":"<Event xmlns='http://schemas.microsoft.com/win/2004/08/events/event'><System><Provider Name='Microsoft-Windows-Sysmon' Guid='{5770385f-c22a-43e0-bf4c-06f5698ffbd9}'/><EventID>1<\/EventID><Version>5<\/Version><Level>4<\/Level><Task>1<\/Task><Opcode>0<\/Opcode><Keywords>0x8000000000000000<\/Keywords><TimeCreated SystemTime='2026-04-21T23:28:31.7047684Z'/><EventRecordID>9163<\/EventRecordID><Correlation/><Execution ProcessID='3120' ThreadID='4792'/><Channel>Microsoft-Windows-Sysmon/Operational<\/Channel><Computer>DESKTOP-AK0R2QL<\/Computer><Security UserID='S-1-5-18'/><\/System><EventData><Data Name='RuleName'>-<\/Data><Data Name='UtcTime'>2026-04-21 23:28:31.703<\/Data><Data Name='ProcessGuid'>{5123a105-081f-69e8-3d01-000000000a00}<\/Data><Data Name='ProcessId'>2412<\/Data><Data Name='Image'>C:\\Program Files\\SplunkUniversalForwarder\\bin\\splunk-powershell.exe<\/Data><Data Name='FileVersion'>-<\/Data><Data Name='Description'>-<\/Data><Data Name='Product'>-<\/Data><Data Name='Company'>-<\/Data><Data Name='OriginalFileName'>-<\/Data><Data Name='CommandLine'>\"C:\\Program Files\\SplunkUniversalForwarder\\bin\\splunk-powershell.exe\" --ps2<\/Data><Data Name='CurrentDirectory'>C:\\Windows\\system32\\<\/Data><Data Name='User'>NT AUTHORITY\\SYSTEM<\/Data><Data Name='LogonGuid'>{5123a105-afdd-69e8-e703-000000000000}<\/Data><Data Name='LogonId'>0x3e7<\/Data><Data Name='TerminalSessionId'>0<\/Data><Data Name='IntegrityLevel'>System<\/Data><Data Name='Hashes'>MD5=4F82560E8F0D77327B87B916F3CDAC64,SHA256=8B1794864390B116F5ABF4E1507B27436DD02923A1B0C0B057375E47F5916710,IMPHASH=6F41FC09BE809EE125B576219D6C1399<\/Data><Data Name='ParentProcessGuid'>{5123a105-0721-69e8-4500-000000000a00}<\/Data><Data Name='ParentProcessId'>3100<\/Data><Data Name='ParentImage'>C:\\Program Files\\SplunkUniversalForwarder\\bin\\splunkd.exe<\/Data><Data Name='ParentCommandLine'>\"C:\\Program Files\\SplunkUniversalForwarder\\bin\\splunkd.exe\" service<\/Data><Data Name='ParentUser'>NT AUTHORITY\\SYSTEM<\/Data><\/EventData><\/Event>","_time":"2026-04-22T07:28:31.704+0800","action":"allowed","dest":"DESKTOP-AK0R2QL","dvc":"DESKTOP-AK0R2QL","eventtype":"ms-sysmon-process","host":"DESKTOP-AK0R2QL","index":"soc_tickets_1","linecount":"1","os":"Microsoft Windows","parent_process":"\"C:\\Program Files\\SplunkUniversalForwarder\\bin\\splunkd.exe\" service","parent_process_exec":"splunkd.exe","parent_process_guid":"{5123a105-0721-69e8-4500-000000000a00}","parent_process_id":"3100","parent_process_name":"splunkd.exe","parent_process_path":"C:\\Program Files\\SplunkUniversalForwarder\\bin\\splunkd.exe","process":"\"C:\\Program Files\\SplunkUniversalForwarder\\bin\\splunk-powershell.exe\" --ps2","process_current_directory":"C:\\Windows\\system32\\","process_exec":"splunk-powershell.exe","process_guid":"{5123a105-081f-69e8-3d01-000000000a00}","process_hash":"MD5=4F82560E8F0D77327B87B916F3CDAC64,SHA256=8B1794864390B116F5ABF4E1507B27436DD02923A1B0C0B057375E47F5916710,IMPHASH=6F41FC09BE809EE125B576219D6C1399","process_id":"2412","process_integrity_level":"System","process_name":"splunk-powershell.exe","process_path":"C:\\Program Files\\SplunkUniversalForwarder\\bin\\splunk-powershell.exe","punct":"<_='://../////'><><_='--'_='{----}'/><><\/><><\/><><","signature":"Process creation","signature_id":"1","source":"XmlWinEventLog:Microsoft-Windows-Sysmon/Operational","sourcetype":"xmlwineventlog","splunk_server":"MLATech","tag":["process","report"],"tag::eventtype":["process","report"],"user":"SYSTEM","vendor_product":"Microsoft Sysmon","xmlns":"'http://schemas.microsoft.com/win/2004/08/events/event'"}}
{"preview":false,"result":{"CommandLine":"\"C:\\Program Files\\SplunkUniversalForwarder\\bin\\splunk-powershell.exe\"","Company":"-","Computer":"DESKTOP-AK0R2QL","CurrentDirectory":"C:\\Windows\\system32\\","Description":"-","EventChannel":"Microsoft-Windows-Sysmon/Operational","EventCode":"1","EventDescription":"Process creation","EventID":"1","FileVersion":"-","Guid":"'{5770385f-c22a-43e0-bf4c-06f5698ffbd9}'","Hashes":"MD5=4F82560E8F0D77327B87B916F3CDAC64,SHA256=8B1794864390B116F5ABF4E1507B27436DD02923A1B0C0B057375E47F5916710,IMPHASH=6F41FC09BE809EE125B576219D6C1399","IMPHASH":"6F41FC09BE809EE125B576219D6C1399","Image":"C:\\Program Files\\SplunkUniversalForwarder\\bin\\splunk-powershell.exe","IntegrityLevel":"System","Keywords":"0x8000000000000000","Level":"4","LogonGuid":"{5123a105-afdd-69e8-e703-000000000000}","LogonId":"0x3e7","MD5":"4F82560E8F0D77327B87B916F3CDAC64","Name":"'Microsoft-Windows-Sysmon'","Opcode":"0","OriginalFileName":"-","ParentCommandLine":"\"C:\\Program Files\\SplunkUniversalForwarder\\bin\\splunkd.exe\" service","ParentImage":"C:\\Program Files\\SplunkUniversalForwarder\\bin\\splunkd.exe","ParentProcessGuid":"{5123a105-0721-69e8-4500-000000000a00}","ParentProcessId":"3100","ParentUser":"NT AUTHORITY\\SYSTEM","ProcessGuid":"{5123a105-081e-69e8-3c01-000000000a00}","ProcessID":"'3120'","ProcessId":"7596","Product":"-","RecordID":"9162","RuleName":"-","SHA256":"8B1794864390B116F5ABF4E1507B27436DD02923A1B0C0B057375E47F5916710","SecurityID":"S-1-5-18","SystemTime":"'2026-04-21T23:28:30.7744361Z'","Task":"1","TerminalSessionId":"0","ThreadID":"'4792'","TimeCreated":"2026-04-21T23:28:30.7744361Z","User":"NT AUTHORITY\\SYSTEM","UserID":"'S-1-5-18'","UtcTime":"2026-04-21 23:28:30.771","Version":"5","_raw":"<Event xmlns='http://schemas.microsoft.com/win/2004/08/events/event'><System><Provider Name='Microsoft-Windows-Sysmon' Guid='{5770385f-c22a-43e0-bf4c-06f5698ffbd9}'/><EventID>1<\/EventID><Version>5<\/Version><Level>4<\/Level><Task>1<\/Task><Opcode>0<\/Opcode><Keywords>0x8000000000000000<\/Keywords><TimeCreated SystemTime='2026-04-21T23:28:30.7744361Z'/><EventRecordID>9162<\/EventRecordID><Correlation/><Execution ProcessID='3120' ThreadID='4792'/><Channel>Microsoft-Windows-Sysmon/Operational<\/Channel><Computer>DESKTOP-AK0R2QL<\/Computer><Security UserID='S-1-5-18'/><\/System><EventData><Data Name='RuleName'>-<\/Data><Data Name='UtcTime'>2026-04-21 23:28:30.771<\/Data><Data Name='ProcessGuid'>{5123a105-081e-69e8-3c01-000000000a00}<\/Data><Data Name='ProcessId'>7596<\/Data><Data Name='Image'>C:\\Program Files\\SplunkUniversalForwarder\\bin\\splunk-powershell.exe<\/Data><Data Name='FileVersion'>-<\/Data><Data Name='Description'>-<\/Data><Data Name='Product'>-<\/Data><Data Name='Company'>-<\/Data><Data Name='OriginalFileName'>-<\/Data><Data Name='CommandLine'>\"C:\\Program Files\\SplunkUniversalForwarder\\bin\\splunk-powershell.exe\"<\/Data><Data Name='CurrentDirectory'>C:\\Windows\\system32\\<\/Data><Data Name='User'>NT AUTHORITY\\SYSTEM<\/Data><Data Name='LogonGuid'>{5123a105-afdd-69e8-e703-000000000000}<\/Data><Data Name='LogonId'>0x3e7<\/Data><Data Name='TerminalSessionId'>0<\/Data><Data Name='IntegrityLevel'>System<\/Data><Data Name='Hashes'>MD5=4F82560E8F0D77327B87B916F3CDAC64,SHA256=8B1794864390B116F5ABF4E1507B27436DD02923A1B0C0B057375E47F5916710,IMPHASH=6F41FC09BE809EE125B576219D6C1399<\/Data><Data Name='ParentProcessGuid'>{5123a105-0721-69e8-4500-000000000a00}<\/Data><Data Name='ParentProcessId'>3100<\/Data><Data Name='ParentImage'>C:\\Program Files\\SplunkUniversalForwarder\\bin\\splunkd.exe<\/Data><Data Name='ParentCommandLine'>\"C:\\Program Files\\SplunkUniversalForwarder\\bin\\splunkd.exe\" service<\/Data><Data Name='ParentUser'>NT AUTHORITY\\SYSTEM<\/Data><\/EventData><\/Event>","_time":"2026-04-22T07:28:30.774+0800","action":"allowed","dest":"DESKTOP-AK0R2QL","dvc":"DESKTOP-AK0R2QL","eventtype":"ms-sysmon-process","host":"DESKTOP-AK0R2QL","index":"soc_tickets_1","linecount":"1","os":"Microsoft Windows","parent_process":"\"C:\\Program Files\\SplunkUniversalForwarder\\bin\\splunkd.exe\" service","parent_process_exec":"splunkd.exe","parent_process_guid":"{5123a105-0721-69e8-4500-000000000a00}","parent_process_id":"3100","parent_process_name":"splunkd.exe","parent_process_path":"C:\\Program Files\\SplunkUniversalForwarder\\bin\\splunkd.exe","process":"\"C:\\Program Files\\SplunkUniversalForwarder\\bin\\splunk-powershell.exe\"","process_current_directory":"C:\\Windows\\system32\\","process_exec":"splunk-powershell.exe","process_guid":"{5123a105-081e-69e8-3c01-000000000a00}","process_hash":"MD5=4F82560E8F0D77327B87B916F3CDAC64,SHA256=8B1794864390B116F5ABF4E1507B27436DD02923A1B0C0B057375E47F5916710,IMPHASH=6F41FC09BE809EE125B576219D6C1399","process_id":"7596","process_integrity_level":"System","process_name":"splunk-powershell.exe","process_path":"C:\\Program Files\\SplunkUniversalForwarder\\bin\\splunk-powershell.exe","punct":"<_='://../////'><><_='--'_='{----}'/><><\/><><\/><><","signature":"Process creation","signature_id":"1","source":"XmlWinEventLog:Microsoft-Windows-Sysmon/Operational","sourcetype":"xmlwineventlog","splunk_server":"MLATech","tag":["process","report"],"tag::eventtype":["process","report"],"user":"SYSTEM","vendor_product":"Microsoft Sysmon","xmlns":"'http://schemas.microsoft.com/win/2004/08/events/event'"}}
