{"preview":false,"result":{"ActivityID":"'{7cc7deee-d24a-0001-99e4-c77c4ad2dc01}'","Guid":"'{a0c1853b-5c40-4b15-8766-3cf1c58f985a}'","Name":"'Microsoft-Windows-PowerShell'","ProcessID":"'1888'","SystemTime":"'2026-04-21T23:28:54.3442532Z'","ThreadID":"'1228'","UserID":"'S-1-5-21-1419731445-3156843934-2716133192-1001'","_raw":"<Event xmlns='http://schemas.microsoft.com/win/2004/08/events/event'><System><Provider Name='Microsoft-Windows-PowerShell' Guid='{a0c1853b-5c40-4b15-8766-3cf1c58f985a}'/><EventID>4104<\/EventID><Version>1<\/Version><Level>5<\/Level><Task>2<\/Task><Opcode>15<\/Opcode><Keywords>0x0<\/Keywords><TimeCreated SystemTime='2026-04-21T23:28:54.3442532Z'/><EventRecordID>378<\/EventRecordID><Correlation ActivityID='{7cc7deee-d24a-0001-99e4-c77c4ad2dc01}'/><Execution ProcessID='1888' ThreadID='1228'/><Channel>Microsoft-Windows-PowerShell/Operational<\/Channel><Computer>DESKTOP-AK0R2QL<\/Computer><Security UserID='S-1-5-21-1419731445-3156843934-2716133192-1001'/><\/System><EventData><Data Name='MessageNumber'>1<\/Data><Data Name='MessageTotal'>1<\/Data><Data Name='ScriptBlockText'>$global:?<\/Data><Data Name='ScriptBlockId'>91d8ad42-e27a-4a38-a82f-776e7810805b<\/Data><Data Name='Path'><\/Data><\/EventData><\/Event>","_time":"2026-04-22T07:28:54.344+0800","host":"DESKTOP-AK0R2QL","index":"soc_tickets_1","linecount":"1","punct":"<_='://../////'><><_='--'_='{----}'/><><\/><><\/><><","source":"XmlWinEventLog:Microsoft-Windows-PowerShell/Operational","sourcetype":"XmlWinEventLog:Microsoft-Windows-PowerShell/Operational","splunk_server":"MLATech","xmlns":"'http://schemas.microsoft.com/win/2004/08/events/event'"}}
{"preview":false,"result":{"CommandLine":"net  use \\\\127.0.0.1\\IPC$ /delete /y","Company":"Microsoft Corporation","Computer":"DESKTOP-AK0R2QL","CurrentDirectory":"C:\\Users\\MLATech\\Desktop\\","Description":"Net Command","EventChannel":"Microsoft-Windows-Sysmon/Operational","EventCode":"1","EventDescription":"Process creation","EventID":"1","FileVersion":"10.0.19041.1 (WinBuild.160101.0800)","Guid":"'{5770385f-c22a-43e0-bf4c-06f5698ffbd9}'","Hashes":"MD5=0BD94A338EEA5A4E1F2830AE326E6D19,SHA256=9F376759BCBCD705F726460FC4A7E2B07F310F52BAA73CAAAAA124FDDBDF993E,IMPHASH=57F0C47AE2A1A2C06C8B987372AB0B07","IMPHASH":"57F0C47AE2A1A2C06C8B987372AB0B07","Image":"C:\\Windows\\System32\\net.exe","IntegrityLevel":"Medium","Keywords":"0x8000000000000000","Level":"4","LogonGuid":"{5123a105-07dd-69e8-29d4-090000000000}","LogonId":"0x9d429","MD5":"0BD94A338EEA5A4E1F2830AE326E6D19","Name":"'Microsoft-Windows-Sysmon'","Opcode":"0","OriginalFileName":"net.exe","ParentCommandLine":"\"C:\\Windows\\system32\\cmd.exe\" /c \"net use \\\\127.0.0.1\\IPC$ /delete /y &gt;nul 2&gt;&amp;1\"","ParentImage":"C:\\Windows\\System32\\cmd.exe","ParentProcessGuid":"{5123a105-0836-69e8-5101-000000000a00}","ParentProcessId":"8124","ParentUser":"DESKTOP-AK0R2QL\\MLATech","ProcessGuid":"{5123a105-0836-69e8-5201-000000000a00}","ProcessID":"'3120'","ProcessId":"8108","Product":"Microsoft® Windows® Operating System","RecordID":"9184","RuleName":"-","SHA256":"9F376759BCBCD705F726460FC4A7E2B07F310F52BAA73CAAAAA124FDDBDF993E","SecurityID":"S-1-5-18","SystemTime":"'2026-04-21T23:28:54.2907755Z'","Task":"1","TerminalSessionId":"1","ThreadID":"'4792'","TimeCreated":"2026-04-21T23:28:54.2907755Z","User":"DESKTOP-AK0R2QL\\MLATech","UserID":"'S-1-5-18'","UtcTime":"2026-04-21 23:28:54.288","Version":"5","_raw":"<Event xmlns='http://schemas.microsoft.com/win/2004/08/events/event'><System><Provider Name='Microsoft-Windows-Sysmon' Guid='{5770385f-c22a-43e0-bf4c-06f5698ffbd9}'/><EventID>1<\/EventID><Version>5<\/Version><Level>4<\/Level><Task>1<\/Task><Opcode>0<\/Opcode><Keywords>0x8000000000000000<\/Keywords><TimeCreated SystemTime='2026-04-21T23:28:54.2907755Z'/><EventRecordID>9184<\/EventRecordID><Correlation/><Execution ProcessID='3120' ThreadID='4792'/><Channel>Microsoft-Windows-Sysmon/Operational<\/Channel><Computer>DESKTOP-AK0R2QL<\/Computer><Security UserID='S-1-5-18'/><\/System><EventData><Data Name='RuleName'>-<\/Data><Data Name='UtcTime'>2026-04-21 23:28:54.288<\/Data><Data Name='ProcessGuid'>{5123a105-0836-69e8-5201-000000000a00}<\/Data><Data Name='ProcessId'>8108<\/Data><Data Name='Image'>C:\\Windows\\System32\\net.exe<\/Data><Data Name='FileVersion'>10.0.19041.1 (WinBuild.160101.0800)<\/Data><Data Name='Description'>Net Command<\/Data><Data Name='Product'>Microsoft® Windows® Operating System<\/Data><Data Name='Company'>Microsoft Corporation<\/Data><Data Name='OriginalFileName'>net.exe<\/Data><Data Name='CommandLine'>net  use \\\\127.0.0.1\\IPC$ /delete /y <\/Data><Data Name='CurrentDirectory'>C:\\Users\\MLATech\\Desktop\\<\/Data><Data Name='User'>DESKTOP-AK0R2QL\\MLATech<\/Data><Data Name='LogonGuid'>{5123a105-07dd-69e8-29d4-090000000000}<\/Data><Data Name='LogonId'>0x9d429<\/Data><Data Name='TerminalSessionId'>1<\/Data><Data Name='IntegrityLevel'>Medium<\/Data><Data Name='Hashes'>MD5=0BD94A338EEA5A4E1F2830AE326E6D19,SHA256=9F376759BCBCD705F726460FC4A7E2B07F310F52BAA73CAAAAA124FDDBDF993E,IMPHASH=57F0C47AE2A1A2C06C8B987372AB0B07<\/Data><Data Name='ParentProcessGuid'>{5123a105-0836-69e8-5101-000000000a00}<\/Data><Data Name='ParentProcessId'>8124<\/Data><Data Name='ParentImage'>C:\\Windows\\System32\\cmd.exe<\/Data><Data Name='ParentCommandLine'>\"C:\\Windows\\system32\\cmd.exe\" /c \"net use \\\\127.0.0.1\\IPC$ /delete /y &gt;nul 2&gt;&amp;1\"<\/Data><Data Name='ParentUser'>DESKTOP-AK0R2QL\\MLATech<\/Data><\/EventData><\/Event>","_time":"2026-04-22T07:28:54.290+0800","action":"allowed","dest":"DESKTOP-AK0R2QL","dvc":"DESKTOP-AK0R2QL","eventtype":"ms-sysmon-process","host":"DESKTOP-AK0R2QL","index":"soc_tickets_1","linecount":"1","original_file_name":"net.exe","os":"Microsoft Windows","parent_process":"\"C:\\Windows\\system32\\cmd.exe\" /c \"net use \\\\127.0.0.1\\IPC$ /delete /y &gt;nul 2&gt;&amp;1\"","parent_process_exec":"cmd.exe","parent_process_guid":"{5123a105-0836-69e8-5101-000000000a00}","parent_process_id":"8124","parent_process_name":"cmd.exe","parent_process_path":"C:\\Windows\\System32\\cmd.exe","process":"net  use \\\\127.0.0.1\\IPC$ /delete /y","process_current_directory":"C:\\Users\\MLATech\\Desktop\\","process_exec":"net.exe","process_guid":"{5123a105-0836-69e8-5201-000000000a00}","process_hash":"MD5=0BD94A338EEA5A4E1F2830AE326E6D19,SHA256=9F376759BCBCD705F726460FC4A7E2B07F310F52BAA73CAAAAA124FDDBDF993E,IMPHASH=57F0C47AE2A1A2C06C8B987372AB0B07","process_id":"8108","process_integrity_level":"Medium","process_name":"net.exe","process_path":"C:\\Windows\\System32\\net.exe","punct":"<_='://../////'><><_='--'_='{----}'/><><\/><><\/><><","signature":"Process creation","signature_id":"1","source":"XmlWinEventLog:Microsoft-Windows-Sysmon/Operational","sourcetype":"xmlwineventlog","splunk_server":"MLATech","tag":["process","report"],"tag::eventtype":["process","report"],"user":"MLATech","vendor_product":"Microsoft Sysmon","xmlns":"'http://schemas.microsoft.com/win/2004/08/events/event'"}}
{"preview":false,"result":{"CommandLine":"\"C:\\Windows\\system32\\cmd.exe\" /c \"net use \\\\127.0.0.1\\IPC$ /delete /y &gt;nul 2&gt;&amp;1\"","Company":"Microsoft Corporation","Computer":"DESKTOP-AK0R2QL","CurrentDirectory":"C:\\Users\\MLATech\\Desktop\\","Description":"Windows Command Processor","EventChannel":"Microsoft-Windows-Sysmon/Operational","EventCode":"1","EventDescription":"Process creation","EventID":"1","FileVersion":"10.0.19041.746 (WinBuild.160101.0800)","Guid":"'{5770385f-c22a-43e0-bf4c-06f5698ffbd9}'","Hashes":"MD5=8A2122E8162DBEF04694B9C3E0B6CDEE,SHA256=B99D61D874728EDC0918CA0EB10EAB93D381E7367E377406E65963366C874450,IMPHASH=272245E2988E1E430500B852C4FB5E18","IMPHASH":"272245E2988E1E430500B852C4FB5E18","Image":"C:\\Windows\\System32\\cmd.exe","IntegrityLevel":"Medium","Keywords":"0x8000000000000000","Level":"4","LogonGuid":"{5123a105-07dd-69e8-29d4-090000000000}","LogonId":"0x9d429","MD5":"8A2122E8162DBEF04694B9C3E0B6CDEE","Name":"'Microsoft-Windows-Sysmon'","Opcode":"0","OriginalFileName":"Cmd.Exe","ParentCommandLine":"\"C:\\Windows\\System32\\WindowsPowerShell\\v1.0\\powershell.exe\" \"-Command\" \"if((Get-ExecutionPolicy ) -ne 'AllSigned') { Set-ExecutionPolicy -Scope Process Bypass }; &amp; 'C:\\Users\\MLATech\\Desktop\\ticket2_bruteforce.ps1'\"","ParentImage":"C:\\Windows\\System32\\WindowsPowerShell\\v1.0\\powershell.exe","ParentProcessGuid":"{5123a105-080d-69e8-1f01-000000000a00}","ParentProcessId":"1888","ParentUser":"DESKTOP-AK0R2QL\\MLATech","ProcessGuid":"{5123a105-0836-69e8-5101-000000000a00}","ProcessID":"'3120'","ProcessId":"8124","Product":"Microsoft® Windows® Operating System","RecordID":"9183","RuleName":"-","SHA256":"B99D61D874728EDC0918CA0EB10EAB93D381E7367E377406E65963366C874450","SecurityID":"S-1-5-18","SystemTime":"'2026-04-21T23:28:54.2758765Z'","Task":"1","TerminalSessionId":"1","ThreadID":"'4792'","TimeCreated":"2026-04-21T23:28:54.2758765Z","User":"DESKTOP-AK0R2QL\\MLATech","UserID":"'S-1-5-18'","UtcTime":"2026-04-21 23:28:54.271","Version":"5","_raw":"<Event xmlns='http://schemas.microsoft.com/win/2004/08/events/event'><System><Provider Name='Microsoft-Windows-Sysmon' Guid='{5770385f-c22a-43e0-bf4c-06f5698ffbd9}'/><EventID>1<\/EventID><Version>5<\/Version><Level>4<\/Level><Task>1<\/Task><Opcode>0<\/Opcode><Keywords>0x8000000000000000<\/Keywords><TimeCreated SystemTime='2026-04-21T23:28:54.2758765Z'/><EventRecordID>9183<\/EventRecordID><Correlation/><Execution ProcessID='3120' ThreadID='4792'/><Channel>Microsoft-Windows-Sysmon/Operational<\/Channel><Computer>DESKTOP-AK0R2QL<\/Computer><Security UserID='S-1-5-18'/><\/System><EventData><Data Name='RuleName'>-<\/Data><Data Name='UtcTime'>2026-04-21 23:28:54.271<\/Data><Data Name='ProcessGuid'>{5123a105-0836-69e8-5101-000000000a00}<\/Data><Data Name='ProcessId'>8124<\/Data><Data Name='Image'>C:\\Windows\\System32\\cmd.exe<\/Data><Data Name='FileVersion'>10.0.19041.746 (WinBuild.160101.0800)<\/Data><Data Name='Description'>Windows Command Processor<\/Data><Data Name='Product'>Microsoft® Windows® Operating System<\/Data><Data Name='Company'>Microsoft Corporation<\/Data><Data Name='OriginalFileName'>Cmd.Exe<\/Data><Data Name='CommandLine'>\"C:\\Windows\\system32\\cmd.exe\" /c \"net use \\\\127.0.0.1\\IPC$ /delete /y &gt;nul 2&gt;&amp;1\"<\/Data><Data Name='CurrentDirectory'>C:\\Users\\MLATech\\Desktop\\<\/Data><Data Name='User'>DESKTOP-AK0R2QL\\MLATech<\/Data><Data Name='LogonGuid'>{5123a105-07dd-69e8-29d4-090000000000}<\/Data><Data Name='LogonId'>0x9d429<\/Data><Data Name='TerminalSessionId'>1<\/Data><Data Name='IntegrityLevel'>Medium<\/Data><Data Name='Hashes'>MD5=8A2122E8162DBEF04694B9C3E0B6CDEE,SHA256=B99D61D874728EDC0918CA0EB10EAB93D381E7367E377406E65963366C874450,IMPHASH=272245E2988E1E430500B852C4FB5E18<\/Data><Data Name='ParentProcessGuid'>{5123a105-080d-69e8-1f01-000000000a00}<\/Data><Data Name='ParentProcessId'>1888<\/Data><Data Name='ParentImage'>C:\\Windows\\System32\\WindowsPowerShell\\v1.0\\powershell.exe<\/Data><Data Name='ParentCommandLine'>\"C:\\Windows\\System32\\WindowsPowerShell\\v1.0\\powershell.exe\" \"-Command\" \"if((Get-ExecutionPolicy ) -ne 'AllSigned') { Set-ExecutionPolicy -Scope Process Bypass }; &amp; 'C:\\Users\\MLATech\\Desktop\\ticket2_bruteforce.ps1'\"<\/Data><Data Name='ParentUser'>DESKTOP-AK0R2QL\\MLATech<\/Data><\/EventData><\/Event>","_time":"2026-04-22T07:28:54.275+0800","action":"allowed","dest":"DESKTOP-AK0R2QL","dvc":"DESKTOP-AK0R2QL","eventtype":"ms-sysmon-process","host":"DESKTOP-AK0R2QL","index":"soc_tickets_1","linecount":"1","original_file_name":"Cmd.Exe","os":"Microsoft Windows","parent_process":"\"C:\\Windows\\System32\\WindowsPowerShell\\v1.0\\powershell.exe\" \"-Command\" \"if((Get-ExecutionPolicy ) -ne 'AllSigned') { Set-ExecutionPolicy -Scope Process Bypass }; &amp; 'C:\\Users\\MLATech\\Desktop\\ticket2_bruteforce.ps1'\"","parent_process_exec":"powershell.exe","parent_process_guid":"{5123a105-080d-69e8-1f01-000000000a00}","parent_process_id":"1888","parent_process_name":"powershell.exe","parent_process_path":"C:\\Windows\\System32\\WindowsPowerShell\\v1.0\\powershell.exe","process":"\"C:\\Windows\\system32\\cmd.exe\" /c \"net use \\\\127.0.0.1\\IPC$ /delete /y &gt;nul 2&gt;&amp;1\"","process_current_directory":"C:\\Users\\MLATech\\Desktop\\","process_exec":"cmd.exe","process_guid":"{5123a105-0836-69e8-5101-000000000a00}","process_hash":"MD5=8A2122E8162DBEF04694B9C3E0B6CDEE,SHA256=B99D61D874728EDC0918CA0EB10EAB93D381E7367E377406E65963366C874450,IMPHASH=272245E2988E1E430500B852C4FB5E18","process_id":"8124","process_integrity_level":"Medium","process_name":"cmd.exe","process_path":"C:\\Windows\\System32\\cmd.exe","punct":"<_='://../////'><><_='--'_='{----}'/><><\/><><\/><><","signature":"Process creation","signature_id":"1","source":"XmlWinEventLog:Microsoft-Windows-Sysmon/Operational","sourcetype":"xmlwineventlog","splunk_server":"MLATech","tag":["process","report"],"tag::eventtype":["process","report"],"user":"MLATech","vendor_product":"Microsoft Sysmon","xmlns":"'http://schemas.microsoft.com/win/2004/08/events/event'"}}
{"preview":false,"result":{"Account_Domain":["-","."],"Account_Name":["-","Administrator"],"Authentication_Package":"NTLM","Caller_Process_ID":"0x0","Caller_Process_Name":"-","ComputerName":"DESKTOP-AK0R2QL","EventCode":"4625","EventType":"0","Failure_Reason":"Unknown user name or bad password.","Key_Length":"0","Keywords":"Audit Failure","LogName":"Security","Logon_ID":"0x0","Logon_Process":"NtLmSsp","Logon_Type":"3","Message":"An account failed to log on.\r\n\r\nSubject:\r\n\tSecurity ID:\t\tS-1-0-0\r\n\tAccount Name:\t\t-\r\n\tAccount Domain:\t\t-\r\n\tLogon ID:\t\t0x0\r\n\r\nLogon Type:\t\t\t3\r\n\r\nAccount For Which Logon Failed:\r\n\tSecurity ID:\t\tS-1-0-0\r\n\tAccount Name:\t\tAdministrator\r\n\tAccount Domain:\t\t.\r\n\r\nFailure Information:\r\n\tFailure Reason:\t\tUnknown user name or bad password.\r\n\tStatus:\t\t\t0xC000006D\r\n\tSub Status:\t\t0xC000006A\r\n\r\nProcess Information:\r\n\tCaller Process ID:\t0x0\r\n\tCaller Process Name:\t-\r\n\r\nNetwork Information:\r\n\tWorkstation Name:\tDESKTOP-AK0R2QL\r\n\tSource Network Address:\t127.0.0.1\r\n\tSource Port:\t\t49747\r\n\r\nDetailed Authentication Information:\r\n\tLogon Process:\t\tNtLmSsp \r\n\tAuthentication Package:\tNTLM\r\n\tTransited Services:\t-\r\n\tPackage Name (NTLM only):\t-\r\n\tKey Length:\t\t0\r\n\r\nThis event is generated when a logon request fails. It is generated on the computer where access was attempted.\r\n\r\nThe Subject fields indicate the account on the local system which requested the logon. This is most commonly a service such as the Server service, or a local process such as Winlogon.exe or Services.exe.\r\n\r\nThe Logon Type field indicates the kind of logon that was requested. The most common types are 2 (interactive) and 3 (network).\r\n\r\nThe Process Information fields indicate which account and process on the system requested the logon.\r\n\r\nThe Network Information fields indicate where a remote logon request originated. Workstation name is not always available and may be left blank in some cases.\r\n\r\nThe authentication information fields provide detailed information about this specific logon request.\r\n\t- Transited services indicate which intermediate services have participated in this logon request.\r\n\t- Package name indicates which sub-protocol was used among the NTLM protocols.\r\n\t- Key length indicates the length of the generated session key. This will be 0 if no session key was requested.","OpCode":"Info","Package_Name__NTLM_only_":"-","RecordNumber":"3078","Security_ID":["S-1-0-0","S-1-0-0"],"SourceName":"Microsoft Windows security auditing.","Source_Network_Address":"127.0.0.1","Source_Port":"49747","Status":"0xC000006D","Sub_Status":"0xC000006A","TaskCategory":"Logon","Transited_Services":"-","Type":"Information","Workstation_Name":"DESKTOP-AK0R2QL","_raw":"04/21/2026 07:28:51.858 PM\nLogName=Security\nEventCode=4625\nEventType=0\nComputerName=DESKTOP-AK0R2QL\nSourceName=Microsoft Windows security auditing.\nType=Information\nRecordNumber=3078\nKeywords=Audit Failure\nTaskCategory=Logon\nOpCode=Info\nMessage=An account failed to log on.\r\n\r\nSubject:\r\n\tSecurity ID:\t\tS-1-0-0\r\n\tAccount Name:\t\t-\r\n\tAccount Domain:\t\t-\r\n\tLogon ID:\t\t0x0\r\n\r\nLogon Type:\t\t\t3\r\n\r\nAccount For Which Logon Failed:\r\n\tSecurity ID:\t\tS-1-0-0\r\n\tAccount Name:\t\tAdministrator\r\n\tAccount Domain:\t\t.\r\n\r\nFailure Information:\r\n\tFailure Reason:\t\tUnknown user name or bad password.\r\n\tStatus:\t\t\t0xC000006D\r\n\tSub Status:\t\t0xC000006A\r\n\r\nProcess Information:\r\n\tCaller Process ID:\t0x0\r\n\tCaller Process Name:\t-\r\n\r\nNetwork Information:\r\n\tWorkstation Name:\tDESKTOP-AK0R2QL\r\n\tSource Network Address:\t127.0.0.1\r\n\tSource Port:\t\t49747\r\n\r\nDetailed Authentication Information:\r\n\tLogon Process:\t\tNtLmSsp \r\n\tAuthentication Package:\tNTLM\r\n\tTransited Services:\t-\r\n\tPackage Name (NTLM only):\t-\r\n\tKey Length:\t\t0\r\n\r\nThis event is generated when a logon request fails. It is generated on the computer where access was attempted.\r\n\r\nThe Subject fields indicate the account on the local system which requested the logon. This is most commonly a service such as the Server service, or a local process such as Winlogon.exe or Services.exe.\r\n\r\nThe Logon Type field indicates the kind of logon that was requested. The most common types are 2 (interactive) and 3 (network).\r\n\r\nThe Process Information fields indicate which account and process on the system requested the logon.\r\n\r\nThe Network Information fields indicate where a remote logon request originated. Workstation name is not always available and may be left blank in some cases.\r\n\r\nThe authentication information fields provide detailed information about this specific logon request.\r\n\t- Transited services indicate which intermediate services have participated in this logon request.\r\n\t- Package name indicates which sub-protocol was used among the NTLM protocols.\r\n\t- Key length indicates the length of the generated session key. This will be 0 if no session key was requested.","_time":"2026-04-22T07:28:51.858+0800","host":"DESKTOP-AK0R2QL","index":"soc_tickets_1","linecount":"61","punct":"//_::._====-=___.===_===_____.\\r\\r:\\rt_:tt---\\rt_:tt-\\r","source":"WinEventLog:Security","sourcetype":"WinEventLog:Security","splunk_server":"MLATech"}}
{"preview":false,"result":{"CommandLine":"net  use \\\\127.0.0.1\\IPC$ /user:.\\Administrator BadPass15!","Company":"Microsoft Corporation","Computer":"DESKTOP-AK0R2QL","CurrentDirectory":"C:\\Users\\MLATech\\Desktop\\","Description":"Net Command","EventChannel":"Microsoft-Windows-Sysmon/Operational","EventCode":"1","EventDescription":"Process creation","EventID":"1","FileVersion":"10.0.19041.1 (WinBuild.160101.0800)","Guid":"'{5770385f-c22a-43e0-bf4c-06f5698ffbd9}'","Hashes":"MD5=0BD94A338EEA5A4E1F2830AE326E6D19,SHA256=9F376759BCBCD705F726460FC4A7E2B07F310F52BAA73CAAAAA124FDDBDF993E,IMPHASH=57F0C47AE2A1A2C06C8B987372AB0B07","IMPHASH":"57F0C47AE2A1A2C06C8B987372AB0B07","Image":"C:\\Windows\\System32\\net.exe","IntegrityLevel":"Medium","Keywords":"0x8000000000000000","Level":"4","LogonGuid":"{5123a105-07dd-69e8-29d4-090000000000}","LogonId":"0x9d429","MD5":"0BD94A338EEA5A4E1F2830AE326E6D19","Name":"'Microsoft-Windows-Sysmon'","Opcode":"0","OriginalFileName":"net.exe","ParentCommandLine":"\"C:\\Windows\\system32\\cmd.exe\" /c \"net use \\\\127.0.0.1\\IPC$ /user:.\\Administrator BadPass15! &gt;nul 2&gt;&amp;1\"","ParentImage":"C:\\Windows\\System32\\cmd.exe","ParentProcessGuid":"{5123a105-0833-69e8-4f01-000000000a00}","ParentProcessId":"6620","ParentUser":"DESKTOP-AK0R2QL\\MLATech","ProcessGuid":"{5123a105-0833-69e8-5001-000000000a00}","ProcessID":"'3120'","ProcessId":"5696","Product":"Microsoft® Windows® Operating System","RecordID":"9182","RuleName":"-","SHA256":"9F376759BCBCD705F726460FC4A7E2B07F310F52BAA73CAAAAA124FDDBDF993E","SecurityID":"S-1-5-18","SystemTime":"'2026-04-21T23:28:51.8246666Z'","Task":"1","TerminalSessionId":"1","ThreadID":"'4792'","TimeCreated":"2026-04-21T23:28:51.8246666Z","User":"DESKTOP-AK0R2QL\\MLATech","UserID":"'S-1-5-18'","UtcTime":"2026-04-21 23:28:51.820","Version":"5","_raw":"<Event xmlns='http://schemas.microsoft.com/win/2004/08/events/event'><System><Provider Name='Microsoft-Windows-Sysmon' Guid='{5770385f-c22a-43e0-bf4c-06f5698ffbd9}'/><EventID>1<\/EventID><Version>5<\/Version><Level>4<\/Level><Task>1<\/Task><Opcode>0<\/Opcode><Keywords>0x8000000000000000<\/Keywords><TimeCreated SystemTime='2026-04-21T23:28:51.8246666Z'/><EventRecordID>9182<\/EventRecordID><Correlation/><Execution ProcessID='3120' ThreadID='4792'/><Channel>Microsoft-Windows-Sysmon/Operational<\/Channel><Computer>DESKTOP-AK0R2QL<\/Computer><Security UserID='S-1-5-18'/><\/System><EventData><Data Name='RuleName'>-<\/Data><Data Name='UtcTime'>2026-04-21 23:28:51.820<\/Data><Data Name='ProcessGuid'>{5123a105-0833-69e8-5001-000000000a00}<\/Data><Data Name='ProcessId'>5696<\/Data><Data Name='Image'>C:\\Windows\\System32\\net.exe<\/Data><Data Name='FileVersion'>10.0.19041.1 (WinBuild.160101.0800)<\/Data><Data Name='Description'>Net Command<\/Data><Data Name='Product'>Microsoft® Windows® Operating System<\/Data><Data Name='Company'>Microsoft Corporation<\/Data><Data Name='OriginalFileName'>net.exe<\/Data><Data Name='CommandLine'>net  use \\\\127.0.0.1\\IPC$ /user:.\\Administrator BadPass15! <\/Data><Data Name='CurrentDirectory'>C:\\Users\\MLATech\\Desktop\\<\/Data><Data Name='User'>DESKTOP-AK0R2QL\\MLATech<\/Data><Data Name='LogonGuid'>{5123a105-07dd-69e8-29d4-090000000000}<\/Data><Data Name='LogonId'>0x9d429<\/Data><Data Name='TerminalSessionId'>1<\/Data><Data Name='IntegrityLevel'>Medium<\/Data><Data Name='Hashes'>MD5=0BD94A338EEA5A4E1F2830AE326E6D19,SHA256=9F376759BCBCD705F726460FC4A7E2B07F310F52BAA73CAAAAA124FDDBDF993E,IMPHASH=57F0C47AE2A1A2C06C8B987372AB0B07<\/Data><Data Name='ParentProcessGuid'>{5123a105-0833-69e8-4f01-000000000a00}<\/Data><Data Name='ParentProcessId'>6620<\/Data><Data Name='ParentImage'>C:\\Windows\\System32\\cmd.exe<\/Data><Data Name='ParentCommandLine'>\"C:\\Windows\\system32\\cmd.exe\" /c \"net use \\\\127.0.0.1\\IPC$ /user:.\\Administrator BadPass15! &gt;nul 2&gt;&amp;1\"<\/Data><Data Name='ParentUser'>DESKTOP-AK0R2QL\\MLATech<\/Data><\/EventData><\/Event>","_time":"2026-04-22T07:28:51.824+0800","action":"allowed","dest":"DESKTOP-AK0R2QL","dvc":"DESKTOP-AK0R2QL","eventtype":"ms-sysmon-process","host":"DESKTOP-AK0R2QL","index":"soc_tickets_1","linecount":"1","original_file_name":"net.exe","os":"Microsoft Windows","parent_process":"\"C:\\Windows\\system32\\cmd.exe\" /c \"net use \\\\127.0.0.1\\IPC$ /user:.\\Administrator BadPass15! &gt;nul 2&gt;&amp;1\"","parent_process_exec":"cmd.exe","parent_process_guid":"{5123a105-0833-69e8-4f01-000000000a00}","parent_process_id":"6620","parent_process_name":"cmd.exe","parent_process_path":"C:\\Windows\\System32\\cmd.exe","process":"net  use \\\\127.0.0.1\\IPC$ /user:.\\Administrator BadPass15!","process_current_directory":"C:\\Users\\MLATech\\Desktop\\","process_exec":"net.exe","process_guid":"{5123a105-0833-69e8-5001-000000000a00}","process_hash":"MD5=0BD94A338EEA5A4E1F2830AE326E6D19,SHA256=9F376759BCBCD705F726460FC4A7E2B07F310F52BAA73CAAAAA124FDDBDF993E,IMPHASH=57F0C47AE2A1A2C06C8B987372AB0B07","process_id":"5696","process_integrity_level":"Medium","process_name":"net.exe","process_path":"C:\\Windows\\System32\\net.exe","punct":"<_='://../////'><><_='--'_='{----}'/><><\/><><\/><><","signature":"Process creation","signature_id":"1","source":"XmlWinEventLog:Microsoft-Windows-Sysmon/Operational","sourcetype":"xmlwineventlog","splunk_server":"MLATech","tag":["process","report"],"tag::eventtype":["process","report"],"user":"MLATech","vendor_product":"Microsoft Sysmon","xmlns":"'http://schemas.microsoft.com/win/2004/08/events/event'"}}
{"preview":false,"result":{"CommandLine":"\"C:\\Windows\\system32\\cmd.exe\" /c \"net use \\\\127.0.0.1\\IPC$ /user:.\\Administrator BadPass15! &gt;nul 2&gt;&amp;1\"","Company":"Microsoft Corporation","Computer":"DESKTOP-AK0R2QL","CurrentDirectory":"C:\\Users\\MLATech\\Desktop\\","Description":"Windows Command Processor","EventChannel":"Microsoft-Windows-Sysmon/Operational","EventCode":"1","EventDescription":"Process creation","EventID":"1","FileVersion":"10.0.19041.746 (WinBuild.160101.0800)","Guid":"'{5770385f-c22a-43e0-bf4c-06f5698ffbd9}'","Hashes":"MD5=8A2122E8162DBEF04694B9C3E0B6CDEE,SHA256=B99D61D874728EDC0918CA0EB10EAB93D381E7367E377406E65963366C874450,IMPHASH=272245E2988E1E430500B852C4FB5E18","IMPHASH":"272245E2988E1E430500B852C4FB5E18","Image":"C:\\Windows\\System32\\cmd.exe","IntegrityLevel":"Medium","Keywords":"0x8000000000000000","Level":"4","LogonGuid":"{5123a105-07dd-69e8-29d4-090000000000}","LogonId":"0x9d429","MD5":"8A2122E8162DBEF04694B9C3E0B6CDEE","Name":"'Microsoft-Windows-Sysmon'","Opcode":"0","OriginalFileName":"Cmd.Exe","ParentCommandLine":"\"C:\\Windows\\System32\\WindowsPowerShell\\v1.0\\powershell.exe\" \"-Command\" \"if((Get-ExecutionPolicy ) -ne 'AllSigned') { Set-ExecutionPolicy -Scope Process Bypass }; &amp; 'C:\\Users\\MLATech\\Desktop\\ticket2_bruteforce.ps1'\"","ParentImage":"C:\\Windows\\System32\\WindowsPowerShell\\v1.0\\powershell.exe","ParentProcessGuid":"{5123a105-080d-69e8-1f01-000000000a00}","ParentProcessId":"1888","ParentUser":"DESKTOP-AK0R2QL\\MLATech","ProcessGuid":"{5123a105-0833-69e8-4f01-000000000a00}","ProcessID":"'3120'","ProcessId":"6620","Product":"Microsoft® Windows® Operating System","RecordID":"9181","RuleName":"-","SHA256":"B99D61D874728EDC0918CA0EB10EAB93D381E7367E377406E65963366C874450","SecurityID":"S-1-5-18","SystemTime":"'2026-04-21T23:28:51.8064951Z'","Task":"1","TerminalSessionId":"1","ThreadID":"'4792'","TimeCreated":"2026-04-21T23:28:51.8064951Z","User":"DESKTOP-AK0R2QL\\MLATech","UserID":"'S-1-5-18'","UtcTime":"2026-04-21 23:28:51.801","Version":"5","_raw":"<Event xmlns='http://schemas.microsoft.com/win/2004/08/events/event'><System><Provider Name='Microsoft-Windows-Sysmon' Guid='{5770385f-c22a-43e0-bf4c-06f5698ffbd9}'/><EventID>1<\/EventID><Version>5<\/Version><Level>4<\/Level><Task>1<\/Task><Opcode>0<\/Opcode><Keywords>0x8000000000000000<\/Keywords><TimeCreated SystemTime='2026-04-21T23:28:51.8064951Z'/><EventRecordID>9181<\/EventRecordID><Correlation/><Execution ProcessID='3120' ThreadID='4792'/><Channel>Microsoft-Windows-Sysmon/Operational<\/Channel><Computer>DESKTOP-AK0R2QL<\/Computer><Security UserID='S-1-5-18'/><\/System><EventData><Data Name='RuleName'>-<\/Data><Data Name='UtcTime'>2026-04-21 23:28:51.801<\/Data><Data Name='ProcessGuid'>{5123a105-0833-69e8-4f01-000000000a00}<\/Data><Data Name='ProcessId'>6620<\/Data><Data Name='Image'>C:\\Windows\\System32\\cmd.exe<\/Data><Data Name='FileVersion'>10.0.19041.746 (WinBuild.160101.0800)<\/Data><Data Name='Description'>Windows Command Processor<\/Data><Data Name='Product'>Microsoft® Windows® Operating System<\/Data><Data Name='Company'>Microsoft Corporation<\/Data><Data Name='OriginalFileName'>Cmd.Exe<\/Data><Data Name='CommandLine'>\"C:\\Windows\\system32\\cmd.exe\" /c \"net use \\\\127.0.0.1\\IPC$ /user:.\\Administrator BadPass15! &gt;nul 2&gt;&amp;1\"<\/Data><Data Name='CurrentDirectory'>C:\\Users\\MLATech\\Desktop\\<\/Data><Data Name='User'>DESKTOP-AK0R2QL\\MLATech<\/Data><Data Name='LogonGuid'>{5123a105-07dd-69e8-29d4-090000000000}<\/Data><Data Name='LogonId'>0x9d429<\/Data><Data Name='TerminalSessionId'>1<\/Data><Data Name='IntegrityLevel'>Medium<\/Data><Data Name='Hashes'>MD5=8A2122E8162DBEF04694B9C3E0B6CDEE,SHA256=B99D61D874728EDC0918CA0EB10EAB93D381E7367E377406E65963366C874450,IMPHASH=272245E2988E1E430500B852C4FB5E18<\/Data><Data Name='ParentProcessGuid'>{5123a105-080d-69e8-1f01-000000000a00}<\/Data><Data Name='ParentProcessId'>1888<\/Data><Data Name='ParentImage'>C:\\Windows\\System32\\WindowsPowerShell\\v1.0\\powershell.exe<\/Data><Data Name='ParentCommandLine'>\"C:\\Windows\\System32\\WindowsPowerShell\\v1.0\\powershell.exe\" \"-Command\" \"if((Get-ExecutionPolicy ) -ne 'AllSigned') { Set-ExecutionPolicy -Scope Process Bypass }; &amp; 'C:\\Users\\MLATech\\Desktop\\ticket2_bruteforce.ps1'\"<\/Data><Data Name='ParentUser'>DESKTOP-AK0R2QL\\MLATech<\/Data><\/EventData><\/Event>","_time":"2026-04-22T07:28:51.806+0800","action":"allowed","dest":"DESKTOP-AK0R2QL","dvc":"DESKTOP-AK0R2QL","eventtype":"ms-sysmon-process","host":"DESKTOP-AK0R2QL","index":"soc_tickets_1","linecount":"1","original_file_name":"Cmd.Exe","os":"Microsoft Windows","parent_process":"\"C:\\Windows\\System32\\WindowsPowerShell\\v1.0\\powershell.exe\" \"-Command\" \"if((Get-ExecutionPolicy ) -ne 'AllSigned') { Set-ExecutionPolicy -Scope Process Bypass }; &amp; 'C:\\Users\\MLATech\\Desktop\\ticket2_bruteforce.ps1'\"","parent_process_exec":"powershell.exe","parent_process_guid":"{5123a105-080d-69e8-1f01-000000000a00}","parent_process_id":"1888","parent_process_name":"powershell.exe","parent_process_path":"C:\\Windows\\System32\\WindowsPowerShell\\v1.0\\powershell.exe","process":"\"C:\\Windows\\system32\\cmd.exe\" /c \"net use \\\\127.0.0.1\\IPC$ /user:.\\Administrator BadPass15! &gt;nul 2&gt;&amp;1\"","process_current_directory":"C:\\Users\\MLATech\\Desktop\\","process_exec":"cmd.exe","process_guid":"{5123a105-0833-69e8-4f01-000000000a00}","process_hash":"MD5=8A2122E8162DBEF04694B9C3E0B6CDEE,SHA256=B99D61D874728EDC0918CA0EB10EAB93D381E7367E377406E65963366C874450,IMPHASH=272245E2988E1E430500B852C4FB5E18","process_id":"6620","process_integrity_level":"Medium","process_name":"cmd.exe","process_path":"C:\\Windows\\System32\\cmd.exe","punct":"<_='://../////'><><_='--'_='{----}'/><><\/><><\/><><","signature":"Process creation","signature_id":"1","source":"XmlWinEventLog:Microsoft-Windows-Sysmon/Operational","sourcetype":"xmlwineventlog","splunk_server":"MLATech","tag":["process","report"],"tag::eventtype":["process","report"],"user":"MLATech","vendor_product":"Microsoft Sysmon","xmlns":"'http://schemas.microsoft.com/win/2004/08/events/event'"}}
{"preview":false,"result":{"Account_Domain":["-","."],"Account_Name":["-","Administrator"],"Authentication_Package":"NTLM","Caller_Process_ID":"0x0","Caller_Process_Name":"-","ComputerName":"DESKTOP-AK0R2QL","EventCode":"4625","EventType":"0","Failure_Reason":"Unknown user name or bad password.","Key_Length":"0","Keywords":"Audit Failure","LogName":"Security","Logon_ID":"0x0","Logon_Process":"NtLmSsp","Logon_Type":"3","Message":"An account failed to log on.\r\n\r\nSubject:\r\n\tSecurity ID:\t\tS-1-0-0\r\n\tAccount Name:\t\t-\r\n\tAccount Domain:\t\t-\r\n\tLogon ID:\t\t0x0\r\n\r\nLogon Type:\t\t\t3\r\n\r\nAccount For Which Logon Failed:\r\n\tSecurity ID:\t\tS-1-0-0\r\n\tAccount Name:\t\tAdministrator\r\n\tAccount Domain:\t\t.\r\n\r\nFailure Information:\r\n\tFailure Reason:\t\tUnknown user name or bad password.\r\n\tStatus:\t\t\t0xC000006D\r\n\tSub Status:\t\t0xC000006A\r\n\r\nProcess Information:\r\n\tCaller Process ID:\t0x0\r\n\tCaller Process Name:\t-\r\n\r\nNetwork Information:\r\n\tWorkstation Name:\tDESKTOP-AK0R2QL\r\n\tSource Network Address:\t127.0.0.1\r\n\tSource Port:\t\t49745\r\n\r\nDetailed Authentication Information:\r\n\tLogon Process:\t\tNtLmSsp \r\n\tAuthentication Package:\tNTLM\r\n\tTransited Services:\t-\r\n\tPackage Name (NTLM only):\t-\r\n\tKey Length:\t\t0\r\n\r\nThis event is generated when a logon request fails. It is generated on the computer where access was attempted.\r\n\r\nThe Subject fields indicate the account on the local system which requested the logon. This is most commonly a service such as the Server service, or a local process such as Winlogon.exe or Services.exe.\r\n\r\nThe Logon Type field indicates the kind of logon that was requested. The most common types are 2 (interactive) and 3 (network).\r\n\r\nThe Process Information fields indicate which account and process on the system requested the logon.\r\n\r\nThe Network Information fields indicate where a remote logon request originated. Workstation name is not always available and may be left blank in some cases.\r\n\r\nThe authentication information fields provide detailed information about this specific logon request.\r\n\t- Transited services indicate which intermediate services have participated in this logon request.\r\n\t- Package name indicates which sub-protocol was used among the NTLM protocols.\r\n\t- Key length indicates the length of the generated session key. This will be 0 if no session key was requested.","OpCode":"Info","Package_Name__NTLM_only_":"-","RecordNumber":"3076","Security_ID":["S-1-0-0","S-1-0-0"],"SourceName":"Microsoft Windows security auditing.","Source_Network_Address":"127.0.0.1","Source_Port":"49745","Status":"0xC000006D","Sub_Status":"0xC000006A","TaskCategory":"Logon","Transited_Services":"-","Type":"Information","Workstation_Name":"DESKTOP-AK0R2QL","_raw":"04/21/2026 07:28:49.419 PM\nLogName=Security\nEventCode=4625\nEventType=0\nComputerName=DESKTOP-AK0R2QL\nSourceName=Microsoft Windows security auditing.\nType=Information\nRecordNumber=3076\nKeywords=Audit Failure\nTaskCategory=Logon\nOpCode=Info\nMessage=An account failed to log on.\r\n\r\nSubject:\r\n\tSecurity ID:\t\tS-1-0-0\r\n\tAccount Name:\t\t-\r\n\tAccount Domain:\t\t-\r\n\tLogon ID:\t\t0x0\r\n\r\nLogon Type:\t\t\t3\r\n\r\nAccount For Which Logon Failed:\r\n\tSecurity ID:\t\tS-1-0-0\r\n\tAccount Name:\t\tAdministrator\r\n\tAccount Domain:\t\t.\r\n\r\nFailure Information:\r\n\tFailure Reason:\t\tUnknown user name or bad password.\r\n\tStatus:\t\t\t0xC000006D\r\n\tSub Status:\t\t0xC000006A\r\n\r\nProcess Information:\r\n\tCaller Process ID:\t0x0\r\n\tCaller Process Name:\t-\r\n\r\nNetwork Information:\r\n\tWorkstation Name:\tDESKTOP-AK0R2QL\r\n\tSource Network Address:\t127.0.0.1\r\n\tSource Port:\t\t49745\r\n\r\nDetailed Authentication Information:\r\n\tLogon Process:\t\tNtLmSsp \r\n\tAuthentication Package:\tNTLM\r\n\tTransited Services:\t-\r\n\tPackage Name (NTLM only):\t-\r\n\tKey Length:\t\t0\r\n\r\nThis event is generated when a logon request fails. It is generated on the computer where access was attempted.\r\n\r\nThe Subject fields indicate the account on the local system which requested the logon. This is most commonly a service such as the Server service, or a local process such as Winlogon.exe or Services.exe.\r\n\r\nThe Logon Type field indicates the kind of logon that was requested. The most common types are 2 (interactive) and 3 (network).\r\n\r\nThe Process Information fields indicate which account and process on the system requested the logon.\r\n\r\nThe Network Information fields indicate where a remote logon request originated. Workstation name is not always available and may be left blank in some cases.\r\n\r\nThe authentication information fields provide detailed information about this specific logon request.\r\n\t- Transited services indicate which intermediate services have participated in this logon request.\r\n\t- Package name indicates which sub-protocol was used among the NTLM protocols.\r\n\t- Key length indicates the length of the generated session key. This will be 0 if no session key was requested.","_time":"2026-04-22T07:28:49.419+0800","host":"DESKTOP-AK0R2QL","index":"soc_tickets_1","linecount":"61","punct":"//_::._====-=___.===_===_____.\\r\\r:\\rt_:tt---\\rt_:tt-\\r","source":"WinEventLog:Security","sourcetype":"WinEventLog:Security","splunk_server":"MLATech"}}
{"preview":false,"result":{"CommandLine":"net  use \\\\127.0.0.1\\IPC$ /user:.\\Administrator BadPass14!","Company":"Microsoft Corporation","Computer":"DESKTOP-AK0R2QL","CurrentDirectory":"C:\\Users\\MLATech\\Desktop\\","Description":"Net Command","EventChannel":"Microsoft-Windows-Sysmon/Operational","EventCode":"1","EventDescription":"Process creation","EventID":"1","FileVersion":"10.0.19041.1 (WinBuild.160101.0800)","Guid":"'{5770385f-c22a-43e0-bf4c-06f5698ffbd9}'","Hashes":"MD5=0BD94A338EEA5A4E1F2830AE326E6D19,SHA256=9F376759BCBCD705F726460FC4A7E2B07F310F52BAA73CAAAAA124FDDBDF993E,IMPHASH=57F0C47AE2A1A2C06C8B987372AB0B07","IMPHASH":"57F0C47AE2A1A2C06C8B987372AB0B07","Image":"C:\\Windows\\System32\\net.exe","IntegrityLevel":"Medium","Keywords":"0x8000000000000000","Level":"4","LogonGuid":"{5123a105-07dd-69e8-29d4-090000000000}","LogonId":"0x9d429","MD5":"0BD94A338EEA5A4E1F2830AE326E6D19","Name":"'Microsoft-Windows-Sysmon'","Opcode":"0","OriginalFileName":"net.exe","ParentCommandLine":"\"C:\\Windows\\system32\\cmd.exe\" /c \"net use \\\\127.0.0.1\\IPC$ /user:.\\Administrator BadPass14! &gt;nul 2&gt;&amp;1\"","ParentImage":"C:\\Windows\\System32\\cmd.exe","ParentProcessGuid":"{5123a105-0831-69e8-4d01-000000000a00}","ParentProcessId":"8024","ParentUser":"DESKTOP-AK0R2QL\\MLATech","ProcessGuid":"{5123a105-0831-69e8-4e01-000000000a00}","ProcessID":"'3120'","ProcessId":"8068","Product":"Microsoft® Windows® Operating System","RecordID":"9180","RuleName":"-","SHA256":"9F376759BCBCD705F726460FC4A7E2B07F310F52BAA73CAAAAA124FDDBDF993E","SecurityID":"S-1-5-18","SystemTime":"'2026-04-21T23:28:49.3853499Z'","Task":"1","TerminalSessionId":"1","ThreadID":"'4792'","TimeCreated":"2026-04-21T23:28:49.3853499Z","User":"DESKTOP-AK0R2QL\\MLATech","UserID":"'S-1-5-18'","UtcTime":"2026-04-21 23:28:49.383","Version":"5","_raw":"<Event xmlns='http://schemas.microsoft.com/win/2004/08/events/event'><System><Provider Name='Microsoft-Windows-Sysmon' Guid='{5770385f-c22a-43e0-bf4c-06f5698ffbd9}'/><EventID>1<\/EventID><Version>5<\/Version><Level>4<\/Level><Task>1<\/Task><Opcode>0<\/Opcode><Keywords>0x8000000000000000<\/Keywords><TimeCreated SystemTime='2026-04-21T23:28:49.3853499Z'/><EventRecordID>9180<\/EventRecordID><Correlation/><Execution ProcessID='3120' ThreadID='4792'/><Channel>Microsoft-Windows-Sysmon/Operational<\/Channel><Computer>DESKTOP-AK0R2QL<\/Computer><Security UserID='S-1-5-18'/><\/System><EventData><Data Name='RuleName'>-<\/Data><Data Name='UtcTime'>2026-04-21 23:28:49.383<\/Data><Data Name='ProcessGuid'>{5123a105-0831-69e8-4e01-000000000a00}<\/Data><Data Name='ProcessId'>8068<\/Data><Data Name='Image'>C:\\Windows\\System32\\net.exe<\/Data><Data Name='FileVersion'>10.0.19041.1 (WinBuild.160101.0800)<\/Data><Data Name='Description'>Net Command<\/Data><Data Name='Product'>Microsoft® Windows® Operating System<\/Data><Data Name='Company'>Microsoft Corporation<\/Data><Data Name='OriginalFileName'>net.exe<\/Data><Data Name='CommandLine'>net  use \\\\127.0.0.1\\IPC$ /user:.\\Administrator BadPass14! <\/Data><Data Name='CurrentDirectory'>C:\\Users\\MLATech\\Desktop\\<\/Data><Data Name='User'>DESKTOP-AK0R2QL\\MLATech<\/Data><Data Name='LogonGuid'>{5123a105-07dd-69e8-29d4-090000000000}<\/Data><Data Name='LogonId'>0x9d429<\/Data><Data Name='TerminalSessionId'>1<\/Data><Data Name='IntegrityLevel'>Medium<\/Data><Data Name='Hashes'>MD5=0BD94A338EEA5A4E1F2830AE326E6D19,SHA256=9F376759BCBCD705F726460FC4A7E2B07F310F52BAA73CAAAAA124FDDBDF993E,IMPHASH=57F0C47AE2A1A2C06C8B987372AB0B07<\/Data><Data Name='ParentProcessGuid'>{5123a105-0831-69e8-4d01-000000000a00}<\/Data><Data Name='ParentProcessId'>8024<\/Data><Data Name='ParentImage'>C:\\Windows\\System32\\cmd.exe<\/Data><Data Name='ParentCommandLine'>\"C:\\Windows\\system32\\cmd.exe\" /c \"net use \\\\127.0.0.1\\IPC$ /user:.\\Administrator BadPass14! &gt;nul 2&gt;&amp;1\"<\/Data><Data Name='ParentUser'>DESKTOP-AK0R2QL\\MLATech<\/Data><\/EventData><\/Event>","_time":"2026-04-22T07:28:49.385+0800","action":"allowed","dest":"DESKTOP-AK0R2QL","dvc":"DESKTOP-AK0R2QL","eventtype":"ms-sysmon-process","host":"DESKTOP-AK0R2QL","index":"soc_tickets_1","linecount":"1","original_file_name":"net.exe","os":"Microsoft Windows","parent_process":"\"C:\\Windows\\system32\\cmd.exe\" /c \"net use \\\\127.0.0.1\\IPC$ /user:.\\Administrator BadPass14! &gt;nul 2&gt;&amp;1\"","parent_process_exec":"cmd.exe","parent_process_guid":"{5123a105-0831-69e8-4d01-000000000a00}","parent_process_id":"8024","parent_process_name":"cmd.exe","parent_process_path":"C:\\Windows\\System32\\cmd.exe","process":"net  use \\\\127.0.0.1\\IPC$ /user:.\\Administrator BadPass14!","process_current_directory":"C:\\Users\\MLATech\\Desktop\\","process_exec":"net.exe","process_guid":"{5123a105-0831-69e8-4e01-000000000a00}","process_hash":"MD5=0BD94A338EEA5A4E1F2830AE326E6D19,SHA256=9F376759BCBCD705F726460FC4A7E2B07F310F52BAA73CAAAAA124FDDBDF993E,IMPHASH=57F0C47AE2A1A2C06C8B987372AB0B07","process_id":"8068","process_integrity_level":"Medium","process_name":"net.exe","process_path":"C:\\Windows\\System32\\net.exe","punct":"<_='://../////'><><_='--'_='{----}'/><><\/><><\/><><","signature":"Process creation","signature_id":"1","source":"XmlWinEventLog:Microsoft-Windows-Sysmon/Operational","sourcetype":"xmlwineventlog","splunk_server":"MLATech","tag":["process","report"],"tag::eventtype":["process","report"],"user":"MLATech","vendor_product":"Microsoft Sysmon","xmlns":"'http://schemas.microsoft.com/win/2004/08/events/event'"}}
{"preview":false,"result":{"CommandLine":"\"C:\\Windows\\system32\\cmd.exe\" /c \"net use \\\\127.0.0.1\\IPC$ /user:.\\Administrator BadPass14! &gt;nul 2&gt;&amp;1\"","Company":"Microsoft Corporation","Computer":"DESKTOP-AK0R2QL","CurrentDirectory":"C:\\Users\\MLATech\\Desktop\\","Description":"Windows Command Processor","EventChannel":"Microsoft-Windows-Sysmon/Operational","EventCode":"1","EventDescription":"Process creation","EventID":"1","FileVersion":"10.0.19041.746 (WinBuild.160101.0800)","Guid":"'{5770385f-c22a-43e0-bf4c-06f5698ffbd9}'","Hashes":"MD5=8A2122E8162DBEF04694B9C3E0B6CDEE,SHA256=B99D61D874728EDC0918CA0EB10EAB93D381E7367E377406E65963366C874450,IMPHASH=272245E2988E1E430500B852C4FB5E18","IMPHASH":"272245E2988E1E430500B852C4FB5E18","Image":"C:\\Windows\\System32\\cmd.exe","IntegrityLevel":"Medium","Keywords":"0x8000000000000000","Level":"4","LogonGuid":"{5123a105-07dd-69e8-29d4-090000000000}","LogonId":"0x9d429","MD5":"8A2122E8162DBEF04694B9C3E0B6CDEE","Name":"'Microsoft-Windows-Sysmon'","Opcode":"0","OriginalFileName":"Cmd.Exe","ParentCommandLine":"\"C:\\Windows\\System32\\WindowsPowerShell\\v1.0\\powershell.exe\" \"-Command\" \"if((Get-ExecutionPolicy ) -ne 'AllSigned') { Set-ExecutionPolicy -Scope Process Bypass }; &amp; 'C:\\Users\\MLATech\\Desktop\\ticket2_bruteforce.ps1'\"","ParentImage":"C:\\Windows\\System32\\WindowsPowerShell\\v1.0\\powershell.exe","ParentProcessGuid":"{5123a105-080d-69e8-1f01-000000000a00}","ParentProcessId":"1888","ParentUser":"DESKTOP-AK0R2QL\\MLATech","ProcessGuid":"{5123a105-0831-69e8-4d01-000000000a00}","ProcessID":"'3120'","ProcessId":"8024","Product":"Microsoft® Windows® Operating System","RecordID":"9179","RuleName":"-","SHA256":"B99D61D874728EDC0918CA0EB10EAB93D381E7367E377406E65963366C874450","SecurityID":"S-1-5-18","SystemTime":"'2026-04-21T23:28:49.3692198Z'","Task":"1","TerminalSessionId":"1","ThreadID":"'4792'","TimeCreated":"2026-04-21T23:28:49.3692198Z","User":"DESKTOP-AK0R2QL\\MLATech","UserID":"'S-1-5-18'","UtcTime":"2026-04-21 23:28:49.364","Version":"5","_raw":"<Event xmlns='http://schemas.microsoft.com/win/2004/08/events/event'><System><Provider Name='Microsoft-Windows-Sysmon' Guid='{5770385f-c22a-43e0-bf4c-06f5698ffbd9}'/><EventID>1<\/EventID><Version>5<\/Version><Level>4<\/Level><Task>1<\/Task><Opcode>0<\/Opcode><Keywords>0x8000000000000000<\/Keywords><TimeCreated SystemTime='2026-04-21T23:28:49.3692198Z'/><EventRecordID>9179<\/EventRecordID><Correlation/><Execution ProcessID='3120' ThreadID='4792'/><Channel>Microsoft-Windows-Sysmon/Operational<\/Channel><Computer>DESKTOP-AK0R2QL<\/Computer><Security UserID='S-1-5-18'/><\/System><EventData><Data Name='RuleName'>-<\/Data><Data Name='UtcTime'>2026-04-21 23:28:49.364<\/Data><Data Name='ProcessGuid'>{5123a105-0831-69e8-4d01-000000000a00}<\/Data><Data Name='ProcessId'>8024<\/Data><Data Name='Image'>C:\\Windows\\System32\\cmd.exe<\/Data><Data Name='FileVersion'>10.0.19041.746 (WinBuild.160101.0800)<\/Data><Data Name='Description'>Windows Command Processor<\/Data><Data Name='Product'>Microsoft® Windows® Operating System<\/Data><Data Name='Company'>Microsoft Corporation<\/Data><Data Name='OriginalFileName'>Cmd.Exe<\/Data><Data Name='CommandLine'>\"C:\\Windows\\system32\\cmd.exe\" /c \"net use \\\\127.0.0.1\\IPC$ /user:.\\Administrator BadPass14! &gt;nul 2&gt;&amp;1\"<\/Data><Data Name='CurrentDirectory'>C:\\Users\\MLATech\\Desktop\\<\/Data><Data Name='User'>DESKTOP-AK0R2QL\\MLATech<\/Data><Data Name='LogonGuid'>{5123a105-07dd-69e8-29d4-090000000000}<\/Data><Data Name='LogonId'>0x9d429<\/Data><Data Name='TerminalSessionId'>1<\/Data><Data Name='IntegrityLevel'>Medium<\/Data><Data Name='Hashes'>MD5=8A2122E8162DBEF04694B9C3E0B6CDEE,SHA256=B99D61D874728EDC0918CA0EB10EAB93D381E7367E377406E65963366C874450,IMPHASH=272245E2988E1E430500B852C4FB5E18<\/Data><Data Name='ParentProcessGuid'>{5123a105-080d-69e8-1f01-000000000a00}<\/Data><Data Name='ParentProcessId'>1888<\/Data><Data Name='ParentImage'>C:\\Windows\\System32\\WindowsPowerShell\\v1.0\\powershell.exe<\/Data><Data Name='ParentCommandLine'>\"C:\\Windows\\System32\\WindowsPowerShell\\v1.0\\powershell.exe\" \"-Command\" \"if((Get-ExecutionPolicy ) -ne 'AllSigned') { Set-ExecutionPolicy -Scope Process Bypass }; &amp; 'C:\\Users\\MLATech\\Desktop\\ticket2_bruteforce.ps1'\"<\/Data><Data Name='ParentUser'>DESKTOP-AK0R2QL\\MLATech<\/Data><\/EventData><\/Event>","_time":"2026-04-22T07:28:49.369+0800","action":"allowed","dest":"DESKTOP-AK0R2QL","dvc":"DESKTOP-AK0R2QL","eventtype":"ms-sysmon-process","host":"DESKTOP-AK0R2QL","index":"soc_tickets_1","linecount":"1","original_file_name":"Cmd.Exe","os":"Microsoft Windows","parent_process":"\"C:\\Windows\\System32\\WindowsPowerShell\\v1.0\\powershell.exe\" \"-Command\" \"if((Get-ExecutionPolicy ) -ne 'AllSigned') { Set-ExecutionPolicy -Scope Process Bypass }; &amp; 'C:\\Users\\MLATech\\Desktop\\ticket2_bruteforce.ps1'\"","parent_process_exec":"powershell.exe","parent_process_guid":"{5123a105-080d-69e8-1f01-000000000a00}","parent_process_id":"1888","parent_process_name":"powershell.exe","parent_process_path":"C:\\Windows\\System32\\WindowsPowerShell\\v1.0\\powershell.exe","process":"\"C:\\Windows\\system32\\cmd.exe\" /c \"net use \\\\127.0.0.1\\IPC$ /user:.\\Administrator BadPass14! &gt;nul 2&gt;&amp;1\"","process_current_directory":"C:\\Users\\MLATech\\Desktop\\","process_exec":"cmd.exe","process_guid":"{5123a105-0831-69e8-4d01-000000000a00}","process_hash":"MD5=8A2122E8162DBEF04694B9C3E0B6CDEE,SHA256=B99D61D874728EDC0918CA0EB10EAB93D381E7367E377406E65963366C874450,IMPHASH=272245E2988E1E430500B852C4FB5E18","process_id":"8024","process_integrity_level":"Medium","process_name":"cmd.exe","process_path":"C:\\Windows\\System32\\cmd.exe","punct":"<_='://../////'><><_='--'_='{----}'/><><\/><><\/><><","signature":"Process creation","signature_id":"1","source":"XmlWinEventLog:Microsoft-Windows-Sysmon/Operational","sourcetype":"xmlwineventlog","splunk_server":"MLATech","tag":["process","report"],"tag::eventtype":["process","report"],"user":"MLATech","vendor_product":"Microsoft Sysmon","xmlns":"'http://schemas.microsoft.com/win/2004/08/events/event'"}}
