{"preview":false,"result":{"CommandLine":"net  use \\\\127.0.0.1\\IPC$ /user:.\\Administrator BadPass2!","Company":"Microsoft Corporation","Computer":"DESKTOP-AK0R2QL","CurrentDirectory":"C:\\Users\\MLATech\\Desktop\\","Description":"Net Command","EventChannel":"Microsoft-Windows-Sysmon/Operational","EventCode":"1","EventDescription":"Process creation","EventID":"1","FileVersion":"10.0.19041.1 (WinBuild.160101.0800)","Guid":"'{5770385f-c22a-43e0-bf4c-06f5698ffbd9}'","Hashes":"MD5=0BD94A338EEA5A4E1F2830AE326E6D19,SHA256=9F376759BCBCD705F726460FC4A7E2B07F310F52BAA73CAAAAA124FDDBDF993E,IMPHASH=57F0C47AE2A1A2C06C8B987372AB0B07","IMPHASH":"57F0C47AE2A1A2C06C8B987372AB0B07","Image":"C:\\Windows\\System32\\net.exe","IntegrityLevel":"Medium","Keywords":"0x8000000000000000","Level":"4","LogonGuid":"{5123a105-07dd-69e8-29d4-090000000000}","LogonId":"0x9d429","MD5":"0BD94A338EEA5A4E1F2830AE326E6D19","Name":"'Microsoft-Windows-Sysmon'","Opcode":"0","OriginalFileName":"net.exe","ParentCommandLine":"\"C:\\Windows\\system32\\cmd.exe\" /c \"net use \\\\127.0.0.1\\IPC$ /user:.\\Administrator BadPass2! &gt;nul 2&gt;&amp;1\"","ParentImage":"C:\\Windows\\System32\\cmd.exe","ParentProcessGuid":"{5123a105-0813-69e8-2d01-000000000a00}","ParentProcessId":"7732","ParentUser":"DESKTOP-AK0R2QL\\MLATech","ProcessGuid":"{5123a105-0813-69e8-2e01-000000000a00}","ProcessID":"'3120'","ProcessId":"7748","Product":"Microsoft® Windows® Operating System","RecordID":"9149","RuleName":"-","SHA256":"9F376759BCBCD705F726460FC4A7E2B07F310F52BAA73CAAAAA124FDDBDF993E","SecurityID":"S-1-5-18","SystemTime":"'2026-04-21T23:28:19.8568639Z'","Task":"1","TerminalSessionId":"1","ThreadID":"'4792'","TimeCreated":"2026-04-21T23:28:19.8568639Z","User":"DESKTOP-AK0R2QL\\MLATech","UserID":"'S-1-5-18'","UtcTime":"2026-04-21 23:28:19.854","Version":"5","_raw":"<Event xmlns='http://schemas.microsoft.com/win/2004/08/events/event'><System><Provider Name='Microsoft-Windows-Sysmon' Guid='{5770385f-c22a-43e0-bf4c-06f5698ffbd9}'/><EventID>1<\/EventID><Version>5<\/Version><Level>4<\/Level><Task>1<\/Task><Opcode>0<\/Opcode><Keywords>0x8000000000000000<\/Keywords><TimeCreated SystemTime='2026-04-21T23:28:19.8568639Z'/><EventRecordID>9149<\/EventRecordID><Correlation/><Execution ProcessID='3120' ThreadID='4792'/><Channel>Microsoft-Windows-Sysmon/Operational<\/Channel><Computer>DESKTOP-AK0R2QL<\/Computer><Security UserID='S-1-5-18'/><\/System><EventData><Data Name='RuleName'>-<\/Data><Data Name='UtcTime'>2026-04-21 23:28:19.854<\/Data><Data Name='ProcessGuid'>{5123a105-0813-69e8-2e01-000000000a00}<\/Data><Data Name='ProcessId'>7748<\/Data><Data Name='Image'>C:\\Windows\\System32\\net.exe<\/Data><Data Name='FileVersion'>10.0.19041.1 (WinBuild.160101.0800)<\/Data><Data Name='Description'>Net Command<\/Data><Data Name='Product'>Microsoft® Windows® Operating System<\/Data><Data Name='Company'>Microsoft Corporation<\/Data><Data Name='OriginalFileName'>net.exe<\/Data><Data Name='CommandLine'>net  use \\\\127.0.0.1\\IPC$ /user:.\\Administrator BadPass2! <\/Data><Data Name='CurrentDirectory'>C:\\Users\\MLATech\\Desktop\\<\/Data><Data Name='User'>DESKTOP-AK0R2QL\\MLATech<\/Data><Data Name='LogonGuid'>{5123a105-07dd-69e8-29d4-090000000000}<\/Data><Data Name='LogonId'>0x9d429<\/Data><Data Name='TerminalSessionId'>1<\/Data><Data Name='IntegrityLevel'>Medium<\/Data><Data Name='Hashes'>MD5=0BD94A338EEA5A4E1F2830AE326E6D19,SHA256=9F376759BCBCD705F726460FC4A7E2B07F310F52BAA73CAAAAA124FDDBDF993E,IMPHASH=57F0C47AE2A1A2C06C8B987372AB0B07<\/Data><Data Name='ParentProcessGuid'>{5123a105-0813-69e8-2d01-000000000a00}<\/Data><Data Name='ParentProcessId'>7732<\/Data><Data Name='ParentImage'>C:\\Windows\\System32\\cmd.exe<\/Data><Data Name='ParentCommandLine'>\"C:\\Windows\\system32\\cmd.exe\" /c \"net use \\\\127.0.0.1\\IPC$ /user:.\\Administrator BadPass2! &gt;nul 2&gt;&amp;1\"<\/Data><Data Name='ParentUser'>DESKTOP-AK0R2QL\\MLATech<\/Data><\/EventData><\/Event>","_time":"2026-04-22T07:28:19.856+0800","action":"allowed","dest":"DESKTOP-AK0R2QL","dvc":"DESKTOP-AK0R2QL","eventtype":"ms-sysmon-process","host":"DESKTOP-AK0R2QL","index":"soc_tickets_1","linecount":"1","original_file_name":"net.exe","os":"Microsoft Windows","parent_process":"\"C:\\Windows\\system32\\cmd.exe\" /c \"net use \\\\127.0.0.1\\IPC$ /user:.\\Administrator BadPass2! &gt;nul 2&gt;&amp;1\"","parent_process_exec":"cmd.exe","parent_process_guid":"{5123a105-0813-69e8-2d01-000000000a00}","parent_process_id":"7732","parent_process_name":"cmd.exe","parent_process_path":"C:\\Windows\\System32\\cmd.exe","process":"net  use \\\\127.0.0.1\\IPC$ /user:.\\Administrator BadPass2!","process_current_directory":"C:\\Users\\MLATech\\Desktop\\","process_exec":"net.exe","process_guid":"{5123a105-0813-69e8-2e01-000000000a00}","process_hash":"MD5=0BD94A338EEA5A4E1F2830AE326E6D19,SHA256=9F376759BCBCD705F726460FC4A7E2B07F310F52BAA73CAAAAA124FDDBDF993E,IMPHASH=57F0C47AE2A1A2C06C8B987372AB0B07","process_id":"7748","process_integrity_level":"Medium","process_name":"net.exe","process_path":"C:\\Windows\\System32\\net.exe","punct":"<_='://../////'><><_='--'_='{----}'/><><\/><><\/><><","signature":"Process creation","signature_id":"1","source":"XmlWinEventLog:Microsoft-Windows-Sysmon/Operational","sourcetype":"xmlwineventlog","splunk_server":"MLATech","tag":["process","report"],"tag::eventtype":["process","report"],"user":"MLATech","vendor_product":"Microsoft Sysmon","xmlns":"'http://schemas.microsoft.com/win/2004/08/events/event'"}}
{"preview":false,"result":{"CommandLine":"\"C:\\Windows\\system32\\cmd.exe\" /c \"net use \\\\127.0.0.1\\IPC$ /user:.\\Administrator BadPass2! &gt;nul 2&gt;&amp;1\"","Company":"Microsoft Corporation","Computer":"DESKTOP-AK0R2QL","CurrentDirectory":"C:\\Users\\MLATech\\Desktop\\","Description":"Windows Command Processor","EventChannel":"Microsoft-Windows-Sysmon/Operational","EventCode":"1","EventDescription":"Process creation","EventID":"1","FileVersion":"10.0.19041.746 (WinBuild.160101.0800)","Guid":"'{5770385f-c22a-43e0-bf4c-06f5698ffbd9}'","Hashes":"MD5=8A2122E8162DBEF04694B9C3E0B6CDEE,SHA256=B99D61D874728EDC0918CA0EB10EAB93D381E7367E377406E65963366C874450,IMPHASH=272245E2988E1E430500B852C4FB5E18","IMPHASH":"272245E2988E1E430500B852C4FB5E18","Image":"C:\\Windows\\System32\\cmd.exe","IntegrityLevel":"Medium","Keywords":"0x8000000000000000","Level":"4","LogonGuid":"{5123a105-07dd-69e8-29d4-090000000000}","LogonId":"0x9d429","MD5":"8A2122E8162DBEF04694B9C3E0B6CDEE","Name":"'Microsoft-Windows-Sysmon'","Opcode":"0","OriginalFileName":"Cmd.Exe","ParentCommandLine":"\"C:\\Windows\\System32\\WindowsPowerShell\\v1.0\\powershell.exe\" \"-Command\" \"if((Get-ExecutionPolicy ) -ne 'AllSigned') { Set-ExecutionPolicy -Scope Process Bypass }; &amp; 'C:\\Users\\MLATech\\Desktop\\ticket2_bruteforce.ps1'\"","ParentImage":"C:\\Windows\\System32\\WindowsPowerShell\\v1.0\\powershell.exe","ParentProcessGuid":"{5123a105-080d-69e8-1f01-000000000a00}","ParentProcessId":"1888","ParentUser":"DESKTOP-AK0R2QL\\MLATech","ProcessGuid":"{5123a105-0813-69e8-2d01-000000000a00}","ProcessID":"'3120'","ProcessId":"7732","Product":"Microsoft® Windows® Operating System","RecordID":"9148","RuleName":"-","SHA256":"B99D61D874728EDC0918CA0EB10EAB93D381E7367E377406E65963366C874450","SecurityID":"S-1-5-18","SystemTime":"'2026-04-21T23:28:19.8427733Z'","Task":"1","TerminalSessionId":"1","ThreadID":"'4792'","TimeCreated":"2026-04-21T23:28:19.8427733Z","User":"DESKTOP-AK0R2QL\\MLATech","UserID":"'S-1-5-18'","UtcTime":"2026-04-21 23:28:19.837","Version":"5","_raw":"<Event xmlns='http://schemas.microsoft.com/win/2004/08/events/event'><System><Provider Name='Microsoft-Windows-Sysmon' Guid='{5770385f-c22a-43e0-bf4c-06f5698ffbd9}'/><EventID>1<\/EventID><Version>5<\/Version><Level>4<\/Level><Task>1<\/Task><Opcode>0<\/Opcode><Keywords>0x8000000000000000<\/Keywords><TimeCreated SystemTime='2026-04-21T23:28:19.8427733Z'/><EventRecordID>9148<\/EventRecordID><Correlation/><Execution ProcessID='3120' ThreadID='4792'/><Channel>Microsoft-Windows-Sysmon/Operational<\/Channel><Computer>DESKTOP-AK0R2QL<\/Computer><Security UserID='S-1-5-18'/><\/System><EventData><Data Name='RuleName'>-<\/Data><Data Name='UtcTime'>2026-04-21 23:28:19.837<\/Data><Data Name='ProcessGuid'>{5123a105-0813-69e8-2d01-000000000a00}<\/Data><Data Name='ProcessId'>7732<\/Data><Data Name='Image'>C:\\Windows\\System32\\cmd.exe<\/Data><Data Name='FileVersion'>10.0.19041.746 (WinBuild.160101.0800)<\/Data><Data Name='Description'>Windows Command Processor<\/Data><Data Name='Product'>Microsoft® Windows® Operating System<\/Data><Data Name='Company'>Microsoft Corporation<\/Data><Data Name='OriginalFileName'>Cmd.Exe<\/Data><Data Name='CommandLine'>\"C:\\Windows\\system32\\cmd.exe\" /c \"net use \\\\127.0.0.1\\IPC$ /user:.\\Administrator BadPass2! &gt;nul 2&gt;&amp;1\"<\/Data><Data Name='CurrentDirectory'>C:\\Users\\MLATech\\Desktop\\<\/Data><Data Name='User'>DESKTOP-AK0R2QL\\MLATech<\/Data><Data Name='LogonGuid'>{5123a105-07dd-69e8-29d4-090000000000}<\/Data><Data Name='LogonId'>0x9d429<\/Data><Data Name='TerminalSessionId'>1<\/Data><Data Name='IntegrityLevel'>Medium<\/Data><Data Name='Hashes'>MD5=8A2122E8162DBEF04694B9C3E0B6CDEE,SHA256=B99D61D874728EDC0918CA0EB10EAB93D381E7367E377406E65963366C874450,IMPHASH=272245E2988E1E430500B852C4FB5E18<\/Data><Data Name='ParentProcessGuid'>{5123a105-080d-69e8-1f01-000000000a00}<\/Data><Data Name='ParentProcessId'>1888<\/Data><Data Name='ParentImage'>C:\\Windows\\System32\\WindowsPowerShell\\v1.0\\powershell.exe<\/Data><Data Name='ParentCommandLine'>\"C:\\Windows\\System32\\WindowsPowerShell\\v1.0\\powershell.exe\" \"-Command\" \"if((Get-ExecutionPolicy ) -ne 'AllSigned') { Set-ExecutionPolicy -Scope Process Bypass }; &amp; 'C:\\Users\\MLATech\\Desktop\\ticket2_bruteforce.ps1'\"<\/Data><Data Name='ParentUser'>DESKTOP-AK0R2QL\\MLATech<\/Data><\/EventData><\/Event>","_time":"2026-04-22T07:28:19.842+0800","action":"allowed","dest":"DESKTOP-AK0R2QL","dvc":"DESKTOP-AK0R2QL","eventtype":"ms-sysmon-process","host":"DESKTOP-AK0R2QL","index":"soc_tickets_1","linecount":"1","original_file_name":"Cmd.Exe","os":"Microsoft Windows","parent_process":"\"C:\\Windows\\System32\\WindowsPowerShell\\v1.0\\powershell.exe\" \"-Command\" \"if((Get-ExecutionPolicy ) -ne 'AllSigned') { Set-ExecutionPolicy -Scope Process Bypass }; &amp; 'C:\\Users\\MLATech\\Desktop\\ticket2_bruteforce.ps1'\"","parent_process_exec":"powershell.exe","parent_process_guid":"{5123a105-080d-69e8-1f01-000000000a00}","parent_process_id":"1888","parent_process_name":"powershell.exe","parent_process_path":"C:\\Windows\\System32\\WindowsPowerShell\\v1.0\\powershell.exe","process":"\"C:\\Windows\\system32\\cmd.exe\" /c \"net use \\\\127.0.0.1\\IPC$ /user:.\\Administrator BadPass2! &gt;nul 2&gt;&amp;1\"","process_current_directory":"C:\\Users\\MLATech\\Desktop\\","process_exec":"cmd.exe","process_guid":"{5123a105-0813-69e8-2d01-000000000a00}","process_hash":"MD5=8A2122E8162DBEF04694B9C3E0B6CDEE,SHA256=B99D61D874728EDC0918CA0EB10EAB93D381E7367E377406E65963366C874450,IMPHASH=272245E2988E1E430500B852C4FB5E18","process_id":"7732","process_integrity_level":"Medium","process_name":"cmd.exe","process_path":"C:\\Windows\\System32\\cmd.exe","punct":"<_='://../////'><><_='--'_='{----}'/><><\/><><\/><><","signature":"Process creation","signature_id":"1","source":"XmlWinEventLog:Microsoft-Windows-Sysmon/Operational","sourcetype":"xmlwineventlog","splunk_server":"MLATech","tag":["process","report"],"tag::eventtype":["process","report"],"user":"MLATech","vendor_product":"Microsoft Sysmon","xmlns":"'http://schemas.microsoft.com/win/2004/08/events/event'"}}
{"preview":false,"result":{"Account_Domain":["-","."],"Account_Name":["-","Administrator"],"Authentication_Package":"NTLM","Caller_Process_ID":"0x0","Caller_Process_Name":"-","ComputerName":"DESKTOP-AK0R2QL","EventCode":"4625","EventType":"0","Failure_Reason":"Unknown user name or bad password.","Key_Length":"0","Keywords":"Audit Failure","LogName":"Security","Logon_ID":"0x0","Logon_Process":"NtLmSsp","Logon_Type":"3","Message":"An account failed to log on.\r\n\r\nSubject:\r\n\tSecurity ID:\t\tS-1-0-0\r\n\tAccount Name:\t\t-\r\n\tAccount Domain:\t\t-\r\n\tLogon ID:\t\t0x0\r\n\r\nLogon Type:\t\t\t3\r\n\r\nAccount For Which Logon Failed:\r\n\tSecurity ID:\t\tS-1-0-0\r\n\tAccount Name:\t\tAdministrator\r\n\tAccount Domain:\t\t.\r\n\r\nFailure Information:\r\n\tFailure Reason:\t\tUnknown user name or bad password.\r\n\tStatus:\t\t\t0xC000006D\r\n\tSub Status:\t\t0xC000006A\r\n\r\nProcess Information:\r\n\tCaller Process ID:\t0x0\r\n\tCaller Process Name:\t-\r\n\r\nNetwork Information:\r\n\tWorkstation Name:\tDESKTOP-AK0R2QL\r\n\tSource Network Address:\t127.0.0.1\r\n\tSource Port:\t\t49718\r\n\r\nDetailed Authentication Information:\r\n\tLogon Process:\t\tNtLmSsp \r\n\tAuthentication Package:\tNTLM\r\n\tTransited Services:\t-\r\n\tPackage Name (NTLM only):\t-\r\n\tKey Length:\t\t0\r\n\r\nThis event is generated when a logon request fails. It is generated on the computer where access was attempted.\r\n\r\nThe Subject fields indicate the account on the local system which requested the logon. This is most commonly a service such as the Server service, or a local process such as Winlogon.exe or Services.exe.\r\n\r\nThe Logon Type field indicates the kind of logon that was requested. The most common types are 2 (interactive) and 3 (network).\r\n\r\nThe Process Information fields indicate which account and process on the system requested the logon.\r\n\r\nThe Network Information fields indicate where a remote logon request originated. Workstation name is not always available and may be left blank in some cases.\r\n\r\nThe authentication information fields provide detailed information about this specific logon request.\r\n\t- Transited services indicate which intermediate services have participated in this logon request.\r\n\t- Package name indicates which sub-protocol was used among the NTLM protocols.\r\n\t- Key length indicates the length of the generated session key. This will be 0 if no session key was requested.","OpCode":"Info","Package_Name__NTLM_only_":"-","RecordNumber":"3050","Security_ID":["S-1-0-0","S-1-0-0"],"SourceName":"Microsoft Windows security auditing.","Source_Network_Address":"127.0.0.1","Source_Port":"49718","Status":"0xC000006D","Sub_Status":"0xC000006A","TaskCategory":"Logon","Transited_Services":"-","Type":"Information","Workstation_Name":"DESKTOP-AK0R2QL","_raw":"04/21/2026 07:28:17.428 PM\nLogName=Security\nEventCode=4625\nEventType=0\nComputerName=DESKTOP-AK0R2QL\nSourceName=Microsoft Windows security auditing.\nType=Information\nRecordNumber=3050\nKeywords=Audit Failure\nTaskCategory=Logon\nOpCode=Info\nMessage=An account failed to log on.\r\n\r\nSubject:\r\n\tSecurity ID:\t\tS-1-0-0\r\n\tAccount Name:\t\t-\r\n\tAccount Domain:\t\t-\r\n\tLogon ID:\t\t0x0\r\n\r\nLogon Type:\t\t\t3\r\n\r\nAccount For Which Logon Failed:\r\n\tSecurity ID:\t\tS-1-0-0\r\n\tAccount Name:\t\tAdministrator\r\n\tAccount Domain:\t\t.\r\n\r\nFailure Information:\r\n\tFailure Reason:\t\tUnknown user name or bad password.\r\n\tStatus:\t\t\t0xC000006D\r\n\tSub Status:\t\t0xC000006A\r\n\r\nProcess Information:\r\n\tCaller Process ID:\t0x0\r\n\tCaller Process Name:\t-\r\n\r\nNetwork Information:\r\n\tWorkstation Name:\tDESKTOP-AK0R2QL\r\n\tSource Network Address:\t127.0.0.1\r\n\tSource Port:\t\t49718\r\n\r\nDetailed Authentication Information:\r\n\tLogon Process:\t\tNtLmSsp \r\n\tAuthentication Package:\tNTLM\r\n\tTransited Services:\t-\r\n\tPackage Name (NTLM only):\t-\r\n\tKey Length:\t\t0\r\n\r\nThis event is generated when a logon request fails. It is generated on the computer where access was attempted.\r\n\r\nThe Subject fields indicate the account on the local system which requested the logon. This is most commonly a service such as the Server service, or a local process such as Winlogon.exe or Services.exe.\r\n\r\nThe Logon Type field indicates the kind of logon that was requested. The most common types are 2 (interactive) and 3 (network).\r\n\r\nThe Process Information fields indicate which account and process on the system requested the logon.\r\n\r\nThe Network Information fields indicate where a remote logon request originated. Workstation name is not always available and may be left blank in some cases.\r\n\r\nThe authentication information fields provide detailed information about this specific logon request.\r\n\t- Transited services indicate which intermediate services have participated in this logon request.\r\n\t- Package name indicates which sub-protocol was used among the NTLM protocols.\r\n\t- Key length indicates the length of the generated session key. This will be 0 if no session key was requested.","_time":"2026-04-22T07:28:17.428+0800","host":"DESKTOP-AK0R2QL","index":"soc_tickets_1","linecount":"61","punct":"//_::._====-=___.===_===_____.\\r\\r:\\rt_:tt---\\rt_:tt-\\r","source":"WinEventLog:Security","sourcetype":"WinEventLog:Security","splunk_server":"MLATech"}}
{"preview":false,"result":{"CommandLine":"net  use \\\\127.0.0.1\\IPC$ /user:.\\Administrator BadPass1!","Company":"Microsoft Corporation","Computer":"DESKTOP-AK0R2QL","CurrentDirectory":"C:\\Users\\MLATech\\Desktop\\","Description":"Net Command","EventChannel":"Microsoft-Windows-Sysmon/Operational","EventCode":"1","EventDescription":"Process creation","EventID":"1","FileVersion":"10.0.19041.1 (WinBuild.160101.0800)","Guid":"'{5770385f-c22a-43e0-bf4c-06f5698ffbd9}'","Hashes":"MD5=0BD94A338EEA5A4E1F2830AE326E6D19,SHA256=9F376759BCBCD705F726460FC4A7E2B07F310F52BAA73CAAAAA124FDDBDF993E,IMPHASH=57F0C47AE2A1A2C06C8B987372AB0B07","IMPHASH":"57F0C47AE2A1A2C06C8B987372AB0B07","Image":"C:\\Windows\\System32\\net.exe","IntegrityLevel":"Medium","Keywords":"0x8000000000000000","Level":"4","LogonGuid":"{5123a105-07dd-69e8-29d4-090000000000}","LogonId":"0x9d429","MD5":"0BD94A338EEA5A4E1F2830AE326E6D19","Name":"'Microsoft-Windows-Sysmon'","Opcode":"0","OriginalFileName":"net.exe","ParentCommandLine":"\"C:\\Windows\\system32\\cmd.exe\" /c \"net use \\\\127.0.0.1\\IPC$ /user:.\\Administrator BadPass1! &gt;nul 2&gt;&amp;1\"","ParentImage":"C:\\Windows\\System32\\cmd.exe","ParentProcessGuid":"{5123a105-0811-69e8-2801-000000000a00}","ParentProcessId":"7428","ParentUser":"DESKTOP-AK0R2QL\\MLATech","ProcessGuid":"{5123a105-0811-69e8-2901-000000000a00}","ProcessID":"'3120'","ProcessId":"7460","Product":"Microsoft® Windows® Operating System","RecordID":"9147","RuleName":"-","SHA256":"9F376759BCBCD705F726460FC4A7E2B07F310F52BAA73CAAAAA124FDDBDF993E","SecurityID":"S-1-5-18","SystemTime":"'2026-04-21T23:28:17.3617485Z'","Task":"1","TerminalSessionId":"1","ThreadID":"'4792'","TimeCreated":"2026-04-21T23:28:17.3617485Z","User":"DESKTOP-AK0R2QL\\MLATech","UserID":"'S-1-5-18'","UtcTime":"2026-04-21 23:28:17.358","Version":"5","_raw":"<Event xmlns='http://schemas.microsoft.com/win/2004/08/events/event'><System><Provider Name='Microsoft-Windows-Sysmon' Guid='{5770385f-c22a-43e0-bf4c-06f5698ffbd9}'/><EventID>1<\/EventID><Version>5<\/Version><Level>4<\/Level><Task>1<\/Task><Opcode>0<\/Opcode><Keywords>0x8000000000000000<\/Keywords><TimeCreated SystemTime='2026-04-21T23:28:17.3617485Z'/><EventRecordID>9147<\/EventRecordID><Correlation/><Execution ProcessID='3120' ThreadID='4792'/><Channel>Microsoft-Windows-Sysmon/Operational<\/Channel><Computer>DESKTOP-AK0R2QL<\/Computer><Security UserID='S-1-5-18'/><\/System><EventData><Data Name='RuleName'>-<\/Data><Data Name='UtcTime'>2026-04-21 23:28:17.358<\/Data><Data Name='ProcessGuid'>{5123a105-0811-69e8-2901-000000000a00}<\/Data><Data Name='ProcessId'>7460<\/Data><Data Name='Image'>C:\\Windows\\System32\\net.exe<\/Data><Data Name='FileVersion'>10.0.19041.1 (WinBuild.160101.0800)<\/Data><Data Name='Description'>Net Command<\/Data><Data Name='Product'>Microsoft® Windows® Operating System<\/Data><Data Name='Company'>Microsoft Corporation<\/Data><Data Name='OriginalFileName'>net.exe<\/Data><Data Name='CommandLine'>net  use \\\\127.0.0.1\\IPC$ /user:.\\Administrator BadPass1! <\/Data><Data Name='CurrentDirectory'>C:\\Users\\MLATech\\Desktop\\<\/Data><Data Name='User'>DESKTOP-AK0R2QL\\MLATech<\/Data><Data Name='LogonGuid'>{5123a105-07dd-69e8-29d4-090000000000}<\/Data><Data Name='LogonId'>0x9d429<\/Data><Data Name='TerminalSessionId'>1<\/Data><Data Name='IntegrityLevel'>Medium<\/Data><Data Name='Hashes'>MD5=0BD94A338EEA5A4E1F2830AE326E6D19,SHA256=9F376759BCBCD705F726460FC4A7E2B07F310F52BAA73CAAAAA124FDDBDF993E,IMPHASH=57F0C47AE2A1A2C06C8B987372AB0B07<\/Data><Data Name='ParentProcessGuid'>{5123a105-0811-69e8-2801-000000000a00}<\/Data><Data Name='ParentProcessId'>7428<\/Data><Data Name='ParentImage'>C:\\Windows\\System32\\cmd.exe<\/Data><Data Name='ParentCommandLine'>\"C:\\Windows\\system32\\cmd.exe\" /c \"net use \\\\127.0.0.1\\IPC$ /user:.\\Administrator BadPass1! &gt;nul 2&gt;&amp;1\"<\/Data><Data Name='ParentUser'>DESKTOP-AK0R2QL\\MLATech<\/Data><\/EventData><\/Event>","_time":"2026-04-22T07:28:17.361+0800","action":"allowed","dest":"DESKTOP-AK0R2QL","dvc":"DESKTOP-AK0R2QL","eventtype":"ms-sysmon-process","host":"DESKTOP-AK0R2QL","index":"soc_tickets_1","linecount":"1","original_file_name":"net.exe","os":"Microsoft Windows","parent_process":"\"C:\\Windows\\system32\\cmd.exe\" /c \"net use \\\\127.0.0.1\\IPC$ /user:.\\Administrator BadPass1! &gt;nul 2&gt;&amp;1\"","parent_process_exec":"cmd.exe","parent_process_guid":"{5123a105-0811-69e8-2801-000000000a00}","parent_process_id":"7428","parent_process_name":"cmd.exe","parent_process_path":"C:\\Windows\\System32\\cmd.exe","process":"net  use \\\\127.0.0.1\\IPC$ /user:.\\Administrator BadPass1!","process_current_directory":"C:\\Users\\MLATech\\Desktop\\","process_exec":"net.exe","process_guid":"{5123a105-0811-69e8-2901-000000000a00}","process_hash":"MD5=0BD94A338EEA5A4E1F2830AE326E6D19,SHA256=9F376759BCBCD705F726460FC4A7E2B07F310F52BAA73CAAAAA124FDDBDF993E,IMPHASH=57F0C47AE2A1A2C06C8B987372AB0B07","process_id":"7460","process_integrity_level":"Medium","process_name":"net.exe","process_path":"C:\\Windows\\System32\\net.exe","punct":"<_='://../////'><><_='--'_='{----}'/><><\/><><\/><><","signature":"Process creation","signature_id":"1","source":"XmlWinEventLog:Microsoft-Windows-Sysmon/Operational","sourcetype":"xmlwineventlog","splunk_server":"MLATech","tag":["process","report"],"tag::eventtype":["process","report"],"user":"MLATech","vendor_product":"Microsoft Sysmon","xmlns":"'http://schemas.microsoft.com/win/2004/08/events/event'"}}
{"preview":false,"result":{"CommandLine":"\"C:\\Windows\\system32\\cmd.exe\" /c \"net use \\\\127.0.0.1\\IPC$ /user:.\\Administrator BadPass1! &gt;nul 2&gt;&amp;1\"","Company":"Microsoft Corporation","Computer":"DESKTOP-AK0R2QL","CurrentDirectory":"C:\\Users\\MLATech\\Desktop\\","Description":"Windows Command Processor","EventChannel":"Microsoft-Windows-Sysmon/Operational","EventCode":"1","EventDescription":"Process creation","EventID":"1","FileVersion":"10.0.19041.746 (WinBuild.160101.0800)","Guid":"'{5770385f-c22a-43e0-bf4c-06f5698ffbd9}'","Hashes":"MD5=8A2122E8162DBEF04694B9C3E0B6CDEE,SHA256=B99D61D874728EDC0918CA0EB10EAB93D381E7367E377406E65963366C874450,IMPHASH=272245E2988E1E430500B852C4FB5E18","IMPHASH":"272245E2988E1E430500B852C4FB5E18","Image":"C:\\Windows\\System32\\cmd.exe","IntegrityLevel":"Medium","Keywords":"0x8000000000000000","Level":"4","LogonGuid":"{5123a105-07dd-69e8-29d4-090000000000}","LogonId":"0x9d429","MD5":"8A2122E8162DBEF04694B9C3E0B6CDEE","Name":"'Microsoft-Windows-Sysmon'","Opcode":"0","OriginalFileName":"Cmd.Exe","ParentCommandLine":"\"C:\\Windows\\System32\\WindowsPowerShell\\v1.0\\powershell.exe\" \"-Command\" \"if((Get-ExecutionPolicy ) -ne 'AllSigned') { Set-ExecutionPolicy -Scope Process Bypass }; &amp; 'C:\\Users\\MLATech\\Desktop\\ticket2_bruteforce.ps1'\"","ParentImage":"C:\\Windows\\System32\\WindowsPowerShell\\v1.0\\powershell.exe","ParentProcessGuid":"{5123a105-080d-69e8-1f01-000000000a00}","ParentProcessId":"1888","ParentUser":"DESKTOP-AK0R2QL\\MLATech","ProcessGuid":"{5123a105-0811-69e8-2801-000000000a00}","ProcessID":"'3120'","ProcessId":"7428","Product":"Microsoft® Windows® Operating System","RecordID":"9146","RuleName":"-","SHA256":"B99D61D874728EDC0918CA0EB10EAB93D381E7367E377406E65963366C874450","SecurityID":"S-1-5-18","SystemTime":"'2026-04-21T23:28:17.3439336Z'","Task":"1","TerminalSessionId":"1","ThreadID":"'4792'","TimeCreated":"2026-04-21T23:28:17.3439336Z","User":"DESKTOP-AK0R2QL\\MLATech","UserID":"'S-1-5-18'","UtcTime":"2026-04-21 23:28:17.339","Version":"5","_raw":"<Event xmlns='http://schemas.microsoft.com/win/2004/08/events/event'><System><Provider Name='Microsoft-Windows-Sysmon' Guid='{5770385f-c22a-43e0-bf4c-06f5698ffbd9}'/><EventID>1<\/EventID><Version>5<\/Version><Level>4<\/Level><Task>1<\/Task><Opcode>0<\/Opcode><Keywords>0x8000000000000000<\/Keywords><TimeCreated SystemTime='2026-04-21T23:28:17.3439336Z'/><EventRecordID>9146<\/EventRecordID><Correlation/><Execution ProcessID='3120' ThreadID='4792'/><Channel>Microsoft-Windows-Sysmon/Operational<\/Channel><Computer>DESKTOP-AK0R2QL<\/Computer><Security UserID='S-1-5-18'/><\/System><EventData><Data Name='RuleName'>-<\/Data><Data Name='UtcTime'>2026-04-21 23:28:17.339<\/Data><Data Name='ProcessGuid'>{5123a105-0811-69e8-2801-000000000a00}<\/Data><Data Name='ProcessId'>7428<\/Data><Data Name='Image'>C:\\Windows\\System32\\cmd.exe<\/Data><Data Name='FileVersion'>10.0.19041.746 (WinBuild.160101.0800)<\/Data><Data Name='Description'>Windows Command Processor<\/Data><Data Name='Product'>Microsoft® Windows® Operating System<\/Data><Data Name='Company'>Microsoft Corporation<\/Data><Data Name='OriginalFileName'>Cmd.Exe<\/Data><Data Name='CommandLine'>\"C:\\Windows\\system32\\cmd.exe\" /c \"net use \\\\127.0.0.1\\IPC$ /user:.\\Administrator BadPass1! &gt;nul 2&gt;&amp;1\"<\/Data><Data Name='CurrentDirectory'>C:\\Users\\MLATech\\Desktop\\<\/Data><Data Name='User'>DESKTOP-AK0R2QL\\MLATech<\/Data><Data Name='LogonGuid'>{5123a105-07dd-69e8-29d4-090000000000}<\/Data><Data Name='LogonId'>0x9d429<\/Data><Data Name='TerminalSessionId'>1<\/Data><Data Name='IntegrityLevel'>Medium<\/Data><Data Name='Hashes'>MD5=8A2122E8162DBEF04694B9C3E0B6CDEE,SHA256=B99D61D874728EDC0918CA0EB10EAB93D381E7367E377406E65963366C874450,IMPHASH=272245E2988E1E430500B852C4FB5E18<\/Data><Data Name='ParentProcessGuid'>{5123a105-080d-69e8-1f01-000000000a00}<\/Data><Data Name='ParentProcessId'>1888<\/Data><Data Name='ParentImage'>C:\\Windows\\System32\\WindowsPowerShell\\v1.0\\powershell.exe<\/Data><Data Name='ParentCommandLine'>\"C:\\Windows\\System32\\WindowsPowerShell\\v1.0\\powershell.exe\" \"-Command\" \"if((Get-ExecutionPolicy ) -ne 'AllSigned') { Set-ExecutionPolicy -Scope Process Bypass }; &amp; 'C:\\Users\\MLATech\\Desktop\\ticket2_bruteforce.ps1'\"<\/Data><Data Name='ParentUser'>DESKTOP-AK0R2QL\\MLATech<\/Data><\/EventData><\/Event>","_time":"2026-04-22T07:28:17.343+0800","action":"allowed","dest":"DESKTOP-AK0R2QL","dvc":"DESKTOP-AK0R2QL","eventtype":"ms-sysmon-process","host":"DESKTOP-AK0R2QL","index":"soc_tickets_1","linecount":"1","original_file_name":"Cmd.Exe","os":"Microsoft Windows","parent_process":"\"C:\\Windows\\System32\\WindowsPowerShell\\v1.0\\powershell.exe\" \"-Command\" \"if((Get-ExecutionPolicy ) -ne 'AllSigned') { Set-ExecutionPolicy -Scope Process Bypass }; &amp; 'C:\\Users\\MLATech\\Desktop\\ticket2_bruteforce.ps1'\"","parent_process_exec":"powershell.exe","parent_process_guid":"{5123a105-080d-69e8-1f01-000000000a00}","parent_process_id":"1888","parent_process_name":"powershell.exe","parent_process_path":"C:\\Windows\\System32\\WindowsPowerShell\\v1.0\\powershell.exe","process":"\"C:\\Windows\\system32\\cmd.exe\" /c \"net use \\\\127.0.0.1\\IPC$ /user:.\\Administrator BadPass1! &gt;nul 2&gt;&amp;1\"","process_current_directory":"C:\\Users\\MLATech\\Desktop\\","process_exec":"cmd.exe","process_guid":"{5123a105-0811-69e8-2801-000000000a00}","process_hash":"MD5=8A2122E8162DBEF04694B9C3E0B6CDEE,SHA256=B99D61D874728EDC0918CA0EB10EAB93D381E7367E377406E65963366C874450,IMPHASH=272245E2988E1E430500B852C4FB5E18","process_id":"7428","process_integrity_level":"Medium","process_name":"cmd.exe","process_path":"C:\\Windows\\System32\\cmd.exe","punct":"<_='://../////'><><_='--'_='{----}'/><><\/><><\/><><","signature":"Process creation","signature_id":"1","source":"XmlWinEventLog:Microsoft-Windows-Sysmon/Operational","sourcetype":"xmlwineventlog","splunk_server":"MLATech","tag":["process","report"],"tag::eventtype":["process","report"],"user":"MLATech","vendor_product":"Microsoft Sysmon","xmlns":"'http://schemas.microsoft.com/win/2004/08/events/event'"}}
{"preview":false,"result":{"CommandLine":"wmiadap.exe /F /T /R","Company":"Microsoft Corporation","Computer":"DESKTOP-AK0R2QL","CurrentDirectory":"C:\\Windows\\system32\\","Description":"WMI Reverse Performance Adapter Maintenance Utility","EventChannel":"Microsoft-Windows-Sysmon/Operational","EventCode":"1","EventDescription":"Process creation","EventID":"1","FileVersion":"10.0.19041.1320 (WinBuild.160101.0800)","Guid":"'{5770385f-c22a-43e0-bf4c-06f5698ffbd9}'","Hashes":"MD5=1BFFABBD200C850E6346820E92B915DC,SHA256=6C51C1968A7AD1B40251AD58F44602114888DB2859B1375E0BFFC7EB8C2C22E4,IMPHASH=367D299428703C9A9715504BFE071C97","IMPHASH":"367D299428703C9A9715504BFE071C97","Image":"C:\\Windows\\System32\\wbem\\WMIADAP.exe","IntegrityLevel":"System","Keywords":"0x8000000000000000","Level":"4","LogonGuid":"{5123a105-afdd-69e8-e703-000000000000}","LogonId":"0x3e7","MD5":"1BFFABBD200C850E6346820E92B915DC","Name":"'Microsoft-Windows-Sysmon'","Opcode":"0","OriginalFileName":"wmicookr.dll","ParentCommandLine":"C:\\Windows\\system32\\svchost.exe -k netsvcs -p -s Winmgmt","ParentImage":"C:\\Windows\\System32\\svchost.exe","ParentProcessGuid":"{5123a105-0721-69e8-3400-000000000a00}","ParentProcessId":"2360","ParentUser":"NT AUTHORITY\\SYSTEM","ProcessGuid":"{5123a105-0811-69e8-2701-000000000a00}","ProcessID":"'3120'","ProcessId":"7408","Product":"Microsoft® Windows® Operating System","RecordID":"9145","RuleName":"-","SHA256":"6C51C1968A7AD1B40251AD58F44602114888DB2859B1375E0BFFC7EB8C2C22E4","SecurityID":"S-1-5-18","SystemTime":"'2026-04-21T23:28:17.3275591Z'","Task":"1","TerminalSessionId":"0","ThreadID":"'4792'","TimeCreated":"2026-04-21T23:28:17.3275591Z","User":"NT AUTHORITY\\SYSTEM","UserID":"'S-1-5-18'","UtcTime":"2026-04-21 23:28:17.322","Version":"5","_raw":"<Event xmlns='http://schemas.microsoft.com/win/2004/08/events/event'><System><Provider Name='Microsoft-Windows-Sysmon' Guid='{5770385f-c22a-43e0-bf4c-06f5698ffbd9}'/><EventID>1<\/EventID><Version>5<\/Version><Level>4<\/Level><Task>1<\/Task><Opcode>0<\/Opcode><Keywords>0x8000000000000000<\/Keywords><TimeCreated SystemTime='2026-04-21T23:28:17.3275591Z'/><EventRecordID>9145<\/EventRecordID><Correlation/><Execution ProcessID='3120' ThreadID='4792'/><Channel>Microsoft-Windows-Sysmon/Operational<\/Channel><Computer>DESKTOP-AK0R2QL<\/Computer><Security UserID='S-1-5-18'/><\/System><EventData><Data Name='RuleName'>-<\/Data><Data Name='UtcTime'>2026-04-21 23:28:17.322<\/Data><Data Name='ProcessGuid'>{5123a105-0811-69e8-2701-000000000a00}<\/Data><Data Name='ProcessId'>7408<\/Data><Data Name='Image'>C:\\Windows\\System32\\wbem\\WMIADAP.exe<\/Data><Data Name='FileVersion'>10.0.19041.1320 (WinBuild.160101.0800)<\/Data><Data Name='Description'>WMI Reverse Performance Adapter Maintenance Utility<\/Data><Data Name='Product'>Microsoft® Windows® Operating System<\/Data><Data Name='Company'>Microsoft Corporation<\/Data><Data Name='OriginalFileName'>wmicookr.dll<\/Data><Data Name='CommandLine'>wmiadap.exe /F /T /R<\/Data><Data Name='CurrentDirectory'>C:\\Windows\\system32\\<\/Data><Data Name='User'>NT AUTHORITY\\SYSTEM<\/Data><Data Name='LogonGuid'>{5123a105-afdd-69e8-e703-000000000000}<\/Data><Data Name='LogonId'>0x3e7<\/Data><Data Name='TerminalSessionId'>0<\/Data><Data Name='IntegrityLevel'>System<\/Data><Data Name='Hashes'>MD5=1BFFABBD200C850E6346820E92B915DC,SHA256=6C51C1968A7AD1B40251AD58F44602114888DB2859B1375E0BFFC7EB8C2C22E4,IMPHASH=367D299428703C9A9715504BFE071C97<\/Data><Data Name='ParentProcessGuid'>{5123a105-0721-69e8-3400-000000000a00}<\/Data><Data Name='ParentProcessId'>2360<\/Data><Data Name='ParentImage'>C:\\Windows\\System32\\svchost.exe<\/Data><Data Name='ParentCommandLine'>C:\\Windows\\system32\\svchost.exe -k netsvcs -p -s Winmgmt<\/Data><Data Name='ParentUser'>NT AUTHORITY\\SYSTEM<\/Data><\/EventData><\/Event>","_time":"2026-04-22T07:28:17.327+0800","action":"allowed","dest":"DESKTOP-AK0R2QL","dvc":"DESKTOP-AK0R2QL","eventtype":"ms-sysmon-process","host":"DESKTOP-AK0R2QL","index":"soc_tickets_1","linecount":"1","original_file_name":"wmicookr.dll","os":"Microsoft Windows","parent_process":"C:\\Windows\\system32\\svchost.exe -k netsvcs -p -s Winmgmt","parent_process_exec":"svchost.exe","parent_process_guid":"{5123a105-0721-69e8-3400-000000000a00}","parent_process_id":"2360","parent_process_name":"svchost.exe","parent_process_path":"C:\\Windows\\System32\\svchost.exe","process":"wmiadap.exe /F /T /R","process_current_directory":"C:\\Windows\\system32\\","process_exec":"WMIADAP.exe","process_guid":"{5123a105-0811-69e8-2701-000000000a00}","process_hash":"MD5=1BFFABBD200C850E6346820E92B915DC,SHA256=6C51C1968A7AD1B40251AD58F44602114888DB2859B1375E0BFFC7EB8C2C22E4,IMPHASH=367D299428703C9A9715504BFE071C97","process_id":"7408","process_integrity_level":"System","process_name":"WMIADAP.exe","process_path":"C:\\Windows\\System32\\wbem\\WMIADAP.exe","punct":"<_='://../////'><><_='--'_='{----}'/><><\/><><\/><><","signature":"Process creation","signature_id":"1","source":"XmlWinEventLog:Microsoft-Windows-Sysmon/Operational","sourcetype":"xmlwineventlog","splunk_server":"MLATech","tag":["process","report"],"tag::eventtype":["process","report"],"user":"SYSTEM","vendor_product":"Microsoft Sysmon","xmlns":"'http://schemas.microsoft.com/win/2004/08/events/event'"}}
{"preview":false,"result":{"ActivityID":"'{7cc7deee-d24a-0001-d5e3-c77c4ad2dc01}'","ErrorActionPreference":"'Stop'","Guid":"'{a0c1853b-5c40-4b15-8766-3cf1c58f985a}'","Name":"'Microsoft-Windows-PowerShell'","ProcessID":"'1888'","SystemTime":"'2026-04-21T23:28:17.0920587Z'","ThreadID":"'1228'","UserID":"'S-1-5-21-1419731445-3156843934-2716133192-1001'","_raw":"<Event xmlns='http://schemas.microsoft.com/win/2004/08/events/event'><System><Provider Name='Microsoft-Windows-PowerShell' Guid='{a0c1853b-5c40-4b15-8766-3cf1c58f985a}'/><EventID>4104<\/EventID><Version>1<\/Version><Level>5<\/Level><Task>2<\/Task><Opcode>15<\/Opcode><Keywords>0x0<\/Keywords><TimeCreated SystemTime='2026-04-21T23:28:17.0920587Z'/><EventRecordID>377<\/EventRecordID><Correlation ActivityID='{7cc7deee-d24a-0001-d5e3-c77c4ad2dc01}'/><Execution ProcessID='1888' ThreadID='1228'/><Channel>Microsoft-Windows-PowerShell/Operational<\/Channel><Computer>DESKTOP-AK0R2QL<\/Computer><Security UserID='S-1-5-21-1419731445-3156843934-2716133192-1001'/><\/System><EventData><Data Name='MessageNumber'>1<\/Data><Data Name='MessageTotal'>1<\/Data><Data Name='ScriptBlockText'>$ErrorActionPreference = 'Stop'\r\n\r\nWrite-Host \"[*] Generating Ticket 2: Brute Force - Local Administrator\" -ForegroundColor Cyan\r\n\r\n$target = \"\\\\127.0.0.1\\IPC$\"\r\n$user   = \".\\Administrator\"\r\n\r\nfor ($i = 1; $i -le 15; $i++) {\r\n    cmd.exe /c \"net use $target /user:$user BadPass$i! &gt;nul 2&gt;&amp;1\"\r\n    Start-Sleep -Milliseconds 300\r\n}\r\n\r\ncmd.exe /c \"net use $target /delete /y &gt;nul 2&gt;&amp;1\"\r\n\r\nWrite-Host \"[+] Failed logon attempts generated.\" -ForegroundColor Green\r\nWrite-Host \"[+] Wait 30-90 seconds, then check Splunk.\" -ForegroundColor Cyan<\/Data><Data Name='ScriptBlockId'>a93c9cdc-3f96-43e2-96ef-7830650cbb04<\/Data><Data Name='Path'>C:\\Users\\MLATech\\Desktop\\ticket2_bruteforce.ps1<\/Data><\/EventData><\/Event>","_time":"2026-04-22T07:28:17.092+0800","host":"DESKTOP-AK0R2QL","i":"1","index":"soc_tickets_1","linecount":"16","punct":"<_='://../////'><><_='--'_='{----}'/><><\/><><\/><><","source":"XmlWinEventLog:Microsoft-Windows-PowerShell/Operational","sourcetype":"XmlWinEventLog:Microsoft-Windows-PowerShell/Operational","splunk_server":"MLATech","target":"\\\\127.0.0.1\\IPC$","user":".\\Administrator","xmlns":"'http://schemas.microsoft.com/win/2004/08/events/event'"}}
{"preview":false,"result":{"ActivityID":"'{7cc7deee-d24a-0003-0ce3-c77c4ad2dc01}'","Guid":"'{a0c1853b-5c40-4b15-8766-3cf1c58f985a}'","Name":"'Microsoft-Windows-PowerShell'","ProcessID":"'1888'","SystemTime":"'2026-04-21T23:28:16.6772247Z'","ThreadID":"'1228'","UserID":"'S-1-5-21-1419731445-3156843934-2716133192-1001'","_raw":"<Event xmlns='http://schemas.microsoft.com/win/2004/08/events/event'><System><Provider Name='Microsoft-Windows-PowerShell' Guid='{a0c1853b-5c40-4b15-8766-3cf1c58f985a}'/><EventID>4104<\/EventID><Version>1<\/Version><Level>3<\/Level><Task>2<\/Task><Opcode>15<\/Opcode><Keywords>0x0<\/Keywords><TimeCreated SystemTime='2026-04-21T23:28:16.6772247Z'/><EventRecordID>376<\/EventRecordID><Correlation ActivityID='{7cc7deee-d24a-0003-0ce3-c77c4ad2dc01}'/><Execution ProcessID='1888' ThreadID='1228'/><Channel>Microsoft-Windows-PowerShell/Operational<\/Channel><Computer>DESKTOP-AK0R2QL<\/Computer><Security UserID='S-1-5-21-1419731445-3156843934-2716133192-1001'/><\/System><EventData><Data Name='MessageNumber'>1<\/Data><Data Name='MessageTotal'>1<\/Data><Data Name='ScriptBlockText'>if((Get-ExecutionPolicy ) -ne 'AllSigned') { Set-ExecutionPolicy -Scope Process Bypass }; &amp; 'C:\\Users\\MLATech\\Desktop\\ticket2_bruteforce.ps1'<\/Data><Data Name='ScriptBlockId'>f2a673d2-0e7e-4961-a418-0884734ef10d<\/Data><Data Name='Path'><\/Data><\/EventData><\/Event>","_time":"2026-04-22T07:28:16.677+0800","host":"DESKTOP-AK0R2QL","index":"soc_tickets_1","linecount":"1","punct":"<_='://../////'><><_='--'_='{----}'/><><\/><><\/><><","source":"XmlWinEventLog:Microsoft-Windows-PowerShell/Operational","sourcetype":"XmlWinEventLog:Microsoft-Windows-PowerShell/Operational","splunk_server":"MLATech","xmlns":"'http://schemas.microsoft.com/win/2004/08/events/event'"}}
{"preview":false,"result":{"Computer":"DESKTOP-AK0R2QL","CreationUtcTime":"2026-04-21 23:28:15.086","EventChannel":"Microsoft-Windows-Sysmon/Operational","EventCode":"11","EventDescription":"FileCreate","EventID":"11","Guid":"'{5770385f-c22a-43e0-bf4c-06f5698ffbd9}'","Image":"C:\\Windows\\System32\\WindowsPowerShell\\v1.0\\powershell.exe","Keywords":"0x8000000000000000","Level":"4","Name":"'Microsoft-Windows-Sysmon'","Opcode":"0","ProcessGuid":"{5123a105-080d-69e8-1f01-000000000a00}","ProcessID":"'3120'","ProcessId":"1888","RecordID":"9144","RuleName":"-","SecurityID":"S-1-5-18","SystemTime":"'2026-04-21T23:28:15.0891091Z'","TargetFilename":"C:\\Users\\MLATech\\AppData\\Local\\Temp\\__PSScriptPolicyTest_4qsnnqki.0ml.ps1","Task":"11","ThreadID":"'4792'","TimeCreated":"2026-04-21T23:28:15.0891091Z","User":"DESKTOP-AK0R2QL\\MLATech","UserID":"'S-1-5-18'","UtcTime":"2026-04-21 23:28:15.086","Version":"2","_raw":"<Event xmlns='http://schemas.microsoft.com/win/2004/08/events/event'><System><Provider Name='Microsoft-Windows-Sysmon' Guid='{5770385f-c22a-43e0-bf4c-06f5698ffbd9}'/><EventID>11<\/EventID><Version>2<\/Version><Level>4<\/Level><Task>11<\/Task><Opcode>0<\/Opcode><Keywords>0x8000000000000000<\/Keywords><TimeCreated SystemTime='2026-04-21T23:28:15.0891091Z'/><EventRecordID>9144<\/EventRecordID><Correlation/><Execution ProcessID='3120' ThreadID='4792'/><Channel>Microsoft-Windows-Sysmon/Operational<\/Channel><Computer>DESKTOP-AK0R2QL<\/Computer><Security UserID='S-1-5-18'/><\/System><EventData><Data Name='RuleName'>-<\/Data><Data Name='UtcTime'>2026-04-21 23:28:15.086<\/Data><Data Name='ProcessGuid'>{5123a105-080d-69e8-1f01-000000000a00}<\/Data><Data Name='ProcessId'>1888<\/Data><Data Name='Image'>C:\\Windows\\System32\\WindowsPowerShell\\v1.0\\powershell.exe<\/Data><Data Name='TargetFilename'>C:\\Users\\MLATech\\AppData\\Local\\Temp\\__PSScriptPolicyTest_4qsnnqki.0ml.ps1<\/Data><Data Name='CreationUtcTime'>2026-04-21 23:28:15.086<\/Data><Data Name='User'>DESKTOP-AK0R2QL\\MLATech<\/Data><\/EventData><\/Event>","_time":"2026-04-22T07:28:15.089+0800","action":"created","dest":"DESKTOP-AK0R2QL","dvc":"DESKTOP-AK0R2QL","eventtype":"ms-sysmon-filemod","file_create_time":"2026-04-21 23:28:15.086","file_name":"__PSScriptPolicyTest_4qsnnqki.0ml.ps1","file_path":"C:\\Users\\MLATech\\AppData\\Local\\Temp\\__PSScriptPolicyTest_4qsnnqki.0ml.ps1","host":"DESKTOP-AK0R2QL","index":"soc_tickets_1","linecount":"1","object_category":"file","process_exec":"powershell.exe","process_guid":"{5123a105-080d-69e8-1f01-000000000a00}","process_id":"1888","process_name":"powershell.exe","process_path":"C:\\Windows\\System32\\WindowsPowerShell\\v1.0\\powershell.exe","punct":"<_='://../////'><><_='--'_='{----}'/><><\/><><\/><><","signature":"FileCreate","signature_id":"11","source":"XmlWinEventLog:Microsoft-Windows-Sysmon/Operational","sourcetype":"xmlwineventlog","splunk_server":"MLATech","tag":["endpoint","filesystem"],"tag::eventtype":["endpoint","filesystem"],"user":"MLATech","vendor_product":"Microsoft Sysmon","xmlns":"'http://schemas.microsoft.com/win/2004/08/events/event'"}}
{"preview":false,"result":{"CommandLine":"\"C:\\Windows\\System32\\WindowsPowerShell\\v1.0\\powershell.exe\" \"-Command\" \"if((Get-ExecutionPolicy ) -ne 'AllSigned') { Set-ExecutionPolicy -Scope Process Bypass }; &amp; 'C:\\Users\\MLATech\\Desktop\\ticket2_bruteforce.ps1'\"","Company":"Microsoft Corporation","Computer":"DESKTOP-AK0R2QL","CurrentDirectory":"C:\\Users\\MLATech\\Desktop\\","Description":"Windows PowerShell","EventChannel":"Microsoft-Windows-Sysmon/Operational","EventCode":"1","EventDescription":"Process creation","EventID":"1","FileVersion":"10.0.19041.546 (WinBuild.160101.0800)","Guid":"'{5770385f-c22a-43e0-bf4c-06f5698ffbd9}'","Hashes":"MD5=04029E121A0CFA5991749937DD22A1D9,SHA256=9F914D42706FE215501044ACD85A32D58AAEF1419D404FDDFA5D3B48F66CCD9F,IMPHASH=7C955A0ABC747F57CCC4324480737EF7","IMPHASH":"7C955A0ABC747F57CCC4324480737EF7","Image":"C:\\Windows\\System32\\WindowsPowerShell\\v1.0\\powershell.exe","IntegrityLevel":"Medium","Keywords":"0x8000000000000000","Level":"4","LogonGuid":"{5123a105-07dd-69e8-29d4-090000000000}","LogonId":"0x9d429","MD5":"04029E121A0CFA5991749937DD22A1D9","Name":"'Microsoft-Windows-Sysmon'","Opcode":"0","OriginalFileName":"PowerShell.EXE","ParentCommandLine":"C:\\Windows\\Explorer.EXE","ParentImage":"C:\\Windows\\explorer.exe","ParentProcessGuid":"{5123a105-07de-69e8-f500-000000000a00}","ParentProcessId":"3512","ParentUser":"DESKTOP-AK0R2QL\\MLATech","ProcessGuid":"{5123a105-080d-69e8-1f01-000000000a00}","ProcessID":"'3120'","ProcessId":"1888","Product":"Microsoft® Windows® Operating System","RecordID":"9143","RuleName":"-","SHA256":"9F914D42706FE215501044ACD85A32D58AAEF1419D404FDDFA5D3B48F66CCD9F","SecurityID":"S-1-5-18","SystemTime":"'2026-04-21T23:28:14.0055687Z'","Task":"1","TerminalSessionId":"1","ThreadID":"'4792'","TimeCreated":"2026-04-21T23:28:14.0055687Z","User":"DESKTOP-AK0R2QL\\MLATech","UserID":"'S-1-5-18'","UtcTime":"2026-04-21 23:28:13.999","Version":"5","_raw":"<Event xmlns='http://schemas.microsoft.com/win/2004/08/events/event'><System><Provider Name='Microsoft-Windows-Sysmon' Guid='{5770385f-c22a-43e0-bf4c-06f5698ffbd9}'/><EventID>1<\/EventID><Version>5<\/Version><Level>4<\/Level><Task>1<\/Task><Opcode>0<\/Opcode><Keywords>0x8000000000000000<\/Keywords><TimeCreated SystemTime='2026-04-21T23:28:14.0055687Z'/><EventRecordID>9143<\/EventRecordID><Correlation/><Execution ProcessID='3120' ThreadID='4792'/><Channel>Microsoft-Windows-Sysmon/Operational<\/Channel><Computer>DESKTOP-AK0R2QL<\/Computer><Security UserID='S-1-5-18'/><\/System><EventData><Data Name='RuleName'>-<\/Data><Data Name='UtcTime'>2026-04-21 23:28:13.999<\/Data><Data Name='ProcessGuid'>{5123a105-080d-69e8-1f01-000000000a00}<\/Data><Data Name='ProcessId'>1888<\/Data><Data Name='Image'>C:\\Windows\\System32\\WindowsPowerShell\\v1.0\\powershell.exe<\/Data><Data Name='FileVersion'>10.0.19041.546 (WinBuild.160101.0800)<\/Data><Data Name='Description'>Windows PowerShell<\/Data><Data Name='Product'>Microsoft® Windows® Operating System<\/Data><Data Name='Company'>Microsoft Corporation<\/Data><Data Name='OriginalFileName'>PowerShell.EXE<\/Data><Data Name='CommandLine'>\"C:\\Windows\\System32\\WindowsPowerShell\\v1.0\\powershell.exe\" \"-Command\" \"if((Get-ExecutionPolicy ) -ne 'AllSigned') { Set-ExecutionPolicy -Scope Process Bypass }; &amp; 'C:\\Users\\MLATech\\Desktop\\ticket2_bruteforce.ps1'\"<\/Data><Data Name='CurrentDirectory'>C:\\Users\\MLATech\\Desktop\\<\/Data><Data Name='User'>DESKTOP-AK0R2QL\\MLATech<\/Data><Data Name='LogonGuid'>{5123a105-07dd-69e8-29d4-090000000000}<\/Data><Data Name='LogonId'>0x9d429<\/Data><Data Name='TerminalSessionId'>1<\/Data><Data Name='IntegrityLevel'>Medium<\/Data><Data Name='Hashes'>MD5=04029E121A0CFA5991749937DD22A1D9,SHA256=9F914D42706FE215501044ACD85A32D58AAEF1419D404FDDFA5D3B48F66CCD9F,IMPHASH=7C955A0ABC747F57CCC4324480737EF7<\/Data><Data Name='ParentProcessGuid'>{5123a105-07de-69e8-f500-000000000a00}<\/Data><Data Name='ParentProcessId'>3512<\/Data><Data Name='ParentImage'>C:\\Windows\\explorer.exe<\/Data><Data Name='ParentCommandLine'>C:\\Windows\\Explorer.EXE<\/Data><Data Name='ParentUser'>DESKTOP-AK0R2QL\\MLATech<\/Data><\/EventData><\/Event>","_time":"2026-04-22T07:28:14.005+0800","action":"allowed","dest":"DESKTOP-AK0R2QL","dvc":"DESKTOP-AK0R2QL","eventtype":"ms-sysmon-process","host":"DESKTOP-AK0R2QL","index":"soc_tickets_1","linecount":"1","original_file_name":"PowerShell.EXE","os":"Microsoft Windows","parent_process":"C:\\Windows\\Explorer.EXE","parent_process_exec":"explorer.exe","parent_process_guid":"{5123a105-07de-69e8-f500-000000000a00}","parent_process_id":"3512","parent_process_name":"explorer.exe","parent_process_path":"C:\\Windows\\explorer.exe","process":"\"C:\\Windows\\System32\\WindowsPowerShell\\v1.0\\powershell.exe\" \"-Command\" \"if((Get-ExecutionPolicy ) -ne 'AllSigned') { Set-ExecutionPolicy -Scope Process Bypass }; &amp; 'C:\\Users\\MLATech\\Desktop\\ticket2_bruteforce.ps1'\"","process_current_directory":"C:\\Users\\MLATech\\Desktop\\","process_exec":"powershell.exe","process_guid":"{5123a105-080d-69e8-1f01-000000000a00}","process_hash":"MD5=04029E121A0CFA5991749937DD22A1D9,SHA256=9F914D42706FE215501044ACD85A32D58AAEF1419D404FDDFA5D3B48F66CCD9F,IMPHASH=7C955A0ABC747F57CCC4324480737EF7","process_id":"1888","process_integrity_level":"Medium","process_name":"powershell.exe","process_path":"C:\\Windows\\System32\\WindowsPowerShell\\v1.0\\powershell.exe","punct":"<_='://../////'><><_='--'_='{----}'/><><\/><><\/><><","signature":"Process creation","signature_id":"1","source":"XmlWinEventLog:Microsoft-Windows-Sysmon/Operational","sourcetype":"xmlwineventlog","splunk_server":"MLATech","tag":["process","report"],"tag::eventtype":["process","report"],"user":"MLATech","vendor_product":"Microsoft Sysmon","xmlns":"'http://schemas.microsoft.com/win/2004/08/events/event'"}}
