{"preview":false,"result":{"CommandLine":"\"C:\\Program Files\\SplunkUniversalForwarder\\bin\\splunk-netmon.exe\"","Company":"Splunk Inc.","Computer":"DESKTOP-AK0R2QL","CurrentDirectory":"C:\\Windows\\system32\\","Description":"Network monitor","EventChannel":"Microsoft-Windows-Sysmon/Operational","EventCode":"1","EventDescription":"Process creation","EventID":"1","FileVersion":"10.2.2","Guid":"'{5770385f-c22a-43e0-bf4c-06f5698ffbd9}'","Hashes":"MD5=99A879BD9868959F7A61DE8BBD8AA6E7,SHA256=37C284C4F6F6D0ADFC0A31A7F571DA6F60DED135A1BA3DE3F3411A63171E9ACC,IMPHASH=565509F9B39F8D2BA38747CD4F4E5C6C","IMPHASH":"565509F9B39F8D2BA38747CD4F4E5C6C","Image":"C:\\Program Files\\SplunkUniversalForwarder\\bin\\splunk-netmon.exe","IntegrityLevel":"System","Keywords":"0x8000000000000000","Level":"4","LogonGuid":"{5123a105-a57f-69e8-e703-000000000000}","LogonId":"0x3e7","MD5":"99A879BD9868959F7A61DE8BBD8AA6E7","Name":"'Microsoft-Windows-Sysmon'","Opcode":"0","OriginalFileName":"splunk-netmon.exe","ParentCommandLine":"\"C:\\Program Files\\SplunkUniversalForwarder\\bin\\splunkd.exe\" service","ParentImage":"C:\\Program Files\\SplunkUniversalForwarder\\bin\\splunkd.exe","ParentProcessGuid":"{5123a105-0062-69e8-be01-000000000900}","ParentProcessId":"5968","ParentUser":"NT AUTHORITY\\SYSTEM","ProcessGuid":"{5123a105-0422-69e8-a402-000000000900}","ProcessID":"'3376'","ProcessId":"3948","Product":"Splunk Application","RecordID":"8654","RuleName":"-","SHA256":"37C284C4F6F6D0ADFC0A31A7F571DA6F60DED135A1BA3DE3F3411A63171E9ACC","SecurityID":"S-1-5-18","SystemTime":"'2026-04-21T23:11:30.7552579Z'","Task":"1","TerminalSessionId":"0","ThreadID":"'4508'","TimeCreated":"2026-04-21T23:11:30.7552579Z","User":"NT AUTHORITY\\SYSTEM","UserID":"'S-1-5-18'","UtcTime":"2026-04-21 23:11:30.753","Version":"5","_raw":"<Event xmlns='http://schemas.microsoft.com/win/2004/08/events/event'><System><Provider Name='Microsoft-Windows-Sysmon' Guid='{5770385f-c22a-43e0-bf4c-06f5698ffbd9}'/><EventID>1<\/EventID><Version>5<\/Version><Level>4<\/Level><Task>1<\/Task><Opcode>0<\/Opcode><Keywords>0x8000000000000000<\/Keywords><TimeCreated SystemTime='2026-04-21T23:11:30.7552579Z'/><EventRecordID>8654<\/EventRecordID><Correlation/><Execution ProcessID='3376' ThreadID='4508'/><Channel>Microsoft-Windows-Sysmon/Operational<\/Channel><Computer>DESKTOP-AK0R2QL<\/Computer><Security UserID='S-1-5-18'/><\/System><EventData><Data Name='RuleName'>-<\/Data><Data Name='UtcTime'>2026-04-21 23:11:30.753<\/Data><Data Name='ProcessGuid'>{5123a105-0422-69e8-a402-000000000900}<\/Data><Data Name='ProcessId'>3948<\/Data><Data Name='Image'>C:\\Program Files\\SplunkUniversalForwarder\\bin\\splunk-netmon.exe<\/Data><Data Name='FileVersion'>10.2.2<\/Data><Data Name='Description'>Network monitor<\/Data><Data Name='Product'>Splunk Application<\/Data><Data Name='Company'>Splunk Inc.<\/Data><Data Name='OriginalFileName'>splunk-netmon.exe<\/Data><Data Name='CommandLine'>\"C:\\Program Files\\SplunkUniversalForwarder\\bin\\splunk-netmon.exe\"<\/Data><Data Name='CurrentDirectory'>C:\\Windows\\system32\\<\/Data><Data Name='User'>NT AUTHORITY\\SYSTEM<\/Data><Data Name='LogonGuid'>{5123a105-a57f-69e8-e703-000000000000}<\/Data><Data Name='LogonId'>0x3e7<\/Data><Data Name='TerminalSessionId'>0<\/Data><Data Name='IntegrityLevel'>System<\/Data><Data Name='Hashes'>MD5=99A879BD9868959F7A61DE8BBD8AA6E7,SHA256=37C284C4F6F6D0ADFC0A31A7F571DA6F60DED135A1BA3DE3F3411A63171E9ACC,IMPHASH=565509F9B39F8D2BA38747CD4F4E5C6C<\/Data><Data Name='ParentProcessGuid'>{5123a105-0062-69e8-be01-000000000900}<\/Data><Data Name='ParentProcessId'>5968<\/Data><Data Name='ParentImage'>C:\\Program Files\\SplunkUniversalForwarder\\bin\\splunkd.exe<\/Data><Data Name='ParentCommandLine'>\"C:\\Program Files\\SplunkUniversalForwarder\\bin\\splunkd.exe\" service<\/Data><Data Name='ParentUser'>NT AUTHORITY\\SYSTEM<\/Data><\/EventData><\/Event>","_time":"2026-04-22T07:11:30.755+0800","action":"allowed","dest":"DESKTOP-AK0R2QL","dvc":"DESKTOP-AK0R2QL","eventtype":"ms-sysmon-process","host":"DESKTOP-AK0R2QL","index":"soc_tickets_1","linecount":"1","original_file_name":"splunk-netmon.exe","os":"Microsoft Windows","parent_process":"\"C:\\Program Files\\SplunkUniversalForwarder\\bin\\splunkd.exe\" service","parent_process_exec":"splunkd.exe","parent_process_guid":"{5123a105-0062-69e8-be01-000000000900}","parent_process_id":"5968","parent_process_name":"splunkd.exe","parent_process_path":"C:\\Program Files\\SplunkUniversalForwarder\\bin\\splunkd.exe","process":"\"C:\\Program Files\\SplunkUniversalForwarder\\bin\\splunk-netmon.exe\"","process_current_directory":"C:\\Windows\\system32\\","process_exec":"splunk-netmon.exe","process_guid":"{5123a105-0422-69e8-a402-000000000900}","process_hash":"MD5=99A879BD9868959F7A61DE8BBD8AA6E7,SHA256=37C284C4F6F6D0ADFC0A31A7F571DA6F60DED135A1BA3DE3F3411A63171E9ACC,IMPHASH=565509F9B39F8D2BA38747CD4F4E5C6C","process_id":"3948","process_integrity_level":"System","process_name":"splunk-netmon.exe","process_path":"C:\\Program Files\\SplunkUniversalForwarder\\bin\\splunk-netmon.exe","punct":"<_='://../////'><><_='--'_='{----}'/><><\/><><\/><><","signature":"Process creation","signature_id":"1","source":"XmlWinEventLog:Microsoft-Windows-Sysmon/Operational","sourcetype":"xmlwineventlog","splunk_server":"MLATech","tag":["process","report"],"tag::eventtype":["process","report"],"user":"SYSTEM","vendor_product":"Microsoft Sysmon","xmlns":"'http://schemas.microsoft.com/win/2004/08/events/event'"}}
{"preview":false,"result":{"CommandLine":"\"C:\\Program Files\\SplunkUniversalForwarder\\bin\\splunk-admon.exe\"","Company":"Splunk Inc.","Computer":"DESKTOP-AK0R2QL","CurrentDirectory":"C:\\Windows\\system32\\","Description":"Active Directory monitor","EventChannel":"Microsoft-Windows-Sysmon/Operational","EventCode":"1","EventDescription":"Process creation","EventID":"1","FileVersion":"10.2.2","Guid":"'{5770385f-c22a-43e0-bf4c-06f5698ffbd9}'","Hashes":"MD5=5B381711DE49227864BC59B0B38DE22D,SHA256=A12B31713361DAE066E4C01B55A3E4EEF9745B01727F698A35D989AC66B49A0C,IMPHASH=51F9225483E2C57FDF098160AEE864C0","IMPHASH":"51F9225483E2C57FDF098160AEE864C0","Image":"C:\\Program Files\\SplunkUniversalForwarder\\bin\\splunk-admon.exe","IntegrityLevel":"System","Keywords":"0x8000000000000000","Level":"4","LogonGuid":"{5123a105-a57f-69e8-e703-000000000000}","LogonId":"0x3e7","MD5":"5B381711DE49227864BC59B0B38DE22D","Name":"'Microsoft-Windows-Sysmon'","Opcode":"0","OriginalFileName":"splunk-admon.exe","ParentCommandLine":"\"C:\\Program Files\\SplunkUniversalForwarder\\bin\\splunkd.exe\" service","ParentImage":"C:\\Program Files\\SplunkUniversalForwarder\\bin\\splunkd.exe","ParentProcessGuid":"{5123a105-0062-69e8-be01-000000000900}","ParentProcessId":"5968","ParentUser":"NT AUTHORITY\\SYSTEM","ProcessGuid":"{5123a105-0421-69e8-a302-000000000900}","ProcessID":"'3376'","ProcessId":"6572","Product":"splunk Application","RecordID":"8653","RuleName":"-","SHA256":"A12B31713361DAE066E4C01B55A3E4EEF9745B01727F698A35D989AC66B49A0C","SecurityID":"S-1-5-18","SystemTime":"'2026-04-21T23:11:29.9699767Z'","Task":"1","TerminalSessionId":"0","ThreadID":"'4508'","TimeCreated":"2026-04-21T23:11:29.9699767Z","User":"NT AUTHORITY\\SYSTEM","UserID":"'S-1-5-18'","UtcTime":"2026-04-21 23:11:29.968","Version":"5","_raw":"<Event xmlns='http://schemas.microsoft.com/win/2004/08/events/event'><System><Provider Name='Microsoft-Windows-Sysmon' Guid='{5770385f-c22a-43e0-bf4c-06f5698ffbd9}'/><EventID>1<\/EventID><Version>5<\/Version><Level>4<\/Level><Task>1<\/Task><Opcode>0<\/Opcode><Keywords>0x8000000000000000<\/Keywords><TimeCreated SystemTime='2026-04-21T23:11:29.9699767Z'/><EventRecordID>8653<\/EventRecordID><Correlation/><Execution ProcessID='3376' ThreadID='4508'/><Channel>Microsoft-Windows-Sysmon/Operational<\/Channel><Computer>DESKTOP-AK0R2QL<\/Computer><Security UserID='S-1-5-18'/><\/System><EventData><Data Name='RuleName'>-<\/Data><Data Name='UtcTime'>2026-04-21 23:11:29.968<\/Data><Data Name='ProcessGuid'>{5123a105-0421-69e8-a302-000000000900}<\/Data><Data Name='ProcessId'>6572<\/Data><Data Name='Image'>C:\\Program Files\\SplunkUniversalForwarder\\bin\\splunk-admon.exe<\/Data><Data Name='FileVersion'>10.2.2<\/Data><Data Name='Description'>Active Directory monitor<\/Data><Data Name='Product'>splunk Application<\/Data><Data Name='Company'>Splunk Inc.<\/Data><Data Name='OriginalFileName'>splunk-admon.exe<\/Data><Data Name='CommandLine'>\"C:\\Program Files\\SplunkUniversalForwarder\\bin\\splunk-admon.exe\"<\/Data><Data Name='CurrentDirectory'>C:\\Windows\\system32\\<\/Data><Data Name='User'>NT AUTHORITY\\SYSTEM<\/Data><Data Name='LogonGuid'>{5123a105-a57f-69e8-e703-000000000000}<\/Data><Data Name='LogonId'>0x3e7<\/Data><Data Name='TerminalSessionId'>0<\/Data><Data Name='IntegrityLevel'>System<\/Data><Data Name='Hashes'>MD5=5B381711DE49227864BC59B0B38DE22D,SHA256=A12B31713361DAE066E4C01B55A3E4EEF9745B01727F698A35D989AC66B49A0C,IMPHASH=51F9225483E2C57FDF098160AEE864C0<\/Data><Data Name='ParentProcessGuid'>{5123a105-0062-69e8-be01-000000000900}<\/Data><Data Name='ParentProcessId'>5968<\/Data><Data Name='ParentImage'>C:\\Program Files\\SplunkUniversalForwarder\\bin\\splunkd.exe<\/Data><Data Name='ParentCommandLine'>\"C:\\Program Files\\SplunkUniversalForwarder\\bin\\splunkd.exe\" service<\/Data><Data Name='ParentUser'>NT AUTHORITY\\SYSTEM<\/Data><\/EventData><\/Event>","_time":"2026-04-22T07:11:29.969+0800","action":"allowed","dest":"DESKTOP-AK0R2QL","dvc":"DESKTOP-AK0R2QL","eventtype":"ms-sysmon-process","host":"DESKTOP-AK0R2QL","index":"soc_tickets_1","linecount":"1","original_file_name":"splunk-admon.exe","os":"Microsoft Windows","parent_process":"\"C:\\Program Files\\SplunkUniversalForwarder\\bin\\splunkd.exe\" service","parent_process_exec":"splunkd.exe","parent_process_guid":"{5123a105-0062-69e8-be01-000000000900}","parent_process_id":"5968","parent_process_name":"splunkd.exe","parent_process_path":"C:\\Program Files\\SplunkUniversalForwarder\\bin\\splunkd.exe","process":"\"C:\\Program Files\\SplunkUniversalForwarder\\bin\\splunk-admon.exe\"","process_current_directory":"C:\\Windows\\system32\\","process_exec":"splunk-admon.exe","process_guid":"{5123a105-0421-69e8-a302-000000000900}","process_hash":"MD5=5B381711DE49227864BC59B0B38DE22D,SHA256=A12B31713361DAE066E4C01B55A3E4EEF9745B01727F698A35D989AC66B49A0C,IMPHASH=51F9225483E2C57FDF098160AEE864C0","process_id":"6572","process_integrity_level":"System","process_name":"splunk-admon.exe","process_path":"C:\\Program Files\\SplunkUniversalForwarder\\bin\\splunk-admon.exe","punct":"<_='://../////'><><_='--'_='{----}'/><><\/><><\/><><","signature":"Process creation","signature_id":"1","source":"XmlWinEventLog:Microsoft-Windows-Sysmon/Operational","sourcetype":"xmlwineventlog","splunk_server":"MLATech","tag":["process","report"],"tag::eventtype":["process","report"],"user":"SYSTEM","vendor_product":"Microsoft Sysmon","xmlns":"'http://schemas.microsoft.com/win/2004/08/events/event'"}}
{"preview":false,"result":{"CommandLine":"\"C:\\Program Files\\SplunkUniversalForwarder\\bin\\splunk-MonitorNoHandle.exe\"","Company":"Windows (R) Win 7 DDK provider","Computer":"DESKTOP-AK0R2QL","CurrentDirectory":"C:\\Windows\\system32\\","Description":"SplunkMonNoHandle Control Program","EventChannel":"Microsoft-Windows-Sysmon/Operational","EventCode":"1","EventDescription":"Process creation","EventID":"1","FileVersion":"10.0.10011.16384","Guid":"'{5770385f-c22a-43e0-bf4c-06f5698ffbd9}'","Hashes":"MD5=B7D98218851DBBB5332F4FAAF78C71DE,SHA256=302216DB5D47CE0E6D34F161804C966ABB917D7E665899CC060E718BA8B7682F,IMPHASH=EE3A35E2932400DF6C8D9472B6852CA5","IMPHASH":"EE3A35E2932400DF6C8D9472B6852CA5","Image":"C:\\Program Files\\SplunkUniversalForwarder\\bin\\splunk-MonitorNoHandle.exe","IntegrityLevel":"System","Keywords":"0x8000000000000000","Level":"4","LogonGuid":"{5123a105-a57f-69e8-e703-000000000000}","LogonId":"0x3e7","MD5":"B7D98218851DBBB5332F4FAAF78C71DE","Name":"'Microsoft-Windows-Sysmon'","Opcode":"0","OriginalFileName":"SplunkMonNoHandle.exe","ParentCommandLine":"\"C:\\Program Files\\SplunkUniversalForwarder\\bin\\splunkd.exe\" service","ParentImage":"C:\\Program Files\\SplunkUniversalForwarder\\bin\\splunkd.exe","ParentProcessGuid":"{5123a105-0062-69e8-be01-000000000900}","ParentProcessId":"5968","ParentUser":"NT AUTHORITY\\SYSTEM","ProcessGuid":"{5123a105-0421-69e8-a202-000000000900}","ProcessID":"'3376'","ProcessId":"4516","Product":"Windows (R) Win 7 DDK driver","RecordID":"8652","RuleName":"-","SHA256":"302216DB5D47CE0E6D34F161804C966ABB917D7E665899CC060E718BA8B7682F","SecurityID":"S-1-5-18","SystemTime":"'2026-04-21T23:11:29.2223893Z'","Task":"1","TerminalSessionId":"0","ThreadID":"'4508'","TimeCreated":"2026-04-21T23:11:29.2223893Z","User":"NT AUTHORITY\\SYSTEM","UserID":"'S-1-5-18'","UtcTime":"2026-04-21 23:11:29.221","Version":"5","_raw":"<Event xmlns='http://schemas.microsoft.com/win/2004/08/events/event'><System><Provider Name='Microsoft-Windows-Sysmon' Guid='{5770385f-c22a-43e0-bf4c-06f5698ffbd9}'/><EventID>1<\/EventID><Version>5<\/Version><Level>4<\/Level><Task>1<\/Task><Opcode>0<\/Opcode><Keywords>0x8000000000000000<\/Keywords><TimeCreated SystemTime='2026-04-21T23:11:29.2223893Z'/><EventRecordID>8652<\/EventRecordID><Correlation/><Execution ProcessID='3376' ThreadID='4508'/><Channel>Microsoft-Windows-Sysmon/Operational<\/Channel><Computer>DESKTOP-AK0R2QL<\/Computer><Security UserID='S-1-5-18'/><\/System><EventData><Data Name='RuleName'>-<\/Data><Data Name='UtcTime'>2026-04-21 23:11:29.221<\/Data><Data Name='ProcessGuid'>{5123a105-0421-69e8-a202-000000000900}<\/Data><Data Name='ProcessId'>4516<\/Data><Data Name='Image'>C:\\Program Files\\SplunkUniversalForwarder\\bin\\splunk-MonitorNoHandle.exe<\/Data><Data Name='FileVersion'>10.0.10011.16384<\/Data><Data Name='Description'>SplunkMonNoHandle Control Program<\/Data><Data Name='Product'>Windows (R) Win 7 DDK driver<\/Data><Data Name='Company'>Windows (R) Win 7 DDK provider<\/Data><Data Name='OriginalFileName'>SplunkMonNoHandle.exe<\/Data><Data Name='CommandLine'>\"C:\\Program Files\\SplunkUniversalForwarder\\bin\\splunk-MonitorNoHandle.exe\"<\/Data><Data Name='CurrentDirectory'>C:\\Windows\\system32\\<\/Data><Data Name='User'>NT AUTHORITY\\SYSTEM<\/Data><Data Name='LogonGuid'>{5123a105-a57f-69e8-e703-000000000000}<\/Data><Data Name='LogonId'>0x3e7<\/Data><Data Name='TerminalSessionId'>0<\/Data><Data Name='IntegrityLevel'>System<\/Data><Data Name='Hashes'>MD5=B7D98218851DBBB5332F4FAAF78C71DE,SHA256=302216DB5D47CE0E6D34F161804C966ABB917D7E665899CC060E718BA8B7682F,IMPHASH=EE3A35E2932400DF6C8D9472B6852CA5<\/Data><Data Name='ParentProcessGuid'>{5123a105-0062-69e8-be01-000000000900}<\/Data><Data Name='ParentProcessId'>5968<\/Data><Data Name='ParentImage'>C:\\Program Files\\SplunkUniversalForwarder\\bin\\splunkd.exe<\/Data><Data Name='ParentCommandLine'>\"C:\\Program Files\\SplunkUniversalForwarder\\bin\\splunkd.exe\" service<\/Data><Data Name='ParentUser'>NT AUTHORITY\\SYSTEM<\/Data><\/EventData><\/Event>","_time":"2026-04-22T07:11:29.222+0800","action":"allowed","dest":"DESKTOP-AK0R2QL","dvc":"DESKTOP-AK0R2QL","eventtype":"ms-sysmon-process","host":"DESKTOP-AK0R2QL","index":"soc_tickets_1","linecount":"1","original_file_name":"SplunkMonNoHandle.exe","os":"Microsoft Windows","parent_process":"\"C:\\Program Files\\SplunkUniversalForwarder\\bin\\splunkd.exe\" service","parent_process_exec":"splunkd.exe","parent_process_guid":"{5123a105-0062-69e8-be01-000000000900}","parent_process_id":"5968","parent_process_name":"splunkd.exe","parent_process_path":"C:\\Program Files\\SplunkUniversalForwarder\\bin\\splunkd.exe","process":"\"C:\\Program Files\\SplunkUniversalForwarder\\bin\\splunk-MonitorNoHandle.exe\"","process_current_directory":"C:\\Windows\\system32\\","process_exec":"splunk-MonitorNoHandle.exe","process_guid":"{5123a105-0421-69e8-a202-000000000900}","process_hash":"MD5=B7D98218851DBBB5332F4FAAF78C71DE,SHA256=302216DB5D47CE0E6D34F161804C966ABB917D7E665899CC060E718BA8B7682F,IMPHASH=EE3A35E2932400DF6C8D9472B6852CA5","process_id":"4516","process_integrity_level":"System","process_name":"splunk-MonitorNoHandle.exe","process_path":"C:\\Program Files\\SplunkUniversalForwarder\\bin\\splunk-MonitorNoHandle.exe","punct":"<_='://../////'><><_='--'_='{----}'/><><\/><><\/><><","signature":"Process creation","signature_id":"1","source":"XmlWinEventLog:Microsoft-Windows-Sysmon/Operational","sourcetype":"xmlwineventlog","splunk_server":"MLATech","tag":["process","report"],"tag::eventtype":["process","report"],"user":"SYSTEM","vendor_product":"Microsoft Sysmon","xmlns":"'http://schemas.microsoft.com/win/2004/08/events/event'"}}
{"preview":false,"result":{"ActivityID":"'{4ed4fa8c-d244-0003-010f-d54e44d2dc01}'","Guid":"'{a0c1853b-5c40-4b15-8766-3cf1c58f985a}'","Name":"'Microsoft-Windows-PowerShell'","ProcessID":"'3020'","SystemTime":"'2026-04-21T23:11:23.7015155Z'","ThreadID":"'5976'","UserID":"'S-1-5-21-1419731445-3156843934-2716133192-1001'","_raw":"<Event xmlns='http://schemas.microsoft.com/win/2004/08/events/event'><System><Provider Name='Microsoft-Windows-PowerShell' Guid='{a0c1853b-5c40-4b15-8766-3cf1c58f985a}'/><EventID>4104<\/EventID><Version>1<\/Version><Level>5<\/Level><Task>2<\/Task><Opcode>15<\/Opcode><Keywords>0x0<\/Keywords><TimeCreated SystemTime='2026-04-21T23:11:23.7015155Z'/><EventRecordID>371<\/EventRecordID><Correlation ActivityID='{4ed4fa8c-d244-0003-010f-d54e44d2dc01}'/><Execution ProcessID='3020' ThreadID='5976'/><Channel>Microsoft-Windows-PowerShell/Operational<\/Channel><Computer>DESKTOP-AK0R2QL<\/Computer><Security UserID='S-1-5-21-1419731445-3156843934-2716133192-1001'/><\/System><EventData><Data Name='MessageNumber'>1<\/Data><Data Name='MessageTotal'>1<\/Data><Data Name='ScriptBlockText'>prompt<\/Data><Data Name='ScriptBlockId'>a28cdc31-371d-46c8-b8f7-637f05095366<\/Data><Data Name='Path'><\/Data><\/EventData><\/Event>","_time":"2026-04-22T07:11:23.701+0800","host":"DESKTOP-AK0R2QL","index":"soc_tickets_1","linecount":"1","punct":"<_='://../////'><><_='--'_='{----}'/><><\/><><\/><><","source":"XmlWinEventLog:Microsoft-Windows-PowerShell/Operational","sourcetype":"XmlWinEventLog:Microsoft-Windows-PowerShell/Operational","splunk_server":"MLATech","xmlns":"'http://schemas.microsoft.com/win/2004/08/events/event'"}}
{"preview":false,"result":{"ActivityID":"'{4ed4fa8c-d244-0002-3a06-d54e44d2dc01}'","Guid":"'{a0c1853b-5c40-4b15-8766-3cf1c58f985a}'","Name":"'Microsoft-Windows-PowerShell'","ProcessID":"'3020'","SystemTime":"'2026-04-21T23:11:23.6917746Z'","ThreadID":"'5976'","UserID":"'S-1-5-21-1419731445-3156843934-2716133192-1001'","_raw":"<Event xmlns='http://schemas.microsoft.com/win/2004/08/events/event'><System><Provider Name='Microsoft-Windows-PowerShell' Guid='{a0c1853b-5c40-4b15-8766-3cf1c58f985a}'/><EventID>4104<\/EventID><Version>1<\/Version><Level>5<\/Level><Task>2<\/Task><Opcode>15<\/Opcode><Keywords>0x0<\/Keywords><TimeCreated SystemTime='2026-04-21T23:11:23.6917746Z'/><EventRecordID>370<\/EventRecordID><Correlation ActivityID='{4ed4fa8c-d244-0002-3a06-d54e44d2dc01}'/><Execution ProcessID='3020' ThreadID='5976'/><Channel>Microsoft-Windows-PowerShell/Operational<\/Channel><Computer>DESKTOP-AK0R2QL<\/Computer><Security UserID='S-1-5-21-1419731445-3156843934-2716133192-1001'/><\/System><EventData><Data Name='MessageNumber'>1<\/Data><Data Name='MessageTotal'>1<\/Data><Data Name='ScriptBlockText'>{\r\n    $_ | ConvertTo-Json -Compress\r\n}<\/Data><Data Name='ScriptBlockId'>96b5aee6-d171-45df-bb87-bf65071cb7e4<\/Data><Data Name='Path'>C:\\Users\\MLATech\\Desktop\\ticket1_impossible_travel.ps1<\/Data><\/EventData><\/Event>","_time":"2026-04-22T07:11:23.691+0800","host":"DESKTOP-AK0R2QL","index":"soc_tickets_1","linecount":"3","punct":"<_='://../////'><><_='--'_='{----}'/><><\/><><\/><><","source":"XmlWinEventLog:Microsoft-Windows-PowerShell/Operational","sourcetype":"XmlWinEventLog:Microsoft-Windows-PowerShell/Operational","splunk_server":"MLATech","xmlns":"'http://schemas.microsoft.com/win/2004/08/events/event'"}}
{"preview":false,"result":{"ActivityID":"'{4ed4fa8c-d244-0002-3206-d54e44d2dc01}'","ErrorActionPreference":"'Stop'","Guid":"'{a0c1853b-5c40-4b15-8766-3cf1c58f985a}'","Name":"'Microsoft-Windows-PowerShell'","ProcessID":"'3020'","SystemTime":"'2026-04-21T23:11:23.6897941Z'","ThreadID":"'5976'","UserID":"'S-1-5-21-1419731445-3156843934-2716133192-1001'","_raw":"<Event xmlns='http://schemas.microsoft.com/win/2004/08/events/event'><System><Provider Name='Microsoft-Windows-PowerShell' Guid='{a0c1853b-5c40-4b15-8766-3cf1c58f985a}'/><EventID>4104<\/EventID><Version>1<\/Version><Level>5<\/Level><Task>2<\/Task><Opcode>15<\/Opcode><Keywords>0x0<\/Keywords><TimeCreated SystemTime='2026-04-21T23:11:23.6897941Z'/><EventRecordID>369<\/EventRecordID><Correlation ActivityID='{4ed4fa8c-d244-0002-3206-d54e44d2dc01}'/><Execution ProcessID='3020' ThreadID='5976'/><Channel>Microsoft-Windows-PowerShell/Operational<\/Channel><Computer>DESKTOP-AK0R2QL<\/Computer><Security UserID='S-1-5-21-1419731445-3156843934-2716133192-1001'/><\/System><EventData><Data Name='MessageNumber'>1<\/Data><Data Name='MessageTotal'>1<\/Data><Data Name='ScriptBlockText'>$ErrorActionPreference = 'Stop'\r\n\r\n$cloudDir = \"C:\\LabLogs\\Cloud\"\r\nNew-Item -ItemType Directory -Path $cloudDir -Force | Out-Null\r\n\r\n$time1 = (Get-Date).AddMinutes(-45).ToUniversalTime().ToString(\"yyyy-MM-ddTHH:mm:ssZ\")\r\n$time2 = (Get-Date).ToUniversalTime().ToString(\"yyyy-MM-ddTHH:mm:ssZ\")\r\n$stamp = Get-Date -Format \"yyyyMMdd_HHmmss\"\r\n\r\n$file = Join-Path $cloudDir \"cloud_identity_$stamp.json\"\r\n\r\n$events = @(\r\n    @{\r\n        timestamp  = $time1\r\n        user       = \"j.smith@company.local\"\r\n        action     = \"login_success\"\r\n        ip         = \"112.198.100.2\"\r\n        location   = \"Manila, Philippines\"\r\n        app        = \"AzureAD\"\r\n        user_agent = \"Mozilla/5.0 (Windows NT 10.0; Win64; x64)\"\r\n    },\r\n    @{\r\n        timestamp  = $time2\r\n        user       = \"j.smith@company.local\"\r\n        action     = \"login_success\"\r\n        ip         = \"89.208.29.1\"\r\n        location   = \"Amsterdam, Netherlands\"\r\n        app        = \"AzureAD\"\r\n        user_agent = \"Mozilla/5.0 (Windows NT 10.0; Win64; x64)\"\r\n    }\r\n)\r\n\r\n$events | ForEach-Object {\r\n    $_ | ConvertTo-Json -Compress\r\n} | Set-Content -Path $file -Encoding UTF8\r\n\r\nWrite-Host \"[+] Impossible travel log written to $file\" -ForegroundColor Green\r\nWrite-Host \"[+] Wait 30-90 seconds, then search Splunk.\" -ForegroundColor Cyan<\/Data><Data Name='ScriptBlockId'>7c37b70e-5645-4195-b7fb-60ef807398ab<\/Data><Data Name='Path'>C:\\Users\\MLATech\\Desktop\\ticket1_impossible_travel.ps1<\/Data><\/EventData><\/Event>","_time":"2026-04-22T07:11:23.689+0800","action":"login_success","app":"AzureAD","cloudDir":"C:\\LabLogs\\Cloud","events":"@(\r\n    @{\r\n        timestamp  = $time1\r\n        user       = \"j.smith@company.local\"\r\n        action     = \"login_success\"\r\n        ip         = \"112.198.100.2\"\r\n        location   = \"Manila, Philippines\"\r\n        app        = \"AzureAD\"\r\n        user_agent = \"Mozilla/5.0 (Windows NT 10.0; Win64; x64)\"\r\n    },\r\n    @{\r\n        timestamp  = $time2\r\n        user       = \"j.smith@company.local\"\r\n        action     = \"login_success\"\r\n        ip         = \"89.208.29.1\"\r\n        location   = \"Amsterdam, Netherlands\"\r\n        app        = \"AzureAD\"\r\n        user_agent = \"Mozilla/5.0 (Windows NT 10.0; Win64; x64)\"\r\n    }\r\n)","file":"Join-Path","host":"DESKTOP-AK0R2QL","index":"soc_tickets_1","ip":"112.198.100.2","linecount":"38","location":"Manila, Philippines","punct":"<_='://../////'><><_='--'_='{----}'/><><\/><><\/><><","source":"XmlWinEventLog:Microsoft-Windows-PowerShell/Operational","sourcetype":"XmlWinEventLog:Microsoft-Windows-PowerShell/Operational","splunk_server":"MLATech","stamp":"Get-Date","time1":"(Get-Date)","time2":"(Get-Date)","timestamp":"$time1","user":"j.smith@company.local","user_agent":"Mozilla/5.0 (Windows NT 10.0; Win64; x64)","xmlns":"'http://schemas.microsoft.com/win/2004/08/events/event'"}}
{"preview":false,"result":{"ActivityID":"'{4ed4fa8c-d244-0003-000f-d54e44d2dc01}'","Guid":"'{a0c1853b-5c40-4b15-8766-3cf1c58f985a}'","Name":"'Microsoft-Windows-PowerShell'","ProcessID":"'3020'","SystemTime":"'2026-04-21T23:11:23.6875795Z'","ThreadID":"'5976'","UserID":"'S-1-5-21-1419731445-3156843934-2716133192-1001'","_raw":"<Event xmlns='http://schemas.microsoft.com/win/2004/08/events/event'><System><Provider Name='Microsoft-Windows-PowerShell' Guid='{a0c1853b-5c40-4b15-8766-3cf1c58f985a}'/><EventID>4104<\/EventID><Version>1<\/Version><Level>5<\/Level><Task>2<\/Task><Opcode>15<\/Opcode><Keywords>0x0<\/Keywords><TimeCreated SystemTime='2026-04-21T23:11:23.6875795Z'/><EventRecordID>368<\/EventRecordID><Correlation ActivityID='{4ed4fa8c-d244-0003-000f-d54e44d2dc01}'/><Execution ProcessID='3020' ThreadID='5976'/><Channel>Microsoft-Windows-PowerShell/Operational<\/Channel><Computer>DESKTOP-AK0R2QL<\/Computer><Security UserID='S-1-5-21-1419731445-3156843934-2716133192-1001'/><\/System><EventData><Data Name='MessageNumber'>1<\/Data><Data Name='MessageTotal'>1<\/Data><Data Name='ScriptBlockText'>.\\ticket1_impossible_travel.ps1<\/Data><Data Name='ScriptBlockId'>260102a2-7a7c-4c0b-900f-aa2bd323d8d6<\/Data><Data Name='Path'><\/Data><\/EventData><\/Event>","_time":"2026-04-22T07:11:23.687+0800","host":"DESKTOP-AK0R2QL","index":"soc_tickets_1","linecount":"1","punct":"<_='://../////'><><_='--'_='{----}'/><><\/><><\/><><","source":"XmlWinEventLog:Microsoft-Windows-PowerShell/Operational","sourcetype":"XmlWinEventLog:Microsoft-Windows-PowerShell/Operational","splunk_server":"MLATech","xmlns":"'http://schemas.microsoft.com/win/2004/08/events/event'"}}
{"preview":false,"result":{"_raw":"{\"action\":\"login_success\",\"user_agent\":\"Mozilla/5.0 (Windows NT 10.0; Win64; x64)\",\"timestamp\":\"2026-04-21T23:11:23Z\",\"app\":\"AzureAD\",\"ip\":\"89.208.29.1\",\"user\":\"j.smith@company.local\",\"location\":\"Amsterdam, Netherlands\"}","_time":"2026-04-22T07:11:23.000+0800","action":["login_success","login_success"],"app":["AzureAD","AzureAD"],"date_hour":"23","date_mday":"21","date_minute":"11","date_month":"april","date_second":"23","date_wday":"tuesday","date_year":"2026","date_zone":"0","host":"DESKTOP-AK0R2QL","index":"soc_tickets_1","ip":["89.208.29.1","89.208.29.1"],"linecount":"1","location":["Amsterdam, Netherlands","Amsterdam, Netherlands"],"source":"C:\\LabLogs\\Cloud\\cloud_identity_20260421_191123.json","sourcetype":"mlatech:cloud:json","splunk_server":"MLATech","timeendpos":"116","timestamp":["2026-04-21T23:11:23Z","2026-04-21T23:11:23Z"],"timestartpos":"96","user":["j.smith@company.local","j.smith@company.local"],"user_agent":["Mozilla/5.0 (Windows NT 10.0; Win64; x64)","Mozilla/5.0 (Windows NT 10.0; Win64; x64)"]}}
{"preview":false,"lastrow":true,"result":{"_raw":"{\"action\":\"login_success\",\"user_agent\":\"Mozilla/5.0 (Windows NT 10.0; Win64; x64)\",\"timestamp\":\"2026-04-21T22:26:23Z\",\"app\":\"AzureAD\",\"ip\":\"112.198.100.2\",\"user\":\"j.smith@company.local\",\"location\":\"Manila, Philippines\"}","_time":"2026-04-22T06:26:23.000+0800","action":["login_success","login_success"],"app":["AzureAD","AzureAD"],"date_hour":"22","date_mday":"21","date_minute":"26","date_month":"april","date_second":"23","date_wday":"tuesday","date_year":"2026","date_zone":"0","host":"DESKTOP-AK0R2QL","index":"soc_tickets_1","ip":["112.198.100.2","112.198.100.2"],"linecount":"1","location":["Manila, Philippines","Manila, Philippines"],"source":"C:\\LabLogs\\Cloud\\cloud_identity_20260421_191123.json","sourcetype":"mlatech:cloud:json","splunk_server":"MLATech","timeendpos":"116","timestamp":["2026-04-21T22:26:23Z","2026-04-21T22:26:23Z"],"timestartpos":"96","user":["j.smith@company.local","j.smith@company.local"],"user_agent":["Mozilla/5.0 (Windows NT 10.0; Win64; x64)","Mozilla/5.0 (Windows NT 10.0; Win64; x64)"]}}
