{"preview":false,"result":{"Account_Domain":["-","."],"Account_Name":["-","Administrator"],"Authentication_Package":"NTLM","Caller_Process_ID":"0x0","Caller_Process_Name":"-","ComputerName":"DESKTOP-AK0R2QL","EventCode":"4625","EventType":"0","Failure_Reason":"Unknown user name or bad password.","Key_Length":"0","Keywords":"Audit Failure","LogName":"Security","Logon_ID":"0x0","Logon_Process":"NtLmSsp","Logon_Type":"3","Message":"An account failed to log on.\r\n\r\nSubject:\r\n\tSecurity ID:\t\tS-1-0-0\r\n\tAccount Name:\t\t-\r\n\tAccount Domain:\t\t-\r\n\tLogon ID:\t\t0x0\r\n\r\nLogon Type:\t\t\t3\r\n\r\nAccount For Which Logon Failed:\r\n\tSecurity ID:\t\tS-1-0-0\r\n\tAccount Name:\t\tAdministrator\r\n\tAccount Domain:\t\t.\r\n\r\nFailure Information:\r\n\tFailure Reason:\t\tUnknown user name or bad password.\r\n\tStatus:\t\t\t0xC000006D\r\n\tSub Status:\t\t0xC000006A\r\n\r\nProcess Information:\r\n\tCaller Process ID:\t0x0\r\n\tCaller Process Name:\t-\r\n\r\nNetwork Information:\r\n\tWorkstation Name:\tDESKTOP-AK0R2QL\r\n\tSource Network Address:\t127.0.0.1\r\n\tSource Port:\t\t49743\r\n\r\nDetailed Authentication Information:\r\n\tLogon Process:\t\tNtLmSsp \r\n\tAuthentication Package:\tNTLM\r\n\tTransited Services:\t-\r\n\tPackage Name (NTLM only):\t-\r\n\tKey Length:\t\t0\r\n\r\nThis event is generated when a logon request fails. It is generated on the computer where access was attempted.\r\n\r\nThe Subject fields indicate the account on the local system which requested the logon. This is most commonly a service such as the Server service, or a local process such as Winlogon.exe or Services.exe.\r\n\r\nThe Logon Type field indicates the kind of logon that was requested. The most common types are 2 (interactive) and 3 (network).\r\n\r\nThe Process Information fields indicate which account and process on the system requested the logon.\r\n\r\nThe Network Information fields indicate where a remote logon request originated. Workstation name is not always available and may be left blank in some cases.\r\n\r\nThe authentication information fields provide detailed information about this specific logon request.\r\n\t- Transited services indicate which intermediate services have participated in this logon request.\r\n\t- Package name indicates which sub-protocol was used among the NTLM protocols.\r\n\t- Key length indicates the length of the generated session key. This will be 0 if no session key was requested.","OpCode":"Info","Package_Name__NTLM_only_":"-","RecordNumber":"3074","Security_ID":["S-1-0-0","S-1-0-0"],"SourceName":"Microsoft Windows security auditing.","Source_Network_Address":"127.0.0.1","Source_Port":"49743","Status":"0xC000006D","Sub_Status":"0xC000006A","TaskCategory":"Logon","Transited_Services":"-","Type":"Information","Workstation_Name":"DESKTOP-AK0R2QL","_raw":"04/21/2026 07:28:46.917 PM\nLogName=Security\nEventCode=4625\nEventType=0\nComputerName=DESKTOP-AK0R2QL\nSourceName=Microsoft Windows security auditing.\nType=Information\nRecordNumber=3074\nKeywords=Audit Failure\nTaskCategory=Logon\nOpCode=Info\nMessage=An account failed to log on.\r\n\r\nSubject:\r\n\tSecurity ID:\t\tS-1-0-0\r\n\tAccount Name:\t\t-\r\n\tAccount Domain:\t\t-\r\n\tLogon ID:\t\t0x0\r\n\r\nLogon Type:\t\t\t3\r\n\r\nAccount For Which Logon Failed:\r\n\tSecurity ID:\t\tS-1-0-0\r\n\tAccount Name:\t\tAdministrator\r\n\tAccount Domain:\t\t.\r\n\r\nFailure Information:\r\n\tFailure Reason:\t\tUnknown user name or bad password.\r\n\tStatus:\t\t\t0xC000006D\r\n\tSub Status:\t\t0xC000006A\r\n\r\nProcess Information:\r\n\tCaller Process ID:\t0x0\r\n\tCaller Process Name:\t-\r\n\r\nNetwork Information:\r\n\tWorkstation Name:\tDESKTOP-AK0R2QL\r\n\tSource Network Address:\t127.0.0.1\r\n\tSource Port:\t\t49743\r\n\r\nDetailed Authentication Information:\r\n\tLogon Process:\t\tNtLmSsp \r\n\tAuthentication Package:\tNTLM\r\n\tTransited Services:\t-\r\n\tPackage Name (NTLM only):\t-\r\n\tKey Length:\t\t0\r\n\r\nThis event is generated when a logon request fails. It is generated on the computer where access was attempted.\r\n\r\nThe Subject fields indicate the account on the local system which requested the logon. This is most commonly a service such as the Server service, or a local process such as Winlogon.exe or Services.exe.\r\n\r\nThe Logon Type field indicates the kind of logon that was requested. The most common types are 2 (interactive) and 3 (network).\r\n\r\nThe Process Information fields indicate which account and process on the system requested the logon.\r\n\r\nThe Network Information fields indicate where a remote logon request originated. Workstation name is not always available and may be left blank in some cases.\r\n\r\nThe authentication information fields provide detailed information about this specific logon request.\r\n\t- Transited services indicate which intermediate services have participated in this logon request.\r\n\t- Package name indicates which sub-protocol was used among the NTLM protocols.\r\n\t- Key length indicates the length of the generated session key. This will be 0 if no session key was requested.","_time":"2026-04-22T07:28:46.917+0800","host":"DESKTOP-AK0R2QL","index":"soc_tickets_1","linecount":"61","punct":"//_::._====-=___.===_===_____.\\r\\r:\\rt_:tt---\\rt_:tt-\\r","source":"WinEventLog:Security","sourcetype":"WinEventLog:Security","splunk_server":"MLATech"}}
{"preview":false,"result":{"CommandLine":"net  use \\\\127.0.0.1\\IPC$ /user:.\\Administrator BadPass13!","Company":"Microsoft Corporation","Computer":"DESKTOP-AK0R2QL","CurrentDirectory":"C:\\Users\\MLATech\\Desktop\\","Description":"Net Command","EventChannel":"Microsoft-Windows-Sysmon/Operational","EventCode":"1","EventDescription":"Process creation","EventID":"1","FileVersion":"10.0.19041.1 (WinBuild.160101.0800)","Guid":"'{5770385f-c22a-43e0-bf4c-06f5698ffbd9}'","Hashes":"MD5=0BD94A338EEA5A4E1F2830AE326E6D19,SHA256=9F376759BCBCD705F726460FC4A7E2B07F310F52BAA73CAAAAA124FDDBDF993E,IMPHASH=57F0C47AE2A1A2C06C8B987372AB0B07","IMPHASH":"57F0C47AE2A1A2C06C8B987372AB0B07","Image":"C:\\Windows\\System32\\net.exe","IntegrityLevel":"Medium","Keywords":"0x8000000000000000","Level":"4","LogonGuid":"{5123a105-07dd-69e8-29d4-090000000000}","LogonId":"0x9d429","MD5":"0BD94A338EEA5A4E1F2830AE326E6D19","Name":"'Microsoft-Windows-Sysmon'","Opcode":"0","OriginalFileName":"net.exe","ParentCommandLine":"\"C:\\Windows\\system32\\cmd.exe\" /c \"net use \\\\127.0.0.1\\IPC$ /user:.\\Administrator BadPass13! &gt;nul 2&gt;&amp;1\"","ParentImage":"C:\\Windows\\System32\\cmd.exe","ParentProcessGuid":"{5123a105-082e-69e8-4b01-000000000a00}","ParentProcessId":"7932","ParentUser":"DESKTOP-AK0R2QL\\MLATech","ProcessGuid":"{5123a105-082e-69e8-4c01-000000000a00}","ProcessID":"'3120'","ProcessId":"7908","Product":"Microsoft® Windows® Operating System","RecordID":"9178","RuleName":"-","SHA256":"9F376759BCBCD705F726460FC4A7E2B07F310F52BAA73CAAAAA124FDDBDF993E","SecurityID":"S-1-5-18","SystemTime":"'2026-04-21T23:28:46.8872522Z'","Task":"1","TerminalSessionId":"1","ThreadID":"'4792'","TimeCreated":"2026-04-21T23:28:46.8872522Z","User":"DESKTOP-AK0R2QL\\MLATech","UserID":"'S-1-5-18'","UtcTime":"2026-04-21 23:28:46.885","Version":"5","_raw":"<Event xmlns='http://schemas.microsoft.com/win/2004/08/events/event'><System><Provider Name='Microsoft-Windows-Sysmon' Guid='{5770385f-c22a-43e0-bf4c-06f5698ffbd9}'/><EventID>1<\/EventID><Version>5<\/Version><Level>4<\/Level><Task>1<\/Task><Opcode>0<\/Opcode><Keywords>0x8000000000000000<\/Keywords><TimeCreated SystemTime='2026-04-21T23:28:46.8872522Z'/><EventRecordID>9178<\/EventRecordID><Correlation/><Execution ProcessID='3120' ThreadID='4792'/><Channel>Microsoft-Windows-Sysmon/Operational<\/Channel><Computer>DESKTOP-AK0R2QL<\/Computer><Security UserID='S-1-5-18'/><\/System><EventData><Data Name='RuleName'>-<\/Data><Data Name='UtcTime'>2026-04-21 23:28:46.885<\/Data><Data Name='ProcessGuid'>{5123a105-082e-69e8-4c01-000000000a00}<\/Data><Data Name='ProcessId'>7908<\/Data><Data Name='Image'>C:\\Windows\\System32\\net.exe<\/Data><Data Name='FileVersion'>10.0.19041.1 (WinBuild.160101.0800)<\/Data><Data Name='Description'>Net Command<\/Data><Data Name='Product'>Microsoft® Windows® Operating System<\/Data><Data Name='Company'>Microsoft Corporation<\/Data><Data Name='OriginalFileName'>net.exe<\/Data><Data Name='CommandLine'>net  use \\\\127.0.0.1\\IPC$ /user:.\\Administrator BadPass13! <\/Data><Data Name='CurrentDirectory'>C:\\Users\\MLATech\\Desktop\\<\/Data><Data Name='User'>DESKTOP-AK0R2QL\\MLATech<\/Data><Data Name='LogonGuid'>{5123a105-07dd-69e8-29d4-090000000000}<\/Data><Data Name='LogonId'>0x9d429<\/Data><Data Name='TerminalSessionId'>1<\/Data><Data Name='IntegrityLevel'>Medium<\/Data><Data Name='Hashes'>MD5=0BD94A338EEA5A4E1F2830AE326E6D19,SHA256=9F376759BCBCD705F726460FC4A7E2B07F310F52BAA73CAAAAA124FDDBDF993E,IMPHASH=57F0C47AE2A1A2C06C8B987372AB0B07<\/Data><Data Name='ParentProcessGuid'>{5123a105-082e-69e8-4b01-000000000a00}<\/Data><Data Name='ParentProcessId'>7932<\/Data><Data Name='ParentImage'>C:\\Windows\\System32\\cmd.exe<\/Data><Data Name='ParentCommandLine'>\"C:\\Windows\\system32\\cmd.exe\" /c \"net use \\\\127.0.0.1\\IPC$ /user:.\\Administrator BadPass13! &gt;nul 2&gt;&amp;1\"<\/Data><Data Name='ParentUser'>DESKTOP-AK0R2QL\\MLATech<\/Data><\/EventData><\/Event>","_time":"2026-04-22T07:28:46.887+0800","action":"allowed","dest":"DESKTOP-AK0R2QL","dvc":"DESKTOP-AK0R2QL","eventtype":"ms-sysmon-process","host":"DESKTOP-AK0R2QL","index":"soc_tickets_1","linecount":"1","original_file_name":"net.exe","os":"Microsoft Windows","parent_process":"\"C:\\Windows\\system32\\cmd.exe\" /c \"net use \\\\127.0.0.1\\IPC$ /user:.\\Administrator BadPass13! &gt;nul 2&gt;&amp;1\"","parent_process_exec":"cmd.exe","parent_process_guid":"{5123a105-082e-69e8-4b01-000000000a00}","parent_process_id":"7932","parent_process_name":"cmd.exe","parent_process_path":"C:\\Windows\\System32\\cmd.exe","process":"net  use \\\\127.0.0.1\\IPC$ /user:.\\Administrator BadPass13!","process_current_directory":"C:\\Users\\MLATech\\Desktop\\","process_exec":"net.exe","process_guid":"{5123a105-082e-69e8-4c01-000000000a00}","process_hash":"MD5=0BD94A338EEA5A4E1F2830AE326E6D19,SHA256=9F376759BCBCD705F726460FC4A7E2B07F310F52BAA73CAAAAA124FDDBDF993E,IMPHASH=57F0C47AE2A1A2C06C8B987372AB0B07","process_id":"7908","process_integrity_level":"Medium","process_name":"net.exe","process_path":"C:\\Windows\\System32\\net.exe","punct":"<_='://../////'><><_='--'_='{----}'/><><\/><><\/><><","signature":"Process creation","signature_id":"1","source":"XmlWinEventLog:Microsoft-Windows-Sysmon/Operational","sourcetype":"xmlwineventlog","splunk_server":"MLATech","tag":["process","report"],"tag::eventtype":["process","report"],"user":"MLATech","vendor_product":"Microsoft Sysmon","xmlns":"'http://schemas.microsoft.com/win/2004/08/events/event'"}}
{"preview":false,"result":{"CommandLine":"\"C:\\Windows\\system32\\cmd.exe\" /c \"net use \\\\127.0.0.1\\IPC$ /user:.\\Administrator BadPass13! &gt;nul 2&gt;&amp;1\"","Company":"Microsoft Corporation","Computer":"DESKTOP-AK0R2QL","CurrentDirectory":"C:\\Users\\MLATech\\Desktop\\","Description":"Windows Command Processor","EventChannel":"Microsoft-Windows-Sysmon/Operational","EventCode":"1","EventDescription":"Process creation","EventID":"1","FileVersion":"10.0.19041.746 (WinBuild.160101.0800)","Guid":"'{5770385f-c22a-43e0-bf4c-06f5698ffbd9}'","Hashes":"MD5=8A2122E8162DBEF04694B9C3E0B6CDEE,SHA256=B99D61D874728EDC0918CA0EB10EAB93D381E7367E377406E65963366C874450,IMPHASH=272245E2988E1E430500B852C4FB5E18","IMPHASH":"272245E2988E1E430500B852C4FB5E18","Image":"C:\\Windows\\System32\\cmd.exe","IntegrityLevel":"Medium","Keywords":"0x8000000000000000","Level":"4","LogonGuid":"{5123a105-07dd-69e8-29d4-090000000000}","LogonId":"0x9d429","MD5":"8A2122E8162DBEF04694B9C3E0B6CDEE","Name":"'Microsoft-Windows-Sysmon'","Opcode":"0","OriginalFileName":"Cmd.Exe","ParentCommandLine":"\"C:\\Windows\\System32\\WindowsPowerShell\\v1.0\\powershell.exe\" \"-Command\" \"if((Get-ExecutionPolicy ) -ne 'AllSigned') { Set-ExecutionPolicy -Scope Process Bypass }; &amp; 'C:\\Users\\MLATech\\Desktop\\ticket2_bruteforce.ps1'\"","ParentImage":"C:\\Windows\\System32\\WindowsPowerShell\\v1.0\\powershell.exe","ParentProcessGuid":"{5123a105-080d-69e8-1f01-000000000a00}","ParentProcessId":"1888","ParentUser":"DESKTOP-AK0R2QL\\MLATech","ProcessGuid":"{5123a105-082e-69e8-4b01-000000000a00}","ProcessID":"'3120'","ProcessId":"7932","Product":"Microsoft® Windows® Operating System","RecordID":"9177","RuleName":"-","SHA256":"B99D61D874728EDC0918CA0EB10EAB93D381E7367E377406E65963366C874450","SecurityID":"S-1-5-18","SystemTime":"'2026-04-21T23:28:46.8704690Z'","Task":"1","TerminalSessionId":"1","ThreadID":"'4792'","TimeCreated":"2026-04-21T23:28:46.8704690Z","User":"DESKTOP-AK0R2QL\\MLATech","UserID":"'S-1-5-18'","UtcTime":"2026-04-21 23:28:46.864","Version":"5","_raw":"<Event xmlns='http://schemas.microsoft.com/win/2004/08/events/event'><System><Provider Name='Microsoft-Windows-Sysmon' Guid='{5770385f-c22a-43e0-bf4c-06f5698ffbd9}'/><EventID>1<\/EventID><Version>5<\/Version><Level>4<\/Level><Task>1<\/Task><Opcode>0<\/Opcode><Keywords>0x8000000000000000<\/Keywords><TimeCreated SystemTime='2026-04-21T23:28:46.8704690Z'/><EventRecordID>9177<\/EventRecordID><Correlation/><Execution ProcessID='3120' ThreadID='4792'/><Channel>Microsoft-Windows-Sysmon/Operational<\/Channel><Computer>DESKTOP-AK0R2QL<\/Computer><Security UserID='S-1-5-18'/><\/System><EventData><Data Name='RuleName'>-<\/Data><Data Name='UtcTime'>2026-04-21 23:28:46.864<\/Data><Data Name='ProcessGuid'>{5123a105-082e-69e8-4b01-000000000a00}<\/Data><Data Name='ProcessId'>7932<\/Data><Data Name='Image'>C:\\Windows\\System32\\cmd.exe<\/Data><Data Name='FileVersion'>10.0.19041.746 (WinBuild.160101.0800)<\/Data><Data Name='Description'>Windows Command Processor<\/Data><Data Name='Product'>Microsoft® Windows® Operating System<\/Data><Data Name='Company'>Microsoft Corporation<\/Data><Data Name='OriginalFileName'>Cmd.Exe<\/Data><Data Name='CommandLine'>\"C:\\Windows\\system32\\cmd.exe\" /c \"net use \\\\127.0.0.1\\IPC$ /user:.\\Administrator BadPass13! &gt;nul 2&gt;&amp;1\"<\/Data><Data Name='CurrentDirectory'>C:\\Users\\MLATech\\Desktop\\<\/Data><Data Name='User'>DESKTOP-AK0R2QL\\MLATech<\/Data><Data Name='LogonGuid'>{5123a105-07dd-69e8-29d4-090000000000}<\/Data><Data Name='LogonId'>0x9d429<\/Data><Data Name='TerminalSessionId'>1<\/Data><Data Name='IntegrityLevel'>Medium<\/Data><Data Name='Hashes'>MD5=8A2122E8162DBEF04694B9C3E0B6CDEE,SHA256=B99D61D874728EDC0918CA0EB10EAB93D381E7367E377406E65963366C874450,IMPHASH=272245E2988E1E430500B852C4FB5E18<\/Data><Data Name='ParentProcessGuid'>{5123a105-080d-69e8-1f01-000000000a00}<\/Data><Data Name='ParentProcessId'>1888<\/Data><Data Name='ParentImage'>C:\\Windows\\System32\\WindowsPowerShell\\v1.0\\powershell.exe<\/Data><Data Name='ParentCommandLine'>\"C:\\Windows\\System32\\WindowsPowerShell\\v1.0\\powershell.exe\" \"-Command\" \"if((Get-ExecutionPolicy ) -ne 'AllSigned') { Set-ExecutionPolicy -Scope Process Bypass }; &amp; 'C:\\Users\\MLATech\\Desktop\\ticket2_bruteforce.ps1'\"<\/Data><Data Name='ParentUser'>DESKTOP-AK0R2QL\\MLATech<\/Data><\/EventData><\/Event>","_time":"2026-04-22T07:28:46.870+0800","action":"allowed","dest":"DESKTOP-AK0R2QL","dvc":"DESKTOP-AK0R2QL","eventtype":"ms-sysmon-process","host":"DESKTOP-AK0R2QL","index":"soc_tickets_1","linecount":"1","original_file_name":"Cmd.Exe","os":"Microsoft Windows","parent_process":"\"C:\\Windows\\System32\\WindowsPowerShell\\v1.0\\powershell.exe\" \"-Command\" \"if((Get-ExecutionPolicy ) -ne 'AllSigned') { Set-ExecutionPolicy -Scope Process Bypass }; &amp; 'C:\\Users\\MLATech\\Desktop\\ticket2_bruteforce.ps1'\"","parent_process_exec":"powershell.exe","parent_process_guid":"{5123a105-080d-69e8-1f01-000000000a00}","parent_process_id":"1888","parent_process_name":"powershell.exe","parent_process_path":"C:\\Windows\\System32\\WindowsPowerShell\\v1.0\\powershell.exe","process":"\"C:\\Windows\\system32\\cmd.exe\" /c \"net use \\\\127.0.0.1\\IPC$ /user:.\\Administrator BadPass13! &gt;nul 2&gt;&amp;1\"","process_current_directory":"C:\\Users\\MLATech\\Desktop\\","process_exec":"cmd.exe","process_guid":"{5123a105-082e-69e8-4b01-000000000a00}","process_hash":"MD5=8A2122E8162DBEF04694B9C3E0B6CDEE,SHA256=B99D61D874728EDC0918CA0EB10EAB93D381E7367E377406E65963366C874450,IMPHASH=272245E2988E1E430500B852C4FB5E18","process_id":"7932","process_integrity_level":"Medium","process_name":"cmd.exe","process_path":"C:\\Windows\\System32\\cmd.exe","punct":"<_='://../////'><><_='--'_='{----}'/><><\/><><\/><><","signature":"Process creation","signature_id":"1","source":"XmlWinEventLog:Microsoft-Windows-Sysmon/Operational","sourcetype":"xmlwineventlog","splunk_server":"MLATech","tag":["process","report"],"tag::eventtype":["process","report"],"user":"MLATech","vendor_product":"Microsoft Sysmon","xmlns":"'http://schemas.microsoft.com/win/2004/08/events/event'"}}
{"preview":false,"result":{"Account_Domain":["-","."],"Account_Name":["-","Administrator"],"Authentication_Package":"NTLM","Caller_Process_ID":"0x0","Caller_Process_Name":"-","ComputerName":"DESKTOP-AK0R2QL","EventCode":"4625","EventType":"0","Failure_Reason":"Unknown user name or bad password.","Key_Length":"0","Keywords":"Audit Failure","LogName":"Security","Logon_ID":"0x0","Logon_Process":"NtLmSsp","Logon_Type":"3","Message":"An account failed to log on.\r\n\r\nSubject:\r\n\tSecurity ID:\t\tS-1-0-0\r\n\tAccount Name:\t\t-\r\n\tAccount Domain:\t\t-\r\n\tLogon ID:\t\t0x0\r\n\r\nLogon Type:\t\t\t3\r\n\r\nAccount For Which Logon Failed:\r\n\tSecurity ID:\t\tS-1-0-0\r\n\tAccount Name:\t\tAdministrator\r\n\tAccount Domain:\t\t.\r\n\r\nFailure Information:\r\n\tFailure Reason:\t\tUnknown user name or bad password.\r\n\tStatus:\t\t\t0xC000006D\r\n\tSub Status:\t\t0xC000006A\r\n\r\nProcess Information:\r\n\tCaller Process ID:\t0x0\r\n\tCaller Process Name:\t-\r\n\r\nNetwork Information:\r\n\tWorkstation Name:\tDESKTOP-AK0R2QL\r\n\tSource Network Address:\t127.0.0.1\r\n\tSource Port:\t\t49741\r\n\r\nDetailed Authentication Information:\r\n\tLogon Process:\t\tNtLmSsp \r\n\tAuthentication Package:\tNTLM\r\n\tTransited Services:\t-\r\n\tPackage Name (NTLM only):\t-\r\n\tKey Length:\t\t0\r\n\r\nThis event is generated when a logon request fails. It is generated on the computer where access was attempted.\r\n\r\nThe Subject fields indicate the account on the local system which requested the logon. This is most commonly a service such as the Server service, or a local process such as Winlogon.exe or Services.exe.\r\n\r\nThe Logon Type field indicates the kind of logon that was requested. The most common types are 2 (interactive) and 3 (network).\r\n\r\nThe Process Information fields indicate which account and process on the system requested the logon.\r\n\r\nThe Network Information fields indicate where a remote logon request originated. Workstation name is not always available and may be left blank in some cases.\r\n\r\nThe authentication information fields provide detailed information about this specific logon request.\r\n\t- Transited services indicate which intermediate services have participated in this logon request.\r\n\t- Package name indicates which sub-protocol was used among the NTLM protocols.\r\n\t- Key length indicates the length of the generated session key. This will be 0 if no session key was requested.","OpCode":"Info","Package_Name__NTLM_only_":"-","RecordNumber":"3072","Security_ID":["S-1-0-0","S-1-0-0"],"SourceName":"Microsoft Windows security auditing.","Source_Network_Address":"127.0.0.1","Source_Port":"49741","Status":"0xC000006D","Sub_Status":"0xC000006A","TaskCategory":"Logon","Transited_Services":"-","Type":"Information","Workstation_Name":"DESKTOP-AK0R2QL","_raw":"04/21/2026 07:28:44.451 PM\nLogName=Security\nEventCode=4625\nEventType=0\nComputerName=DESKTOP-AK0R2QL\nSourceName=Microsoft Windows security auditing.\nType=Information\nRecordNumber=3072\nKeywords=Audit Failure\nTaskCategory=Logon\nOpCode=Info\nMessage=An account failed to log on.\r\n\r\nSubject:\r\n\tSecurity ID:\t\tS-1-0-0\r\n\tAccount Name:\t\t-\r\n\tAccount Domain:\t\t-\r\n\tLogon ID:\t\t0x0\r\n\r\nLogon Type:\t\t\t3\r\n\r\nAccount For Which Logon Failed:\r\n\tSecurity ID:\t\tS-1-0-0\r\n\tAccount Name:\t\tAdministrator\r\n\tAccount Domain:\t\t.\r\n\r\nFailure Information:\r\n\tFailure Reason:\t\tUnknown user name or bad password.\r\n\tStatus:\t\t\t0xC000006D\r\n\tSub Status:\t\t0xC000006A\r\n\r\nProcess Information:\r\n\tCaller Process ID:\t0x0\r\n\tCaller Process Name:\t-\r\n\r\nNetwork Information:\r\n\tWorkstation Name:\tDESKTOP-AK0R2QL\r\n\tSource Network Address:\t127.0.0.1\r\n\tSource Port:\t\t49741\r\n\r\nDetailed Authentication Information:\r\n\tLogon Process:\t\tNtLmSsp \r\n\tAuthentication Package:\tNTLM\r\n\tTransited Services:\t-\r\n\tPackage Name (NTLM only):\t-\r\n\tKey Length:\t\t0\r\n\r\nThis event is generated when a logon request fails. It is generated on the computer where access was attempted.\r\n\r\nThe Subject fields indicate the account on the local system which requested the logon. This is most commonly a service such as the Server service, or a local process such as Winlogon.exe or Services.exe.\r\n\r\nThe Logon Type field indicates the kind of logon that was requested. The most common types are 2 (interactive) and 3 (network).\r\n\r\nThe Process Information fields indicate which account and process on the system requested the logon.\r\n\r\nThe Network Information fields indicate where a remote logon request originated. Workstation name is not always available and may be left blank in some cases.\r\n\r\nThe authentication information fields provide detailed information about this specific logon request.\r\n\t- Transited services indicate which intermediate services have participated in this logon request.\r\n\t- Package name indicates which sub-protocol was used among the NTLM protocols.\r\n\t- Key length indicates the length of the generated session key. This will be 0 if no session key was requested.","_time":"2026-04-22T07:28:44.451+0800","host":"DESKTOP-AK0R2QL","index":"soc_tickets_1","linecount":"61","punct":"//_::._====-=___.===_===_____.\\r\\r:\\rt_:tt---\\rt_:tt-\\r","source":"WinEventLog:Security","sourcetype":"WinEventLog:Security","splunk_server":"MLATech"}}
{"preview":false,"result":{"CommandLine":"net  use \\\\127.0.0.1\\IPC$ /user:.\\Administrator BadPass12!","Company":"Microsoft Corporation","Computer":"DESKTOP-AK0R2QL","CurrentDirectory":"C:\\Users\\MLATech\\Desktop\\","Description":"Net Command","EventChannel":"Microsoft-Windows-Sysmon/Operational","EventCode":"1","EventDescription":"Process creation","EventID":"1","FileVersion":"10.0.19041.1 (WinBuild.160101.0800)","Guid":"'{5770385f-c22a-43e0-bf4c-06f5698ffbd9}'","Hashes":"MD5=0BD94A338EEA5A4E1F2830AE326E6D19,SHA256=9F376759BCBCD705F726460FC4A7E2B07F310F52BAA73CAAAAA124FDDBDF993E,IMPHASH=57F0C47AE2A1A2C06C8B987372AB0B07","IMPHASH":"57F0C47AE2A1A2C06C8B987372AB0B07","Image":"C:\\Windows\\System32\\net.exe","IntegrityLevel":"Medium","Keywords":"0x8000000000000000","Level":"4","LogonGuid":"{5123a105-07dd-69e8-29d4-090000000000}","LogonId":"0x9d429","MD5":"0BD94A338EEA5A4E1F2830AE326E6D19","Name":"'Microsoft-Windows-Sysmon'","Opcode":"0","OriginalFileName":"net.exe","ParentCommandLine":"\"C:\\Windows\\system32\\cmd.exe\" /c \"net use \\\\127.0.0.1\\IPC$ /user:.\\Administrator BadPass12! &gt;nul 2&gt;&amp;1\"","ParentImage":"C:\\Windows\\System32\\cmd.exe","ParentProcessGuid":"{5123a105-082c-69e8-4901-000000000a00}","ParentProcessId":"3320","ParentUser":"DESKTOP-AK0R2QL\\MLATech","ProcessGuid":"{5123a105-082c-69e8-4a01-000000000a00}","ProcessID":"'3120'","ProcessId":"4936","Product":"Microsoft® Windows® Operating System","RecordID":"9176","RuleName":"-","SHA256":"9F376759BCBCD705F726460FC4A7E2B07F310F52BAA73CAAAAA124FDDBDF993E","SecurityID":"S-1-5-18","SystemTime":"'2026-04-21T23:28:44.4199897Z'","Task":"1","TerminalSessionId":"1","ThreadID":"'4792'","TimeCreated":"2026-04-21T23:28:44.4199897Z","User":"DESKTOP-AK0R2QL\\MLATech","UserID":"'S-1-5-18'","UtcTime":"2026-04-21 23:28:44.418","Version":"5","_raw":"<Event xmlns='http://schemas.microsoft.com/win/2004/08/events/event'><System><Provider Name='Microsoft-Windows-Sysmon' Guid='{5770385f-c22a-43e0-bf4c-06f5698ffbd9}'/><EventID>1<\/EventID><Version>5<\/Version><Level>4<\/Level><Task>1<\/Task><Opcode>0<\/Opcode><Keywords>0x8000000000000000<\/Keywords><TimeCreated SystemTime='2026-04-21T23:28:44.4199897Z'/><EventRecordID>9176<\/EventRecordID><Correlation/><Execution ProcessID='3120' ThreadID='4792'/><Channel>Microsoft-Windows-Sysmon/Operational<\/Channel><Computer>DESKTOP-AK0R2QL<\/Computer><Security UserID='S-1-5-18'/><\/System><EventData><Data Name='RuleName'>-<\/Data><Data Name='UtcTime'>2026-04-21 23:28:44.418<\/Data><Data Name='ProcessGuid'>{5123a105-082c-69e8-4a01-000000000a00}<\/Data><Data Name='ProcessId'>4936<\/Data><Data Name='Image'>C:\\Windows\\System32\\net.exe<\/Data><Data Name='FileVersion'>10.0.19041.1 (WinBuild.160101.0800)<\/Data><Data Name='Description'>Net Command<\/Data><Data Name='Product'>Microsoft® Windows® Operating System<\/Data><Data Name='Company'>Microsoft Corporation<\/Data><Data Name='OriginalFileName'>net.exe<\/Data><Data Name='CommandLine'>net  use \\\\127.0.0.1\\IPC$ /user:.\\Administrator BadPass12! <\/Data><Data Name='CurrentDirectory'>C:\\Users\\MLATech\\Desktop\\<\/Data><Data Name='User'>DESKTOP-AK0R2QL\\MLATech<\/Data><Data Name='LogonGuid'>{5123a105-07dd-69e8-29d4-090000000000}<\/Data><Data Name='LogonId'>0x9d429<\/Data><Data Name='TerminalSessionId'>1<\/Data><Data Name='IntegrityLevel'>Medium<\/Data><Data Name='Hashes'>MD5=0BD94A338EEA5A4E1F2830AE326E6D19,SHA256=9F376759BCBCD705F726460FC4A7E2B07F310F52BAA73CAAAAA124FDDBDF993E,IMPHASH=57F0C47AE2A1A2C06C8B987372AB0B07<\/Data><Data Name='ParentProcessGuid'>{5123a105-082c-69e8-4901-000000000a00}<\/Data><Data Name='ParentProcessId'>3320<\/Data><Data Name='ParentImage'>C:\\Windows\\System32\\cmd.exe<\/Data><Data Name='ParentCommandLine'>\"C:\\Windows\\system32\\cmd.exe\" /c \"net use \\\\127.0.0.1\\IPC$ /user:.\\Administrator BadPass12! &gt;nul 2&gt;&amp;1\"<\/Data><Data Name='ParentUser'>DESKTOP-AK0R2QL\\MLATech<\/Data><\/EventData><\/Event>","_time":"2026-04-22T07:28:44.419+0800","action":"allowed","dest":"DESKTOP-AK0R2QL","dvc":"DESKTOP-AK0R2QL","eventtype":"ms-sysmon-process","host":"DESKTOP-AK0R2QL","index":"soc_tickets_1","linecount":"1","original_file_name":"net.exe","os":"Microsoft Windows","parent_process":"\"C:\\Windows\\system32\\cmd.exe\" /c \"net use \\\\127.0.0.1\\IPC$ /user:.\\Administrator BadPass12! &gt;nul 2&gt;&amp;1\"","parent_process_exec":"cmd.exe","parent_process_guid":"{5123a105-082c-69e8-4901-000000000a00}","parent_process_id":"3320","parent_process_name":"cmd.exe","parent_process_path":"C:\\Windows\\System32\\cmd.exe","process":"net  use \\\\127.0.0.1\\IPC$ /user:.\\Administrator BadPass12!","process_current_directory":"C:\\Users\\MLATech\\Desktop\\","process_exec":"net.exe","process_guid":"{5123a105-082c-69e8-4a01-000000000a00}","process_hash":"MD5=0BD94A338EEA5A4E1F2830AE326E6D19,SHA256=9F376759BCBCD705F726460FC4A7E2B07F310F52BAA73CAAAAA124FDDBDF993E,IMPHASH=57F0C47AE2A1A2C06C8B987372AB0B07","process_id":"4936","process_integrity_level":"Medium","process_name":"net.exe","process_path":"C:\\Windows\\System32\\net.exe","punct":"<_='://../////'><><_='--'_='{----}'/><><\/><><\/><><","signature":"Process creation","signature_id":"1","source":"XmlWinEventLog:Microsoft-Windows-Sysmon/Operational","sourcetype":"xmlwineventlog","splunk_server":"MLATech","tag":["process","report"],"tag::eventtype":["process","report"],"user":"MLATech","vendor_product":"Microsoft Sysmon","xmlns":"'http://schemas.microsoft.com/win/2004/08/events/event'"}}
{"preview":false,"result":{"CommandLine":"\"C:\\Windows\\system32\\cmd.exe\" /c \"net use \\\\127.0.0.1\\IPC$ /user:.\\Administrator BadPass12! &gt;nul 2&gt;&amp;1\"","Company":"Microsoft Corporation","Computer":"DESKTOP-AK0R2QL","CurrentDirectory":"C:\\Users\\MLATech\\Desktop\\","Description":"Windows Command Processor","EventChannel":"Microsoft-Windows-Sysmon/Operational","EventCode":"1","EventDescription":"Process creation","EventID":"1","FileVersion":"10.0.19041.746 (WinBuild.160101.0800)","Guid":"'{5770385f-c22a-43e0-bf4c-06f5698ffbd9}'","Hashes":"MD5=8A2122E8162DBEF04694B9C3E0B6CDEE,SHA256=B99D61D874728EDC0918CA0EB10EAB93D381E7367E377406E65963366C874450,IMPHASH=272245E2988E1E430500B852C4FB5E18","IMPHASH":"272245E2988E1E430500B852C4FB5E18","Image":"C:\\Windows\\System32\\cmd.exe","IntegrityLevel":"Medium","Keywords":"0x8000000000000000","Level":"4","LogonGuid":"{5123a105-07dd-69e8-29d4-090000000000}","LogonId":"0x9d429","MD5":"8A2122E8162DBEF04694B9C3E0B6CDEE","Name":"'Microsoft-Windows-Sysmon'","Opcode":"0","OriginalFileName":"Cmd.Exe","ParentCommandLine":"\"C:\\Windows\\System32\\WindowsPowerShell\\v1.0\\powershell.exe\" \"-Command\" \"if((Get-ExecutionPolicy ) -ne 'AllSigned') { Set-ExecutionPolicy -Scope Process Bypass }; &amp; 'C:\\Users\\MLATech\\Desktop\\ticket2_bruteforce.ps1'\"","ParentImage":"C:\\Windows\\System32\\WindowsPowerShell\\v1.0\\powershell.exe","ParentProcessGuid":"{5123a105-080d-69e8-1f01-000000000a00}","ParentProcessId":"1888","ParentUser":"DESKTOP-AK0R2QL\\MLATech","ProcessGuid":"{5123a105-082c-69e8-4901-000000000a00}","ProcessID":"'3120'","ProcessId":"3320","Product":"Microsoft® Windows® Operating System","RecordID":"9175","RuleName":"-","SHA256":"B99D61D874728EDC0918CA0EB10EAB93D381E7367E377406E65963366C874450","SecurityID":"S-1-5-18","SystemTime":"'2026-04-21T23:28:44.4048996Z'","Task":"1","TerminalSessionId":"1","ThreadID":"'4792'","TimeCreated":"2026-04-21T23:28:44.4048996Z","User":"DESKTOP-AK0R2QL\\MLATech","UserID":"'S-1-5-18'","UtcTime":"2026-04-21 23:28:44.396","Version":"5","_raw":"<Event xmlns='http://schemas.microsoft.com/win/2004/08/events/event'><System><Provider Name='Microsoft-Windows-Sysmon' Guid='{5770385f-c22a-43e0-bf4c-06f5698ffbd9}'/><EventID>1<\/EventID><Version>5<\/Version><Level>4<\/Level><Task>1<\/Task><Opcode>0<\/Opcode><Keywords>0x8000000000000000<\/Keywords><TimeCreated SystemTime='2026-04-21T23:28:44.4048996Z'/><EventRecordID>9175<\/EventRecordID><Correlation/><Execution ProcessID='3120' ThreadID='4792'/><Channel>Microsoft-Windows-Sysmon/Operational<\/Channel><Computer>DESKTOP-AK0R2QL<\/Computer><Security UserID='S-1-5-18'/><\/System><EventData><Data Name='RuleName'>-<\/Data><Data Name='UtcTime'>2026-04-21 23:28:44.396<\/Data><Data Name='ProcessGuid'>{5123a105-082c-69e8-4901-000000000a00}<\/Data><Data Name='ProcessId'>3320<\/Data><Data Name='Image'>C:\\Windows\\System32\\cmd.exe<\/Data><Data Name='FileVersion'>10.0.19041.746 (WinBuild.160101.0800)<\/Data><Data Name='Description'>Windows Command Processor<\/Data><Data Name='Product'>Microsoft® Windows® Operating System<\/Data><Data Name='Company'>Microsoft Corporation<\/Data><Data Name='OriginalFileName'>Cmd.Exe<\/Data><Data Name='CommandLine'>\"C:\\Windows\\system32\\cmd.exe\" /c \"net use \\\\127.0.0.1\\IPC$ /user:.\\Administrator BadPass12! &gt;nul 2&gt;&amp;1\"<\/Data><Data Name='CurrentDirectory'>C:\\Users\\MLATech\\Desktop\\<\/Data><Data Name='User'>DESKTOP-AK0R2QL\\MLATech<\/Data><Data Name='LogonGuid'>{5123a105-07dd-69e8-29d4-090000000000}<\/Data><Data Name='LogonId'>0x9d429<\/Data><Data Name='TerminalSessionId'>1<\/Data><Data Name='IntegrityLevel'>Medium<\/Data><Data Name='Hashes'>MD5=8A2122E8162DBEF04694B9C3E0B6CDEE,SHA256=B99D61D874728EDC0918CA0EB10EAB93D381E7367E377406E65963366C874450,IMPHASH=272245E2988E1E430500B852C4FB5E18<\/Data><Data Name='ParentProcessGuid'>{5123a105-080d-69e8-1f01-000000000a00}<\/Data><Data Name='ParentProcessId'>1888<\/Data><Data Name='ParentImage'>C:\\Windows\\System32\\WindowsPowerShell\\v1.0\\powershell.exe<\/Data><Data Name='ParentCommandLine'>\"C:\\Windows\\System32\\WindowsPowerShell\\v1.0\\powershell.exe\" \"-Command\" \"if((Get-ExecutionPolicy ) -ne 'AllSigned') { Set-ExecutionPolicy -Scope Process Bypass }; &amp; 'C:\\Users\\MLATech\\Desktop\\ticket2_bruteforce.ps1'\"<\/Data><Data Name='ParentUser'>DESKTOP-AK0R2QL\\MLATech<\/Data><\/EventData><\/Event>","_time":"2026-04-22T07:28:44.404+0800","action":"allowed","dest":"DESKTOP-AK0R2QL","dvc":"DESKTOP-AK0R2QL","eventtype":"ms-sysmon-process","host":"DESKTOP-AK0R2QL","index":"soc_tickets_1","linecount":"1","original_file_name":"Cmd.Exe","os":"Microsoft Windows","parent_process":"\"C:\\Windows\\System32\\WindowsPowerShell\\v1.0\\powershell.exe\" \"-Command\" \"if((Get-ExecutionPolicy ) -ne 'AllSigned') { Set-ExecutionPolicy -Scope Process Bypass }; &amp; 'C:\\Users\\MLATech\\Desktop\\ticket2_bruteforce.ps1'\"","parent_process_exec":"powershell.exe","parent_process_guid":"{5123a105-080d-69e8-1f01-000000000a00}","parent_process_id":"1888","parent_process_name":"powershell.exe","parent_process_path":"C:\\Windows\\System32\\WindowsPowerShell\\v1.0\\powershell.exe","process":"\"C:\\Windows\\system32\\cmd.exe\" /c \"net use \\\\127.0.0.1\\IPC$ /user:.\\Administrator BadPass12! &gt;nul 2&gt;&amp;1\"","process_current_directory":"C:\\Users\\MLATech\\Desktop\\","process_exec":"cmd.exe","process_guid":"{5123a105-082c-69e8-4901-000000000a00}","process_hash":"MD5=8A2122E8162DBEF04694B9C3E0B6CDEE,SHA256=B99D61D874728EDC0918CA0EB10EAB93D381E7367E377406E65963366C874450,IMPHASH=272245E2988E1E430500B852C4FB5E18","process_id":"3320","process_integrity_level":"Medium","process_name":"cmd.exe","process_path":"C:\\Windows\\System32\\cmd.exe","punct":"<_='://../////'><><_='--'_='{----}'/><><\/><><\/><><","signature":"Process creation","signature_id":"1","source":"XmlWinEventLog:Microsoft-Windows-Sysmon/Operational","sourcetype":"xmlwineventlog","splunk_server":"MLATech","tag":["process","report"],"tag::eventtype":["process","report"],"user":"MLATech","vendor_product":"Microsoft Sysmon","xmlns":"'http://schemas.microsoft.com/win/2004/08/events/event'"}}
{"preview":false,"result":{"Account_Domain":["-","."],"Account_Name":["-","Administrator"],"Authentication_Package":"NTLM","Caller_Process_ID":"0x0","Caller_Process_Name":"-","ComputerName":"DESKTOP-AK0R2QL","EventCode":"4625","EventType":"0","Failure_Reason":"Unknown user name or bad password.","Key_Length":"0","Keywords":"Audit Failure","LogName":"Security","Logon_ID":"0x0","Logon_Process":"NtLmSsp","Logon_Type":"3","Message":"An account failed to log on.\r\n\r\nSubject:\r\n\tSecurity ID:\t\tS-1-0-0\r\n\tAccount Name:\t\t-\r\n\tAccount Domain:\t\t-\r\n\tLogon ID:\t\t0x0\r\n\r\nLogon Type:\t\t\t3\r\n\r\nAccount For Which Logon Failed:\r\n\tSecurity ID:\t\tS-1-0-0\r\n\tAccount Name:\t\tAdministrator\r\n\tAccount Domain:\t\t.\r\n\r\nFailure Information:\r\n\tFailure Reason:\t\tUnknown user name or bad password.\r\n\tStatus:\t\t\t0xC000006D\r\n\tSub Status:\t\t0xC000006A\r\n\r\nProcess Information:\r\n\tCaller Process ID:\t0x0\r\n\tCaller Process Name:\t-\r\n\r\nNetwork Information:\r\n\tWorkstation Name:\tDESKTOP-AK0R2QL\r\n\tSource Network Address:\t127.0.0.1\r\n\tSource Port:\t\t49739\r\n\r\nDetailed Authentication Information:\r\n\tLogon Process:\t\tNtLmSsp \r\n\tAuthentication Package:\tNTLM\r\n\tTransited Services:\t-\r\n\tPackage Name (NTLM only):\t-\r\n\tKey Length:\t\t0\r\n\r\nThis event is generated when a logon request fails. It is generated on the computer where access was attempted.\r\n\r\nThe Subject fields indicate the account on the local system which requested the logon. This is most commonly a service such as the Server service, or a local process such as Winlogon.exe or Services.exe.\r\n\r\nThe Logon Type field indicates the kind of logon that was requested. The most common types are 2 (interactive) and 3 (network).\r\n\r\nThe Process Information fields indicate which account and process on the system requested the logon.\r\n\r\nThe Network Information fields indicate where a remote logon request originated. Workstation name is not always available and may be left blank in some cases.\r\n\r\nThe authentication information fields provide detailed information about this specific logon request.\r\n\t- Transited services indicate which intermediate services have participated in this logon request.\r\n\t- Package name indicates which sub-protocol was used among the NTLM protocols.\r\n\t- Key length indicates the length of the generated session key. This will be 0 if no session key was requested.","OpCode":"Info","Package_Name__NTLM_only_":"-","RecordNumber":"3070","Security_ID":["S-1-0-0","S-1-0-0"],"SourceName":"Microsoft Windows security auditing.","Source_Network_Address":"127.0.0.1","Source_Port":"49739","Status":"0xC000006D","Sub_Status":"0xC000006A","TaskCategory":"Logon","Transited_Services":"-","Type":"Information","Workstation_Name":"DESKTOP-AK0R2QL","_raw":"04/21/2026 07:28:41.982 PM\nLogName=Security\nEventCode=4625\nEventType=0\nComputerName=DESKTOP-AK0R2QL\nSourceName=Microsoft Windows security auditing.\nType=Information\nRecordNumber=3070\nKeywords=Audit Failure\nTaskCategory=Logon\nOpCode=Info\nMessage=An account failed to log on.\r\n\r\nSubject:\r\n\tSecurity ID:\t\tS-1-0-0\r\n\tAccount Name:\t\t-\r\n\tAccount Domain:\t\t-\r\n\tLogon ID:\t\t0x0\r\n\r\nLogon Type:\t\t\t3\r\n\r\nAccount For Which Logon Failed:\r\n\tSecurity ID:\t\tS-1-0-0\r\n\tAccount Name:\t\tAdministrator\r\n\tAccount Domain:\t\t.\r\n\r\nFailure Information:\r\n\tFailure Reason:\t\tUnknown user name or bad password.\r\n\tStatus:\t\t\t0xC000006D\r\n\tSub Status:\t\t0xC000006A\r\n\r\nProcess Information:\r\n\tCaller Process ID:\t0x0\r\n\tCaller Process Name:\t-\r\n\r\nNetwork Information:\r\n\tWorkstation Name:\tDESKTOP-AK0R2QL\r\n\tSource Network Address:\t127.0.0.1\r\n\tSource Port:\t\t49739\r\n\r\nDetailed Authentication Information:\r\n\tLogon Process:\t\tNtLmSsp \r\n\tAuthentication Package:\tNTLM\r\n\tTransited Services:\t-\r\n\tPackage Name (NTLM only):\t-\r\n\tKey Length:\t\t0\r\n\r\nThis event is generated when a logon request fails. It is generated on the computer where access was attempted.\r\n\r\nThe Subject fields indicate the account on the local system which requested the logon. This is most commonly a service such as the Server service, or a local process such as Winlogon.exe or Services.exe.\r\n\r\nThe Logon Type field indicates the kind of logon that was requested. The most common types are 2 (interactive) and 3 (network).\r\n\r\nThe Process Information fields indicate which account and process on the system requested the logon.\r\n\r\nThe Network Information fields indicate where a remote logon request originated. Workstation name is not always available and may be left blank in some cases.\r\n\r\nThe authentication information fields provide detailed information about this specific logon request.\r\n\t- Transited services indicate which intermediate services have participated in this logon request.\r\n\t- Package name indicates which sub-protocol was used among the NTLM protocols.\r\n\t- Key length indicates the length of the generated session key. This will be 0 if no session key was requested.","_time":"2026-04-22T07:28:41.982+0800","host":"DESKTOP-AK0R2QL","index":"soc_tickets_1","linecount":"61","punct":"//_::._====-=___.===_===_____.\\r\\r:\\rt_:tt---\\rt_:tt-\\r","source":"WinEventLog:Security","sourcetype":"WinEventLog:Security","splunk_server":"MLATech"}}
{"preview":false,"result":{"CommandLine":"net  use \\\\127.0.0.1\\IPC$ /user:.\\Administrator BadPass11!","Company":"Microsoft Corporation","Computer":"DESKTOP-AK0R2QL","CurrentDirectory":"C:\\Users\\MLATech\\Desktop\\","Description":"Net Command","EventChannel":"Microsoft-Windows-Sysmon/Operational","EventCode":"1","EventDescription":"Process creation","EventID":"1","FileVersion":"10.0.19041.1 (WinBuild.160101.0800)","Guid":"'{5770385f-c22a-43e0-bf4c-06f5698ffbd9}'","Hashes":"MD5=0BD94A338EEA5A4E1F2830AE326E6D19,SHA256=9F376759BCBCD705F726460FC4A7E2B07F310F52BAA73CAAAAA124FDDBDF993E,IMPHASH=57F0C47AE2A1A2C06C8B987372AB0B07","IMPHASH":"57F0C47AE2A1A2C06C8B987372AB0B07","Image":"C:\\Windows\\System32\\net.exe","IntegrityLevel":"Medium","Keywords":"0x8000000000000000","Level":"4","LogonGuid":"{5123a105-07dd-69e8-29d4-090000000000}","LogonId":"0x9d429","MD5":"0BD94A338EEA5A4E1F2830AE326E6D19","Name":"'Microsoft-Windows-Sysmon'","Opcode":"0","OriginalFileName":"net.exe","ParentCommandLine":"\"C:\\Windows\\system32\\cmd.exe\" /c \"net use \\\\127.0.0.1\\IPC$ /user:.\\Administrator BadPass11! &gt;nul 2&gt;&amp;1\"","ParentImage":"C:\\Windows\\System32\\cmd.exe","ParentProcessGuid":"{5123a105-0829-69e8-4701-000000000a00}","ParentProcessId":"7852","ParentUser":"DESKTOP-AK0R2QL\\MLATech","ProcessGuid":"{5123a105-0829-69e8-4801-000000000a00}","ProcessID":"'3120'","ProcessId":"7860","Product":"Microsoft® Windows® Operating System","RecordID":"9174","RuleName":"-","SHA256":"9F376759BCBCD705F726460FC4A7E2B07F310F52BAA73CAAAAA124FDDBDF993E","SecurityID":"S-1-5-18","SystemTime":"'2026-04-21T23:28:41.9499839Z'","Task":"1","TerminalSessionId":"1","ThreadID":"'4792'","TimeCreated":"2026-04-21T23:28:41.9499839Z","User":"DESKTOP-AK0R2QL\\MLATech","UserID":"'S-1-5-18'","UtcTime":"2026-04-21 23:28:41.948","Version":"5","_raw":"<Event xmlns='http://schemas.microsoft.com/win/2004/08/events/event'><System><Provider Name='Microsoft-Windows-Sysmon' Guid='{5770385f-c22a-43e0-bf4c-06f5698ffbd9}'/><EventID>1<\/EventID><Version>5<\/Version><Level>4<\/Level><Task>1<\/Task><Opcode>0<\/Opcode><Keywords>0x8000000000000000<\/Keywords><TimeCreated SystemTime='2026-04-21T23:28:41.9499839Z'/><EventRecordID>9174<\/EventRecordID><Correlation/><Execution ProcessID='3120' ThreadID='4792'/><Channel>Microsoft-Windows-Sysmon/Operational<\/Channel><Computer>DESKTOP-AK0R2QL<\/Computer><Security UserID='S-1-5-18'/><\/System><EventData><Data Name='RuleName'>-<\/Data><Data Name='UtcTime'>2026-04-21 23:28:41.948<\/Data><Data Name='ProcessGuid'>{5123a105-0829-69e8-4801-000000000a00}<\/Data><Data Name='ProcessId'>7860<\/Data><Data Name='Image'>C:\\Windows\\System32\\net.exe<\/Data><Data Name='FileVersion'>10.0.19041.1 (WinBuild.160101.0800)<\/Data><Data Name='Description'>Net Command<\/Data><Data Name='Product'>Microsoft® Windows® Operating System<\/Data><Data Name='Company'>Microsoft Corporation<\/Data><Data Name='OriginalFileName'>net.exe<\/Data><Data Name='CommandLine'>net  use \\\\127.0.0.1\\IPC$ /user:.\\Administrator BadPass11! <\/Data><Data Name='CurrentDirectory'>C:\\Users\\MLATech\\Desktop\\<\/Data><Data Name='User'>DESKTOP-AK0R2QL\\MLATech<\/Data><Data Name='LogonGuid'>{5123a105-07dd-69e8-29d4-090000000000}<\/Data><Data Name='LogonId'>0x9d429<\/Data><Data Name='TerminalSessionId'>1<\/Data><Data Name='IntegrityLevel'>Medium<\/Data><Data Name='Hashes'>MD5=0BD94A338EEA5A4E1F2830AE326E6D19,SHA256=9F376759BCBCD705F726460FC4A7E2B07F310F52BAA73CAAAAA124FDDBDF993E,IMPHASH=57F0C47AE2A1A2C06C8B987372AB0B07<\/Data><Data Name='ParentProcessGuid'>{5123a105-0829-69e8-4701-000000000a00}<\/Data><Data Name='ParentProcessId'>7852<\/Data><Data Name='ParentImage'>C:\\Windows\\System32\\cmd.exe<\/Data><Data Name='ParentCommandLine'>\"C:\\Windows\\system32\\cmd.exe\" /c \"net use \\\\127.0.0.1\\IPC$ /user:.\\Administrator BadPass11! &gt;nul 2&gt;&amp;1\"<\/Data><Data Name='ParentUser'>DESKTOP-AK0R2QL\\MLATech<\/Data><\/EventData><\/Event>","_time":"2026-04-22T07:28:41.949+0800","action":"allowed","dest":"DESKTOP-AK0R2QL","dvc":"DESKTOP-AK0R2QL","eventtype":"ms-sysmon-process","host":"DESKTOP-AK0R2QL","index":"soc_tickets_1","linecount":"1","original_file_name":"net.exe","os":"Microsoft Windows","parent_process":"\"C:\\Windows\\system32\\cmd.exe\" /c \"net use \\\\127.0.0.1\\IPC$ /user:.\\Administrator BadPass11! &gt;nul 2&gt;&amp;1\"","parent_process_exec":"cmd.exe","parent_process_guid":"{5123a105-0829-69e8-4701-000000000a00}","parent_process_id":"7852","parent_process_name":"cmd.exe","parent_process_path":"C:\\Windows\\System32\\cmd.exe","process":"net  use \\\\127.0.0.1\\IPC$ /user:.\\Administrator BadPass11!","process_current_directory":"C:\\Users\\MLATech\\Desktop\\","process_exec":"net.exe","process_guid":"{5123a105-0829-69e8-4801-000000000a00}","process_hash":"MD5=0BD94A338EEA5A4E1F2830AE326E6D19,SHA256=9F376759BCBCD705F726460FC4A7E2B07F310F52BAA73CAAAAA124FDDBDF993E,IMPHASH=57F0C47AE2A1A2C06C8B987372AB0B07","process_id":"7860","process_integrity_level":"Medium","process_name":"net.exe","process_path":"C:\\Windows\\System32\\net.exe","punct":"<_='://../////'><><_='--'_='{----}'/><><\/><><\/><><","signature":"Process creation","signature_id":"1","source":"XmlWinEventLog:Microsoft-Windows-Sysmon/Operational","sourcetype":"xmlwineventlog","splunk_server":"MLATech","tag":["process","report"],"tag::eventtype":["process","report"],"user":"MLATech","vendor_product":"Microsoft Sysmon","xmlns":"'http://schemas.microsoft.com/win/2004/08/events/event'"}}
