{"preview":false,"result":{"CommandLine":"\"C:\\Windows\\ImmersiveControlPanel\\SystemSettings.exe\" -ServerName:microsoft.windows.immersivecontrolpanel","Company":"Microsoft Corporation","Computer":"DESKTOP-AK0R2QL","CurrentDirectory":"C:\\Windows\\ImmersiveControlPanel\\","Description":"Settings","EventChannel":"Microsoft-Windows-Sysmon/Operational","EventCode":"1","EventDescription":"Process creation","EventID":"1","FileVersion":"10.0.19041.1865 (WinBuild.160101.0800)","Guid":"'{5770385f-c22a-43e0-bf4c-06f5698ffbd9}'","Hashes":"MD5=3CD3CD85226FCF576DFE9B70B6DA2630,SHA256=5C7F461CB692C6B748D13AED9F172F1A83F9FE5D76B1135012651EE3A2B52B2A,IMPHASH=EC87C68A546FB4BDECF11BCB83E7D0E5","IMPHASH":"EC87C68A546FB4BDECF11BCB83E7D0E5","Image":"C:\\Windows\\ImmersiveControlPanel\\SystemSettings.exe","IntegrityLevel":"Medium","Keywords":"0x8000000000000000","Level":"4","LogonGuid":"{5123a105-07dd-69e8-29d4-090000000000}","LogonId":"0x9d429","MD5":"3CD3CD85226FCF576DFE9B70B6DA2630","Name":"'Microsoft-Windows-Sysmon'","Opcode":"0","OriginalFileName":"SystemSettings.exe","ParentCommandLine":"-","ParentImage":"-","ParentProcessGuid":"{00000000-0000-0000-0000-000000000000}","ParentProcessId":"836","ParentUser":"-","ProcessGuid":"{5123a105-080b-69e8-1d01-000000000a00}","ProcessID":"'3120'","ProcessId":"3164","Product":"Microsoft® Windows® Operating System","RecordID":"9142","RuleName":"-","SHA256":"5C7F461CB692C6B748D13AED9F172F1A83F9FE5D76B1135012651EE3A2B52B2A","SecurityID":"S-1-5-18","SystemTime":"'2026-04-21T23:28:11.7552746Z'","Task":"1","TerminalSessionId":"1","ThreadID":"'4792'","TimeCreated":"2026-04-21T23:28:11.7552746Z","User":"DESKTOP-AK0R2QL\\MLATech","UserID":"'S-1-5-18'","UtcTime":"2026-04-21 23:28:11.750","Version":"5","_raw":"<Event xmlns='http://schemas.microsoft.com/win/2004/08/events/event'><System><Provider Name='Microsoft-Windows-Sysmon' Guid='{5770385f-c22a-43e0-bf4c-06f5698ffbd9}'/><EventID>1<\/EventID><Version>5<\/Version><Level>4<\/Level><Task>1<\/Task><Opcode>0<\/Opcode><Keywords>0x8000000000000000<\/Keywords><TimeCreated SystemTime='2026-04-21T23:28:11.7552746Z'/><EventRecordID>9142<\/EventRecordID><Correlation/><Execution ProcessID='3120' ThreadID='4792'/><Channel>Microsoft-Windows-Sysmon/Operational<\/Channel><Computer>DESKTOP-AK0R2QL<\/Computer><Security UserID='S-1-5-18'/><\/System><EventData><Data Name='RuleName'>-<\/Data><Data Name='UtcTime'>2026-04-21 23:28:11.750<\/Data><Data Name='ProcessGuid'>{5123a105-080b-69e8-1d01-000000000a00}<\/Data><Data Name='ProcessId'>3164<\/Data><Data Name='Image'>C:\\Windows\\ImmersiveControlPanel\\SystemSettings.exe<\/Data><Data Name='FileVersion'>10.0.19041.1865 (WinBuild.160101.0800)<\/Data><Data Name='Description'>Settings<\/Data><Data Name='Product'>Microsoft® Windows® Operating System<\/Data><Data Name='Company'>Microsoft Corporation<\/Data><Data Name='OriginalFileName'>SystemSettings.exe<\/Data><Data Name='CommandLine'>\"C:\\Windows\\ImmersiveControlPanel\\SystemSettings.exe\" -ServerName:microsoft.windows.immersivecontrolpanel<\/Data><Data Name='CurrentDirectory'>C:\\Windows\\ImmersiveControlPanel\\<\/Data><Data Name='User'>DESKTOP-AK0R2QL\\MLATech<\/Data><Data Name='LogonGuid'>{5123a105-07dd-69e8-29d4-090000000000}<\/Data><Data Name='LogonId'>0x9d429<\/Data><Data Name='TerminalSessionId'>1<\/Data><Data Name='IntegrityLevel'>Medium<\/Data><Data Name='Hashes'>MD5=3CD3CD85226FCF576DFE9B70B6DA2630,SHA256=5C7F461CB692C6B748D13AED9F172F1A83F9FE5D76B1135012651EE3A2B52B2A,IMPHASH=EC87C68A546FB4BDECF11BCB83E7D0E5<\/Data><Data Name='ParentProcessGuid'>{00000000-0000-0000-0000-000000000000}<\/Data><Data Name='ParentProcessId'>836<\/Data><Data Name='ParentImage'>-<\/Data><Data Name='ParentCommandLine'>-<\/Data><Data Name='ParentUser'>-<\/Data><\/EventData><\/Event>","_time":"2026-04-22T07:28:11.755+0800","action":"allowed","dest":"DESKTOP-AK0R2QL","dvc":"DESKTOP-AK0R2QL","eventtype":"ms-sysmon-process","host":"DESKTOP-AK0R2QL","index":"soc_tickets_1","linecount":"1","original_file_name":"SystemSettings.exe","os":"Microsoft Windows","parent_process":"-","parent_process_exec":"-","parent_process_guid":"{00000000-0000-0000-0000-000000000000}","parent_process_id":"836","parent_process_name":"-","parent_process_path":"-","process":"\"C:\\Windows\\ImmersiveControlPanel\\SystemSettings.exe\" -ServerName:microsoft.windows.immersivecontrolpanel","process_current_directory":"C:\\Windows\\ImmersiveControlPanel\\","process_exec":"SystemSettings.exe","process_guid":"{5123a105-080b-69e8-1d01-000000000a00}","process_hash":"MD5=3CD3CD85226FCF576DFE9B70B6DA2630,SHA256=5C7F461CB692C6B748D13AED9F172F1A83F9FE5D76B1135012651EE3A2B52B2A,IMPHASH=EC87C68A546FB4BDECF11BCB83E7D0E5","process_id":"3164","process_integrity_level":"Medium","process_name":"SystemSettings.exe","process_path":"C:\\Windows\\ImmersiveControlPanel\\SystemSettings.exe","punct":"<_='://../////'><><_='--'_='{----}'/><><\/><><\/><><","signature":"Process creation","signature_id":"1","source":"XmlWinEventLog:Microsoft-Windows-Sysmon/Operational","sourcetype":"xmlwineventlog","splunk_server":"MLATech","tag":["process","report"],"tag::eventtype":["process","report"],"user":"MLATech","vendor_product":"Microsoft Sysmon","xmlns":"'http://schemas.microsoft.com/win/2004/08/events/event'"}}
{"preview":false,"lastrow":true,"result":{"CommandLine":"C:\\Windows\\system32\\ApplicationFrameHost.exe -Embedding","Company":"Microsoft Corporation","Computer":"DESKTOP-AK0R2QL","CurrentDirectory":"C:\\Windows\\system32\\","Description":"Application Frame Host","EventChannel":"Microsoft-Windows-Sysmon/Operational","EventCode":"1","EventDescription":"Process creation","EventID":"1","FileVersion":"10.0.19041.746 (WinBuild.160101.0800)","Guid":"'{5770385f-c22a-43e0-bf4c-06f5698ffbd9}'","Hashes":"MD5=D58A8A987A8DAFAD9DC32A548CC061E7,SHA256=CF58E424B86775E6F2354291052126A646F842FFF811B730714DFBBD8EBC71A4,IMPHASH=09ACF1642E301359F90E7DA59EE838C6","IMPHASH":"09ACF1642E301359F90E7DA59EE838C6","Image":"C:\\Windows\\System32\\ApplicationFrameHost.exe","IntegrityLevel":"Medium","Keywords":"0x8000000000000000","Level":"4","LogonGuid":"{5123a105-07dd-69e8-29d4-090000000000}","LogonId":"0x9d429","MD5":"D58A8A987A8DAFAD9DC32A548CC061E7","Name":"'Microsoft-Windows-Sysmon'","Opcode":"0","OriginalFileName":"ApplicationFrameHost.exe","ParentCommandLine":"-","ParentImage":"-","ParentProcessGuid":"{00000000-0000-0000-0000-000000000000}","ParentProcessId":"836","ParentUser":"-","ProcessGuid":"{5123a105-080b-69e8-1e01-000000000a00}","ProcessID":"'3120'","ProcessId":"1896","Product":"Microsoft® Windows® Operating System","RecordID":"9141","RuleName":"-","SHA256":"CF58E424B86775E6F2354291052126A646F842FFF811B730714DFBBD8EBC71A4","SecurityID":"S-1-5-18","SystemTime":"'2026-04-21T23:28:11.7549046Z'","Task":"1","TerminalSessionId":"1","ThreadID":"'4792'","TimeCreated":"2026-04-21T23:28:11.7549046Z","User":"DESKTOP-AK0R2QL\\MLATech","UserID":"'S-1-5-18'","UtcTime":"2026-04-21 23:28:11.751","Version":"5","_raw":"<Event xmlns='http://schemas.microsoft.com/win/2004/08/events/event'><System><Provider Name='Microsoft-Windows-Sysmon' Guid='{5770385f-c22a-43e0-bf4c-06f5698ffbd9}'/><EventID>1<\/EventID><Version>5<\/Version><Level>4<\/Level><Task>1<\/Task><Opcode>0<\/Opcode><Keywords>0x8000000000000000<\/Keywords><TimeCreated SystemTime='2026-04-21T23:28:11.7549046Z'/><EventRecordID>9141<\/EventRecordID><Correlation/><Execution ProcessID='3120' ThreadID='4792'/><Channel>Microsoft-Windows-Sysmon/Operational<\/Channel><Computer>DESKTOP-AK0R2QL<\/Computer><Security UserID='S-1-5-18'/><\/System><EventData><Data Name='RuleName'>-<\/Data><Data Name='UtcTime'>2026-04-21 23:28:11.751<\/Data><Data Name='ProcessGuid'>{5123a105-080b-69e8-1e01-000000000a00}<\/Data><Data Name='ProcessId'>1896<\/Data><Data Name='Image'>C:\\Windows\\System32\\ApplicationFrameHost.exe<\/Data><Data Name='FileVersion'>10.0.19041.746 (WinBuild.160101.0800)<\/Data><Data Name='Description'>Application Frame Host<\/Data><Data Name='Product'>Microsoft® Windows® Operating System<\/Data><Data Name='Company'>Microsoft Corporation<\/Data><Data Name='OriginalFileName'>ApplicationFrameHost.exe<\/Data><Data Name='CommandLine'>C:\\Windows\\system32\\ApplicationFrameHost.exe -Embedding<\/Data><Data Name='CurrentDirectory'>C:\\Windows\\system32\\<\/Data><Data Name='User'>DESKTOP-AK0R2QL\\MLATech<\/Data><Data Name='LogonGuid'>{5123a105-07dd-69e8-29d4-090000000000}<\/Data><Data Name='LogonId'>0x9d429<\/Data><Data Name='TerminalSessionId'>1<\/Data><Data Name='IntegrityLevel'>Medium<\/Data><Data Name='Hashes'>MD5=D58A8A987A8DAFAD9DC32A548CC061E7,SHA256=CF58E424B86775E6F2354291052126A646F842FFF811B730714DFBBD8EBC71A4,IMPHASH=09ACF1642E301359F90E7DA59EE838C6<\/Data><Data Name='ParentProcessGuid'>{00000000-0000-0000-0000-000000000000}<\/Data><Data Name='ParentProcessId'>836<\/Data><Data Name='ParentImage'>-<\/Data><Data Name='ParentCommandLine'>-<\/Data><Data Name='ParentUser'>-<\/Data><\/EventData><\/Event>","_time":"2026-04-22T07:28:11.754+0800","action":"allowed","dest":"DESKTOP-AK0R2QL","dvc":"DESKTOP-AK0R2QL","eventtype":"ms-sysmon-process","host":"DESKTOP-AK0R2QL","index":"soc_tickets_1","linecount":"1","original_file_name":"ApplicationFrameHost.exe","os":"Microsoft Windows","parent_process":"-","parent_process_exec":"-","parent_process_guid":"{00000000-0000-0000-0000-000000000000}","parent_process_id":"836","parent_process_name":"-","parent_process_path":"-","process":"C:\\Windows\\system32\\ApplicationFrameHost.exe -Embedding","process_current_directory":"C:\\Windows\\system32\\","process_exec":"ApplicationFrameHost.exe","process_guid":"{5123a105-080b-69e8-1e01-000000000a00}","process_hash":"MD5=D58A8A987A8DAFAD9DC32A548CC061E7,SHA256=CF58E424B86775E6F2354291052126A646F842FFF811B730714DFBBD8EBC71A4,IMPHASH=09ACF1642E301359F90E7DA59EE838C6","process_id":"1896","process_integrity_level":"Medium","process_name":"ApplicationFrameHost.exe","process_path":"C:\\Windows\\System32\\ApplicationFrameHost.exe","punct":"<_='://../////'><><_='--'_='{----}'/><><\/><><\/><><","signature":"Process creation","signature_id":"1","source":"XmlWinEventLog:Microsoft-Windows-Sysmon/Operational","sourcetype":"xmlwineventlog","splunk_server":"MLATech","tag":["process","report"],"tag::eventtype":["process","report"],"user":"MLATech","vendor_product":"Microsoft Sysmon","xmlns":"'http://schemas.microsoft.com/win/2004/08/events/event'"}}
