{"preview":false,"result":{"Account_Domain":["-","."],"Account_Name":["-","Administrator"],"Authentication_Package":"NTLM","Caller_Process_ID":"0x0","Caller_Process_Name":"-","ComputerName":"DESKTOP-AK0R2QL","EventCode":"4625","EventType":"0","Failure_Reason":"Unknown user name or bad password.","Key_Length":"0","Keywords":"Audit Failure","LogName":"Security","Logon_ID":"0x0","Logon_Process":"NtLmSsp","Logon_Type":"3","Message":"An account failed to log on.\r\n\r\nSubject:\r\n\tSecurity ID:\t\tS-1-0-0\r\n\tAccount Name:\t\t-\r\n\tAccount Domain:\t\t-\r\n\tLogon ID:\t\t0x0\r\n\r\nLogon Type:\t\t\t3\r\n\r\nAccount For Which Logon Failed:\r\n\tSecurity ID:\t\tS-1-0-0\r\n\tAccount Name:\t\tAdministrator\r\n\tAccount Domain:\t\t.\r\n\r\nFailure Information:\r\n\tFailure Reason:\t\tUnknown user name or bad password.\r\n\tStatus:\t\t\t0xC000006D\r\n\tSub Status:\t\t0xC000006A\r\n\r\nProcess Information:\r\n\tCaller Process ID:\t0x0\r\n\tCaller Process Name:\t-\r\n\r\nNetwork Information:\r\n\tWorkstation Name:\tDESKTOP-AK0R2QL\r\n\tSource Network Address:\t127.0.0.1\r\n\tSource Port:\t\t49729\r\n\r\nDetailed Authentication Information:\r\n\tLogon Process:\t\tNtLmSsp \r\n\tAuthentication Package:\tNTLM\r\n\tTransited Services:\t-\r\n\tPackage Name (NTLM only):\t-\r\n\tKey Length:\t\t0\r\n\r\nThis event is generated when a logon request fails. It is generated on the computer where access was attempted.\r\n\r\nThe Subject fields indicate the account on the local system which requested the logon. This is most commonly a service such as the Server service, or a local process such as Winlogon.exe or Services.exe.\r\n\r\nThe Logon Type field indicates the kind of logon that was requested. The most common types are 2 (interactive) and 3 (network).\r\n\r\nThe Process Information fields indicate which account and process on the system requested the logon.\r\n\r\nThe Network Information fields indicate where a remote logon request originated. Workstation name is not always available and may be left blank in some cases.\r\n\r\nThe authentication information fields provide detailed information about this specific logon request.\r\n\t- Transited services indicate which intermediate services have participated in this logon request.\r\n\t- Package name indicates which sub-protocol was used among the NTLM protocols.\r\n\t- Key length indicates the length of the generated session key. This will be 0 if no session key was requested.","OpCode":"Info","Package_Name__NTLM_only_":"-","RecordNumber":"3060","Security_ID":["S-1-0-0","S-1-0-0"],"SourceName":"Microsoft Windows security auditing.","Source_Network_Address":"127.0.0.1","Source_Port":"49729","Status":"0xC000006D","Sub_Status":"0xC000006A","TaskCategory":"Logon","Transited_Services":"-","Type":"Information","Workstation_Name":"DESKTOP-AK0R2QL","_raw":"04/21/2026 07:28:29.637 PM\nLogName=Security\nEventCode=4625\nEventType=0\nComputerName=DESKTOP-AK0R2QL\nSourceName=Microsoft Windows security auditing.\nType=Information\nRecordNumber=3060\nKeywords=Audit Failure\nTaskCategory=Logon\nOpCode=Info\nMessage=An account failed to log on.\r\n\r\nSubject:\r\n\tSecurity ID:\t\tS-1-0-0\r\n\tAccount Name:\t\t-\r\n\tAccount Domain:\t\t-\r\n\tLogon ID:\t\t0x0\r\n\r\nLogon Type:\t\t\t3\r\n\r\nAccount For Which Logon Failed:\r\n\tSecurity ID:\t\tS-1-0-0\r\n\tAccount Name:\t\tAdministrator\r\n\tAccount Domain:\t\t.\r\n\r\nFailure Information:\r\n\tFailure Reason:\t\tUnknown user name or bad password.\r\n\tStatus:\t\t\t0xC000006D\r\n\tSub Status:\t\t0xC000006A\r\n\r\nProcess Information:\r\n\tCaller Process ID:\t0x0\r\n\tCaller Process Name:\t-\r\n\r\nNetwork Information:\r\n\tWorkstation Name:\tDESKTOP-AK0R2QL\r\n\tSource Network Address:\t127.0.0.1\r\n\tSource Port:\t\t49729\r\n\r\nDetailed Authentication Information:\r\n\tLogon Process:\t\tNtLmSsp \r\n\tAuthentication Package:\tNTLM\r\n\tTransited Services:\t-\r\n\tPackage Name (NTLM only):\t-\r\n\tKey Length:\t\t0\r\n\r\nThis event is generated when a logon request fails. It is generated on the computer where access was attempted.\r\n\r\nThe Subject fields indicate the account on the local system which requested the logon. This is most commonly a service such as the Server service, or a local process such as Winlogon.exe or Services.exe.\r\n\r\nThe Logon Type field indicates the kind of logon that was requested. The most common types are 2 (interactive) and 3 (network).\r\n\r\nThe Process Information fields indicate which account and process on the system requested the logon.\r\n\r\nThe Network Information fields indicate where a remote logon request originated. Workstation name is not always available and may be left blank in some cases.\r\n\r\nThe authentication information fields provide detailed information about this specific logon request.\r\n\t- Transited services indicate which intermediate services have participated in this logon request.\r\n\t- Package name indicates which sub-protocol was used among the NTLM protocols.\r\n\t- Key length indicates the length of the generated session key. This will be 0 if no session key was requested.","_time":"2026-04-22T07:28:29.637+0800","host":"DESKTOP-AK0R2QL","index":"soc_tickets_1","linecount":"61","punct":"//_::._====-=___.===_===_____.\\r\\r:\\rt_:tt---\\rt_:tt-\\r","source":"WinEventLog:Security","sourcetype":"WinEventLog:Security","splunk_server":"MLATech"}}
{"preview":false,"result":{"CommandLine":"net  use \\\\127.0.0.1\\IPC$ /user:.\\Administrator BadPass6!","Company":"Microsoft Corporation","Computer":"DESKTOP-AK0R2QL","CurrentDirectory":"C:\\Users\\MLATech\\Desktop\\","Description":"Net Command","EventChannel":"Microsoft-Windows-Sysmon/Operational","EventCode":"1","EventDescription":"Process creation","EventID":"1","FileVersion":"10.0.19041.1 (WinBuild.160101.0800)","Guid":"'{5770385f-c22a-43e0-bf4c-06f5698ffbd9}'","Hashes":"MD5=0BD94A338EEA5A4E1F2830AE326E6D19,SHA256=9F376759BCBCD705F726460FC4A7E2B07F310F52BAA73CAAAAA124FDDBDF993E,IMPHASH=57F0C47AE2A1A2C06C8B987372AB0B07","IMPHASH":"57F0C47AE2A1A2C06C8B987372AB0B07","Image":"C:\\Windows\\System32\\net.exe","IntegrityLevel":"Medium","Keywords":"0x8000000000000000","Level":"4","LogonGuid":"{5123a105-07dd-69e8-29d4-090000000000}","LogonId":"0x9d429","MD5":"0BD94A338EEA5A4E1F2830AE326E6D19","Name":"'Microsoft-Windows-Sysmon'","Opcode":"0","OriginalFileName":"net.exe","ParentCommandLine":"\"C:\\Windows\\system32\\cmd.exe\" /c \"net use \\\\127.0.0.1\\IPC$ /user:.\\Administrator BadPass6! &gt;nul 2&gt;&amp;1\"","ParentImage":"C:\\Windows\\System32\\cmd.exe","ParentProcessGuid":"{5123a105-081d-69e8-3a01-000000000a00}","ParentProcessId":"7572","ParentUser":"DESKTOP-AK0R2QL\\MLATech","ProcessGuid":"{5123a105-081d-69e8-3b01-000000000a00}","ProcessID":"'3120'","ProcessId":"7504","Product":"Microsoft® Windows® Operating System","RecordID":"9161","RuleName":"-","SHA256":"9F376759BCBCD705F726460FC4A7E2B07F310F52BAA73CAAAAA124FDDBDF993E","SecurityID":"S-1-5-18","SystemTime":"'2026-04-21T23:28:29.6050470Z'","Task":"1","TerminalSessionId":"1","ThreadID":"'4792'","TimeCreated":"2026-04-21T23:28:29.6050470Z","User":"DESKTOP-AK0R2QL\\MLATech","UserID":"'S-1-5-18'","UtcTime":"2026-04-21 23:28:29.603","Version":"5","_raw":"<Event xmlns='http://schemas.microsoft.com/win/2004/08/events/event'><System><Provider Name='Microsoft-Windows-Sysmon' Guid='{5770385f-c22a-43e0-bf4c-06f5698ffbd9}'/><EventID>1<\/EventID><Version>5<\/Version><Level>4<\/Level><Task>1<\/Task><Opcode>0<\/Opcode><Keywords>0x8000000000000000<\/Keywords><TimeCreated SystemTime='2026-04-21T23:28:29.6050470Z'/><EventRecordID>9161<\/EventRecordID><Correlation/><Execution ProcessID='3120' ThreadID='4792'/><Channel>Microsoft-Windows-Sysmon/Operational<\/Channel><Computer>DESKTOP-AK0R2QL<\/Computer><Security UserID='S-1-5-18'/><\/System><EventData><Data Name='RuleName'>-<\/Data><Data Name='UtcTime'>2026-04-21 23:28:29.603<\/Data><Data Name='ProcessGuid'>{5123a105-081d-69e8-3b01-000000000a00}<\/Data><Data Name='ProcessId'>7504<\/Data><Data Name='Image'>C:\\Windows\\System32\\net.exe<\/Data><Data Name='FileVersion'>10.0.19041.1 (WinBuild.160101.0800)<\/Data><Data Name='Description'>Net Command<\/Data><Data Name='Product'>Microsoft® Windows® Operating System<\/Data><Data Name='Company'>Microsoft Corporation<\/Data><Data Name='OriginalFileName'>net.exe<\/Data><Data Name='CommandLine'>net  use \\\\127.0.0.1\\IPC$ /user:.\\Administrator BadPass6! <\/Data><Data Name='CurrentDirectory'>C:\\Users\\MLATech\\Desktop\\<\/Data><Data Name='User'>DESKTOP-AK0R2QL\\MLATech<\/Data><Data Name='LogonGuid'>{5123a105-07dd-69e8-29d4-090000000000}<\/Data><Data Name='LogonId'>0x9d429<\/Data><Data Name='TerminalSessionId'>1<\/Data><Data Name='IntegrityLevel'>Medium<\/Data><Data Name='Hashes'>MD5=0BD94A338EEA5A4E1F2830AE326E6D19,SHA256=9F376759BCBCD705F726460FC4A7E2B07F310F52BAA73CAAAAA124FDDBDF993E,IMPHASH=57F0C47AE2A1A2C06C8B987372AB0B07<\/Data><Data Name='ParentProcessGuid'>{5123a105-081d-69e8-3a01-000000000a00}<\/Data><Data Name='ParentProcessId'>7572<\/Data><Data Name='ParentImage'>C:\\Windows\\System32\\cmd.exe<\/Data><Data Name='ParentCommandLine'>\"C:\\Windows\\system32\\cmd.exe\" /c \"net use \\\\127.0.0.1\\IPC$ /user:.\\Administrator BadPass6! &gt;nul 2&gt;&amp;1\"<\/Data><Data Name='ParentUser'>DESKTOP-AK0R2QL\\MLATech<\/Data><\/EventData><\/Event>","_time":"2026-04-22T07:28:29.605+0800","action":"allowed","dest":"DESKTOP-AK0R2QL","dvc":"DESKTOP-AK0R2QL","eventtype":"ms-sysmon-process","host":"DESKTOP-AK0R2QL","index":"soc_tickets_1","linecount":"1","original_file_name":"net.exe","os":"Microsoft Windows","parent_process":"\"C:\\Windows\\system32\\cmd.exe\" /c \"net use \\\\127.0.0.1\\IPC$ /user:.\\Administrator BadPass6! &gt;nul 2&gt;&amp;1\"","parent_process_exec":"cmd.exe","parent_process_guid":"{5123a105-081d-69e8-3a01-000000000a00}","parent_process_id":"7572","parent_process_name":"cmd.exe","parent_process_path":"C:\\Windows\\System32\\cmd.exe","process":"net  use \\\\127.0.0.1\\IPC$ /user:.\\Administrator BadPass6!","process_current_directory":"C:\\Users\\MLATech\\Desktop\\","process_exec":"net.exe","process_guid":"{5123a105-081d-69e8-3b01-000000000a00}","process_hash":"MD5=0BD94A338EEA5A4E1F2830AE326E6D19,SHA256=9F376759BCBCD705F726460FC4A7E2B07F310F52BAA73CAAAAA124FDDBDF993E,IMPHASH=57F0C47AE2A1A2C06C8B987372AB0B07","process_id":"7504","process_integrity_level":"Medium","process_name":"net.exe","process_path":"C:\\Windows\\System32\\net.exe","punct":"<_='://../////'><><_='--'_='{----}'/><><\/><><\/><><","signature":"Process creation","signature_id":"1","source":"XmlWinEventLog:Microsoft-Windows-Sysmon/Operational","sourcetype":"xmlwineventlog","splunk_server":"MLATech","tag":["process","report"],"tag::eventtype":["process","report"],"user":"MLATech","vendor_product":"Microsoft Sysmon","xmlns":"'http://schemas.microsoft.com/win/2004/08/events/event'"}}
{"preview":false,"result":{"CommandLine":"\"C:\\Windows\\system32\\cmd.exe\" /c \"net use \\\\127.0.0.1\\IPC$ /user:.\\Administrator BadPass6! &gt;nul 2&gt;&amp;1\"","Company":"Microsoft Corporation","Computer":"DESKTOP-AK0R2QL","CurrentDirectory":"C:\\Users\\MLATech\\Desktop\\","Description":"Windows Command Processor","EventChannel":"Microsoft-Windows-Sysmon/Operational","EventCode":"1","EventDescription":"Process creation","EventID":"1","FileVersion":"10.0.19041.746 (WinBuild.160101.0800)","Guid":"'{5770385f-c22a-43e0-bf4c-06f5698ffbd9}'","Hashes":"MD5=8A2122E8162DBEF04694B9C3E0B6CDEE,SHA256=B99D61D874728EDC0918CA0EB10EAB93D381E7367E377406E65963366C874450,IMPHASH=272245E2988E1E430500B852C4FB5E18","IMPHASH":"272245E2988E1E430500B852C4FB5E18","Image":"C:\\Windows\\System32\\cmd.exe","IntegrityLevel":"Medium","Keywords":"0x8000000000000000","Level":"4","LogonGuid":"{5123a105-07dd-69e8-29d4-090000000000}","LogonId":"0x9d429","MD5":"8A2122E8162DBEF04694B9C3E0B6CDEE","Name":"'Microsoft-Windows-Sysmon'","Opcode":"0","OriginalFileName":"Cmd.Exe","ParentCommandLine":"\"C:\\Windows\\System32\\WindowsPowerShell\\v1.0\\powershell.exe\" \"-Command\" \"if((Get-ExecutionPolicy ) -ne 'AllSigned') { Set-ExecutionPolicy -Scope Process Bypass }; &amp; 'C:\\Users\\MLATech\\Desktop\\ticket2_bruteforce.ps1'\"","ParentImage":"C:\\Windows\\System32\\WindowsPowerShell\\v1.0\\powershell.exe","ParentProcessGuid":"{5123a105-080d-69e8-1f01-000000000a00}","ParentProcessId":"1888","ParentUser":"DESKTOP-AK0R2QL\\MLATech","ProcessGuid":"{5123a105-081d-69e8-3a01-000000000a00}","ProcessID":"'3120'","ProcessId":"7572","Product":"Microsoft® Windows® Operating System","RecordID":"9160","RuleName":"-","SHA256":"B99D61D874728EDC0918CA0EB10EAB93D381E7367E377406E65963366C874450","SecurityID":"S-1-5-18","SystemTime":"'2026-04-21T23:28:29.5901132Z'","Task":"1","TerminalSessionId":"1","ThreadID":"'4792'","TimeCreated":"2026-04-21T23:28:29.5901132Z","User":"DESKTOP-AK0R2QL\\MLATech","UserID":"'S-1-5-18'","UtcTime":"2026-04-21 23:28:29.585","Version":"5","_raw":"<Event xmlns='http://schemas.microsoft.com/win/2004/08/events/event'><System><Provider Name='Microsoft-Windows-Sysmon' Guid='{5770385f-c22a-43e0-bf4c-06f5698ffbd9}'/><EventID>1<\/EventID><Version>5<\/Version><Level>4<\/Level><Task>1<\/Task><Opcode>0<\/Opcode><Keywords>0x8000000000000000<\/Keywords><TimeCreated SystemTime='2026-04-21T23:28:29.5901132Z'/><EventRecordID>9160<\/EventRecordID><Correlation/><Execution ProcessID='3120' ThreadID='4792'/><Channel>Microsoft-Windows-Sysmon/Operational<\/Channel><Computer>DESKTOP-AK0R2QL<\/Computer><Security UserID='S-1-5-18'/><\/System><EventData><Data Name='RuleName'>-<\/Data><Data Name='UtcTime'>2026-04-21 23:28:29.585<\/Data><Data Name='ProcessGuid'>{5123a105-081d-69e8-3a01-000000000a00}<\/Data><Data Name='ProcessId'>7572<\/Data><Data Name='Image'>C:\\Windows\\System32\\cmd.exe<\/Data><Data Name='FileVersion'>10.0.19041.746 (WinBuild.160101.0800)<\/Data><Data Name='Description'>Windows Command Processor<\/Data><Data Name='Product'>Microsoft® Windows® Operating System<\/Data><Data Name='Company'>Microsoft Corporation<\/Data><Data Name='OriginalFileName'>Cmd.Exe<\/Data><Data Name='CommandLine'>\"C:\\Windows\\system32\\cmd.exe\" /c \"net use \\\\127.0.0.1\\IPC$ /user:.\\Administrator BadPass6! &gt;nul 2&gt;&amp;1\"<\/Data><Data Name='CurrentDirectory'>C:\\Users\\MLATech\\Desktop\\<\/Data><Data Name='User'>DESKTOP-AK0R2QL\\MLATech<\/Data><Data Name='LogonGuid'>{5123a105-07dd-69e8-29d4-090000000000}<\/Data><Data Name='LogonId'>0x9d429<\/Data><Data Name='TerminalSessionId'>1<\/Data><Data Name='IntegrityLevel'>Medium<\/Data><Data Name='Hashes'>MD5=8A2122E8162DBEF04694B9C3E0B6CDEE,SHA256=B99D61D874728EDC0918CA0EB10EAB93D381E7367E377406E65963366C874450,IMPHASH=272245E2988E1E430500B852C4FB5E18<\/Data><Data Name='ParentProcessGuid'>{5123a105-080d-69e8-1f01-000000000a00}<\/Data><Data Name='ParentProcessId'>1888<\/Data><Data Name='ParentImage'>C:\\Windows\\System32\\WindowsPowerShell\\v1.0\\powershell.exe<\/Data><Data Name='ParentCommandLine'>\"C:\\Windows\\System32\\WindowsPowerShell\\v1.0\\powershell.exe\" \"-Command\" \"if((Get-ExecutionPolicy ) -ne 'AllSigned') { Set-ExecutionPolicy -Scope Process Bypass }; &amp; 'C:\\Users\\MLATech\\Desktop\\ticket2_bruteforce.ps1'\"<\/Data><Data Name='ParentUser'>DESKTOP-AK0R2QL\\MLATech<\/Data><\/EventData><\/Event>","_time":"2026-04-22T07:28:29.590+0800","action":"allowed","dest":"DESKTOP-AK0R2QL","dvc":"DESKTOP-AK0R2QL","eventtype":"ms-sysmon-process","host":"DESKTOP-AK0R2QL","index":"soc_tickets_1","linecount":"1","original_file_name":"Cmd.Exe","os":"Microsoft Windows","parent_process":"\"C:\\Windows\\System32\\WindowsPowerShell\\v1.0\\powershell.exe\" \"-Command\" \"if((Get-ExecutionPolicy ) -ne 'AllSigned') { Set-ExecutionPolicy -Scope Process Bypass }; &amp; 'C:\\Users\\MLATech\\Desktop\\ticket2_bruteforce.ps1'\"","parent_process_exec":"powershell.exe","parent_process_guid":"{5123a105-080d-69e8-1f01-000000000a00}","parent_process_id":"1888","parent_process_name":"powershell.exe","parent_process_path":"C:\\Windows\\System32\\WindowsPowerShell\\v1.0\\powershell.exe","process":"\"C:\\Windows\\system32\\cmd.exe\" /c \"net use \\\\127.0.0.1\\IPC$ /user:.\\Administrator BadPass6! &gt;nul 2&gt;&amp;1\"","process_current_directory":"C:\\Users\\MLATech\\Desktop\\","process_exec":"cmd.exe","process_guid":"{5123a105-081d-69e8-3a01-000000000a00}","process_hash":"MD5=8A2122E8162DBEF04694B9C3E0B6CDEE,SHA256=B99D61D874728EDC0918CA0EB10EAB93D381E7367E377406E65963366C874450,IMPHASH=272245E2988E1E430500B852C4FB5E18","process_id":"7572","process_integrity_level":"Medium","process_name":"cmd.exe","process_path":"C:\\Windows\\System32\\cmd.exe","punct":"<_='://../////'><><_='--'_='{----}'/><><\/><><\/><><","signature":"Process creation","signature_id":"1","source":"XmlWinEventLog:Microsoft-Windows-Sysmon/Operational","sourcetype":"xmlwineventlog","splunk_server":"MLATech","tag":["process","report"],"tag::eventtype":["process","report"],"user":"MLATech","vendor_product":"Microsoft Sysmon","xmlns":"'http://schemas.microsoft.com/win/2004/08/events/event'"}}
{"preview":false,"result":{"CommandLine":"\"C:\\Program Files\\SplunkUniversalForwarder\\bin\\splunk-netmon.exe\"","Company":"Splunk Inc.","Computer":"DESKTOP-AK0R2QL","CurrentDirectory":"C:\\Windows\\system32\\","Description":"Network monitor","EventChannel":"Microsoft-Windows-Sysmon/Operational","EventCode":"1","EventDescription":"Process creation","EventID":"1","FileVersion":"10.2.2","Guid":"'{5770385f-c22a-43e0-bf4c-06f5698ffbd9}'","Hashes":"MD5=99A879BD9868959F7A61DE8BBD8AA6E7,SHA256=37C284C4F6F6D0ADFC0A31A7F571DA6F60DED135A1BA3DE3F3411A63171E9ACC,IMPHASH=565509F9B39F8D2BA38747CD4F4E5C6C","IMPHASH":"565509F9B39F8D2BA38747CD4F4E5C6C","Image":"C:\\Program Files\\SplunkUniversalForwarder\\bin\\splunk-netmon.exe","IntegrityLevel":"System","Keywords":"0x8000000000000000","Level":"4","LogonGuid":"{5123a105-afdd-69e8-e703-000000000000}","LogonId":"0x3e7","MD5":"99A879BD9868959F7A61DE8BBD8AA6E7","Name":"'Microsoft-Windows-Sysmon'","Opcode":"0","OriginalFileName":"splunk-netmon.exe","ParentCommandLine":"\"C:\\Program Files\\SplunkUniversalForwarder\\bin\\splunkd.exe\" service","ParentImage":"C:\\Program Files\\SplunkUniversalForwarder\\bin\\splunkd.exe","ParentProcessGuid":"{5123a105-0721-69e8-4500-000000000a00}","ParentProcessId":"3100","ParentUser":"NT AUTHORITY\\SYSTEM","ProcessGuid":"{5123a105-081d-69e8-3901-000000000a00}","ProcessID":"'3120'","ProcessId":"4928","Product":"Splunk Application","RecordID":"9159","RuleName":"-","SHA256":"37C284C4F6F6D0ADFC0A31A7F571DA6F60DED135A1BA3DE3F3411A63171E9ACC","SecurityID":"S-1-5-18","SystemTime":"'2026-04-21T23:28:29.0391107Z'","Task":"1","TerminalSessionId":"0","ThreadID":"'4792'","TimeCreated":"2026-04-21T23:28:29.0391107Z","User":"NT AUTHORITY\\SYSTEM","UserID":"'S-1-5-18'","UtcTime":"2026-04-21 23:28:29.036","Version":"5","_raw":"<Event xmlns='http://schemas.microsoft.com/win/2004/08/events/event'><System><Provider Name='Microsoft-Windows-Sysmon' Guid='{5770385f-c22a-43e0-bf4c-06f5698ffbd9}'/><EventID>1<\/EventID><Version>5<\/Version><Level>4<\/Level><Task>1<\/Task><Opcode>0<\/Opcode><Keywords>0x8000000000000000<\/Keywords><TimeCreated SystemTime='2026-04-21T23:28:29.0391107Z'/><EventRecordID>9159<\/EventRecordID><Correlation/><Execution ProcessID='3120' ThreadID='4792'/><Channel>Microsoft-Windows-Sysmon/Operational<\/Channel><Computer>DESKTOP-AK0R2QL<\/Computer><Security UserID='S-1-5-18'/><\/System><EventData><Data Name='RuleName'>-<\/Data><Data Name='UtcTime'>2026-04-21 23:28:29.036<\/Data><Data Name='ProcessGuid'>{5123a105-081d-69e8-3901-000000000a00}<\/Data><Data Name='ProcessId'>4928<\/Data><Data Name='Image'>C:\\Program Files\\SplunkUniversalForwarder\\bin\\splunk-netmon.exe<\/Data><Data Name='FileVersion'>10.2.2<\/Data><Data Name='Description'>Network monitor<\/Data><Data Name='Product'>Splunk Application<\/Data><Data Name='Company'>Splunk Inc.<\/Data><Data Name='OriginalFileName'>splunk-netmon.exe<\/Data><Data Name='CommandLine'>\"C:\\Program Files\\SplunkUniversalForwarder\\bin\\splunk-netmon.exe\"<\/Data><Data Name='CurrentDirectory'>C:\\Windows\\system32\\<\/Data><Data Name='User'>NT AUTHORITY\\SYSTEM<\/Data><Data Name='LogonGuid'>{5123a105-afdd-69e8-e703-000000000000}<\/Data><Data Name='LogonId'>0x3e7<\/Data><Data Name='TerminalSessionId'>0<\/Data><Data Name='IntegrityLevel'>System<\/Data><Data Name='Hashes'>MD5=99A879BD9868959F7A61DE8BBD8AA6E7,SHA256=37C284C4F6F6D0ADFC0A31A7F571DA6F60DED135A1BA3DE3F3411A63171E9ACC,IMPHASH=565509F9B39F8D2BA38747CD4F4E5C6C<\/Data><Data Name='ParentProcessGuid'>{5123a105-0721-69e8-4500-000000000a00}<\/Data><Data Name='ParentProcessId'>3100<\/Data><Data Name='ParentImage'>C:\\Program Files\\SplunkUniversalForwarder\\bin\\splunkd.exe<\/Data><Data Name='ParentCommandLine'>\"C:\\Program Files\\SplunkUniversalForwarder\\bin\\splunkd.exe\" service<\/Data><Data Name='ParentUser'>NT AUTHORITY\\SYSTEM<\/Data><\/EventData><\/Event>","_time":"2026-04-22T07:28:29.039+0800","action":"allowed","dest":"DESKTOP-AK0R2QL","dvc":"DESKTOP-AK0R2QL","eventtype":"ms-sysmon-process","host":"DESKTOP-AK0R2QL","index":"soc_tickets_1","linecount":"1","original_file_name":"splunk-netmon.exe","os":"Microsoft Windows","parent_process":"\"C:\\Program Files\\SplunkUniversalForwarder\\bin\\splunkd.exe\" service","parent_process_exec":"splunkd.exe","parent_process_guid":"{5123a105-0721-69e8-4500-000000000a00}","parent_process_id":"3100","parent_process_name":"splunkd.exe","parent_process_path":"C:\\Program Files\\SplunkUniversalForwarder\\bin\\splunkd.exe","process":"\"C:\\Program Files\\SplunkUniversalForwarder\\bin\\splunk-netmon.exe\"","process_current_directory":"C:\\Windows\\system32\\","process_exec":"splunk-netmon.exe","process_guid":"{5123a105-081d-69e8-3901-000000000a00}","process_hash":"MD5=99A879BD9868959F7A61DE8BBD8AA6E7,SHA256=37C284C4F6F6D0ADFC0A31A7F571DA6F60DED135A1BA3DE3F3411A63171E9ACC,IMPHASH=565509F9B39F8D2BA38747CD4F4E5C6C","process_id":"4928","process_integrity_level":"System","process_name":"splunk-netmon.exe","process_path":"C:\\Program Files\\SplunkUniversalForwarder\\bin\\splunk-netmon.exe","punct":"<_='://../////'><><_='--'_='{----}'/><><\/><><\/><><","signature":"Process creation","signature_id":"1","source":"XmlWinEventLog:Microsoft-Windows-Sysmon/Operational","sourcetype":"xmlwineventlog","splunk_server":"MLATech","tag":["process","report"],"tag::eventtype":["process","report"],"user":"SYSTEM","vendor_product":"Microsoft Sysmon","xmlns":"'http://schemas.microsoft.com/win/2004/08/events/event'"}}
{"preview":false,"result":{"CommandLine":"\"C:\\Program Files\\SplunkUniversalForwarder\\bin\\splunk-admon.exe\"","Company":"Splunk Inc.","Computer":"DESKTOP-AK0R2QL","CurrentDirectory":"C:\\Windows\\system32\\","Description":"Active Directory monitor","EventChannel":"Microsoft-Windows-Sysmon/Operational","EventCode":"1","EventDescription":"Process creation","EventID":"1","FileVersion":"10.2.2","Guid":"'{5770385f-c22a-43e0-bf4c-06f5698ffbd9}'","Hashes":"MD5=5B381711DE49227864BC59B0B38DE22D,SHA256=A12B31713361DAE066E4C01B55A3E4EEF9745B01727F698A35D989AC66B49A0C,IMPHASH=51F9225483E2C57FDF098160AEE864C0","IMPHASH":"51F9225483E2C57FDF098160AEE864C0","Image":"C:\\Program Files\\SplunkUniversalForwarder\\bin\\splunk-admon.exe","IntegrityLevel":"System","Keywords":"0x8000000000000000","Level":"4","LogonGuid":"{5123a105-afdd-69e8-e703-000000000000}","LogonId":"0x3e7","MD5":"5B381711DE49227864BC59B0B38DE22D","Name":"'Microsoft-Windows-Sysmon'","Opcode":"0","OriginalFileName":"splunk-admon.exe","ParentCommandLine":"\"C:\\Program Files\\SplunkUniversalForwarder\\bin\\splunkd.exe\" service","ParentImage":"C:\\Program Files\\SplunkUniversalForwarder\\bin\\splunkd.exe","ParentProcessGuid":"{5123a105-0721-69e8-4500-000000000a00}","ParentProcessId":"3100","ParentUser":"NT AUTHORITY\\SYSTEM","ProcessGuid":"{5123a105-081c-69e8-3801-000000000a00}","ProcessID":"'3120'","ProcessId":"5536","Product":"splunk Application","RecordID":"9158","RuleName":"-","SHA256":"A12B31713361DAE066E4C01B55A3E4EEF9745B01727F698A35D989AC66B49A0C","SecurityID":"S-1-5-18","SystemTime":"'2026-04-21T23:28:28.1946859Z'","Task":"1","TerminalSessionId":"0","ThreadID":"'4792'","TimeCreated":"2026-04-21T23:28:28.1946859Z","User":"NT AUTHORITY\\SYSTEM","UserID":"'S-1-5-18'","UtcTime":"2026-04-21 23:28:28.193","Version":"5","_raw":"<Event xmlns='http://schemas.microsoft.com/win/2004/08/events/event'><System><Provider Name='Microsoft-Windows-Sysmon' Guid='{5770385f-c22a-43e0-bf4c-06f5698ffbd9}'/><EventID>1<\/EventID><Version>5<\/Version><Level>4<\/Level><Task>1<\/Task><Opcode>0<\/Opcode><Keywords>0x8000000000000000<\/Keywords><TimeCreated SystemTime='2026-04-21T23:28:28.1946859Z'/><EventRecordID>9158<\/EventRecordID><Correlation/><Execution ProcessID='3120' ThreadID='4792'/><Channel>Microsoft-Windows-Sysmon/Operational<\/Channel><Computer>DESKTOP-AK0R2QL<\/Computer><Security UserID='S-1-5-18'/><\/System><EventData><Data Name='RuleName'>-<\/Data><Data Name='UtcTime'>2026-04-21 23:28:28.193<\/Data><Data Name='ProcessGuid'>{5123a105-081c-69e8-3801-000000000a00}<\/Data><Data Name='ProcessId'>5536<\/Data><Data Name='Image'>C:\\Program Files\\SplunkUniversalForwarder\\bin\\splunk-admon.exe<\/Data><Data Name='FileVersion'>10.2.2<\/Data><Data Name='Description'>Active Directory monitor<\/Data><Data Name='Product'>splunk Application<\/Data><Data Name='Company'>Splunk Inc.<\/Data><Data Name='OriginalFileName'>splunk-admon.exe<\/Data><Data Name='CommandLine'>\"C:\\Program Files\\SplunkUniversalForwarder\\bin\\splunk-admon.exe\"<\/Data><Data Name='CurrentDirectory'>C:\\Windows\\system32\\<\/Data><Data Name='User'>NT AUTHORITY\\SYSTEM<\/Data><Data Name='LogonGuid'>{5123a105-afdd-69e8-e703-000000000000}<\/Data><Data Name='LogonId'>0x3e7<\/Data><Data Name='TerminalSessionId'>0<\/Data><Data Name='IntegrityLevel'>System<\/Data><Data Name='Hashes'>MD5=5B381711DE49227864BC59B0B38DE22D,SHA256=A12B31713361DAE066E4C01B55A3E4EEF9745B01727F698A35D989AC66B49A0C,IMPHASH=51F9225483E2C57FDF098160AEE864C0<\/Data><Data Name='ParentProcessGuid'>{5123a105-0721-69e8-4500-000000000a00}<\/Data><Data Name='ParentProcessId'>3100<\/Data><Data Name='ParentImage'>C:\\Program Files\\SplunkUniversalForwarder\\bin\\splunkd.exe<\/Data><Data Name='ParentCommandLine'>\"C:\\Program Files\\SplunkUniversalForwarder\\bin\\splunkd.exe\" service<\/Data><Data Name='ParentUser'>NT AUTHORITY\\SYSTEM<\/Data><\/EventData><\/Event>","_time":"2026-04-22T07:28:28.194+0800","action":"allowed","dest":"DESKTOP-AK0R2QL","dvc":"DESKTOP-AK0R2QL","eventtype":"ms-sysmon-process","host":"DESKTOP-AK0R2QL","index":"soc_tickets_1","linecount":"1","original_file_name":"splunk-admon.exe","os":"Microsoft Windows","parent_process":"\"C:\\Program Files\\SplunkUniversalForwarder\\bin\\splunkd.exe\" service","parent_process_exec":"splunkd.exe","parent_process_guid":"{5123a105-0721-69e8-4500-000000000a00}","parent_process_id":"3100","parent_process_name":"splunkd.exe","parent_process_path":"C:\\Program Files\\SplunkUniversalForwarder\\bin\\splunkd.exe","process":"\"C:\\Program Files\\SplunkUniversalForwarder\\bin\\splunk-admon.exe\"","process_current_directory":"C:\\Windows\\system32\\","process_exec":"splunk-admon.exe","process_guid":"{5123a105-081c-69e8-3801-000000000a00}","process_hash":"MD5=5B381711DE49227864BC59B0B38DE22D,SHA256=A12B31713361DAE066E4C01B55A3E4EEF9745B01727F698A35D989AC66B49A0C,IMPHASH=51F9225483E2C57FDF098160AEE864C0","process_id":"5536","process_integrity_level":"System","process_name":"splunk-admon.exe","process_path":"C:\\Program Files\\SplunkUniversalForwarder\\bin\\splunk-admon.exe","punct":"<_='://../////'><><_='--'_='{----}'/><><\/><><\/><><","signature":"Process creation","signature_id":"1","source":"XmlWinEventLog:Microsoft-Windows-Sysmon/Operational","sourcetype":"xmlwineventlog","splunk_server":"MLATech","tag":["process","report"],"tag::eventtype":["process","report"],"user":"SYSTEM","vendor_product":"Microsoft Sysmon","xmlns":"'http://schemas.microsoft.com/win/2004/08/events/event'"}}
{"preview":false,"result":{"CommandLine":"taskhostw.exe $(Arg0)","Company":"Microsoft Corporation","Computer":"DESKTOP-AK0R2QL","CurrentDirectory":"C:\\Windows\\system32\\","Description":"Host Process for Windows Tasks","EventChannel":"Microsoft-Windows-Sysmon/Operational","EventCode":"1","EventDescription":"Process creation","EventID":"1","FileVersion":"10.0.19041.1865 (WinBuild.160101.0800)","Guid":"'{5770385f-c22a-43e0-bf4c-06f5698ffbd9}'","Hashes":"MD5=A00BF82660835224CD6606A248321C5D,SHA256=E63709209D09BC0247E785F075DDB28A98C348206109E2B8BA321AD958402728,IMPHASH=3A0C6863CDE566AF997DB2DEFFF9D924","IMPHASH":"3A0C6863CDE566AF997DB2DEFFF9D924","Image":"C:\\Windows\\System32\\taskhostw.exe","IntegrityLevel":"High","Keywords":"0x8000000000000000","Level":"4","LogonGuid":"{5123a105-07dd-69e8-fbd3-090000000000}","LogonId":"0x9d3fb","MD5":"A00BF82660835224CD6606A248321C5D","Name":"'Microsoft-Windows-Sysmon'","Opcode":"0","OriginalFileName":"taskhostw.exe","ParentCommandLine":"-","ParentImage":"-","ParentProcessGuid":"{00000000-0000-0000-0000-000000000000}","ParentProcessId":"1152","ParentUser":"-","ProcessGuid":"{5123a105-081b-69e8-3601-000000000a00}","ProcessID":"'3120'","ProcessId":"8048","Product":"Microsoft® Windows® Operating System","RecordID":"9157","RuleName":"-","SHA256":"E63709209D09BC0247E785F075DDB28A98C348206109E2B8BA321AD958402728","SecurityID":"S-1-5-18","SystemTime":"'2026-04-21T23:28:27.8362136Z'","Task":"1","TerminalSessionId":"1","ThreadID":"'4792'","TimeCreated":"2026-04-21T23:28:27.8362136Z","User":"DESKTOP-AK0R2QL\\MLATech","UserID":"'S-1-5-18'","UtcTime":"2026-04-21 23:28:27.834","Version":"5","_raw":"<Event xmlns='http://schemas.microsoft.com/win/2004/08/events/event'><System><Provider Name='Microsoft-Windows-Sysmon' Guid='{5770385f-c22a-43e0-bf4c-06f5698ffbd9}'/><EventID>1<\/EventID><Version>5<\/Version><Level>4<\/Level><Task>1<\/Task><Opcode>0<\/Opcode><Keywords>0x8000000000000000<\/Keywords><TimeCreated SystemTime='2026-04-21T23:28:27.8362136Z'/><EventRecordID>9157<\/EventRecordID><Correlation/><Execution ProcessID='3120' ThreadID='4792'/><Channel>Microsoft-Windows-Sysmon/Operational<\/Channel><Computer>DESKTOP-AK0R2QL<\/Computer><Security UserID='S-1-5-18'/><\/System><EventData><Data Name='RuleName'>-<\/Data><Data Name='UtcTime'>2026-04-21 23:28:27.834<\/Data><Data Name='ProcessGuid'>{5123a105-081b-69e8-3601-000000000a00}<\/Data><Data Name='ProcessId'>8048<\/Data><Data Name='Image'>C:\\Windows\\System32\\taskhostw.exe<\/Data><Data Name='FileVersion'>10.0.19041.1865 (WinBuild.160101.0800)<\/Data><Data Name='Description'>Host Process for Windows Tasks<\/Data><Data Name='Product'>Microsoft® Windows® Operating System<\/Data><Data Name='Company'>Microsoft Corporation<\/Data><Data Name='OriginalFileName'>taskhostw.exe<\/Data><Data Name='CommandLine'>taskhostw.exe $(Arg0)<\/Data><Data Name='CurrentDirectory'>C:\\Windows\\system32\\<\/Data><Data Name='User'>DESKTOP-AK0R2QL\\MLATech<\/Data><Data Name='LogonGuid'>{5123a105-07dd-69e8-fbd3-090000000000}<\/Data><Data Name='LogonId'>0x9d3fb<\/Data><Data Name='TerminalSessionId'>1<\/Data><Data Name='IntegrityLevel'>High<\/Data><Data Name='Hashes'>MD5=A00BF82660835224CD6606A248321C5D,SHA256=E63709209D09BC0247E785F075DDB28A98C348206109E2B8BA321AD958402728,IMPHASH=3A0C6863CDE566AF997DB2DEFFF9D924<\/Data><Data Name='ParentProcessGuid'>{00000000-0000-0000-0000-000000000000}<\/Data><Data Name='ParentProcessId'>1152<\/Data><Data Name='ParentImage'>-<\/Data><Data Name='ParentCommandLine'>-<\/Data><Data Name='ParentUser'>-<\/Data><\/EventData><\/Event>","_time":"2026-04-22T07:28:27.836+0800","action":"allowed","dest":"DESKTOP-AK0R2QL","dvc":"DESKTOP-AK0R2QL","eventtype":"ms-sysmon-process","host":"DESKTOP-AK0R2QL","index":"soc_tickets_1","linecount":"1","original_file_name":"taskhostw.exe","os":"Microsoft Windows","parent_process":"-","parent_process_exec":"-","parent_process_guid":"{00000000-0000-0000-0000-000000000000}","parent_process_id":"1152","parent_process_name":"-","parent_process_path":"-","process":"taskhostw.exe $(Arg0)","process_current_directory":"C:\\Windows\\system32\\","process_exec":"taskhostw.exe","process_guid":"{5123a105-081b-69e8-3601-000000000a00}","process_hash":"MD5=A00BF82660835224CD6606A248321C5D,SHA256=E63709209D09BC0247E785F075DDB28A98C348206109E2B8BA321AD958402728,IMPHASH=3A0C6863CDE566AF997DB2DEFFF9D924","process_id":"8048","process_integrity_level":"High","process_name":"taskhostw.exe","process_path":"C:\\Windows\\System32\\taskhostw.exe","punct":"<_='://../////'><><_='--'_='{----}'/><><\/><><\/><><","signature":"Process creation","signature_id":"1","source":"XmlWinEventLog:Microsoft-Windows-Sysmon/Operational","sourcetype":"xmlwineventlog","splunk_server":"MLATech","tag":["process","report"],"tag::eventtype":["process","report"],"user":"MLATech","vendor_product":"Microsoft Sysmon","xmlns":"'http://schemas.microsoft.com/win/2004/08/events/event'"}}
{"preview":false,"result":{"CommandLine":"\"C:\\Program Files\\SplunkUniversalForwarder\\bin\\splunk-MonitorNoHandle.exe\"","Company":"Windows (R) Win 7 DDK provider","Computer":"DESKTOP-AK0R2QL","CurrentDirectory":"C:\\Windows\\system32\\","Description":"SplunkMonNoHandle Control Program","EventChannel":"Microsoft-Windows-Sysmon/Operational","EventCode":"1","EventDescription":"Process creation","EventID":"1","FileVersion":"10.0.10011.16384","Guid":"'{5770385f-c22a-43e0-bf4c-06f5698ffbd9}'","Hashes":"MD5=B7D98218851DBBB5332F4FAAF78C71DE,SHA256=302216DB5D47CE0E6D34F161804C966ABB917D7E665899CC060E718BA8B7682F,IMPHASH=EE3A35E2932400DF6C8D9472B6852CA5","IMPHASH":"EE3A35E2932400DF6C8D9472B6852CA5","Image":"C:\\Program Files\\SplunkUniversalForwarder\\bin\\splunk-MonitorNoHandle.exe","IntegrityLevel":"System","Keywords":"0x8000000000000000","Level":"4","LogonGuid":"{5123a105-afdd-69e8-e703-000000000000}","LogonId":"0x3e7","MD5":"B7D98218851DBBB5332F4FAAF78C71DE","Name":"'Microsoft-Windows-Sysmon'","Opcode":"0","OriginalFileName":"SplunkMonNoHandle.exe","ParentCommandLine":"\"C:\\Program Files\\SplunkUniversalForwarder\\bin\\splunkd.exe\" service","ParentImage":"C:\\Program Files\\SplunkUniversalForwarder\\bin\\splunkd.exe","ParentProcessGuid":"{5123a105-0721-69e8-4500-000000000a00}","ParentProcessId":"3100","ParentUser":"NT AUTHORITY\\SYSTEM","ProcessGuid":"{5123a105-081b-69e8-3501-000000000a00}","ProcessID":"'3120'","ProcessId":"8028","Product":"Windows (R) Win 7 DDK driver","RecordID":"9156","RuleName":"-","SHA256":"302216DB5D47CE0E6D34F161804C966ABB917D7E665899CC060E718BA8B7682F","SecurityID":"S-1-5-18","SystemTime":"'2026-04-21T23:28:27.3149755Z'","Task":"1","TerminalSessionId":"0","ThreadID":"'4792'","TimeCreated":"2026-04-21T23:28:27.3149755Z","User":"NT AUTHORITY\\SYSTEM","UserID":"'S-1-5-18'","UtcTime":"2026-04-21 23:28:27.313","Version":"5","_raw":"<Event xmlns='http://schemas.microsoft.com/win/2004/08/events/event'><System><Provider Name='Microsoft-Windows-Sysmon' Guid='{5770385f-c22a-43e0-bf4c-06f5698ffbd9}'/><EventID>1<\/EventID><Version>5<\/Version><Level>4<\/Level><Task>1<\/Task><Opcode>0<\/Opcode><Keywords>0x8000000000000000<\/Keywords><TimeCreated SystemTime='2026-04-21T23:28:27.3149755Z'/><EventRecordID>9156<\/EventRecordID><Correlation/><Execution ProcessID='3120' ThreadID='4792'/><Channel>Microsoft-Windows-Sysmon/Operational<\/Channel><Computer>DESKTOP-AK0R2QL<\/Computer><Security UserID='S-1-5-18'/><\/System><EventData><Data Name='RuleName'>-<\/Data><Data Name='UtcTime'>2026-04-21 23:28:27.313<\/Data><Data Name='ProcessGuid'>{5123a105-081b-69e8-3501-000000000a00}<\/Data><Data Name='ProcessId'>8028<\/Data><Data Name='Image'>C:\\Program Files\\SplunkUniversalForwarder\\bin\\splunk-MonitorNoHandle.exe<\/Data><Data Name='FileVersion'>10.0.10011.16384<\/Data><Data Name='Description'>SplunkMonNoHandle Control Program<\/Data><Data Name='Product'>Windows (R) Win 7 DDK driver<\/Data><Data Name='Company'>Windows (R) Win 7 DDK provider<\/Data><Data Name='OriginalFileName'>SplunkMonNoHandle.exe<\/Data><Data Name='CommandLine'>\"C:\\Program Files\\SplunkUniversalForwarder\\bin\\splunk-MonitorNoHandle.exe\"<\/Data><Data Name='CurrentDirectory'>C:\\Windows\\system32\\<\/Data><Data Name='User'>NT AUTHORITY\\SYSTEM<\/Data><Data Name='LogonGuid'>{5123a105-afdd-69e8-e703-000000000000}<\/Data><Data Name='LogonId'>0x3e7<\/Data><Data Name='TerminalSessionId'>0<\/Data><Data Name='IntegrityLevel'>System<\/Data><Data Name='Hashes'>MD5=B7D98218851DBBB5332F4FAAF78C71DE,SHA256=302216DB5D47CE0E6D34F161804C966ABB917D7E665899CC060E718BA8B7682F,IMPHASH=EE3A35E2932400DF6C8D9472B6852CA5<\/Data><Data Name='ParentProcessGuid'>{5123a105-0721-69e8-4500-000000000a00}<\/Data><Data Name='ParentProcessId'>3100<\/Data><Data Name='ParentImage'>C:\\Program Files\\SplunkUniversalForwarder\\bin\\splunkd.exe<\/Data><Data Name='ParentCommandLine'>\"C:\\Program Files\\SplunkUniversalForwarder\\bin\\splunkd.exe\" service<\/Data><Data Name='ParentUser'>NT AUTHORITY\\SYSTEM<\/Data><\/EventData><\/Event>","_time":"2026-04-22T07:28:27.314+0800","action":"allowed","dest":"DESKTOP-AK0R2QL","dvc":"DESKTOP-AK0R2QL","eventtype":"ms-sysmon-process","host":"DESKTOP-AK0R2QL","index":"soc_tickets_1","linecount":"1","original_file_name":"SplunkMonNoHandle.exe","os":"Microsoft Windows","parent_process":"\"C:\\Program Files\\SplunkUniversalForwarder\\bin\\splunkd.exe\" service","parent_process_exec":"splunkd.exe","parent_process_guid":"{5123a105-0721-69e8-4500-000000000a00}","parent_process_id":"3100","parent_process_name":"splunkd.exe","parent_process_path":"C:\\Program Files\\SplunkUniversalForwarder\\bin\\splunkd.exe","process":"\"C:\\Program Files\\SplunkUniversalForwarder\\bin\\splunk-MonitorNoHandle.exe\"","process_current_directory":"C:\\Windows\\system32\\","process_exec":"splunk-MonitorNoHandle.exe","process_guid":"{5123a105-081b-69e8-3501-000000000a00}","process_hash":"MD5=B7D98218851DBBB5332F4FAAF78C71DE,SHA256=302216DB5D47CE0E6D34F161804C966ABB917D7E665899CC060E718BA8B7682F,IMPHASH=EE3A35E2932400DF6C8D9472B6852CA5","process_id":"8028","process_integrity_level":"System","process_name":"splunk-MonitorNoHandle.exe","process_path":"C:\\Program Files\\SplunkUniversalForwarder\\bin\\splunk-MonitorNoHandle.exe","punct":"<_='://../////'><><_='--'_='{----}'/><><\/><><\/><><","signature":"Process creation","signature_id":"1","source":"XmlWinEventLog:Microsoft-Windows-Sysmon/Operational","sourcetype":"xmlwineventlog","splunk_server":"MLATech","tag":["process","report"],"tag::eventtype":["process","report"],"user":"SYSTEM","vendor_product":"Microsoft Sysmon","xmlns":"'http://schemas.microsoft.com/win/2004/08/events/event'"}}
{"preview":false,"result":{"Account_Domain":["-","."],"Account_Name":["-","Administrator"],"Authentication_Package":"NTLM","Caller_Process_ID":"0x0","Caller_Process_Name":"-","ComputerName":"DESKTOP-AK0R2QL","EventCode":"4625","EventType":"0","Failure_Reason":"Unknown user name or bad password.","Key_Length":"0","Keywords":"Audit Failure","LogName":"Security","Logon_ID":"0x0","Logon_Process":"NtLmSsp","Logon_Type":"3","Message":"An account failed to log on.\r\n\r\nSubject:\r\n\tSecurity ID:\t\tS-1-0-0\r\n\tAccount Name:\t\t-\r\n\tAccount Domain:\t\t-\r\n\tLogon ID:\t\t0x0\r\n\r\nLogon Type:\t\t\t3\r\n\r\nAccount For Which Logon Failed:\r\n\tSecurity ID:\t\tS-1-0-0\r\n\tAccount Name:\t\tAdministrator\r\n\tAccount Domain:\t\t.\r\n\r\nFailure Information:\r\n\tFailure Reason:\t\tUnknown user name or bad password.\r\n\tStatus:\t\t\t0xC000006D\r\n\tSub Status:\t\t0xC000006A\r\n\r\nProcess Information:\r\n\tCaller Process ID:\t0x0\r\n\tCaller Process Name:\t-\r\n\r\nNetwork Information:\r\n\tWorkstation Name:\tDESKTOP-AK0R2QL\r\n\tSource Network Address:\t127.0.0.1\r\n\tSource Port:\t\t49727\r\n\r\nDetailed Authentication Information:\r\n\tLogon Process:\t\tNtLmSsp \r\n\tAuthentication Package:\tNTLM\r\n\tTransited Services:\t-\r\n\tPackage Name (NTLM only):\t-\r\n\tKey Length:\t\t0\r\n\r\nThis event is generated when a logon request fails. It is generated on the computer where access was attempted.\r\n\r\nThe Subject fields indicate the account on the local system which requested the logon. This is most commonly a service such as the Server service, or a local process such as Winlogon.exe or Services.exe.\r\n\r\nThe Logon Type field indicates the kind of logon that was requested. The most common types are 2 (interactive) and 3 (network).\r\n\r\nThe Process Information fields indicate which account and process on the system requested the logon.\r\n\r\nThe Network Information fields indicate where a remote logon request originated. Workstation name is not always available and may be left blank in some cases.\r\n\r\nThe authentication information fields provide detailed information about this specific logon request.\r\n\t- Transited services indicate which intermediate services have participated in this logon request.\r\n\t- Package name indicates which sub-protocol was used among the NTLM protocols.\r\n\t- Key length indicates the length of the generated session key. This will be 0 if no session key was requested.","OpCode":"Info","Package_Name__NTLM_only_":"-","RecordNumber":"3058","Security_ID":["S-1-0-0","S-1-0-0"],"SourceName":"Microsoft Windows security auditing.","Source_Network_Address":"127.0.0.1","Source_Port":"49727","Status":"0xC000006D","Sub_Status":"0xC000006A","TaskCategory":"Logon","Transited_Services":"-","Type":"Information","Workstation_Name":"DESKTOP-AK0R2QL","_raw":"04/21/2026 07:28:27.212 PM\nLogName=Security\nEventCode=4625\nEventType=0\nComputerName=DESKTOP-AK0R2QL\nSourceName=Microsoft Windows security auditing.\nType=Information\nRecordNumber=3058\nKeywords=Audit Failure\nTaskCategory=Logon\nOpCode=Info\nMessage=An account failed to log on.\r\n\r\nSubject:\r\n\tSecurity ID:\t\tS-1-0-0\r\n\tAccount Name:\t\t-\r\n\tAccount Domain:\t\t-\r\n\tLogon ID:\t\t0x0\r\n\r\nLogon Type:\t\t\t3\r\n\r\nAccount For Which Logon Failed:\r\n\tSecurity ID:\t\tS-1-0-0\r\n\tAccount Name:\t\tAdministrator\r\n\tAccount Domain:\t\t.\r\n\r\nFailure Information:\r\n\tFailure Reason:\t\tUnknown user name or bad password.\r\n\tStatus:\t\t\t0xC000006D\r\n\tSub Status:\t\t0xC000006A\r\n\r\nProcess Information:\r\n\tCaller Process ID:\t0x0\r\n\tCaller Process Name:\t-\r\n\r\nNetwork Information:\r\n\tWorkstation Name:\tDESKTOP-AK0R2QL\r\n\tSource Network Address:\t127.0.0.1\r\n\tSource Port:\t\t49727\r\n\r\nDetailed Authentication Information:\r\n\tLogon Process:\t\tNtLmSsp \r\n\tAuthentication Package:\tNTLM\r\n\tTransited Services:\t-\r\n\tPackage Name (NTLM only):\t-\r\n\tKey Length:\t\t0\r\n\r\nThis event is generated when a logon request fails. It is generated on the computer where access was attempted.\r\n\r\nThe Subject fields indicate the account on the local system which requested the logon. This is most commonly a service such as the Server service, or a local process such as Winlogon.exe or Services.exe.\r\n\r\nThe Logon Type field indicates the kind of logon that was requested. The most common types are 2 (interactive) and 3 (network).\r\n\r\nThe Process Information fields indicate which account and process on the system requested the logon.\r\n\r\nThe Network Information fields indicate where a remote logon request originated. Workstation name is not always available and may be left blank in some cases.\r\n\r\nThe authentication information fields provide detailed information about this specific logon request.\r\n\t- Transited services indicate which intermediate services have participated in this logon request.\r\n\t- Package name indicates which sub-protocol was used among the NTLM protocols.\r\n\t- Key length indicates the length of the generated session key. This will be 0 if no session key was requested.","_time":"2026-04-22T07:28:27.212+0800","host":"DESKTOP-AK0R2QL","index":"soc_tickets_1","linecount":"61","punct":"//_::._====-=___.===_===_____.\\r\\r:\\rt_:tt---\\rt_:tt-\\r","source":"WinEventLog:Security","sourcetype":"WinEventLog:Security","splunk_server":"MLATech"}}
{"preview":false,"result":{"CommandLine":"net  use \\\\127.0.0.1\\IPC$ /user:.\\Administrator BadPass5!","Company":"Microsoft Corporation","Computer":"DESKTOP-AK0R2QL","CurrentDirectory":"C:\\Users\\MLATech\\Desktop\\","Description":"Net Command","EventChannel":"Microsoft-Windows-Sysmon/Operational","EventCode":"1","EventDescription":"Process creation","EventID":"1","FileVersion":"10.0.19041.1 (WinBuild.160101.0800)","Guid":"'{5770385f-c22a-43e0-bf4c-06f5698ffbd9}'","Hashes":"MD5=0BD94A338EEA5A4E1F2830AE326E6D19,SHA256=9F376759BCBCD705F726460FC4A7E2B07F310F52BAA73CAAAAA124FDDBDF993E,IMPHASH=57F0C47AE2A1A2C06C8B987372AB0B07","IMPHASH":"57F0C47AE2A1A2C06C8B987372AB0B07","Image":"C:\\Windows\\System32\\net.exe","IntegrityLevel":"Medium","Keywords":"0x8000000000000000","Level":"4","LogonGuid":"{5123a105-07dd-69e8-29d4-090000000000}","LogonId":"0x9d429","MD5":"0BD94A338EEA5A4E1F2830AE326E6D19","Name":"'Microsoft-Windows-Sysmon'","Opcode":"0","OriginalFileName":"net.exe","ParentCommandLine":"\"C:\\Windows\\system32\\cmd.exe\" /c \"net use \\\\127.0.0.1\\IPC$ /user:.\\Administrator BadPass5! &gt;nul 2&gt;&amp;1\"","ParentImage":"C:\\Windows\\System32\\cmd.exe","ParentProcessGuid":"{5123a105-081b-69e8-3301-000000000a00}","ParentProcessId":"7964","ParentUser":"DESKTOP-AK0R2QL\\MLATech","ProcessGuid":"{5123a105-081b-69e8-3401-000000000a00}","ProcessID":"'3120'","ProcessId":"7980","Product":"Microsoft® Windows® Operating System","RecordID":"9155","RuleName":"-","SHA256":"9F376759BCBCD705F726460FC4A7E2B07F310F52BAA73CAAAAA124FDDBDF993E","SecurityID":"S-1-5-18","SystemTime":"'2026-04-21T23:28:27.1791235Z'","Task":"1","TerminalSessionId":"1","ThreadID":"'4792'","TimeCreated":"2026-04-21T23:28:27.1791235Z","User":"DESKTOP-AK0R2QL\\MLATech","UserID":"'S-1-5-18'","UtcTime":"2026-04-21 23:28:27.177","Version":"5","_raw":"<Event xmlns='http://schemas.microsoft.com/win/2004/08/events/event'><System><Provider Name='Microsoft-Windows-Sysmon' Guid='{5770385f-c22a-43e0-bf4c-06f5698ffbd9}'/><EventID>1<\/EventID><Version>5<\/Version><Level>4<\/Level><Task>1<\/Task><Opcode>0<\/Opcode><Keywords>0x8000000000000000<\/Keywords><TimeCreated SystemTime='2026-04-21T23:28:27.1791235Z'/><EventRecordID>9155<\/EventRecordID><Correlation/><Execution ProcessID='3120' ThreadID='4792'/><Channel>Microsoft-Windows-Sysmon/Operational<\/Channel><Computer>DESKTOP-AK0R2QL<\/Computer><Security UserID='S-1-5-18'/><\/System><EventData><Data Name='RuleName'>-<\/Data><Data Name='UtcTime'>2026-04-21 23:28:27.177<\/Data><Data Name='ProcessGuid'>{5123a105-081b-69e8-3401-000000000a00}<\/Data><Data Name='ProcessId'>7980<\/Data><Data Name='Image'>C:\\Windows\\System32\\net.exe<\/Data><Data Name='FileVersion'>10.0.19041.1 (WinBuild.160101.0800)<\/Data><Data Name='Description'>Net Command<\/Data><Data Name='Product'>Microsoft® Windows® Operating System<\/Data><Data Name='Company'>Microsoft Corporation<\/Data><Data Name='OriginalFileName'>net.exe<\/Data><Data Name='CommandLine'>net  use \\\\127.0.0.1\\IPC$ /user:.\\Administrator BadPass5! <\/Data><Data Name='CurrentDirectory'>C:\\Users\\MLATech\\Desktop\\<\/Data><Data Name='User'>DESKTOP-AK0R2QL\\MLATech<\/Data><Data Name='LogonGuid'>{5123a105-07dd-69e8-29d4-090000000000}<\/Data><Data Name='LogonId'>0x9d429<\/Data><Data Name='TerminalSessionId'>1<\/Data><Data Name='IntegrityLevel'>Medium<\/Data><Data Name='Hashes'>MD5=0BD94A338EEA5A4E1F2830AE326E6D19,SHA256=9F376759BCBCD705F726460FC4A7E2B07F310F52BAA73CAAAAA124FDDBDF993E,IMPHASH=57F0C47AE2A1A2C06C8B987372AB0B07<\/Data><Data Name='ParentProcessGuid'>{5123a105-081b-69e8-3301-000000000a00}<\/Data><Data Name='ParentProcessId'>7964<\/Data><Data Name='ParentImage'>C:\\Windows\\System32\\cmd.exe<\/Data><Data Name='ParentCommandLine'>\"C:\\Windows\\system32\\cmd.exe\" /c \"net use \\\\127.0.0.1\\IPC$ /user:.\\Administrator BadPass5! &gt;nul 2&gt;&amp;1\"<\/Data><Data Name='ParentUser'>DESKTOP-AK0R2QL\\MLATech<\/Data><\/EventData><\/Event>","_time":"2026-04-22T07:28:27.179+0800","action":"allowed","dest":"DESKTOP-AK0R2QL","dvc":"DESKTOP-AK0R2QL","eventtype":"ms-sysmon-process","host":"DESKTOP-AK0R2QL","index":"soc_tickets_1","linecount":"1","original_file_name":"net.exe","os":"Microsoft Windows","parent_process":"\"C:\\Windows\\system32\\cmd.exe\" /c \"net use \\\\127.0.0.1\\IPC$ /user:.\\Administrator BadPass5! &gt;nul 2&gt;&amp;1\"","parent_process_exec":"cmd.exe","parent_process_guid":"{5123a105-081b-69e8-3301-000000000a00}","parent_process_id":"7964","parent_process_name":"cmd.exe","parent_process_path":"C:\\Windows\\System32\\cmd.exe","process":"net  use \\\\127.0.0.1\\IPC$ /user:.\\Administrator BadPass5!","process_current_directory":"C:\\Users\\MLATech\\Desktop\\","process_exec":"net.exe","process_guid":"{5123a105-081b-69e8-3401-000000000a00}","process_hash":"MD5=0BD94A338EEA5A4E1F2830AE326E6D19,SHA256=9F376759BCBCD705F726460FC4A7E2B07F310F52BAA73CAAAAA124FDDBDF993E,IMPHASH=57F0C47AE2A1A2C06C8B987372AB0B07","process_id":"7980","process_integrity_level":"Medium","process_name":"net.exe","process_path":"C:\\Windows\\System32\\net.exe","punct":"<_='://../////'><><_='--'_='{----}'/><><\/><><\/><><","signature":"Process creation","signature_id":"1","source":"XmlWinEventLog:Microsoft-Windows-Sysmon/Operational","sourcetype":"xmlwineventlog","splunk_server":"MLATech","tag":["process","report"],"tag::eventtype":["process","report"],"user":"MLATech","vendor_product":"Microsoft Sysmon","xmlns":"'http://schemas.microsoft.com/win/2004/08/events/event'"}}
